[device] GPU detected:   (24.0 GB VRAM)
[device] Backend: NVIDIA CUDA
wandb: [wandb.login()] Loaded credentials for https://api.wandb.ai from WANDB_API_KEY.
wandb: Currently logged in as: stayrosanang (staanagnostou-) to https://api.wandb.ai. Use `wandb login --relogin` to force relogin
wandb: setting up run ipl0g2dx
wandb: Tracking run with wandb version 0.26.1
wandb: Run data is saved locally in /workspace/wandb/run-20260508_112912-ipl0g2dx
wandb: Run `wandb offline` to turn off syncing.
wandb: Syncing run starpilot__impala__seed5__20260508_112912
wandb: ⭐️ View project at https://wandb.ai/staanagnostou-/thesis-rl-baselines
wandb: 🚀 View run at https://wandb.ai/staanagnostou-/thesis-rl-baselines/runs/ipl0g2dx
[wandb] Run ID: ipl0g2dx  tags=['none', 'starpilot', 'seed_5', 'impala']
[env] starpilot  64 envs  200 levels  mode=easy  backend=auto
[env] obs_space=(64, 64, 3)  num_actions=15
[model] torch.compile applied (mode=reduce-overhead)
[amp] Mixed precision (FP16) enabled
[model] IMPALA-CNN  params=626,256

=================================================================
  Starting PPO  |  env=starpilot  aug=none  lvl=uniform
  total_steps=25,000,000  updates=1,525  device=cuda
=================================================================

  update     1/1525  step     16,384  SPS     373  pg=-0.0002  vf=0.9664  ent=2.7080  kl=0.0001
  [phase ms/update]  rollout=1809  bulk_xfer=0.1  gae=6.0  ppo_xfer=13  ppo_grad=42116  total=43944
HW Exception by GPU node-1 (Agent handle: 0x46691f80) reason :GPU Hang
