[device] GPU detected:   (24.0 GB VRAM)
[device] Backend: NVIDIA CUDA
wandb: [wandb.login()] Loaded credentials for https://api.wandb.ai from WANDB_API_KEY.
wandb: Currently logged in as: stayrosanang (staanagnostou-) to https://api.wandb.ai. Use `wandb login --relogin` to force relogin
wandb: setting up run vjy6xc58
wandb: Tracking run with wandb version 0.26.1
wandb: Run data is saved locally in /workspace/wandb/run-20260511_121401-vjy6xc58
wandb: Run `wandb offline` to turn off syncing.
wandb: Syncing run ninja__impala__seed3__20260511_121400
wandb: ⭐️ View project at https://wandb.ai/staanagnostou-/thesis-rl-baselines
wandb: 🚀 View run at https://wandb.ai/staanagnostou-/thesis-rl-baselines/runs/vjy6xc58
[wandb] Run ID: vjy6xc58  tags=['none', 'ninja', 'seed_3', 'impala']
[env] ninja  64 envs  200 levels  mode=easy  backend=auto
[env] obs_space=(64, 64, 3)  num_actions=15
[model] torch.compile applied (mode=reduce-overhead)
[model] IMPALA-CNN  params=626,256

=================================================================
  Starting PPO  |  env=ninja  aug=none  lvl=uniform
  total_steps=25,000,000  updates=1,525  device=cuda
=================================================================

  update     1/1525  step     16,384  SPS     308  pg=-0.0003  vf=5.7681  ent=2.7080  kl=0.0001
  [phase ms/update]  rollout=1634  bulk_xfer=0.1  gae=6.0  ppo_xfer=10  ppo_grad=51511  total=53161
  update    10/1525  step    163,840  SPS     948  pg=-0.0040  vf=8.5953  ent=2.3631  kl=0.0058
  [phase ms/update]  rollout=541  bulk_xfer=0.1  gae=6.2  ppo_xfer=8  ppo_grad=12739  total=13294
  update    20/1525  step    327,680  SPS   1,072  pg=-0.0026  vf=3.4927  ent=2.1923  kl=0.0040
  [phase ms/update]  rollout=531  bulk_xfer=0.1  gae=6.2  ppo_xfer=8  ppo_grad=12730  total=13275
  update    30/1525  step    491,520  SPS   1,121  pg=-0.0025  vf=2.0070  ent=2.2988  kl=0.0035
  [phase ms/update]  rollout=534  bulk_xfer=0.1  gae=6.1  ppo_xfer=8  ppo_grad=12727  total=13275

[eval] step 507,904...
  train=4.30±4.95  test=4.80±5.00  gap=-0.50
[checkpoint] Saved step 507,904 → checkpoints/ninja/ninja__impala__seed3__20260511_121400/step_507904.pt  (latest.pt updated)
  update    40/1525  step    655,360  SPS   1,145  pg=-0.0038  vf=1.0819  ent=2.5006  kl=0.0053
  [phase ms/update]  rollout=523  bulk_xfer=0.1  gae=6.1  ppo_xfer=8  ppo_grad=12727  total=13265
  update    50/1525  step    819,200  SPS   1,162  pg=-0.0032  vf=0.5599  ent=2.5245  kl=0.0062
  [phase ms/update]  rollout=519  bulk_xfer=0.1  gae=6.1  ppo_xfer=8  ppo_grad=12738  total=13270
  update    60/1525  step    983,040  SPS   1,173  pg=-0.0071  vf=0.3658  ent=2.5892  kl=0.0079
  [phase ms/update]  rollout=524  bulk_xfer=0.1  gae=6.2  ppo_xfer=8  ppo_grad=12735  total=13273

[eval] step 1,015,808...
  train=4.40±4.96  test=4.20±4.94  gap=0.20
[checkpoint] Saved step 1,015,808 → checkpoints/ninja/ninja__impala__seed3__20260511_121400/step_1015808.pt  (latest.pt updated)
  update    70/1525  step  1,146,880  SPS   1,172  pg=-0.0023  vf=0.8167  ent=2.5918  kl=0.0040
  [phase ms/update]  rollout=523  bulk_xfer=0.1  gae=6.1  ppo_xfer=8  ppo_grad=12725  total=13262
  update    80/1525  step  1,310,720  SPS   1,180  pg=-0.0051  vf=0.3679  ent=2.5850  kl=0.0055
  [phase ms/update]  rollout=528  bulk_xfer=0.1  gae=6.1  ppo_xfer=8  ppo_grad=12725  total=13267
  update    90/1525  step  1,474,560  SPS   1,186  pg=-0.0034  vf=0.7765  ent=2.5757  kl=0.0040
  [phase ms/update]  rollout=537  bulk_xfer=0.1  gae=6.2  ppo_xfer=8  ppo_grad=12725  total=13276

[eval] step 1,507,328...
  train=4.50±4.97  test=5.00±5.00  gap=-0.50
[checkpoint] Saved step 1,507,328 → checkpoints/ninja/ninja__impala__seed3__20260511_121400/step_1507328.pt  (latest.pt updated)
  update   100/1525  step  1,638,400  SPS   1,186  pg=-0.0065  vf=0.6072  ent=2.5776  kl=0.0052
  [phase ms/update]  rollout=525  bulk_xfer=0.1  gae=6.1  ppo_xfer=8  ppo_grad=12725  total=13264
  update   110/1525  step  1,802,240  SPS   1,190  pg=-0.0042  vf=1.1648  ent=2.5841  kl=0.0040
  [phase ms/update]  rollout=529  bulk_xfer=0.1  gae=6.1  ppo_xfer=8  ppo_grad=12724  total=13267
  update   120/1525  step  1,966,080  SPS   1,194  pg=-0.0038  vf=1.2532  ent=2.5953  kl=0.0060
  [phase ms/update]  rollout=530  bulk_xfer=0.1  gae=6.1  ppo_xfer=8  ppo_grad=12725  total=13269

[eval] step 2,015,232...
  train=4.30±4.95  test=4.60±4.98  gap=-0.30
[checkpoint] Saved step 2,015,232 → checkpoints/ninja/ninja__impala__seed3__20260511_121400/step_2015232.pt  (latest.pt updated)
  update   130/1525  step  2,129,920  SPS   1,194  pg=-0.0044  vf=1.1130  ent=2.5725  kl=0.0071
  [phase ms/update]  rollout=529  bulk_xfer=0.1  gae=6.1  ppo_xfer=8  ppo_grad=12724  total=13267
  update   140/1525  step  2,293,760  SPS   1,197  pg=-0.0058  vf=1.0703  ent=2.5428  kl=0.0063
  [phase ms/update]  rollout=508  bulk_xfer=0.1  gae=6.0  ppo_xfer=8  ppo_grad=12725  total=13247
  update   150/1525  step  2,457,600  SPS   1,199  pg=-0.0046  vf=0.3314  ent=2.5645  kl=0.0066
  [phase ms/update]  rollout=530  bulk_xfer=0.1  gae=6.1  ppo_xfer=8  ppo_grad=12732  total=13276

[eval] step 2,506,752...
  train=4.50±4.97  test=4.70±4.99  gap=-0.20
[checkpoint] Saved step 2,506,752 → checkpoints/ninja/ninja__impala__seed3__20260511_121400/step_2506752.pt  (latest.pt updated)
  update   160/1525  step  2,621,440  SPS   1,197  pg=-0.0060  vf=0.3060  ent=2.5932  kl=0.0047
  [phase ms/update]  rollout=516  bulk_xfer=0.1  gae=6.0  ppo_xfer=8  ppo_grad=12738  total=13267
  update   170/1525  step  2,785,280  SPS   1,199  pg=-0.0056  vf=0.9346  ent=2.5554  kl=0.0052
  [phase ms/update]  rollout=522  bulk_xfer=0.1  gae=6.1  ppo_xfer=8  ppo_grad=12737  total=13273
  update   180/1525  step  2,949,120  SPS   1,201  pg=-0.0064  vf=0.6524  ent=2.5752  kl=0.0046
  [phase ms/update]  rollout=535  bulk_xfer=0.1  gae=6.2  ppo_xfer=8  ppo_grad=12733  total=13282

[eval] step 3,014,656...
  train=3.90±4.88  test=4.20±4.94  gap=-0.30
[checkpoint] Saved step 3,014,656 → checkpoints/ninja/ninja__impala__seed3__20260511_121400/step_3014656.pt  (latest.pt updated)
  update   190/1525  step  3,112,960  SPS   1,197  pg=-0.0052  vf=0.5139  ent=2.5526  kl=0.0062
  [phase ms/update]  rollout=537  bulk_xfer=0.1  gae=6.2  ppo_xfer=8  ppo_grad=12727  total=13278
  update   200/1525  step  3,276,800  SPS   1,199  pg=-0.0042  vf=1.0069  ent=2.5145  kl=0.0052
  [phase ms/update]  rollout=513  bulk_xfer=0.1  gae=6.1  ppo_xfer=8  ppo_grad=12722  total=13249
  update   210/1525  step  3,440,640  SPS   1,201  pg=-0.0038  vf=0.7740  ent=2.5945  kl=0.0045
  [phase ms/update]  rollout=525  bulk_xfer=0.1  gae=6.1  ppo_xfer=8  ppo_grad=12719  total=13258

[eval] step 3,506,176...
  train=4.30±4.95  test=4.30±4.95  gap=0.00
[checkpoint] Saved step 3,506,176 → checkpoints/ninja/ninja__impala__seed3__20260511_121400/step_3506176.pt  (latest.pt updated)
  update   220/1525  step  3,604,480  SPS   1,200  pg=-0.0047  vf=1.2430  ent=2.5255  kl=0.0038
  [phase ms/update]  rollout=538  bulk_xfer=0.1  gae=6.2  ppo_xfer=8  ppo_grad=12730  total=13282
  update   230/1525  step  3,768,320  SPS   1,201  pg=-0.0063  vf=0.8694  ent=2.5115  kl=0.0049
  [phase ms/update]  rollout=528  bulk_xfer=0.1  gae=6.1  ppo_xfer=8  ppo_grad=12731  total=13273
  update   240/1525  step  3,932,160  SPS   1,203  pg=-0.0048  vf=1.0155  ent=2.5691  kl=0.0055
  [phase ms/update]  rollout=534  bulk_xfer=0.1  gae=6.3  ppo_xfer=8  ppo_grad=12722  total=13270

[eval] step 4,014,080...
  train=4.60±4.98  test=3.70±4.83  gap=0.90
[checkpoint] Saved step 4,014,080 → checkpoints/ninja/ninja__impala__seed3__20260511_121400/step_4014080.pt  (latest.pt updated)
  update   250/1525  step  4,096,000  SPS   1,201  pg=-0.0068  vf=0.8842  ent=2.5768  kl=0.0048
  [phase ms/update]  rollout=531  bulk_xfer=0.1  gae=6.1  ppo_xfer=8  ppo_grad=12727  total=13273
  update   260/1525  step  4,259,840  SPS   1,202  pg=-0.0057  vf=0.7842  ent=2.5724  kl=0.0057
  [phase ms/update]  rollout=536  bulk_xfer=0.1  gae=6.2  ppo_xfer=8  ppo_grad=12725  total=13274
  update   270/1525  step  4,423,680  SPS   1,204  pg=-0.0050  vf=1.4776  ent=2.5105  kl=0.0049
  [phase ms/update]  rollout=521  bulk_xfer=0.1  gae=6.0  ppo_xfer=8  ppo_grad=12722  total=13257

[eval] step 4,505,600...
  train=4.30±4.95  test=4.50±4.97  gap=-0.20
[checkpoint] Saved step 4,505,600 → checkpoints/ninja/ninja__impala__seed3__20260511_121400/step_4505600.pt  (latest.pt updated)
  update   280/1525  step  4,587,520  SPS   1,203  pg=-0.0068  vf=0.5286  ent=2.5780  kl=0.0061
  [phase ms/update]  rollout=508  bulk_xfer=0.1  gae=6.1  ppo_xfer=8  ppo_grad=12729  total=13252
  update   290/1525  step  4,751,360  SPS   1,204  pg=-0.0063  vf=0.7934  ent=2.5195  kl=0.0077
  [phase ms/update]  rollout=538  bulk_xfer=0.1  gae=6.2  ppo_xfer=8  ppo_grad=12724  total=13275
  update   300/1525  step  4,915,200  SPS   1,205  pg=-0.0048  vf=1.0404  ent=2.5425  kl=0.0068
  [phase ms/update]  rollout=532  bulk_xfer=0.1  gae=6.1  ppo_xfer=8  ppo_grad=12727  total=13274

[eval] step 5,013,504...
  train=4.80±5.00  test=4.20±4.94  gap=0.60
[checkpoint] Saved step 5,013,504 → checkpoints/ninja/ninja__impala__seed3__20260511_121400/step_5013504.pt  (latest.pt updated)
  update   310/1525  step  5,079,040  SPS   1,204  pg=-0.0054  vf=0.9966  ent=2.5128  kl=0.0057
  [phase ms/update]  rollout=512  bulk_xfer=0.1  gae=6.0  ppo_xfer=8  ppo_grad=12738  total=13264
  update   320/1525  step  5,242,880  SPS   1,205  pg=-0.0035  vf=0.7673  ent=2.5424  kl=0.0050
  [phase ms/update]  rollout=522  bulk_xfer=0.1  gae=6.1  ppo_xfer=8  ppo_grad=12737  total=13273
  update   330/1525  step  5,406,720  SPS   1,206  pg=-0.0035  vf=0.8317  ent=2.5646  kl=0.0076
  [phase ms/update]  rollout=529  bulk_xfer=0.1  gae=6.2  ppo_xfer=8  ppo_grad=12733  total=13277

[eval] step 5,505,024...
  train=4.80±5.00  test=4.90±5.00  gap=-0.10
[checkpoint] Saved step 5,505,024 → checkpoints/ninja/ninja__impala__seed3__20260511_121400/step_5505024.pt  (latest.pt updated)
  update   340/1525  step  5,570,560  SPS   1,205  pg=-0.0045  vf=1.5357  ent=2.5398  kl=0.0062
  [phase ms/update]  rollout=532  bulk_xfer=0.1  gae=6.1  ppo_xfer=8  ppo_grad=12732  total=13278
  update   350/1525  step  5,734,400  SPS   1,206  pg=-0.0024  vf=0.9472  ent=2.5754  kl=0.0065
  [phase ms/update]  rollout=523  bulk_xfer=0.1  gae=6.1  ppo_xfer=8  ppo_grad=12735  total=13272
  update   360/1525  step  5,898,240  SPS   1,207  pg=-0.0047  vf=2.1253  ent=2.5261  kl=0.0052
  [phase ms/update]  rollout=522  bulk_xfer=0.1  gae=6.1  ppo_xfer=8  ppo_grad=12725  total=13261

[eval] step 6,012,928...
  train=4.60±4.98  test=4.40±4.96  gap=0.20
[checkpoint] Saved step 6,012,928 → checkpoints/ninja/ninja__impala__seed3__20260511_121400/step_6012928.pt  (latest.pt updated)
  update   370/1525  step  6,062,080  SPS   1,207  pg=-0.0053  vf=2.2506  ent=2.4454  kl=0.0057
  [phase ms/update]  rollout=539  bulk_xfer=0.1  gae=6.2  ppo_xfer=8  ppo_grad=12728  total=13281
  update   380/1525  step  6,225,920  SPS   1,208  pg=-0.0050  vf=2.5430  ent=2.4740  kl=0.0062
  [phase ms/update]  rollout=531  bulk_xfer=0.1  gae=6.1  ppo_xfer=8  ppo_grad=12727  total=13272
  update   390/1525  step  6,389,760  SPS   1,208  pg=-0.0085  vf=0.9547  ent=2.4812  kl=0.0069
  [phase ms/update]  rollout=525  bulk_xfer=0.1  gae=6.0  ppo_xfer=8  ppo_grad=12723  total=13262

[eval] step 6,504,448...
  train=5.70±4.95  test=5.00±5.00  gap=0.70
[checkpoint] Saved step 6,504,448 → checkpoints/ninja/ninja__impala__seed3__20260511_121400/step_6504448.pt  (latest.pt updated)
  update   400/1525  step  6,553,600  SPS   1,208  pg=-0.0083  vf=0.9208  ent=2.5291  kl=0.0056
  [phase ms/update]  rollout=514  bulk_xfer=0.1  gae=6.0  ppo_xfer=8  ppo_grad=12721  total=13249
  update   410/1525  step  6,717,440  SPS   1,209  pg=-0.0051  vf=1.0881  ent=2.5347  kl=0.0066
  [phase ms/update]  rollout=531  bulk_xfer=0.1  gae=6.2  ppo_xfer=8  ppo_grad=12718  total=13264
  update   420/1525  step  6,881,280  SPS   1,209  pg=-0.0068  vf=1.0003  ent=2.5769  kl=0.0053
  [phase ms/update]  rollout=527  bulk_xfer=0.1  gae=6.1  ppo_xfer=8  ppo_grad=12722  total=13263

[eval] step 7,012,352...
  train=5.30±4.99  test=4.40±4.96  gap=0.90
[checkpoint] Saved step 7,012,352 → checkpoints/ninja/ninja__impala__seed3__20260511_121400/step_7012352.pt  (latest.pt updated)
  update   430/1525  step  7,045,120  SPS   1,209  pg=-0.0044  vf=0.8842  ent=2.5660  kl=0.0054
  [phase ms/update]  rollout=518  bulk_xfer=0.1  gae=6.0  ppo_xfer=8  ppo_grad=12730  total=13262
  update   440/1525  step  7,208,960  SPS   1,209  pg=-0.0079  vf=0.9800  ent=2.5247  kl=0.0041
  [phase ms/update]  rollout=532  bulk_xfer=0.1  gae=6.1  ppo_xfer=8  ppo_grad=12723  total=13269
  update   450/1525  step  7,372,800  SPS   1,210  pg=-0.0049  vf=1.0645  ent=2.5489  kl=0.0040
  [phase ms/update]  rollout=517  bulk_xfer=0.1  gae=6.1  ppo_xfer=8  ppo_grad=12716  total=13248

[eval] step 7,503,872...
  train=5.60±4.96  test=5.30±4.99  gap=0.30
[checkpoint] Saved step 7,503,872 → checkpoints/ninja/ninja__impala__seed3__20260511_121400/step_7503872.pt  (latest.pt updated)
  update   460/1525  step  7,536,640  SPS   1,209  pg=-0.0061  vf=1.0664  ent=2.5312  kl=0.0045
  [phase ms/update]  rollout=524  bulk_xfer=0.1  gae=6.0  ppo_xfer=8  ppo_grad=12718  total=13256
  update   470/1525  step  7,700,480  SPS   1,210  pg=-0.0067  vf=1.5882  ent=2.5004  kl=0.0055
  [phase ms/update]  rollout=538  bulk_xfer=0.1  gae=6.2  ppo_xfer=8  ppo_grad=12717  total=13269
  update   480/1525  step  7,864,320  SPS   1,210  pg=-0.0070  vf=0.8989  ent=2.5669  kl=0.0041
  [phase ms/update]  rollout=528  bulk_xfer=0.1  gae=6.1  ppo_xfer=8  ppo_grad=12714  total=13255

[eval] step 8,011,776...
  train=5.60±4.96  test=4.60±4.98  gap=1.00
[checkpoint] Saved step 8,011,776 → checkpoints/ninja/ninja__impala__seed3__20260511_121400/step_8011776.pt  (latest.pt updated)
  update   490/1525  step  8,028,160  SPS   1,210  pg=-0.0052  vf=0.7039  ent=2.5701  kl=0.0052
  [phase ms/update]  rollout=528  bulk_xfer=0.1  gae=6.1  ppo_xfer=8  ppo_grad=12717  total=13258
  update   500/1525  step  8,192,000  SPS   1,211  pg=-0.0059  vf=1.0808  ent=2.5216  kl=0.0046
  [phase ms/update]  rollout=520  bulk_xfer=0.1  gae=6.0  ppo_xfer=8  ppo_grad=12732  total=13267
  update   510/1525  step  8,355,840  SPS   1,211  pg=-0.0059  vf=1.7138  ent=2.4943  kl=0.0054
  [phase ms/update]  rollout=527  bulk_xfer=0.1  gae=6.2  ppo_xfer=8  ppo_grad=12735  total=13276

[eval] step 8,503,296...
  train=5.80±4.94  test=5.70±4.95  gap=0.10
[checkpoint] Saved step 8,503,296 → checkpoints/ninja/ninja__impala__seed3__20260511_121400/step_8503296.pt  (latest.pt updated)
  update   520/1525  step  8,519,680  SPS   1,211  pg=-0.0060  vf=1.5318  ent=2.5158  kl=0.0040
  [phase ms/update]  rollout=518  bulk_xfer=0.1  gae=6.0  ppo_xfer=8  ppo_grad=12733  total=13265
  update   530/1525  step  8,683,520  SPS   1,212  pg=-0.0072  vf=1.5776  ent=2.4672  kl=0.0057
  [phase ms/update]  rollout=520  bulk_xfer=0.1  gae=6.1  ppo_xfer=8  ppo_grad=12730  total=13265
  update   540/1525  step  8,847,360  SPS   1,212  pg=-0.0076  vf=1.7886  ent=2.4433  kl=0.0055
  [phase ms/update]  rollout=534  bulk_xfer=0.1  gae=6.1  ppo_xfer=8  ppo_grad=12730  total=13278
  update   550/1525  step  9,011,200  SPS   1,212  pg=-0.0074  vf=1.1504  ent=2.4727  kl=0.0056
  [phase ms/update]  rollout=515  bulk_xfer=0.1  gae=6.1  ppo_xfer=8  ppo_grad=12729  total=13258

[eval] step 9,011,200...
  train=6.10±4.88  test=5.30±4.99  gap=0.80
[checkpoint] Saved step 9,011,200 → checkpoints/ninja/ninja__impala__seed3__20260511_121400/step_9011200.pt  (latest.pt updated)
  update   560/1525  step  9,175,040  SPS   1,212  pg=-0.0077  vf=0.9869  ent=2.5005  kl=0.0067
  [phase ms/update]  rollout=530  bulk_xfer=0.1  gae=6.1  ppo_xfer=8  ppo_grad=12730  total=13274
  update   570/1525  step  9,338,880  SPS   1,213  pg=-0.0081  vf=0.9160  ent=2.5164  kl=0.0062
  [phase ms/update]  rollout=522  bulk_xfer=0.1  gae=6.0  ppo_xfer=8  ppo_grad=12723  total=13259
  update   580/1525  step  9,502,720  SPS   1,213  pg=-0.0073  vf=2.0597  ent=2.4321  kl=0.0071
  [phase ms/update]  rollout=518  bulk_xfer=0.1  gae=6.1  ppo_xfer=8  ppo_grad=12735  total=13267

[eval] step 9,502,720...
  train=6.10±4.88  test=5.20±5.00  gap=0.90
[checkpoint] Saved step 9,502,720 → checkpoints/ninja/ninja__impala__seed3__20260511_121400/step_9502720.pt  (latest.pt updated)
  update   590/1525  step  9,666,560  SPS   1,213  pg=-0.0075  vf=2.1768  ent=2.3742  kl=0.0062
  [phase ms/update]  rollout=521  bulk_xfer=0.1  gae=6.2  ppo_xfer=8  ppo_grad=12732  total=13267
  update   600/1525  step  9,830,400  SPS   1,213  pg=-0.0077  vf=0.8261  ent=2.4977  kl=0.0064
  [phase ms/update]  rollout=533  bulk_xfer=0.1  gae=6.1  ppo_xfer=8  ppo_grad=12734  total=13281
  update   610/1525  step  9,994,240  SPS   1,214  pg=-0.0051  vf=1.8712  ent=2.4748  kl=0.0053
  [phase ms/update]  rollout=541  bulk_xfer=0.1  gae=6.2  ppo_xfer=8  ppo_grad=12733  total=13289

[eval] step 10,010,624...
  train=6.10±4.88  test=4.50±4.97  gap=1.60
[checkpoint] Saved step 10,010,624 → checkpoints/ninja/ninja__impala__seed3__20260511_121400/step_10010624.pt  (latest.pt updated)
  update   620/1525  step 10,158,080  SPS   1,213  pg=-0.0067  vf=1.2535  ent=2.4671  kl=0.0062
  [phase ms/update]  rollout=525  bulk_xfer=0.1  gae=6.0  ppo_xfer=8  ppo_grad=12728  total=13267
  update   630/1525  step 10,321,920  SPS   1,214  pg=-0.0077  vf=0.8219  ent=2.5193  kl=0.0055
  [phase ms/update]  rollout=534  bulk_xfer=0.1  gae=6.1  ppo_xfer=8  ppo_grad=12729  total=13277
  update   640/1525  step 10,485,760  SPS   1,214  pg=-0.0083  vf=0.5415  ent=2.4685  kl=0.0060
  [phase ms/update]  rollout=530  bulk_xfer=0.1  gae=6.0  ppo_xfer=8  ppo_grad=12726  total=13270

[eval] step 10,502,144...
  train=6.00±4.90  test=4.70±4.99  gap=1.30
[checkpoint] Saved step 10,502,144 → checkpoints/ninja/ninja__impala__seed3__20260511_121400/step_10502144.pt  (latest.pt updated)
  update   650/1525  step 10,649,600  SPS   1,214  pg=-0.0073  vf=1.1155  ent=2.4150  kl=0.0054
  [phase ms/update]  rollout=516  bulk_xfer=0.1  gae=6.1  ppo_xfer=8  ppo_grad=12721  total=13251
  update   660/1525  step 10,813,440  SPS   1,214  pg=-0.0065  vf=0.9788  ent=2.4701  kl=0.0065
  [phase ms/update]  rollout=514  bulk_xfer=0.1  gae=6.0  ppo_xfer=8  ppo_grad=12727  total=13254
  update   670/1525  step 10,977,280  SPS   1,214  pg=-0.0080  vf=0.5440  ent=2.5162  kl=0.0062
  [phase ms/update]  rollout=525  bulk_xfer=0.1  gae=6.1  ppo_xfer=8  ppo_grad=12720  total=13259

[eval] step 11,010,048...
  train=5.80±4.94  test=5.10±5.00  gap=0.70
[checkpoint] Saved step 11,010,048 → checkpoints/ninja/ninja__impala__seed3__20260511_121400/step_11010048.pt  (latest.pt updated)
  update   680/1525  step 11,141,120  SPS   1,214  pg=-0.0086  vf=0.7872  ent=2.5323  kl=0.0061
  [phase ms/update]  rollout=524  bulk_xfer=0.1  gae=6.1  ppo_xfer=8  ppo_grad=12730  total=13268
  update   690/1525  step 11,304,960  SPS   1,214  pg=-0.0075  vf=0.8516  ent=2.4750  kl=0.0053
  [phase ms/update]  rollout=529  bulk_xfer=0.1  gae=6.1  ppo_xfer=8  ppo_grad=12731  total=13274
  update   700/1525  step 11,468,800  SPS   1,215  pg=-0.0067  vf=0.8365  ent=2.5052  kl=0.0064
  [phase ms/update]  rollout=533  bulk_xfer=0.1  gae=6.1  ppo_xfer=8  ppo_grad=12732  total=13279

[eval] step 11,501,568...
  train=5.80±4.94  test=4.90±5.00  gap=0.90
[checkpoint] Saved step 11,501,568 → checkpoints/ninja/ninja__impala__seed3__20260511_121400/step_11501568.pt  (latest.pt updated)
  update   710/1525  step 11,632,640  SPS   1,214  pg=-0.0065  vf=1.2179  ent=2.4976  kl=0.0052
  [phase ms/update]  rollout=518  bulk_xfer=0.1  gae=6.0  ppo_xfer=8  ppo_grad=12728  total=13260
  update   720/1525  step 11,796,480  SPS   1,215  pg=-0.0091  vf=1.4305  ent=2.4670  kl=0.0066
  [phase ms/update]  rollout=528  bulk_xfer=0.1  gae=6.1  ppo_xfer=8  ppo_grad=12728  total=13271
  update   730/1525  step 11,960,320  SPS   1,215  pg=-0.0050  vf=1.5368  ent=2.4771  kl=0.0044
  [phase ms/update]  rollout=524  bulk_xfer=0.1  gae=6.1  ppo_xfer=8  ppo_grad=12718  total=13255

[eval] step 12,009,472...
  train=7.20±4.49  test=5.20±5.00  gap=2.00
[checkpoint] Saved step 12,009,472 → checkpoints/ninja/ninja__impala__seed3__20260511_121400/step_12009472.pt  (latest.pt updated)
  update   740/1525  step 12,124,160  SPS   1,215  pg=-0.0084  vf=1.5018  ent=2.4216  kl=0.0060
  [phase ms/update]  rollout=535  bulk_xfer=0.1  gae=6.2  ppo_xfer=8  ppo_grad=12719  total=13268
  update   750/1525  step 12,288,000  SPS   1,215  pg=-0.0053  vf=0.9028  ent=2.4977  kl=0.0052
  [phase ms/update]  rollout=524  bulk_xfer=0.1  gae=6.0  ppo_xfer=8  ppo_grad=12721  total=13260
  update   760/1525  step 12,451,840  SPS   1,215  pg=-0.0070  vf=1.0961  ent=2.4211  kl=0.0072
  [phase ms/update]  rollout=513  bulk_xfer=0.1  gae=6.0  ppo_xfer=8  ppo_grad=12721  total=13249

[eval] step 12,500,992...
  train=6.40±4.80  test=5.00±5.00  gap=1.40
[checkpoint] Saved step 12,500,992 → checkpoints/ninja/ninja__impala__seed3__20260511_121400/step_12500992.pt  (latest.pt updated)
  update   770/1525  step 12,615,680  SPS   1,215  pg=-0.0080  vf=1.5388  ent=2.4222  kl=0.0067
  [phase ms/update]  rollout=535  bulk_xfer=0.1  gae=6.2  ppo_xfer=8  ppo_grad=12722  total=13271
  update   780/1525  step 12,779,520  SPS   1,216  pg=-0.0089  vf=1.4085  ent=2.3988  kl=0.0071
  [phase ms/update]  rollout=532  bulk_xfer=0.1  gae=6.2  ppo_xfer=8  ppo_grad=12720  total=13267
  update   790/1525  step 12,943,360  SPS   1,216  pg=-0.0095  vf=1.2067  ent=2.4868  kl=0.0051
  [phase ms/update]  rollout=523  bulk_xfer=0.1  gae=6.1  ppo_xfer=8  ppo_grad=12718  total=13255

[eval] step 13,008,896...
  train=6.90±4.62  test=4.70±4.99  gap=2.20
[checkpoint] Saved step 13,008,896 → checkpoints/ninja/ninja__impala__seed3__20260511_121400/step_13008896.pt  (latest.pt updated)
  update   800/1525  step 13,107,200  SPS   1,216  pg=-0.0032  vf=0.8356  ent=2.5073  kl=0.0043
  [phase ms/update]  rollout=519  bulk_xfer=0.1  gae=6.1  ppo_xfer=8  ppo_grad=12724  total=13257
  update   810/1525  step 13,271,040  SPS   1,216  pg=-0.0089  vf=0.7294  ent=2.4896  kl=0.0050
  [phase ms/update]  rollout=518  bulk_xfer=0.1  gae=6.0  ppo_xfer=8  ppo_grad=12723  total=13255
  update   820/1525  step 13,434,880  SPS   1,216  pg=-0.0090  vf=0.9961  ent=2.4784  kl=0.0045
  [phase ms/update]  rollout=538  bulk_xfer=0.1  gae=6.1  ppo_xfer=8  ppo_grad=12722  total=13275

[eval] step 13,500,416...
  train=6.90±4.62  test=5.30±4.99  gap=1.60
[checkpoint] Saved step 13,500,416 → checkpoints/ninja/ninja__impala__seed3__20260511_121400/step_13500416.pt  (latest.pt updated)
  update   830/1525  step 13,598,720  SPS   1,216  pg=-0.0080  vf=1.4588  ent=2.3495  kl=0.0062
  [phase ms/update]  rollout=517  bulk_xfer=0.1  gae=6.1  ppo_xfer=8  ppo_grad=12715  total=13246
  update   840/1525  step 13,762,560  SPS   1,216  pg=-0.0062  vf=1.2522  ent=2.4500  kl=0.0048
  [phase ms/update]  rollout=510  bulk_xfer=0.1  gae=6.1  ppo_xfer=8  ppo_grad=12717  total=13241
  update   850/1525  step 13,926,400  SPS   1,216  pg=-0.0097  vf=0.8047  ent=2.4652  kl=0.0052
  [phase ms/update]  rollout=522  bulk_xfer=0.1  gae=6.1  ppo_xfer=8  ppo_grad=12718  total=13254

[eval] step 14,008,320...
  train=6.60±4.74  test=5.30±4.99  gap=1.30
[checkpoint] Saved step 14,008,320 → checkpoints/ninja/ninja__impala__seed3__20260511_121400/step_14008320.pt  (latest.pt updated)
  update   860/1525  step 14,090,240  SPS   1,216  pg=-0.0075  vf=0.5761  ent=2.5245  kl=0.0068
  [phase ms/update]  rollout=520  bulk_xfer=0.1  gae=6.0  ppo_xfer=8  ppo_grad=12718  total=13251
  update   870/1525  step 14,254,080  SPS   1,217  pg=-0.0077  vf=1.1244  ent=2.4577  kl=0.0055
  [phase ms/update]  rollout=534  bulk_xfer=0.1  gae=6.1  ppo_xfer=8  ppo_grad=12719  total=13267
  update   880/1525  step 14,417,920  SPS   1,217  pg=-0.0049  vf=1.3167  ent=2.3694  kl=0.0050
  [phase ms/update]  rollout=519  bulk_xfer=0.1  gae=6.1  ppo_xfer=8  ppo_grad=12724  total=13257

[eval] step 14,516,224...
  train=7.30±4.44  test=5.70±4.95  gap=1.60
[checkpoint] Saved step 14,516,224 → checkpoints/ninja/ninja__impala__seed3__20260511_121400/step_14516224.pt  (latest.pt updated)
  update   890/1525  step 14,581,760  SPS   1,217  pg=-0.0052  vf=0.7086  ent=2.4149  kl=0.0055
  [phase ms/update]  rollout=527  bulk_xfer=0.1  gae=6.1  ppo_xfer=8  ppo_grad=12731  total=13272
  update   900/1525  step 14,745,600  SPS   1,217  pg=-0.0087  vf=0.8521  ent=2.4279  kl=0.0061
  [phase ms/update]  rollout=536  bulk_xfer=0.1  gae=6.2  ppo_xfer=8  ppo_grad=12727  total=13277
  update   910/1525  step 14,909,440  SPS   1,217  pg=-0.0076  vf=0.8540  ent=2.4432  kl=0.0052
  [phase ms/update]  rollout=533  bulk_xfer=0.1  gae=6.1  ppo_xfer=8  ppo_grad=12712  total=13259

[eval] step 15,007,744...
  train=7.30±4.44  test=5.40±4.98  gap=1.90
[checkpoint] Saved step 15,007,744 → checkpoints/ninja/ninja__impala__seed3__20260511_121400/step_15007744.pt  (latest.pt updated)
  update   920/1525  step 15,073,280  SPS   1,217  pg=-0.0061  vf=0.7981  ent=2.4701  kl=0.0056
  [phase ms/update]  rollout=527  bulk_xfer=0.1  gae=6.1  ppo_xfer=8  ppo_grad=12715  total=13256
  update   930/1525  step 15,237,120  SPS   1,217  pg=-0.0092  vf=1.0530  ent=2.4735  kl=0.0072
  [phase ms/update]  rollout=523  bulk_xfer=0.1  gae=6.1  ppo_xfer=8  ppo_grad=12718  total=13255
  update   940/1525  step 15,400,960  SPS   1,217  pg=-0.0085  vf=1.0231  ent=2.5200  kl=0.0056
  [phase ms/update]  rollout=511  bulk_xfer=0.1  gae=5.9  ppo_xfer=8  ppo_grad=12719  total=13244

[eval] step 15,515,648...
  train=7.10±4.54  test=5.10±5.00  gap=2.00
[checkpoint] Saved step 15,515,648 → checkpoints/ninja/ninja__impala__seed3__20260511_121400/step_15515648.pt  (latest.pt updated)
  update   950/1525  step 15,564,800  SPS   1,217  pg=-0.0071  vf=0.4640  ent=2.5011  kl=0.0052
  [phase ms/update]  rollout=522  bulk_xfer=0.1  gae=6.1  ppo_xfer=8  ppo_grad=12724  total=13261
  update   960/1525  step 15,728,640  SPS   1,217  pg=-0.0091  vf=1.0255  ent=2.4421  kl=0.0058
  [phase ms/update]  rollout=516  bulk_xfer=0.1  gae=6.0  ppo_xfer=8  ppo_grad=12727  total=13258
  update   970/1525  step 15,892,480  SPS   1,217  pg=-0.0095  vf=1.0719  ent=2.4002  kl=0.0058
  [phase ms/update]  rollout=521  bulk_xfer=0.1  gae=6.1  ppo_xfer=8  ppo_grad=12729  total=13264

[eval] step 16,007,168...
  train=7.80±4.14  test=5.50±4.97  gap=2.30
[checkpoint] Saved step 16,007,168 → checkpoints/ninja/ninja__impala__seed3__20260511_121400/step_16007168.pt  (latest.pt updated)
  update   980/1525  step 16,056,320  SPS   1,217  pg=-0.0080  vf=1.0068  ent=2.3875  kl=0.0062
  [phase ms/update]  rollout=533  bulk_xfer=0.1  gae=6.2  ppo_xfer=8  ppo_grad=12728  total=13275
  update   990/1525  step 16,220,160  SPS   1,218  pg=-0.0075  vf=0.8874  ent=2.4460  kl=0.0073
  [phase ms/update]  rollout=523  bulk_xfer=0.1  gae=6.0  ppo_xfer=8  ppo_grad=12727  total=13265
  update  1000/1525  step 16,384,000  SPS   1,218  pg=-0.0089  vf=0.8831  ent=2.4730  kl=0.0059
  [phase ms/update]  rollout=533  bulk_xfer=0.1  gae=6.1  ppo_xfer=8  ppo_grad=12717  total=13264

[eval] step 16,515,072...
  train=7.60±4.27  test=5.10±5.00  gap=2.50
[checkpoint] Saved step 16,515,072 → checkpoints/ninja/ninja__impala__seed3__20260511_121400/step_16515072.pt  (latest.pt updated)
  update  1010/1525  step 16,547,840  SPS   1,218  pg=-0.0066  vf=0.6436  ent=2.5277  kl=0.0062
  [phase ms/update]  rollout=518  bulk_xfer=0.1  gae=6.0  ppo_xfer=8  ppo_grad=12719  total=13251
  update  1020/1525  step 16,711,680  SPS   1,218  pg=-0.0099  vf=0.7562  ent=2.4717  kl=0.0048
  [phase ms/update]  rollout=522  bulk_xfer=0.1  gae=6.1  ppo_xfer=8  ppo_grad=12731  total=13267
  update  1030/1525  step 16,875,520  SPS   1,218  pg=-0.0093  vf=0.5912  ent=2.4627  kl=0.0075
  [phase ms/update]  rollout=525  bulk_xfer=0.1  gae=6.1  ppo_xfer=8  ppo_grad=12730  total=13269

[eval] step 17,006,592...
  train=7.60±4.27  test=4.90±5.00  gap=2.70
[checkpoint] Saved step 17,006,592 → checkpoints/ninja/ninja__impala__seed3__20260511_121400/step_17006592.pt  (latest.pt updated)
  update  1040/1525  step 17,039,360  SPS   1,218  pg=-0.0080  vf=0.6839  ent=2.5184  kl=0.0071
  [phase ms/update]  rollout=516  bulk_xfer=0.1  gae=6.1  ppo_xfer=8  ppo_grad=12731  total=13261
  update  1050/1525  step 17,203,200  SPS   1,218  pg=-0.0069  vf=0.5775  ent=2.4442  kl=0.0064
  [phase ms/update]  rollout=524  bulk_xfer=0.1  gae=6.1  ppo_xfer=8  ppo_grad=12728  total=13266
  update  1060/1525  step 17,367,040  SPS   1,218  pg=-0.0082  vf=1.1594  ent=2.3943  kl=0.0046
  [phase ms/update]  rollout=524  bulk_xfer=0.1  gae=6.0  ppo_xfer=8  ppo_grad=12717  total=13256

[eval] step 17,514,496...
  train=7.50±4.33  test=5.40±4.98  gap=2.10
[checkpoint] Saved step 17,514,496 → checkpoints/ninja/ninja__impala__seed3__20260511_121400/step_17514496.pt  (latest.pt updated)
  update  1070/1525  step 17,530,880  SPS   1,218  pg=-0.0105  vf=1.0202  ent=2.4164  kl=0.0052
  [phase ms/update]  rollout=532  bulk_xfer=0.1  gae=6.2  ppo_xfer=8  ppo_grad=12724  total=13270
  update  1080/1525  step 17,694,720  SPS   1,218  pg=-0.0072  vf=0.9228  ent=2.4336  kl=0.0067
  [phase ms/update]  rollout=523  bulk_xfer=0.1  gae=6.1  ppo_xfer=8  ppo_grad=12723  total=13260
  update  1090/1525  step 17,858,560  SPS   1,218  pg=-0.0085  vf=1.2228  ent=2.3932  kl=0.0079
  [phase ms/update]  rollout=528  bulk_xfer=0.1  gae=6.1  ppo_xfer=8  ppo_grad=12728  total=13270

[eval] step 18,006,016...
  train=8.00±4.00  test=5.90±4.92  gap=2.10
[checkpoint] Saved step 18,006,016 → checkpoints/ninja/ninja__impala__seed3__20260511_121400/step_18006016.pt  (latest.pt updated)
  update  1100/1525  step 18,022,400  SPS   1,218  pg=-0.0078  vf=1.2976  ent=2.4194  kl=0.0053
  [phase ms/update]  rollout=535  bulk_xfer=0.1  gae=6.1  ppo_xfer=8  ppo_grad=12720  total=13268
  update  1110/1525  step 18,186,240  SPS   1,218  pg=-0.0079  vf=0.8962  ent=2.4465  kl=0.0065
  [phase ms/update]  rollout=527  bulk_xfer=0.1  gae=6.1  ppo_xfer=8  ppo_grad=12728  total=13269
  update  1120/1525  step 18,350,080  SPS   1,218  pg=-0.0091  vf=1.1629  ent=2.4002  kl=0.0063
  [phase ms/update]  rollout=524  bulk_xfer=0.1  gae=6.1  ppo_xfer=8  ppo_grad=12727  total=13265
  update  1130/1525  step 18,513,920  SPS   1,219  pg=-0.0067  vf=0.5429  ent=2.4731  kl=0.0053
  [phase ms/update]  rollout=537  bulk_xfer=0.1  gae=6.1  ppo_xfer=8  ppo_grad=12721  total=13272

[eval] step 18,513,920...
  train=8.00±4.00  test=5.50±4.97  gap=2.50
[checkpoint] Saved step 18,513,920 → checkpoints/ninja/ninja__impala__seed3__20260511_121400/step_18513920.pt  (latest.pt updated)
  update  1140/1525  step 18,677,760  SPS   1,218  pg=-0.0086  vf=0.8840  ent=2.4442  kl=0.0048
  [phase ms/update]  rollout=527  bulk_xfer=0.1  gae=6.1  ppo_xfer=8  ppo_grad=12730  total=13272
  update  1150/1525  step 18,841,600  SPS   1,219  pg=-0.0105  vf=0.9880  ent=2.4653  kl=0.0058
  [phase ms/update]  rollout=529  bulk_xfer=0.1  gae=6.1  ppo_xfer=8  ppo_grad=12730  total=13273
  update  1160/1525  step 19,005,440  SPS   1,219  pg=-0.0090  vf=0.6820  ent=2.4720  kl=0.0067
  [phase ms/update]  rollout=534  bulk_xfer=0.1  gae=6.1  ppo_xfer=8  ppo_grad=12727  total=13275

[eval] step 19,005,440...
  train=7.60±4.27  test=5.60±4.96  gap=2.00
[checkpoint] Saved step 19,005,440 → checkpoints/ninja/ninja__impala__seed3__20260511_121400/step_19005440.pt  (latest.pt updated)
  update  1170/1525  step 19,169,280  SPS   1,219  pg=-0.0043  vf=1.0840  ent=2.3523  kl=0.0046
  [phase ms/update]  rollout=520  bulk_xfer=0.1  gae=6.0  ppo_xfer=8  ppo_grad=12728  total=13261
  update  1180/1525  step 19,333,120  SPS   1,219  pg=-0.0099  vf=0.8034  ent=2.4667  kl=0.0063
  [phase ms/update]  rollout=502  bulk_xfer=0.1  gae=5.9  ppo_xfer=8  ppo_grad=12727  total=13243
  update  1190/1525  step 19,496,960  SPS   1,219  pg=-0.0076  vf=0.7309  ent=2.4924  kl=0.0074
  [phase ms/update]  rollout=517  bulk_xfer=0.1  gae=6.0  ppo_xfer=8  ppo_grad=12729  total=13260

[eval] step 19,513,344...
  train=8.00±4.00  test=5.80±4.94  gap=2.20
[checkpoint] Saved step 19,513,344 → checkpoints/ninja/ninja__impala__seed3__20260511_121400/step_19513344.pt  (latest.pt updated)
  update  1200/1525  step 19,660,800  SPS   1,219  pg=-0.0095  vf=0.6705  ent=2.4768  kl=0.0059
  [phase ms/update]  rollout=512  bulk_xfer=0.1  gae=6.0  ppo_xfer=8  ppo_grad=12729  total=13256
  update  1210/1525  step 19,824,640  SPS   1,219  pg=-0.0087  vf=1.2790  ent=2.4368  kl=0.0076
  [phase ms/update]  rollout=516  bulk_xfer=0.1  gae=6.0  ppo_xfer=8  ppo_grad=12732  total=13262
  update  1220/1525  step 19,988,480  SPS   1,219  pg=-0.0087  vf=0.9457  ent=2.4411  kl=0.0064
  [phase ms/update]  rollout=504  bulk_xfer=0.1  gae=6.0  ppo_xfer=8  ppo_grad=12729  total=13247

[eval] step 20,004,864...
  train=8.00±4.00  test=5.40±4.98  gap=2.60
[checkpoint] Saved step 20,004,864 → checkpoints/ninja/ninja__impala__seed3__20260511_121400/step_20004864.pt  (latest.pt updated)
  update  1230/1525  step 20,152,320  SPS   1,219  pg=-0.0081  vf=0.8698  ent=2.4293  kl=0.0065
  [phase ms/update]  rollout=518  bulk_xfer=0.1  gae=6.0  ppo_xfer=8  ppo_grad=12726  total=13258
  update  1240/1525  step 20,316,160  SPS   1,219  pg=-0.0110  vf=1.0352  ent=2.4128  kl=0.0062
  [phase ms/update]  rollout=498  bulk_xfer=0.1  gae=5.9  ppo_xfer=8  ppo_grad=12722  total=13234
  update  1250/1525  step 20,480,000  SPS   1,219  pg=-0.0073  vf=0.6847  ent=2.4835  kl=0.0053
  [phase ms/update]  rollout=511  bulk_xfer=0.1  gae=6.0  ppo_xfer=8  ppo_grad=12724  total=13248

[eval] step 20,512,768...
  train=8.00±4.00  test=5.40±4.98  gap=2.60
[checkpoint] Saved step 20,512,768 → checkpoints/ninja/ninja__impala__seed3__20260511_121400/step_20512768.pt  (latest.pt updated)
  update  1260/1525  step 20,643,840  SPS   1,219  pg=-0.0114  vf=0.6294  ent=2.4983  kl=0.0066
  [phase ms/update]  rollout=507  bulk_xfer=0.1  gae=6.0  ppo_xfer=8  ppo_grad=12721  total=13243
  update  1270/1525  step 20,807,680  SPS   1,219  pg=-0.0101  vf=0.7888  ent=2.4421  kl=0.0062
  [phase ms/update]  rollout=503  bulk_xfer=0.1  gae=6.0  ppo_xfer=8  ppo_grad=12726  total=13244
  update  1280/1525  step 20,971,520  SPS   1,219  pg=-0.0096  vf=0.9283  ent=2.5046  kl=0.0048
  [phase ms/update]  rollout=522  bulk_xfer=0.1  gae=6.1  ppo_xfer=8  ppo_grad=12729  total=13265

[eval] step 21,004,288...
  train=8.60±3.47  test=5.70±4.95  gap=2.90
[checkpoint] Saved step 21,004,288 → checkpoints/ninja/ninja__impala__seed3__20260511_121400/step_21004288.pt  (latest.pt updated)
  update  1290/1525  step 21,135,360  SPS   1,219  pg=-0.0085  vf=0.6552  ent=2.5004  kl=0.0063
  [phase ms/update]  rollout=522  bulk_xfer=0.1  gae=6.0  ppo_xfer=8  ppo_grad=12728  total=13265
  update  1300/1525  step 21,299,200  SPS   1,219  pg=-0.0078  vf=0.6676  ent=2.4981  kl=0.0072
  [phase ms/update]  rollout=517  bulk_xfer=0.1  gae=6.0  ppo_xfer=8  ppo_grad=12720  total=13250
  update  1310/1525  step 21,463,040  SPS   1,219  pg=-0.0092  vf=0.5586  ent=2.5151  kl=0.0056
  [phase ms/update]  rollout=531  bulk_xfer=0.1  gae=6.1  ppo_xfer=8  ppo_grad=12717  total=13263

[eval] step 21,512,192...
  train=8.20±3.84  test=5.40±4.98  gap=2.80
[checkpoint] Saved step 21,512,192 → checkpoints/ninja/ninja__impala__seed3__20260511_121400/step_21512192.pt  (latest.pt updated)
  update  1320/1525  step 21,626,880  SPS   1,219  pg=-0.0058  vf=1.0082  ent=2.4811  kl=0.0044
  [phase ms/update]  rollout=518  bulk_xfer=0.1  gae=6.1  ppo_xfer=8  ppo_grad=12713  total=13245
  update  1330/1525  step 21,790,720  SPS   1,219  pg=-0.0084  vf=0.6333  ent=2.4021  kl=0.0077
  [phase ms/update]  rollout=534  bulk_xfer=0.1  gae=6.2  ppo_xfer=8  ppo_grad=12714  total=13263
  update  1340/1525  step 21,954,560  SPS   1,219  pg=-0.0097  vf=0.8419  ent=2.4326  kl=0.0068
  [phase ms/update]  rollout=514  bulk_xfer=0.1  gae=5.9  ppo_xfer=8  ppo_grad=12727  total=13255

[eval] step 22,003,712...
  train=8.20±3.84  test=5.20±5.00  gap=3.00
[checkpoint] Saved step 22,003,712 → checkpoints/ninja/ninja__impala__seed3__20260511_121400/step_22003712.pt  (latest.pt updated)
  update  1350/1525  step 22,118,400  SPS   1,219  pg=-0.0081  vf=1.2009  ent=2.4044  kl=0.0061
  [phase ms/update]  rollout=519  bulk_xfer=0.1  gae=6.1  ppo_xfer=8  ppo_grad=12729  total=13262
  update  1360/1525  step 22,282,240  SPS   1,220  pg=-0.0090  vf=0.8558  ent=2.3840  kl=0.0054
  [phase ms/update]  rollout=519  bulk_xfer=0.1  gae=6.0  ppo_xfer=8  ppo_grad=12722  total=13255
  update  1370/1525  step 22,446,080  SPS   1,220  pg=-0.0088  vf=0.9692  ent=2.3758  kl=0.0076
  [phase ms/update]  rollout=535  bulk_xfer=0.1  gae=6.2  ppo_xfer=8  ppo_grad=12721  total=13270

[eval] step 22,511,616...
  train=7.80±4.14  test=5.80±4.94  gap=2.00
[checkpoint] Saved step 22,511,616 → checkpoints/ninja/ninja__impala__seed3__20260511_121400/step_22511616.pt  (latest.pt updated)
  update  1380/1525  step 22,609,920  SPS   1,219  pg=-0.0067  vf=0.5412  ent=2.4252  kl=0.0056
  [phase ms/update]  rollout=509  bulk_xfer=0.1  gae=6.0  ppo_xfer=8  ppo_grad=12731  total=13254
  update  1390/1525  step 22,773,760  SPS   1,220  pg=-0.0050  vf=0.6637  ent=2.4706  kl=0.0068
  [phase ms/update]  rollout=514  bulk_xfer=0.1  gae=6.0  ppo_xfer=8  ppo_grad=12731  total=13259
  update  1400/1525  step 22,937,600  SPS   1,220  pg=-0.0082  vf=1.3309  ent=2.3747  kl=0.0060
  [phase ms/update]  rollout=521  bulk_xfer=0.1  gae=6.1  ppo_xfer=8  ppo_grad=12719  total=13254

[eval] step 23,003,136...
  train=7.90±4.07  test=6.00±4.90  gap=1.90
[checkpoint] Saved step 23,003,136 → checkpoints/ninja/ninja__impala__seed3__20260511_121400/step_23003136.pt  (latest.pt updated)
  update  1410/1525  step 23,101,440  SPS   1,220  pg=-0.0107  vf=0.8717  ent=2.4113  kl=0.0071
  [phase ms/update]  rollout=531  bulk_xfer=0.1  gae=6.1  ppo_xfer=8  ppo_grad=12715  total=13260
  update  1420/1525  step 23,265,280  SPS   1,220  pg=-0.0094  vf=0.4333  ent=2.4697  kl=0.0063
  [phase ms/update]  rollout=522  bulk_xfer=0.1  gae=6.1  ppo_xfer=8  ppo_grad=12720  total=13256
  update  1430/1525  step 23,429,120  SPS   1,220  pg=-0.0081  vf=0.8635  ent=2.3624  kl=0.0062
  [phase ms/update]  rollout=523  bulk_xfer=0.1  gae=6.2  ppo_xfer=8  ppo_grad=12719  total=13256

[eval] step 23,511,040...
  train=8.10±3.92  test=5.90±4.92  gap=2.20
[checkpoint] Saved step 23,511,040 → checkpoints/ninja/ninja__impala__seed3__20260511_121400/step_23511040.pt  (latest.pt updated)
  update  1440/1525  step 23,592,960  SPS   1,220  pg=-0.0082  vf=0.8796  ent=2.4333  kl=0.0072
  [phase ms/update]  rollout=525  bulk_xfer=0.1  gae=6.1  ppo_xfer=8  ppo_grad=12719  total=13257
  update  1450/1525  step 23,756,800  SPS   1,220  pg=-0.0069  vf=1.1227  ent=2.4146  kl=0.0062
  [phase ms/update]  rollout=539  bulk_xfer=0.1  gae=6.2  ppo_xfer=8  ppo_grad=12715  total=13268
  update  1460/1525  step 23,920,640  SPS   1,220  pg=-0.0084  vf=1.0868  ent=2.3627  kl=0.0062
  [phase ms/update]  rollout=519  bulk_xfer=0.1  gae=6.1  ppo_xfer=8  ppo_grad=12727  total=13260

[eval] step 24,002,560...
  train=7.90±4.07  test=5.50±4.97  gap=2.40
[checkpoint] Saved step 24,002,560 → checkpoints/ninja/ninja__impala__seed3__20260511_121400/step_24002560.pt  (latest.pt updated)
  update  1470/1525  step 24,084,480  SPS   1,220  pg=-0.0101  vf=1.3661  ent=2.3712  kl=0.0076
  [phase ms/update]  rollout=512  bulk_xfer=0.1  gae=6.0  ppo_xfer=8  ppo_grad=12730  total=13256
  update  1480/1525  step 24,248,320  SPS   1,220  pg=-0.0087  vf=0.9952  ent=2.4043  kl=0.0057
  [phase ms/update]  rollout=531  bulk_xfer=0.1  gae=6.1  ppo_xfer=8  ppo_grad=12728  total=13273
  update  1490/1525  step 24,412,160  SPS   1,220  pg=-0.0086  vf=0.9438  ent=2.3391  kl=0.0069
  [phase ms/update]  rollout=525  bulk_xfer=0.1  gae=6.1  ppo_xfer=8  ppo_grad=12719  total=13258

[eval] step 24,510,464...
  train=7.80±4.14  test=6.10±4.88  gap=1.70
[checkpoint] Saved step 24,510,464 → checkpoints/ninja/ninja__impala__seed3__20260511_121400/step_24510464.pt  (latest.pt updated)
  update  1500/1525  step 24,576,000  SPS   1,220  pg=-0.0098  vf=0.6529  ent=2.3478  kl=0.0061
  [phase ms/update]  rollout=539  bulk_xfer=0.1  gae=6.2  ppo_xfer=8  ppo_grad=12718  total=13271
  update  1510/1525  step 24,739,840  SPS   1,220  pg=-0.0095  vf=0.5653  ent=2.4695  kl=0.0062
  [phase ms/update]  rollout=524  bulk_xfer=0.1  gae=6.1  ppo_xfer=8  ppo_grad=12716  total=13254
  update  1520/1525  step 24,903,680  SPS   1,220  pg=-0.0077  vf=0.7702  ent=2.3613  kl=0.0073
  [phase ms/update]  rollout=520  bulk_xfer=0.1  gae=6.1  ppo_xfer=8  ppo_grad=12722  total=13256
[checkpoint] Saved step 24,985,600 → checkpoints/ninja/ninja__impala__seed3__20260511_121400/step_24985600_final.pt  (latest.pt updated)

[done] Training complete.

[final eval]

=================================================================
  ninja | none+uniform | seed=3
  train=8.20  test=6.60  gap=1.60
  expected=[6.0,8.0]  PASS
=================================================================

wandb: updating run metadata
wandb: uploading output.log; uploading wandb-summary.json; uploading config.yaml
wandb: uploading history steps 1523-1524, summary, console lines 513-523
wandb: 
wandb: Run history:
wandb:                            charts/SPS ▁▄▆▇▇▇▇▇▇███████████████████████████████
wandb:     charts/episodic_return_normalised ▂▃▂▂▁▄▃▄▆▄▄▅▄▄▇▃▅▄▆▆▄▅▇▅▇▆▆▆█▅▆▆▆▅▅▇▅█▆▇
wandb: charts/episodic_return_normalised_std ▃▁▁▂▃▆▆▇▇████▇▇▇▇▇▇▇▇▆▅▆▆▆▅▆▆▅▆▅▅▅▅▆▆▅▄▅
wandb:                  charts/learning_rate ▁▁▁▁▁▁▁▁▁▁▁▁▁▁▁▁▁▁▁▁▁▁▁▁▁▁▁▁▁▁▁▁▁▁▁▁▁▁▁▁
wandb:               eval/generalization_gap ▁▂▁▁▂▂▄▂▃▂▃▄▃▄▂▄▅▅▃▄▅▆▅▅▅▆▇▇▇▆▇▆▆▇▇█▆▆▆▅
wandb:                      eval/test_return ▄▂▅▄▄▃▁▃▂▅▅▃▆▄▇▅▃▄▅▅▅▄▆▆▇▆▅▅▆▇▇▇▆▆▇▅▇█▇█
wandb:                  eval/test_return_std █▅█▇█▆▁▇▅██▇█▆█▇███████▆▇▇██▇▅▇▅▇▇▆█▅▄▅▃
wandb:                     eval/train_return ▁▁▁▁▁▁▁▁▂▂▃▃▃▃▃▄▄▄▃▃▄▅▅▅▆▆▇▆▆▇▆▇▇▇█▇▇▇▇▇
wandb:                 eval/train_return_std ██████████████▇▇███▆▆▆▇▅▅▄▅▅▅▃▅▃▃▃▁▃▄▄▃▄
wandb:                      losses/approx_kl ▂▃▂▆▅▁▃▂▃█▅▅▆▂▆▅▇▆▂▆▂▄▄▅▅▄▆▅▆▄█▄▅▁▄▇▄▆▃▇
wandb:                                    +6 ...
wandb: 
wandb: Run summary:
wandb:                            charts/SPS 1220.2646
wandb:     charts/episodic_return_normalised 11.79772
wandb: charts/episodic_return_normalised_std 9.50173
wandb:                  charts/learning_rate 0.0005
wandb:               eval/generalization_gap 1.7
wandb:                      eval/test_return 6.1
wandb:                  eval/test_return_std 4.8775
wandb:                     eval/train_return 7.8
wandb:                 eval/train_return_std 4.14246
wandb:                      losses/approx_kl 0.00757
wandb:                                    +6 ...
wandb: 
wandb: 🚀 View run ninja__impala__seed3__20260511_121400 at: https://wandb.ai/staanagnostou-/thesis-rl-baselines/runs/vjy6xc58
wandb: ⭐️ View project at: https://wandb.ai/staanagnostou-/thesis-rl-baselines
wandb: Synced 6 W&B file(s), 0 media file(s), 0 artifact file(s) and 0 other file(s)
wandb: Find logs at: ./wandb/run-20260511_121401-vjy6xc58/logs
