[device] GPU detected:   (24.0 GB VRAM)
[device] Backend: NVIDIA CUDA
wandb: [wandb.login()] Loaded credentials for https://api.wandb.ai from WANDB_API_KEY.
wandb: Currently logged in as: stayrosanang (staanagnostou-) to https://api.wandb.ai. Use `wandb login --relogin` to force relogin
wandb: setting up run sxsp05b0
wandb: Tracking run with wandb version 0.26.1
wandb: Run data is saved locally in /workspace/wandb/run-20260522_193659-sxsp05b0
wandb: Run `wandb offline` to turn off syncing.
wandb: Syncing run starpilot__impala__seed1__20260522_193659
wandb: ⭐️ View project at https://wandb.ai/staanagnostou-/thesis-rl-baselines
wandb: 🚀 View run at https://wandb.ai/staanagnostou-/thesis-rl-baselines/runs/sxsp05b0
[wandb] Run ID: sxsp05b0  tags=['ucb_drac', 'starpilot', 'seed_1', 'impala']
[env] starpilot  64 envs  200 levels  mode=easy  backend=auto
[env] obs_space=(64, 64, 3)  num_actions=15
[model] torch.compile applied (mode=reduce-overhead)
[aug] UCB-DrAC  arms=['crop', 'color_jitter', 'grayscale', 'cutout', 'flip', 'rotate', 'random_conv']  ucb_c=0.1
[model] IMPALA-CNN  params=626,256

=================================================================
  Starting PPO  |  env=starpilot  aug=ucb_drac  lvl=uniform
  total_steps=25,000,000  updates=1,525  device=cuda
=================================================================

  update     1/1525  step     16,384  SPS     206  pg=-0.0004  vf=0.9097  ent=2.7079  kl=0.0002  aug=0.0000
  [phase ms/update]  rollout=1559  bulk_xfer=0.1  gae=5.6  ppo_xfer=9  ppo_grad=78012  total=79587
  update    10/1525  step    163,840  SPS     379  pg=-0.0011  vf=0.1232  ent=2.5522  kl=0.0025  aug=0.0005
  [phase ms/update]  rollout=521  bulk_xfer=0.1  gae=5.9  ppo_xfer=8  ppo_grad=38686  total=39221
  update    20/1525  step    327,680  SPS     397  pg=-0.0040  vf=0.1127  ent=2.4040  kl=0.0049  aug=0.0020
  [phase ms/update]  rollout=532  bulk_xfer=0.1  gae=5.9  ppo_xfer=8  ppo_grad=38688  total=39234
  update    30/1525  step    491,520  SPS     404  pg=-0.0071  vf=0.1011  ent=2.3968  kl=0.0057  aug=0.0028
  [phase ms/update]  rollout=533  bulk_xfer=0.1  gae=6.0  ppo_xfer=8  ppo_grad=38701  total=39247

[eval] step 507,904...
  train=5.56±4.40  test=4.79±4.25  gap=0.77
[checkpoint] Saved step 507,904 → checkpoints/starpilot/starpilot__impala__seed1__20260522_193659/step_507904.pt  (latest.pt updated)
  update    40/1525  step    655,360  SPS     406  pg=-0.0086  vf=0.1076  ent=2.2675  kl=0.0066  aug=0.0048
  [phase ms/update]  rollout=534  bulk_xfer=0.1  gae=5.9  ppo_xfer=8  ppo_grad=38706  total=39254
  update    50/1525  step    819,200  SPS     409  pg=-0.0092  vf=0.0886  ent=2.1776  kl=0.0074  aug=0.0062
  [phase ms/update]  rollout=524  bulk_xfer=0.1  gae=5.9  ppo_xfer=8  ppo_grad=38702  total=39240
  update    60/1525  step    983,040  SPS     410  pg=-0.0107  vf=0.0848  ent=2.1397  kl=0.0088  aug=0.0068
  [phase ms/update]  rollout=532  bulk_xfer=0.1  gae=6.0  ppo_xfer=8  ppo_grad=38699  total=39246

[eval] step 1,015,808...
  train=8.06±6.56  test=7.19±6.37  gap=0.87
[checkpoint] Saved step 1,015,808 → checkpoints/starpilot/starpilot__impala__seed1__20260522_193659/step_1015808.pt  (latest.pt updated)
  update    70/1525  step  1,146,880  SPS     411  pg=-0.0134  vf=0.0846  ent=2.1045  kl=0.0085  aug=0.0075
  [phase ms/update]  rollout=537  bulk_xfer=0.1  gae=5.9  ppo_xfer=8  ppo_grad=38706  total=39257
  update    80/1525  step  1,310,720  SPS     411  pg=-0.0158  vf=0.0724  ent=2.1233  kl=0.0089  aug=0.0075
  [phase ms/update]  rollout=547  bulk_xfer=0.1  gae=5.9  ppo_xfer=8  ppo_grad=38696  total=39257
  update    90/1525  step  1,474,560  SPS     412  pg=-0.0165  vf=0.0747  ent=2.0943  kl=0.0092  aug=0.0082
  [phase ms/update]  rollout=532  bulk_xfer=0.1  gae=6.0  ppo_xfer=8  ppo_grad=38696  total=39242

[eval] step 1,507,328...
  train=8.84±6.93  test=9.50±6.82  gap=-0.66
[checkpoint] Saved step 1,507,328 → checkpoints/starpilot/starpilot__impala__seed1__20260522_193659/step_1507328.pt  (latest.pt updated)
  update   100/1525  step  1,638,400  SPS     412  pg=-0.0172  vf=0.0963  ent=2.0901  kl=0.0093  aug=0.0090
  [phase ms/update]  rollout=536  bulk_xfer=0.1  gae=5.9  ppo_xfer=8  ppo_grad=38701  total=39251
  update   110/1525  step  1,802,240  SPS     413  pg=-0.0150  vf=0.0749  ent=2.0805  kl=0.0106  aug=0.0085
  [phase ms/update]  rollout=535  bulk_xfer=0.1  gae=6.0  ppo_xfer=8  ppo_grad=38703  total=39252
  update   120/1525  step  1,966,080  SPS     413  pg=-0.0185  vf=0.0848  ent=2.0553  kl=0.0086  aug=0.0100
  [phase ms/update]  rollout=532  bulk_xfer=0.1  gae=6.0  ppo_xfer=8  ppo_grad=38712  total=39257

[eval] step 2,015,232...
  train=11.01±8.20  test=13.27±10.93  gap=-2.26
[checkpoint] Saved step 2,015,232 → checkpoints/starpilot/starpilot__impala__seed1__20260522_193659/step_2015232.pt  (latest.pt updated)
  update   130/1525  step  2,129,920  SPS     413  pg=-0.0196  vf=0.0776  ent=1.9745  kl=0.0108  aug=0.0109
  [phase ms/update]  rollout=540  bulk_xfer=0.1  gae=5.9  ppo_xfer=8  ppo_grad=38704  total=39258
  update   140/1525  step  2,293,760  SPS     413  pg=-0.0197  vf=0.0907  ent=1.9397  kl=0.0105  aug=0.0122
  [phase ms/update]  rollout=532  bulk_xfer=0.1  gae=6.0  ppo_xfer=8  ppo_grad=38698  total=39244
  update   150/1525  step  2,457,600  SPS     414  pg=-0.0217  vf=0.0783  ent=2.0121  kl=0.0099  aug=0.0108
  [phase ms/update]  rollout=532  bulk_xfer=0.1  gae=6.0  ppo_xfer=8  ppo_grad=38695  total=39241

[eval] step 2,506,752...
  train=15.21±12.93  test=15.03±11.98  gap=0.18
[checkpoint] Saved step 2,506,752 → checkpoints/starpilot/starpilot__impala__seed1__20260522_193659/step_2506752.pt  (latest.pt updated)
  update   160/1525  step  2,621,440  SPS     414  pg=-0.0202  vf=0.0827  ent=1.9538  kl=0.0116  aug=0.0127
  [phase ms/update]  rollout=527  bulk_xfer=0.1  gae=6.0  ppo_xfer=8  ppo_grad=38693  total=39233
  update   170/1525  step  2,785,280  SPS     414  pg=-0.0213  vf=0.0626  ent=1.9423  kl=0.0100  aug=0.0121
  [phase ms/update]  rollout=533  bulk_xfer=0.1  gae=6.0  ppo_xfer=8  ppo_grad=38697  total=39244
  update   180/1525  step  2,949,120  SPS     414  pg=-0.0191  vf=0.0692  ent=1.9543  kl=0.0108  aug=0.0111
  [phase ms/update]  rollout=531  bulk_xfer=0.1  gae=5.9  ppo_xfer=8  ppo_grad=38697  total=39242

[eval] step 3,014,656...
  train=17.37±15.22  test=14.33±11.76  gap=3.04
[checkpoint] Saved step 3,014,656 → checkpoints/starpilot/starpilot__impala__seed1__20260522_193659/step_3014656.pt  (latest.pt updated)
  update   190/1525  step  3,112,960  SPS     414  pg=-0.0208  vf=0.0723  ent=1.9882  kl=0.0106  aug=0.0107
  [phase ms/update]  rollout=536  bulk_xfer=0.1  gae=6.0  ppo_xfer=8  ppo_grad=38694  total=39244
  update   200/1525  step  3,276,800  SPS     414  pg=-0.0229  vf=0.0790  ent=1.9856  kl=0.0106  aug=0.0116
  [phase ms/update]  rollout=534  bulk_xfer=0.1  gae=6.0  ppo_xfer=8  ppo_grad=38701  total=39249
  update   210/1525  step  3,440,640  SPS     414  pg=-0.0213  vf=0.0623  ent=1.9844  kl=0.0105  aug=0.0120
  [phase ms/update]  rollout=533  bulk_xfer=0.1  gae=5.9  ppo_xfer=8  ppo_grad=38704  total=39251

[eval] step 3,506,176...
  train=20.81±16.47  test=22.99±16.55  gap=-2.18
[checkpoint] Saved step 3,506,176 → checkpoints/starpilot/starpilot__impala__seed1__20260522_193659/step_3506176.pt  (latest.pt updated)
  update   220/1525  step  3,604,480  SPS     414  pg=-0.0223  vf=0.0765  ent=1.9678  kl=0.0097  aug=0.0127
  [phase ms/update]  rollout=533  bulk_xfer=0.1  gae=6.0  ppo_xfer=8  ppo_grad=38695  total=39242
  update   230/1525  step  3,768,320  SPS     414  pg=-0.0227  vf=0.0605  ent=1.9698  kl=0.0105  aug=0.0130
  [phase ms/update]  rollout=531  bulk_xfer=0.1  gae=5.9  ppo_xfer=8  ppo_grad=38698  total=39244
  update   240/1525  step  3,932,160  SPS     414  pg=-0.0231  vf=0.0674  ent=1.9594  kl=0.0106  aug=0.0128
  [phase ms/update]  rollout=533  bulk_xfer=0.1  gae=5.9  ppo_xfer=8  ppo_grad=38692  total=39238

[eval] step 4,014,080...
  train=22.18±16.31  test=20.58±16.08  gap=1.60
[checkpoint] Saved step 4,014,080 → checkpoints/starpilot/starpilot__impala__seed1__20260522_193659/step_4014080.pt  (latest.pt updated)
  update   250/1525  step  4,096,000  SPS     414  pg=-0.0227  vf=0.0583  ent=1.9534  kl=0.0103  aug=0.0134
  [phase ms/update]  rollout=536  bulk_xfer=0.1  gae=5.9  ppo_xfer=8  ppo_grad=38692  total=39241
  update   260/1525  step  4,259,840  SPS     414  pg=-0.0205  vf=0.0595  ent=1.9717  kl=0.0116  aug=0.0126
  [phase ms/update]  rollout=537  bulk_xfer=0.1  gae=6.0  ppo_xfer=8  ppo_grad=38687  total=39237
  update   270/1525  step  4,423,680  SPS     415  pg=-0.0228  vf=0.0502  ent=2.0127  kl=0.0105  aug=0.0128
  [phase ms/update]  rollout=529  bulk_xfer=0.1  gae=5.9  ppo_xfer=8  ppo_grad=38690  total=39233

[eval] step 4,505,600...
  train=21.60±15.96  test=21.67±16.90  gap=-0.07
[checkpoint] Saved step 4,505,600 → checkpoints/starpilot/starpilot__impala__seed1__20260522_193659/step_4505600.pt  (latest.pt updated)
  update   280/1525  step  4,587,520  SPS     414  pg=-0.0224  vf=0.0466  ent=1.9982  kl=0.0089  aug=0.0121
  [phase ms/update]  rollout=526  bulk_xfer=0.1  gae=5.9  ppo_xfer=8  ppo_grad=38689  total=39229
  update   290/1525  step  4,751,360  SPS     415  pg=-0.0228  vf=0.0585  ent=1.9643  kl=0.0099  aug=0.0120
  [phase ms/update]  rollout=529  bulk_xfer=0.1  gae=6.0  ppo_xfer=8  ppo_grad=38691  total=39234
  update   300/1525  step  4,915,200  SPS     415  pg=-0.0213  vf=0.0623  ent=1.9438  kl=0.0104  aug=0.0111
  [phase ms/update]  rollout=537  bulk_xfer=0.1  gae=6.0  ppo_xfer=8  ppo_grad=38707  total=39258

[eval] step 5,013,504...
  train=24.04±18.83  test=22.56±18.22  gap=1.48
[checkpoint] Saved step 5,013,504 → checkpoints/starpilot/starpilot__impala__seed1__20260522_193659/step_5013504.pt  (latest.pt updated)
  update   310/1525  step  5,079,040  SPS     415  pg=-0.0222  vf=0.0551  ent=1.9221  kl=0.0104  aug=0.0126
  [phase ms/update]  rollout=526  bulk_xfer=0.1  gae=5.8  ppo_xfer=8  ppo_grad=38698  total=39238
  update   320/1525  step  5,242,880  SPS     415  pg=-0.0214  vf=0.0522  ent=1.9655  kl=0.0090  aug=0.0123
  [phase ms/update]  rollout=532  bulk_xfer=0.1  gae=5.9  ppo_xfer=8  ppo_grad=38694  total=39239
  update   330/1525  step  5,406,720  SPS     415  pg=-0.0240  vf=0.0546  ent=1.9732  kl=0.0089  aug=0.0120
  [phase ms/update]  rollout=538  bulk_xfer=0.1  gae=5.9  ppo_xfer=8  ppo_grad=38695  total=39247

[eval] step 5,505,024...
  train=22.17±17.53  test=22.89±18.72  gap=-0.72
[checkpoint] Saved step 5,505,024 → checkpoints/starpilot/starpilot__impala__seed1__20260522_193659/step_5505024.pt  (latest.pt updated)
  update   340/1525  step  5,570,560  SPS     415  pg=-0.0234  vf=0.0527  ent=1.9828  kl=0.0100  aug=0.0126
  [phase ms/update]  rollout=544  bulk_xfer=0.1  gae=6.0  ppo_xfer=8  ppo_grad=38697  total=39255
  update   350/1525  step  5,734,400  SPS     415  pg=-0.0225  vf=0.0657  ent=1.9899  kl=0.0108  aug=0.0113
  [phase ms/update]  rollout=535  bulk_xfer=0.1  gae=5.9  ppo_xfer=8  ppo_grad=38693  total=39242
  update   360/1525  step  5,898,240  SPS     415  pg=-0.0234  vf=0.0569  ent=1.9946  kl=0.0100  aug=0.0121
  [phase ms/update]  rollout=541  bulk_xfer=0.1  gae=6.0  ppo_xfer=8  ppo_grad=38700  total=39256

[eval] step 6,012,928...
  train=24.95±19.16  test=23.01±18.78  gap=1.94
[checkpoint] Saved step 6,012,928 → checkpoints/starpilot/starpilot__impala__seed1__20260522_193659/step_6012928.pt  (latest.pt updated)
  update   370/1525  step  6,062,080  SPS     415  pg=-0.0247  vf=0.0528  ent=1.9590  kl=0.0111  aug=0.0128
  [phase ms/update]  rollout=537  bulk_xfer=0.1  gae=5.9  ppo_xfer=8  ppo_grad=38697  total=39248
  update   380/1525  step  6,225,920  SPS     415  pg=-0.0240  vf=0.0515  ent=1.9722  kl=0.0106  aug=0.0133
  [phase ms/update]  rollout=541  bulk_xfer=0.1  gae=6.0  ppo_xfer=8  ppo_grad=38692  total=39248
  update   390/1525  step  6,389,760  SPS     415  pg=-0.0242  vf=0.0601  ent=1.9870  kl=0.0112  aug=0.0131
  [phase ms/update]  rollout=539  bulk_xfer=0.1  gae=6.0  ppo_xfer=8  ppo_grad=38693  total=39247

[eval] step 6,504,448...
  train=27.06±20.56  test=25.21±21.57  gap=1.85
[checkpoint] Saved step 6,504,448 → checkpoints/starpilot/starpilot__impala__seed1__20260522_193659/step_6504448.pt  (latest.pt updated)
  update   400/1525  step  6,553,600  SPS     415  pg=-0.0216  vf=0.0542  ent=1.9272  kl=0.0101  aug=0.0147
  [phase ms/update]  rollout=541  bulk_xfer=0.1  gae=6.0  ppo_xfer=8  ppo_grad=38699  total=39254
  update   410/1525  step  6,717,440  SPS     415  pg=-0.0224  vf=0.0432  ent=1.9799  kl=0.0111  aug=0.0129
  [phase ms/update]  rollout=530  bulk_xfer=0.1  gae=5.9  ppo_xfer=8  ppo_grad=38701  total=39245
  update   420/1525  step  6,881,280  SPS     415  pg=-0.0210  vf=0.0508  ent=1.9919  kl=0.0104  aug=0.0128
  [phase ms/update]  rollout=529  bulk_xfer=0.1  gae=5.9  ppo_xfer=8  ppo_grad=38696  total=39238

[eval] step 7,012,352...
  train=24.61±18.12  test=23.19±18.16  gap=1.42
[checkpoint] Saved step 7,012,352 → checkpoints/starpilot/starpilot__impala__seed1__20260522_193659/step_7012352.pt  (latest.pt updated)
  update   430/1525  step  7,045,120  SPS     415  pg=-0.0229  vf=0.0528  ent=1.9829  kl=0.0101  aug=0.0126
  [phase ms/update]  rollout=536  bulk_xfer=0.1  gae=6.0  ppo_xfer=8  ppo_grad=38691  total=39241
  update   440/1525  step  7,208,960  SPS     415  pg=-0.0259  vf=0.0482  ent=1.9503  kl=0.0108  aug=0.0147
  [phase ms/update]  rollout=542  bulk_xfer=0.1  gae=6.0  ppo_xfer=8  ppo_grad=38692  total=39248
  update   450/1525  step  7,372,800  SPS     415  pg=-0.0229  vf=0.0500  ent=1.9948  kl=0.0094  aug=0.0122
  [phase ms/update]  rollout=548  bulk_xfer=0.1  gae=5.9  ppo_xfer=8  ppo_grad=38697  total=39259

[eval] step 7,503,872...
  train=23.74±17.22  test=25.91±19.45  gap=-2.17
[checkpoint] Saved step 7,503,872 → checkpoints/starpilot/starpilot__impala__seed1__20260522_193659/step_7503872.pt  (latest.pt updated)
  update   460/1525  step  7,536,640  SPS     415  pg=-0.0252  vf=0.0487  ent=2.0116  kl=0.0099  aug=0.0116
  [phase ms/update]  rollout=525  bulk_xfer=0.1  gae=5.9  ppo_xfer=8  ppo_grad=38698  total=39237
  update   470/1525  step  7,700,480  SPS     415  pg=-0.0241  vf=0.0463  ent=1.9745  kl=0.0108  aug=0.0135
  [phase ms/update]  rollout=536  bulk_xfer=0.1  gae=5.9  ppo_xfer=8  ppo_grad=38699  total=39249
  update   480/1525  step  7,864,320  SPS     415  pg=-0.0246  vf=0.0529  ent=1.9611  kl=0.0104  aug=0.0138
  [phase ms/update]  rollout=536  bulk_xfer=0.1  gae=5.8  ppo_xfer=8  ppo_grad=38694  total=39243

[eval] step 8,011,776...
  train=28.53±19.94  test=32.19±21.91  gap=-3.66
[checkpoint] Saved step 8,011,776 → checkpoints/starpilot/starpilot__impala__seed1__20260522_193659/step_8011776.pt  (latest.pt updated)
  update   490/1525  step  8,028,160  SPS     415  pg=-0.0230  vf=0.0494  ent=1.8899  kl=0.0108  aug=0.0146
  [phase ms/update]  rollout=536  bulk_xfer=0.1  gae=6.0  ppo_xfer=8  ppo_grad=38696  total=39246
  update   500/1525  step  8,192,000  SPS     415  pg=-0.0247  vf=0.0561  ent=1.9532  kl=0.0102  aug=0.0137
  [phase ms/update]  rollout=546  bulk_xfer=0.1  gae=6.0  ppo_xfer=8  ppo_grad=38695  total=39255
  update   510/1525  step  8,355,840  SPS     415  pg=-0.0240  vf=0.0581  ent=1.9189  kl=0.0100  aug=0.0143
  [phase ms/update]  rollout=525  bulk_xfer=0.1  gae=6.1  ppo_xfer=8  ppo_grad=38688  total=39226

[eval] step 8,503,296...
  train=35.10±20.08  test=29.79±21.19  gap=5.31
[checkpoint] Saved step 8,503,296 → checkpoints/starpilot/starpilot__impala__seed1__20260522_193659/step_8503296.pt  (latest.pt updated)
  update   520/1525  step  8,519,680  SPS     415  pg=-0.0239  vf=0.0500  ent=1.9109  kl=0.0107  aug=0.0152
  [phase ms/update]  rollout=541  bulk_xfer=0.1  gae=6.0  ppo_xfer=8  ppo_grad=38686  total=39241
  update   530/1525  step  8,683,520  SPS     415  pg=-0.0226  vf=0.0577  ent=1.9198  kl=0.0094  aug=0.0148
  [phase ms/update]  rollout=545  bulk_xfer=0.1  gae=6.0  ppo_xfer=8  ppo_grad=38688  total=39247
  update   540/1525  step  8,847,360  SPS     415  pg=-0.0245  vf=0.0696  ent=1.9280  kl=0.0101  aug=0.0144
  [phase ms/update]  rollout=528  bulk_xfer=0.1  gae=5.8  ppo_xfer=8  ppo_grad=38684  total=39226
  update   550/1525  step  9,011,200  SPS     415  pg=-0.0233  vf=0.0454  ent=1.9252  kl=0.0108  aug=0.0144
  [phase ms/update]  rollout=534  bulk_xfer=0.1  gae=6.0  ppo_xfer=8  ppo_grad=38693  total=39241

[eval] step 9,011,200...
  train=30.46±19.95  test=31.16±21.43  gap=-0.70
[checkpoint] Saved step 9,011,200 → checkpoints/starpilot/starpilot__impala__seed1__20260522_193659/step_9011200.pt  (latest.pt updated)
  update   560/1525  step  9,175,040  SPS     415  pg=-0.0226  vf=0.0515  ent=1.9211  kl=0.0101  aug=0.0150
  [phase ms/update]  rollout=544  bulk_xfer=0.1  gae=6.0  ppo_xfer=8  ppo_grad=38692  total=39250
  update   570/1525  step  9,338,880  SPS     415  pg=-0.0201  vf=0.0522  ent=1.9639  kl=0.0108  aug=0.0136
  [phase ms/update]  rollout=544  bulk_xfer=0.1  gae=6.0  ppo_xfer=8  ppo_grad=38693  total=39251
  update   580/1525  step  9,502,720  SPS     415  pg=-0.0240  vf=0.0535  ent=1.9563  kl=0.0088  aug=0.0141
  [phase ms/update]  rollout=530  bulk_xfer=0.1  gae=6.0  ppo_xfer=8  ppo_grad=38699  total=39243

[eval] step 9,502,720...
  train=31.76±21.13  test=28.76±21.70  gap=3.00
[checkpoint] Saved step 9,502,720 → checkpoints/starpilot/starpilot__impala__seed1__20260522_193659/step_9502720.pt  (latest.pt updated)
  update   590/1525  step  9,666,560  SPS     415  pg=-0.0225  vf=0.0508  ent=1.8843  kl=0.0105  aug=0.0155
  [phase ms/update]  rollout=533  bulk_xfer=0.1  gae=5.9  ppo_xfer=8  ppo_grad=38694  total=39241
  update   600/1525  step  9,830,400  SPS     415  pg=-0.0228  vf=0.0549  ent=1.9030  kl=0.0099  aug=0.0140
  [phase ms/update]  rollout=536  bulk_xfer=0.1  gae=5.9  ppo_xfer=8  ppo_grad=38692  total=39242
  update   610/1525  step  9,994,240  SPS     415  pg=-0.0224  vf=0.0562  ent=1.9317  kl=0.0099  aug=0.0134
  [phase ms/update]  rollout=543  bulk_xfer=0.1  gae=6.0  ppo_xfer=8  ppo_grad=38697  total=39254

[eval] step 10,010,624...
  train=31.39±20.38  test=34.39±23.60  gap=-3.00
[checkpoint] Saved step 10,010,624 → checkpoints/starpilot/starpilot__impala__seed1__20260522_193659/step_10010624.pt  (latest.pt updated)
  update   620/1525  step 10,158,080  SPS     415  pg=-0.0233  vf=0.0535  ent=1.8866  kl=0.0105  aug=0.0148
  [phase ms/update]  rollout=534  bulk_xfer=0.1  gae=6.0  ppo_xfer=8  ppo_grad=38693  total=39241
  update   630/1525  step 10,321,920  SPS     415  pg=-0.0243  vf=0.0483  ent=1.9152  kl=0.0102  aug=0.0142
  [phase ms/update]  rollout=535  bulk_xfer=0.1  gae=5.9  ppo_xfer=8  ppo_grad=38697  total=39246
  update   640/1525  step 10,485,760  SPS     415  pg=-0.0230  vf=0.0527  ent=1.8814  kl=0.0118  aug=0.0157
  [phase ms/update]  rollout=529  bulk_xfer=0.1  gae=5.9  ppo_xfer=8  ppo_grad=38702  total=39244

[eval] step 10,502,144...
  train=32.94±21.48  test=35.98±22.23  gap=-3.04
[checkpoint] Saved step 10,502,144 → checkpoints/starpilot/starpilot__impala__seed1__20260522_193659/step_10502144.pt  (latest.pt updated)
  update   650/1525  step 10,649,600  SPS     415  pg=-0.0248  vf=0.0471  ent=1.8690  kl=0.0105  aug=0.0158
  [phase ms/update]  rollout=534  bulk_xfer=0.1  gae=5.9  ppo_xfer=8  ppo_grad=38697  total=39245
  update   660/1525  step 10,813,440  SPS     415  pg=-0.0204  vf=0.0479  ent=1.8826  kl=0.0101  aug=0.0151
  [phase ms/update]  rollout=534  bulk_xfer=0.1  gae=6.0  ppo_xfer=8  ppo_grad=38703  total=39251
  update   670/1525  step 10,977,280  SPS     415  pg=-0.0238  vf=0.0408  ent=1.9143  kl=0.0114  aug=0.0151
  [phase ms/update]  rollout=537  bulk_xfer=0.1  gae=5.9  ppo_xfer=8  ppo_grad=38694  total=39245

[eval] step 11,010,048...
  train=36.69±20.36  test=34.28±21.79  gap=2.41
[checkpoint] Saved step 11,010,048 → checkpoints/starpilot/starpilot__impala__seed1__20260522_193659/step_11010048.pt  (latest.pt updated)
  update   680/1525  step 11,141,120  SPS     415  pg=-0.0241  vf=0.0405  ent=1.9025  kl=0.0101  aug=0.0148
  [phase ms/update]  rollout=526  bulk_xfer=0.1  gae=5.9  ppo_xfer=8  ppo_grad=38696  total=39236
  update   690/1525  step 11,304,960  SPS     415  pg=-0.0227  vf=0.0528  ent=2.0131  kl=0.0088  aug=0.0121
  [phase ms/update]  rollout=530  bulk_xfer=0.1  gae=5.9  ppo_xfer=8  ppo_grad=38698  total=39242
  update   700/1525  step 11,468,800  SPS     415  pg=-0.0234  vf=0.0495  ent=1.9195  kl=0.0100  aug=0.0151
  [phase ms/update]  rollout=534  bulk_xfer=0.1  gae=6.0  ppo_xfer=8  ppo_grad=38693  total=39241

[eval] step 11,501,568...
  train=27.48±19.71  test=30.40±21.53  gap=-2.92
[checkpoint] Saved step 11,501,568 → checkpoints/starpilot/starpilot__impala__seed1__20260522_193659/step_11501568.pt  (latest.pt updated)
  update   710/1525  step 11,632,640  SPS     415  pg=-0.0239  vf=0.0468  ent=1.9191  kl=0.0103  aug=0.0151
  [phase ms/update]  rollout=539  bulk_xfer=0.1  gae=6.0  ppo_xfer=8  ppo_grad=38694  total=39247
  update   720/1525  step 11,796,480  SPS     415  pg=-0.0240  vf=0.0485  ent=1.9273  kl=0.0108  aug=0.0151
  [phase ms/update]  rollout=523  bulk_xfer=0.1  gae=6.0  ppo_xfer=8  ppo_grad=38702  total=39240
  update   730/1525  step 11,960,320  SPS     415  pg=-0.0196  vf=0.0475  ent=1.9976  kl=0.0093  aug=0.0131
  [phase ms/update]  rollout=525  bulk_xfer=0.1  gae=6.6  ppo_xfer=8  ppo_grad=38696  total=39235

[eval] step 12,009,472...
  train=29.20±19.70  test=28.33±21.16  gap=0.87
[checkpoint] Saved step 12,009,472 → checkpoints/starpilot/starpilot__impala__seed1__20260522_193659/step_12009472.pt  (latest.pt updated)
  update   740/1525  step 12,124,160  SPS     415  pg=-0.0236  vf=0.0429  ent=1.9411  kl=0.0104  aug=0.0150
  [phase ms/update]  rollout=528  bulk_xfer=0.1  gae=5.9  ppo_xfer=8  ppo_grad=38689  total=39231
  update   750/1525  step 12,288,000  SPS     415  pg=-0.0248  vf=0.0531  ent=1.9032  kl=0.0101  aug=0.0152
  [phase ms/update]  rollout=532  bulk_xfer=0.1  gae=6.0  ppo_xfer=8  ppo_grad=38683  total=39230
  update   760/1525  step 12,451,840  SPS     415  pg=-0.0230  vf=0.0503  ent=1.9462  kl=0.0092  aug=0.0136
  [phase ms/update]  rollout=525  bulk_xfer=0.1  gae=5.9  ppo_xfer=8  ppo_grad=38682  total=39221

[eval] step 12,500,992...
  train=30.36±20.63  test=31.58±21.91  gap=-1.22
[checkpoint] Saved step 12,500,992 → checkpoints/starpilot/starpilot__impala__seed1__20260522_193659/step_12500992.pt  (latest.pt updated)
  update   770/1525  step 12,615,680  SPS     415  pg=-0.0243  vf=0.0533  ent=1.9685  kl=0.0101  aug=0.0140
  [phase ms/update]  rollout=529  bulk_xfer=0.1  gae=6.0  ppo_xfer=8  ppo_grad=38688  total=39231
  update   780/1525  step 12,779,520  SPS     415  pg=-0.0266  vf=0.0348  ent=1.9939  kl=0.0100  aug=0.0143
  [phase ms/update]  rollout=537  bulk_xfer=0.1  gae=6.0  ppo_xfer=8  ppo_grad=38694  total=39245
  update   790/1525  step 12,943,360  SPS     415  pg=-0.0265  vf=0.0447  ent=1.9510  kl=0.0102  aug=0.0151
  [phase ms/update]  rollout=539  bulk_xfer=0.1  gae=6.0  ppo_xfer=8  ppo_grad=38685  total=39238

[eval] step 13,008,896...
  train=29.56±19.70  test=30.73±21.47  gap=-1.17
[checkpoint] Saved step 13,008,896 → checkpoints/starpilot/starpilot__impala__seed1__20260522_193659/step_13008896.pt  (latest.pt updated)
  update   800/1525  step 13,107,200  SPS     415  pg=-0.0222  vf=0.0428  ent=1.9145  kl=0.0121  aug=0.0170
  [phase ms/update]  rollout=533  bulk_xfer=0.1  gae=5.9  ppo_xfer=8  ppo_grad=38686  total=39232
  update   810/1525  step 13,271,040  SPS     415  pg=-0.0250  vf=0.0420  ent=1.9077  kl=0.0113  aug=0.0161
  [phase ms/update]  rollout=546  bulk_xfer=0.1  gae=6.0  ppo_xfer=8  ppo_grad=38701  total=39262
  update   820/1525  step 13,434,880  SPS     415  pg=-0.0228  vf=0.0428  ent=1.9206  kl=0.0116  aug=0.0166
  [phase ms/update]  rollout=548  bulk_xfer=0.1  gae=6.0  ppo_xfer=8  ppo_grad=38696  total=39258

[eval] step 13,500,416...
  train=30.53±20.65  test=32.68±22.44  gap=-2.15
[checkpoint] Saved step 13,500,416 → checkpoints/starpilot/starpilot__impala__seed1__20260522_193659/step_13500416.pt  (latest.pt updated)
  update   830/1525  step 13,598,720  SPS     415  pg=-0.0240  vf=0.0427  ent=1.9261  kl=0.0105  aug=0.0168
  [phase ms/update]  rollout=543  bulk_xfer=0.1  gae=6.0  ppo_xfer=8  ppo_grad=38692  total=39249
  update   840/1525  step 13,762,560  SPS     415  pg=-0.0213  vf=0.0415  ent=1.9448  kl=0.0110  aug=0.0166
  [phase ms/update]  rollout=534  bulk_xfer=0.1  gae=6.0  ppo_xfer=8  ppo_grad=38701  total=39249
  update   850/1525  step 13,926,400  SPS     415  pg=-0.0237  vf=0.0410  ent=1.9930  kl=0.0101  aug=0.0161
  [phase ms/update]  rollout=525  bulk_xfer=0.1  gae=5.9  ppo_xfer=8  ppo_grad=38694  total=39233

[eval] step 14,008,320...
  train=33.01±20.83  test=36.12±22.24  gap=-3.11
[checkpoint] Saved step 14,008,320 → checkpoints/starpilot/starpilot__impala__seed1__20260522_193659/step_14008320.pt  (latest.pt updated)
  update   860/1525  step 14,090,240  SPS     415  pg=-0.0241  vf=0.0411  ent=1.8913  kl=0.0107  aug=0.0179
  [phase ms/update]  rollout=541  bulk_xfer=0.1  gae=6.0  ppo_xfer=8  ppo_grad=38696  total=39252
  update   870/1525  step 14,254,080  SPS     415  pg=-0.0243  vf=0.0468  ent=1.9738  kl=0.0117  aug=0.0158
  [phase ms/update]  rollout=542  bulk_xfer=0.1  gae=6.0  ppo_xfer=8  ppo_grad=38697  total=39253
  update   880/1525  step 14,417,920  SPS     415  pg=-0.0247  vf=0.0496  ent=1.9389  kl=0.0102  aug=0.0163
  [phase ms/update]  rollout=526  bulk_xfer=0.1  gae=5.9  ppo_xfer=8  ppo_grad=38693  total=39233

[eval] step 14,516,224...
  train=33.75±21.92  test=29.99±21.93  gap=3.76
[checkpoint] Saved step 14,516,224 → checkpoints/starpilot/starpilot__impala__seed1__20260522_193659/step_14516224.pt  (latest.pt updated)
  update   890/1525  step 14,581,760  SPS     415  pg=-0.0246  vf=0.0576  ent=1.9593  kl=0.0111  aug=0.0155
  [phase ms/update]  rollout=528  bulk_xfer=0.1  gae=5.9  ppo_xfer=8  ppo_grad=38687  total=39230
  update   900/1525  step 14,745,600  SPS     415  pg=-0.0247  vf=0.0470  ent=1.9959  kl=0.0101  aug=0.0150
  [phase ms/update]  rollout=529  bulk_xfer=0.1  gae=5.9  ppo_xfer=8  ppo_grad=38692  total=39235
  update   910/1525  step 14,909,440  SPS     415  pg=-0.0246  vf=0.0436  ent=2.0089  kl=0.0105  aug=0.0149
  [phase ms/update]  rollout=537  bulk_xfer=0.1  gae=5.9  ppo_xfer=8  ppo_grad=38700  total=39251

[eval] step 15,007,744...
  train=30.18±20.85  test=30.88±20.96  gap=-0.70
[checkpoint] Saved step 15,007,744 → checkpoints/starpilot/starpilot__impala__seed1__20260522_193659/step_15007744.pt  (latest.pt updated)
  update   920/1525  step 15,073,280  SPS     415  pg=-0.0246  vf=0.0409  ent=1.9833  kl=0.0108  aug=0.0157
  [phase ms/update]  rollout=541  bulk_xfer=0.1  gae=6.0  ppo_xfer=8  ppo_grad=38710  total=39265
  update   930/1525  step 15,237,120  SPS     415  pg=-0.0215  vf=0.0413  ent=1.9986  kl=0.0104  aug=0.0142
  [phase ms/update]  rollout=539  bulk_xfer=0.1  gae=6.0  ppo_xfer=8  ppo_grad=38701  total=39254
  update   940/1525  step 15,400,960  SPS     415  pg=-0.0268  vf=0.0432  ent=1.9376  kl=0.0109  aug=0.0166
  [phase ms/update]  rollout=536  bulk_xfer=0.1  gae=5.9  ppo_xfer=8  ppo_grad=38706  total=39256

[eval] step 15,515,648...
  train=33.26±20.82  test=30.48±21.71  gap=2.78
[checkpoint] Saved step 15,515,648 → checkpoints/starpilot/starpilot__impala__seed1__20260522_193659/step_15515648.pt  (latest.pt updated)
  update   950/1525  step 15,564,800  SPS     415  pg=-0.0246  vf=0.0431  ent=1.9692  kl=0.0114  aug=0.0156
  [phase ms/update]  rollout=541  bulk_xfer=0.1  gae=5.9  ppo_xfer=8  ppo_grad=38697  total=39252
  update   960/1525  step 15,728,640  SPS     415  pg=-0.0249  vf=0.0367  ent=1.9046  kl=0.0112  aug=0.0188
  [phase ms/update]  rollout=528  bulk_xfer=0.1  gae=5.9  ppo_xfer=8  ppo_grad=38693  total=39236
  update   970/1525  step 15,892,480  SPS     415  pg=-0.0256  vf=0.0418  ent=1.9318  kl=0.0109  aug=0.0173
  [phase ms/update]  rollout=528  bulk_xfer=0.1  gae=5.9  ppo_xfer=8  ppo_grad=38700  total=39242

[eval] step 16,007,168...
  train=31.78±21.28  test=27.23±20.92  gap=4.55
[checkpoint] Saved step 16,007,168 → checkpoints/starpilot/starpilot__impala__seed1__20260522_193659/step_16007168.pt  (latest.pt updated)
  update   980/1525  step 16,056,320  SPS     415  pg=-0.0248  vf=0.0440  ent=1.9476  kl=0.0100  aug=0.0166
  [phase ms/update]  rollout=544  bulk_xfer=0.1  gae=6.0  ppo_xfer=8  ppo_grad=38694  total=39252
  update   990/1525  step 16,220,160  SPS     415  pg=-0.0244  vf=0.0410  ent=1.9066  kl=0.0110  aug=0.0183
  [phase ms/update]  rollout=536  bulk_xfer=0.1  gae=5.9  ppo_xfer=8  ppo_grad=38695  total=39245
  update  1000/1525  step 16,384,000  SPS     415  pg=-0.0257  vf=0.0416  ent=1.9403  kl=0.0096  aug=0.0170
  [phase ms/update]  rollout=531  bulk_xfer=0.1  gae=5.9  ppo_xfer=8  ppo_grad=38695  total=39240

[eval] step 16,515,072...
  train=32.99±20.98  test=28.35±19.57  gap=4.64
[checkpoint] Saved step 16,515,072 → checkpoints/starpilot/starpilot__impala__seed1__20260522_193659/step_16515072.pt  (latest.pt updated)
  update  1010/1525  step 16,547,840  SPS     415  pg=-0.0241  vf=0.0441  ent=1.9955  kl=0.0093  aug=0.0155
  [phase ms/update]  rollout=534  bulk_xfer=0.1  gae=5.9  ppo_xfer=8  ppo_grad=38692  total=39240
  update  1020/1525  step 16,711,680  SPS     415  pg=-0.0235  vf=0.0481  ent=1.9654  kl=0.0106  aug=0.0159
  [phase ms/update]  rollout=526  bulk_xfer=0.1  gae=5.9  ppo_xfer=8  ppo_grad=38695  total=39235
  update  1030/1525  step 16,875,520  SPS     415  pg=-0.0248  vf=0.0369  ent=2.0064  kl=0.0095  aug=0.0155
  [phase ms/update]  rollout=542  bulk_xfer=0.1  gae=6.0  ppo_xfer=8  ppo_grad=38695  total=39251

[eval] step 17,006,592...
  train=28.43±19.69  test=30.34±21.23  gap=-1.91
[checkpoint] Saved step 17,006,592 → checkpoints/starpilot/starpilot__impala__seed1__20260522_193659/step_17006592.pt  (latest.pt updated)
  update  1040/1525  step 17,039,360  SPS     415  pg=-0.0255  vf=0.0343  ent=1.9838  kl=0.0096  aug=0.0161
  [phase ms/update]  rollout=550  bulk_xfer=0.1  gae=6.0  ppo_xfer=8  ppo_grad=38691  total=39255
  update  1050/1525  step 17,203,200  SPS     415  pg=-0.0246  vf=0.0404  ent=2.0266  kl=0.0098  aug=0.0155
  [phase ms/update]  rollout=535  bulk_xfer=0.1  gae=5.9  ppo_xfer=8  ppo_grad=38690  total=39239
  update  1060/1525  step 17,367,040  SPS     415  pg=-0.0237  vf=0.0391  ent=2.0094  kl=0.0100  aug=0.0162
  [phase ms/update]  rollout=538  bulk_xfer=0.1  gae=6.0  ppo_xfer=8  ppo_grad=38698  total=39250

[eval] step 17,514,496...
  train=34.66±21.32  test=30.37±20.22  gap=4.29
[checkpoint] Saved step 17,514,496 → checkpoints/starpilot/starpilot__impala__seed1__20260522_193659/step_17514496.pt  (latest.pt updated)
  update  1070/1525  step 17,530,880  SPS     415  pg=-0.0247  vf=0.0365  ent=1.9954  kl=0.0102  aug=0.0174
  [phase ms/update]  rollout=541  bulk_xfer=0.1  gae=5.9  ppo_xfer=8  ppo_grad=38700  total=39255
  update  1080/1525  step 17,694,720  SPS     415  pg=-0.0245  vf=0.0460  ent=1.9542  kl=0.0122  aug=0.0182
  [phase ms/update]  rollout=533  bulk_xfer=0.1  gae=5.9  ppo_xfer=8  ppo_grad=38695  total=39241
  update  1090/1525  step 17,858,560  SPS     415  pg=-0.0243  vf=0.0347  ent=1.9978  kl=0.0102  aug=0.0170
  [phase ms/update]  rollout=532  bulk_xfer=0.1  gae=5.9  ppo_xfer=8  ppo_grad=38699  total=39244

[eval] step 18,006,016...
  train=35.36±19.85  test=33.18±20.27  gap=2.18
[checkpoint] Saved step 18,006,016 → checkpoints/starpilot/starpilot__impala__seed1__20260522_193659/step_18006016.pt  (latest.pt updated)
  update  1100/1525  step 18,022,400  SPS     415  pg=-0.0243  vf=0.0400  ent=1.9977  kl=0.0100  aug=0.0159
  [phase ms/update]  rollout=529  bulk_xfer=0.1  gae=5.9  ppo_xfer=8  ppo_grad=38705  total=39248
  update  1110/1525  step 18,186,240  SPS     415  pg=-0.0244  vf=0.0447  ent=2.0117  kl=0.0101  aug=0.0160
  [phase ms/update]  rollout=539  bulk_xfer=0.1  gae=6.0  ppo_xfer=8  ppo_grad=38705  total=39258
  update  1120/1525  step 18,350,080  SPS     415  pg=-0.0262  vf=0.0436  ent=1.9608  kl=0.0108  aug=0.0177
  [phase ms/update]  rollout=534  bulk_xfer=0.1  gae=6.0  ppo_xfer=8  ppo_grad=38707  total=39254
  update  1130/1525  step 18,513,920  SPS     415  pg=-0.0252  vf=0.0439  ent=1.9337  kl=0.0121  aug=0.0192
  [phase ms/update]  rollout=537  bulk_xfer=0.1  gae=6.0  ppo_xfer=8  ppo_grad=38706  total=39257

[eval] step 18,513,920...
  train=35.11±21.56  test=30.84±21.84  gap=4.27
[checkpoint] Saved step 18,513,920 → checkpoints/starpilot/starpilot__impala__seed1__20260522_193659/step_18513920.pt  (latest.pt updated)
  update  1140/1525  step 18,677,760  SPS     415  pg=-0.0257  vf=0.0434  ent=1.9482  kl=0.0109  aug=0.0182
  [phase ms/update]  rollout=526  bulk_xfer=0.1  gae=5.9  ppo_xfer=8  ppo_grad=38696  total=39235
  update  1150/1525  step 18,841,600  SPS     415  pg=-0.0243  vf=0.0445  ent=1.9680  kl=0.0103  aug=0.0168
  [phase ms/update]  rollout=533  bulk_xfer=0.1  gae=5.9  ppo_xfer=8  ppo_grad=38691  total=39238
  update  1160/1525  step 19,005,440  SPS     415  pg=-0.0244  vf=0.0436  ent=1.9237  kl=0.0106  aug=0.0178
  [phase ms/update]  rollout=529  bulk_xfer=0.1  gae=5.9  ppo_xfer=8  ppo_grad=38693  total=39236

[eval] step 19,005,440...
  train=32.13±22.07  test=27.94±19.41  gap=4.19
[checkpoint] Saved step 19,005,440 → checkpoints/starpilot/starpilot__impala__seed1__20260522_193659/step_19005440.pt  (latest.pt updated)
  update  1170/1525  step 19,169,280  SPS     415  pg=-0.0234  vf=0.0466  ent=1.9486  kl=0.0108  aug=0.0159
  [phase ms/update]  rollout=535  bulk_xfer=0.1  gae=6.0  ppo_xfer=8  ppo_grad=38701  total=39250
  update  1180/1525  step 19,333,120  SPS     415  pg=-0.0256  vf=0.0368  ent=1.9432  kl=0.0095  aug=0.0167
  [phase ms/update]  rollout=528  bulk_xfer=0.1  gae=5.9  ppo_xfer=8  ppo_grad=38698  total=39241
  update  1190/1525  step 19,496,960  SPS     415  pg=-0.0253  vf=0.0455  ent=1.9004  kl=0.0106  aug=0.0185
  [phase ms/update]  rollout=538  bulk_xfer=0.1  gae=6.0  ppo_xfer=8  ppo_grad=38702  total=39254

[eval] step 19,513,344...
  train=34.56±23.02  test=33.73±21.58  gap=0.83
[checkpoint] Saved step 19,513,344 → checkpoints/starpilot/starpilot__impala__seed1__20260522_193659/step_19513344.pt  (latest.pt updated)
  update  1200/1525  step 19,660,800  SPS     415  pg=-0.0257  vf=0.0305  ent=1.9169  kl=0.0097  aug=0.0183
  [phase ms/update]  rollout=534  bulk_xfer=0.1  gae=5.9  ppo_xfer=8  ppo_grad=38703  total=39250
  update  1210/1525  step 19,824,640  SPS     415  pg=-0.0234  vf=0.0511  ent=1.9236  kl=0.0108  aug=0.0174
  [phase ms/update]  rollout=530  bulk_xfer=0.1  gae=5.9  ppo_xfer=8  ppo_grad=38704  total=39248
  update  1220/1525  step 19,988,480  SPS     415  pg=-0.0239  vf=0.0477  ent=1.8957  kl=0.0110  aug=0.0191
  [phase ms/update]  rollout=539  bulk_xfer=0.1  gae=6.0  ppo_xfer=8  ppo_grad=38699  total=39252

[eval] step 20,004,864...
  train=35.94±23.07  test=35.11±22.44  gap=0.83
[checkpoint] Saved step 20,004,864 → checkpoints/starpilot/starpilot__impala__seed1__20260522_193659/step_20004864.pt  (latest.pt updated)
  update  1230/1525  step 20,152,320  SPS     415  pg=-0.0254  vf=0.0479  ent=1.9318  kl=0.0093  aug=0.0186
  [phase ms/update]  rollout=533  bulk_xfer=0.1  gae=5.8  ppo_xfer=8  ppo_grad=38698  total=39245
  update  1240/1525  step 20,316,160  SPS     415  pg=-0.0228  vf=0.0458  ent=1.9027  kl=0.0121  aug=0.0195
  [phase ms/update]  rollout=533  bulk_xfer=0.1  gae=5.9  ppo_xfer=8  ppo_grad=38699  total=39246
  update  1250/1525  step 20,480,000  SPS     415  pg=-0.0233  vf=0.0515  ent=1.9263  kl=0.0114  aug=0.0186
  [phase ms/update]  rollout=530  bulk_xfer=0.1  gae=6.0  ppo_xfer=8  ppo_grad=38705  total=39249

[eval] step 20,512,768...
  train=31.87±20.39  test=31.22±20.33  gap=0.65
[checkpoint] Saved step 20,512,768 → checkpoints/starpilot/starpilot__impala__seed1__20260522_193659/step_20512768.pt  (latest.pt updated)
  update  1260/1525  step 20,643,840  SPS     415  pg=-0.0237  vf=0.0528  ent=1.9649  kl=0.0108  aug=0.0181
  [phase ms/update]  rollout=534  bulk_xfer=0.1  gae=6.0  ppo_xfer=8  ppo_grad=38699  total=39247
  update  1270/1525  step 20,807,680  SPS     415  pg=-0.0249  vf=0.0467  ent=1.9117  kl=0.0106  aug=0.0195
  [phase ms/update]  rollout=538  bulk_xfer=0.1  gae=6.0  ppo_xfer=8  ppo_grad=38705  total=39257
  update  1280/1525  step 20,971,520  SPS     415  pg=-0.0254  vf=0.0464  ent=1.9229  kl=0.0110  aug=0.0190
  [phase ms/update]  rollout=528  bulk_xfer=0.1  gae=5.9  ppo_xfer=8  ppo_grad=38703  total=39245

[eval] step 21,004,288...
  train=34.97±22.07  test=37.41±20.59  gap=-2.44
[checkpoint] Saved step 21,004,288 → checkpoints/starpilot/starpilot__impala__seed1__20260522_193659/step_21004288.pt  (latest.pt updated)
  update  1290/1525  step 21,135,360  SPS     415  pg=-0.0247  vf=0.0468  ent=1.9187  kl=0.0101  aug=0.0188
  [phase ms/update]  rollout=538  bulk_xfer=0.1  gae=6.0  ppo_xfer=8  ppo_grad=38702  total=39255
  update  1300/1525  step 21,299,200  SPS     415  pg=-0.0245  vf=0.0464  ent=1.9253  kl=0.0107  aug=0.0179
  [phase ms/update]  rollout=534  bulk_xfer=0.1  gae=5.8  ppo_xfer=8  ppo_grad=38704  total=39252
  update  1310/1525  step 21,463,040  SPS     415  pg=-0.0245  vf=0.0392  ent=1.9878  kl=0.0102  aug=0.0165
  [phase ms/update]  rollout=529  bulk_xfer=0.1  gae=5.9  ppo_xfer=8  ppo_grad=38705  total=39248

[eval] step 21,512,192...
  train=31.34±19.54  test=33.84±21.91  gap=-2.50
[checkpoint] Saved step 21,512,192 → checkpoints/starpilot/starpilot__impala__seed1__20260522_193659/step_21512192.pt  (latest.pt updated)
  update  1320/1525  step 21,626,880  SPS     415  pg=-0.0261  vf=0.0441  ent=2.0321  kl=0.0100  aug=0.0160
  [phase ms/update]  rollout=535  bulk_xfer=0.1  gae=5.9  ppo_xfer=8  ppo_grad=38704  total=39254
  update  1330/1525  step 21,790,720  SPS     415  pg=-0.0253  vf=0.0404  ent=2.0346  kl=0.0091  aug=0.0157
  [phase ms/update]  rollout=544  bulk_xfer=0.1  gae=6.0  ppo_xfer=8  ppo_grad=38701  total=39258
  update  1340/1525  step 21,954,560  SPS     415  pg=-0.0231  vf=0.0373  ent=2.0335  kl=0.0097  aug=0.0157
  [phase ms/update]  rollout=535  bulk_xfer=0.1  gae=5.9  ppo_xfer=8  ppo_grad=38706  total=39255

[eval] step 22,003,712...
  train=32.30±20.17  test=28.42±21.05  gap=3.88
[checkpoint] Saved step 22,003,712 → checkpoints/starpilot/starpilot__impala__seed1__20260522_193659/step_22003712.pt  (latest.pt updated)
  update  1350/1525  step 22,118,400  SPS     415  pg=-0.0245  vf=0.0517  ent=2.0480  kl=0.0102  aug=0.0161
  [phase ms/update]  rollout=534  bulk_xfer=0.1  gae=5.9  ppo_xfer=8  ppo_grad=38703  total=39250
  update  1360/1525  step 22,282,240  SPS     415  pg=-0.0245  vf=0.0437  ent=2.0033  kl=0.0100  aug=0.0170
  [phase ms/update]  rollout=517  bulk_xfer=0.1  gae=5.9  ppo_xfer=8  ppo_grad=38704  total=39235
  update  1370/1525  step 22,446,080  SPS     415  pg=-0.0274  vf=0.0405  ent=1.9762  kl=0.0109  aug=0.0176
  [phase ms/update]  rollout=531  bulk_xfer=0.1  gae=5.9  ppo_xfer=8  ppo_grad=38698  total=39242

[eval] step 22,511,616...
  train=32.81±22.70  test=29.73±21.63  gap=3.08
[checkpoint] Saved step 22,511,616 → checkpoints/starpilot/starpilot__impala__seed1__20260522_193659/step_22511616.pt  (latest.pt updated)
  update  1380/1525  step 22,609,920  SPS     415  pg=-0.0249  vf=0.0482  ent=2.0175  kl=0.0108  aug=0.0154
  [phase ms/update]  rollout=541  bulk_xfer=0.1  gae=6.0  ppo_xfer=8  ppo_grad=38697  total=39252
  update  1390/1525  step 22,773,760  SPS     415  pg=-0.0260  vf=0.0402  ent=1.9747  kl=0.0100  aug=0.0180
  [phase ms/update]  rollout=548  bulk_xfer=0.1  gae=6.0  ppo_xfer=8  ppo_grad=38704  total=39266
  update  1400/1525  step 22,937,600  SPS     415  pg=-0.0255  vf=0.0406  ent=1.9245  kl=0.0105  aug=0.0190
  [phase ms/update]  rollout=523  bulk_xfer=0.1  gae=5.8  ppo_xfer=8  ppo_grad=38708  total=39244

[eval] step 23,003,136...
  train=32.84±21.55  test=30.54±21.71  gap=2.30
[checkpoint] Saved step 23,003,136 → checkpoints/starpilot/starpilot__impala__seed1__20260522_193659/step_23003136.pt  (latest.pt updated)
  update  1410/1525  step 23,101,440  SPS     415  pg=-0.0245  vf=0.0372  ent=1.9901  kl=0.0102  aug=0.0175
  [phase ms/update]  rollout=521  bulk_xfer=0.1  gae=5.9  ppo_xfer=8  ppo_grad=38702  total=39237
  update  1420/1525  step 23,265,280  SPS     415  pg=-0.0250  vf=0.0407  ent=2.0050  kl=0.0101  aug=0.0169
  [phase ms/update]  rollout=525  bulk_xfer=0.1  gae=5.9  ppo_xfer=8  ppo_grad=38708  total=39247
  update  1430/1525  step 23,429,120  SPS     415  pg=-0.0231  vf=0.0454  ent=1.9768  kl=0.0106  aug=0.0175
  [phase ms/update]  rollout=532  bulk_xfer=0.1  gae=5.9  ppo_xfer=8  ppo_grad=38704  total=39250

[eval] step 23,511,040...
  train=33.59±21.30  test=35.30±21.04  gap=-1.71
[checkpoint] Saved step 23,511,040 → checkpoints/starpilot/starpilot__impala__seed1__20260522_193659/step_23511040.pt  (latest.pt updated)
  update  1440/1525  step 23,592,960  SPS     415  pg=-0.0239  vf=0.0404  ent=2.0020  kl=0.0104  aug=0.0179
  [phase ms/update]  rollout=536  bulk_xfer=0.1  gae=6.0  ppo_xfer=8  ppo_grad=38705  total=39254
  update  1450/1525  step 23,756,800  SPS     415  pg=-0.0253  vf=0.0418  ent=1.9986  kl=0.0100  aug=0.0188
  [phase ms/update]  rollout=547  bulk_xfer=0.1  gae=6.1  ppo_xfer=8  ppo_grad=38703  total=39265
  update  1460/1525  step 23,920,640  SPS     415  pg=-0.0275  vf=0.0493  ent=2.0144  kl=0.0098  aug=0.0184
  [phase ms/update]  rollout=529  bulk_xfer=0.1  gae=5.9  ppo_xfer=8  ppo_grad=38698  total=39241

[eval] step 24,002,560...
  train=31.19±21.49  test=32.01±21.15  gap=-0.82
[checkpoint] Saved step 24,002,560 → checkpoints/starpilot/starpilot__impala__seed1__20260522_193659/step_24002560.pt  (latest.pt updated)
  update  1470/1525  step 24,084,480  SPS     415  pg=-0.0243  vf=0.0461  ent=2.0546  kl=0.0087  aug=0.0168
  [phase ms/update]  rollout=529  bulk_xfer=0.1  gae=6.0  ppo_xfer=8  ppo_grad=38707  total=39250
  update  1480/1525  step 24,248,320  SPS     415  pg=-0.0251  vf=0.0351  ent=1.9967  kl=0.0111  aug=0.0175
  [phase ms/update]  rollout=534  bulk_xfer=0.1  gae=6.0  ppo_xfer=8  ppo_grad=38710  total=39258
  update  1490/1525  step 24,412,160  SPS     415  pg=-0.0234  vf=0.0386  ent=1.9977  kl=0.0107  aug=0.0174
  [phase ms/update]  rollout=536  bulk_xfer=0.1  gae=6.0  ppo_xfer=8  ppo_grad=38700  total=39251

[eval] step 24,510,464...
  train=32.24±20.87  test=31.04±21.12  gap=1.20
[checkpoint] Saved step 24,510,464 → checkpoints/starpilot/starpilot__impala__seed1__20260522_193659/step_24510464.pt  (latest.pt updated)
  update  1500/1525  step 24,576,000  SPS     415  pg=-0.0292  vf=0.0328  ent=1.9942  kl=0.0111  aug=0.0187
  [phase ms/update]  rollout=543  bulk_xfer=0.1  gae=6.0  ppo_xfer=8  ppo_grad=38703  total=39260
  update  1510/1525  step 24,739,840  SPS     415  pg=-0.0254  vf=0.0344  ent=1.8980  kl=0.0108  aug=0.0210
  [phase ms/update]  rollout=528  bulk_xfer=0.1  gae=5.9  ppo_xfer=8  ppo_grad=38711  total=39253
  update  1520/1525  step 24,903,680  SPS     415  pg=-0.0247  vf=0.0408  ent=1.9831  kl=0.0104  aug=0.0172
  [phase ms/update]  rollout=527  bulk_xfer=0.1  gae=5.9  ppo_xfer=8  ppo_grad=38713  total=39254
[checkpoint] Saved step 24,985,600 → checkpoints/starpilot/starpilot__impala__seed1__20260522_193659/step_24985600_final.pt  (latest.pt updated)

[done] Training complete.

[final eval]

=================================================================
  starpilot | ucb_drac+uniform | seed=1
  train=37.27  test=35.76  gap=1.51
  expected=[25.0,35.0]  outside range
=================================================================

wandb: updating run metadata
wandb: uploading output.log; uploading wandb-summary.json; uploading config.yaml
wandb: uploading history steps 1524-1524, summary, console lines 519-524
wandb: 
wandb: Run history:
wandb:                            charts/SPS ▁▆▇█████████████████████████████████████
wandb:     charts/episodic_return_normalised ▁▂▃▄▃▅▃▅▄▄▅▃▆▇▄█▅▃▆▅▅▆▄█▇▄▄▄▄▆▅▇▆▆▆█▅▄▆▅
wandb: charts/episodic_return_normalised_std ▆▇▃▃█▄▅▆▅▆▅▅▅▅▅▆▆▅▅▅▆▄▅▃▂▅▆▅▃▄▁▄▄▅▅▅▄▄▅▅
wandb:                  charts/learning_rate ▁▁▁▁▁▁▁▁▁▁▁▁▁▁▁▁▁▁▁▁▁▁▁▁▁▁▁▁▁▁▁▁▁▁▁▁▁▁▁▁
wandb:               eval/generalization_gap ▄▅▃▂▄▂▅▄▅▃▅▅▂▁█▆▂▁▆▂▃▃▂▁▇▆▇▂▇▆▇▅▅▄▂▇▆▆▃▅
wandb:                      eval/test_return ▁▂▂▃▃▅▄▅▅▅▅▅▆▇▆▆▇█▇▆▇▇▇█▆▇▆▆▆▇▆▇█▇█▆▆▇█▇
wandb:                  eval/test_return_std ▁▂▂▃▄▅▅▆▆▆▇▆▆▇▇██▇▇▇▇██▇▇▇▇▇▇▇▆▇█▇▇▇▇▇▇▇
wandb:                     eval/train_return ▁▂▂▂▃▄▅▅▅▅▅▅▆█▇▇▇█▆▆▆▇▇▇▇▇▇▆██▇██▇█▇▇▇▇▇
wandb:                 eval/train_return_std ▁▂▂▂▄▆▅▅▆▆▇▆▆▇▇▇▇▇▇▇▇▇▇█▇▇▇▇▇▇███▇█▇█▇▇▇
wandb:                      losses/approx_kl ▁▄▇▅▇▅▆▆▆█▆▇██▆█▇▇▇▆▇▇▇█▅▆█▇▆▆▇▇▇▇▇▇█▇▇█
wandb:                                   +28 ...
wandb: 
wandb: Run summary:
wandb:                            charts/SPS 414.89653
wandb:     charts/episodic_return_normalised 2.63717
wandb: charts/episodic_return_normalised_std 1.75641
wandb:                  charts/learning_rate 0.0005
wandb:               eval/generalization_gap 1.2
wandb:                      eval/test_return 31.04
wandb:                  eval/test_return_std 21.11725
wandb:                     eval/train_return 32.24
wandb:                 eval/train_return_std 20.87444
wandb:                      losses/approx_kl 0.01141
wandb:                                   +29 ...
wandb: 
wandb: 🚀 View run starpilot__impala__seed1__20260522_193659 at: https://wandb.ai/staanagnostou-/thesis-rl-baselines/runs/sxsp05b0
wandb: ⭐️ View project at: https://wandb.ai/staanagnostou-/thesis-rl-baselines
wandb: Synced 6 W&B file(s), 0 media file(s), 0 artifact file(s) and 0 other file(s)
wandb: Find logs at: ./wandb/run-20260522_193659-sxsp05b0/logs
