[device] GPU detected:   (24.0 GB VRAM)
[device] Backend: NVIDIA CUDA
wandb: [wandb.login()] Loaded credentials for https://api.wandb.ai from WANDB_API_KEY.
wandb: Currently logged in as: stayrosanang (staanagnostou-) to https://api.wandb.ai. Use `wandb login --relogin` to force relogin
wandb: Tracking run with wandb version 0.26.1
wandb: Run data is saved locally in /workspace/wandb/run-20260513_042449-7xejhgkg
wandb: Run `wandb offline` to turn off syncing.
wandb: Syncing run fruitbot__impala__seed2__20260513_042448
wandb: ⭐️ View project at https://wandb.ai/staanagnostou-/thesis-rl-baselines
wandb: 🚀 View run at https://wandb.ai/staanagnostou-/thesis-rl-baselines/runs/7xejhgkg
[wandb] Run ID: 7xejhgkg  tags=['ucb_drac', 'fruitbot', 'seed_2', 'impala']
[env] fruitbot  64 envs  200 levels  mode=easy  backend=auto
[env] obs_space=(64, 64, 3)  num_actions=15
[model] torch.compile applied (mode=reduce-overhead)
[aug] UCB-DrAC  arms=['crop', 'color_jitter', 'grayscale', 'cutout', 'flip', 'rotate', 'random_conv']  ucb_c=0.1
[model] IMPALA-CNN  params=626,256

=================================================================
  Starting PPO  |  env=fruitbot  aug=ucb_drac  lvl=uniform
  total_steps=25,000,000  updates=1,525  device=cuda
=================================================================

Traceback (most recent call last):
  File "/workspace/src/train_ppo.py", line 708, in <module>
    main()
  File "/workspace/src/train_ppo.py", line 524, in main
    aug_loss, selected_aug_name = aug_module.compute_loss_and_select(mb_obs)
                                  ^^^^^^^^^^^^^^^^^^^^^^^^^^^^^^^^^^^^^^^^^^
  File "/workspace/src/ucb_drac.py", line 93, in compute_loss_and_select
    loss = self._arms[arm_idx].compute_loss(obs)
           ^^^^^^^^^^^^^^^^^^^^^^^^^^^^^^^^^^^^^
  File "/workspace/src/drac.py", line 77, in compute_loss
    orig_logits = self.model.policy_head(self.model.encoder(obs_float))
                                         ^^^^^^^^^^^^^^^^^^^^^^^^^^^^^
  File "/usr/local/lib/python3.11/dist-packages/torch/nn/modules/module.py", line 1775, in _wrapped_call_impl
    return self._call_impl(*args, **kwargs)
           ^^^^^^^^^^^^^^^^^^^^^^^^^^^^^^^^
  File "/usr/local/lib/python3.11/dist-packages/torch/nn/modules/module.py", line 1786, in _call_impl
    return forward_call(*args, **kwargs)
           ^^^^^^^^^^^^^^^^^^^^^^^^^^^^^
  File "/workspace/src/networks.py", line 109, in forward
    x = self.blocks(x)
        ^^^^^^^^^^^^^^
  File "/usr/local/lib/python3.11/dist-packages/torch/nn/modules/module.py", line 1775, in _wrapped_call_impl
    return self._call_impl(*args, **kwargs)
           ^^^^^^^^^^^^^^^^^^^^^^^^^^^^^^^^
  File "/usr/local/lib/python3.11/dist-packages/torch/nn/modules/module.py", line 1786, in _call_impl
    return forward_call(*args, **kwargs)
           ^^^^^^^^^^^^^^^^^^^^^^^^^^^^^
  File "/usr/local/lib/python3.11/dist-packages/torch/nn/modules/container.py", line 250, in forward
    input = module(input)
            ^^^^^^^^^^^^^
  File "/usr/local/lib/python3.11/dist-packages/torch/nn/modules/module.py", line 1775, in _wrapped_call_impl
    return self._call_impl(*args, **kwargs)
           ^^^^^^^^^^^^^^^^^^^^^^^^^^^^^^^^
  File "/usr/local/lib/python3.11/dist-packages/torch/nn/modules/module.py", line 1786, in _call_impl
    return forward_call(*args, **kwargs)
           ^^^^^^^^^^^^^^^^^^^^^^^^^^^^^
  File "/workspace/src/networks.py", line 72, in forward
    x = self.conv(x)
        ^^^^^^^^^^^^
  File "/usr/local/lib/python3.11/dist-packages/torch/nn/modules/module.py", line 1775, in _wrapped_call_impl
    return self._call_impl(*args, **kwargs)
           ^^^^^^^^^^^^^^^^^^^^^^^^^^^^^^^^
  File "/usr/local/lib/python3.11/dist-packages/torch/nn/modules/module.py", line 1786, in _call_impl
    return forward_call(*args, **kwargs)
           ^^^^^^^^^^^^^^^^^^^^^^^^^^^^^
  File "/usr/local/lib/python3.11/dist-packages/torch/nn/modules/conv.py", line 548, in forward
    return self._conv_forward(input, self.weight, self.bias)
           ^^^^^^^^^^^^^^^^^^^^^^^^^^^^^^^^^^^^^^^^^^^^^^^^^
  File "/usr/local/lib/python3.11/dist-packages/torch/nn/modules/conv.py", line 543, in _conv_forward
    return F.conv2d(
           ^^^^^^^^^
RuntimeError: Given groups=1, weight of size [16, 3, 3, 3], expected input[2048, 64, 3, 64] to have 3 channels, but got 64 channels instead
[1;34mwandb[0m: 
[1;34mwandb[0m: 🚀 View run [33mfruitbot__impala__seed2__20260513_042448[0m at: [34mhttps://wandb.ai/staanagnostou-/thesis-rl-baselines/runs/7xejhgkg[0m
[1;34mwandb[0m: Find logs at: [1;35mwandb/run-20260513_042449-7xejhgkg/logs[0m
