[device] GPU detected:   (24.0 GB VRAM)
[device] Backend: NVIDIA CUDA
wandb: [wandb.login()] Loaded credentials for https://api.wandb.ai from WANDB_API_KEY.
wandb: Currently logged in as: stayrosanang (staanagnostou-) to https://api.wandb.ai. Use `wandb login --relogin` to force relogin
wandb: setting up run ev00l2hr
wandb: Tracking run with wandb version 0.26.1
wandb: Run data is saved locally in /workspace/wandb/run-20260519_145939-ev00l2hr
wandb: Run `wandb offline` to turn off syncing.
wandb: Syncing run bigfish__impala__seed3__20260519_145939
wandb: ⭐️ View project at https://wandb.ai/staanagnostou-/thesis-rl-baselines
wandb: 🚀 View run at https://wandb.ai/staanagnostou-/thesis-rl-baselines/runs/ev00l2hr
[wandb] Run ID: ev00l2hr  tags=['none', 'bigfish', 'seed_3', 'impala']
[env] bigfish  64 envs  200 levels  mode=easy  backend=auto
[env] obs_space=(64, 64, 3)  num_actions=15
[model] torch.compile applied (mode=reduce-overhead)
[model] IMPALA-CNN  params=626,256

=================================================================
  Starting PPO  |  env=bigfish  aug=none  lvl=uniform
  total_steps=25,000,000  updates=1,525  device=cuda
=================================================================

  update     1/1525  step     16,384  SPS     306  pg=-0.0003  vf=0.4968  ent=2.7079  kl=0.0001
  [phase ms/update]  rollout=1583  bulk_xfer=0.1  gae=6.4  ppo_xfer=47  ppo_grad=51873  total=53510
  update    10/1525  step    163,840  SPS     949  pg=-0.0009  vf=0.0457  ent=2.6873  kl=0.0026
  [phase ms/update]  rollout=501  bulk_xfer=0.1  gae=5.9  ppo_xfer=8  ppo_grad=12726  total=13241
  update    20/1525  step    327,680  SPS   1,074  pg=-0.0061  vf=0.0397  ent=2.6373  kl=0.0042
  [phase ms/update]  rollout=511  bulk_xfer=0.1  gae=6.0  ppo_xfer=8  ppo_grad=12719  total=13243
  update    30/1525  step    491,520  SPS   1,123  pg=-0.0117  vf=0.0366  ent=2.5893  kl=0.0052
  [phase ms/update]  rollout=505  bulk_xfer=0.1  gae=5.9  ppo_xfer=8  ppo_grad=12730  total=13249

[eval] step 507,904...
  train=1.33±1.90  test=0.86±1.22  gap=0.47
[checkpoint] Saved step 507,904 → checkpoints/bigfish/bigfish__impala__seed3__20260519_145939/step_507904.pt  (latest.pt updated)
  update    40/1525  step    655,360  SPS   1,143  pg=-0.0147  vf=0.0474  ent=2.3644  kl=0.0090
  [phase ms/update]  rollout=507  bulk_xfer=0.1  gae=6.0  ppo_xfer=8  ppo_grad=12733  total=13254
  update    50/1525  step    819,200  SPS   1,160  pg=-0.0199  vf=0.0401  ent=2.3405  kl=0.0101
  [phase ms/update]  rollout=508  bulk_xfer=0.1  gae=6.0  ppo_xfer=8  ppo_grad=12728  total=13250
  update    60/1525  step    983,040  SPS   1,172  pg=-0.0218  vf=0.0364  ent=2.3352  kl=0.0092
  [phase ms/update]  rollout=504  bulk_xfer=0.1  gae=5.9  ppo_xfer=8  ppo_grad=12721  total=13239

[eval] step 1,015,808...
  train=1.39±1.61  test=1.17±1.37  gap=0.22
[checkpoint] Saved step 1,015,808 → checkpoints/bigfish/bigfish__impala__seed3__20260519_145939/step_1015808.pt  (latest.pt updated)
  update    70/1525  step  1,146,880  SPS   1,177  pg=-0.0235  vf=0.0317  ent=2.2872  kl=0.0106
  [phase ms/update]  rollout=500  bulk_xfer=0.1  gae=5.9  ppo_xfer=8  ppo_grad=12724  total=13238
  update    80/1525  step  1,310,720  SPS   1,184  pg=-0.0228  vf=0.0385  ent=2.2969  kl=0.0105
  [phase ms/update]  rollout=503  bulk_xfer=0.1  gae=6.0  ppo_xfer=8  ppo_grad=12732  total=13249
  update    90/1525  step  1,474,560  SPS   1,190  pg=-0.0246  vf=0.0274  ent=2.2871  kl=0.0107
  [phase ms/update]  rollout=511  bulk_xfer=0.1  gae=6.0  ppo_xfer=8  ppo_grad=12733  total=13258

[eval] step 1,507,328...
  train=1.86±2.10  test=1.39±1.63  gap=0.47
[checkpoint] Saved step 1,507,328 → checkpoints/bigfish/bigfish__impala__seed3__20260519_145939/step_1507328.pt  (latest.pt updated)
  update   100/1525  step  1,638,400  SPS   1,191  pg=-0.0269  vf=0.0289  ent=2.1644  kl=0.0124
  [phase ms/update]  rollout=500  bulk_xfer=0.1  gae=6.0  ppo_xfer=8  ppo_grad=12733  total=13247
  update   110/1525  step  1,802,240  SPS   1,195  pg=-0.0287  vf=0.0272  ent=2.1986  kl=0.0125
  [phase ms/update]  rollout=504  bulk_xfer=0.1  gae=5.9  ppo_xfer=8  ppo_grad=12732  total=13250
  update   120/1525  step  1,966,080  SPS   1,199  pg=-0.0269  vf=0.0344  ent=2.1957  kl=0.0127
  [phase ms/update]  rollout=500  bulk_xfer=0.1  gae=6.0  ppo_xfer=8  ppo_grad=12735  total=13249

[eval] step 2,015,232...
  train=1.85±2.03  test=1.19±1.78  gap=0.66
[checkpoint] Saved step 2,015,232 → checkpoints/bigfish/bigfish__impala__seed3__20260519_145939/step_2015232.pt  (latest.pt updated)
  update   130/1525  step  2,129,920  SPS   1,199  pg=-0.0275  vf=0.0256  ent=2.0921  kl=0.0141
  [phase ms/update]  rollout=507  bulk_xfer=0.1  gae=6.0  ppo_xfer=8  ppo_grad=12734  total=13255
  update   140/1525  step  2,293,760  SPS   1,202  pg=-0.0299  vf=0.0253  ent=2.0888  kl=0.0136
  [phase ms/update]  rollout=511  bulk_xfer=0.1  gae=5.9  ppo_xfer=8  ppo_grad=12735  total=13261
  update   150/1525  step  2,457,600  SPS   1,204  pg=-0.0330  vf=0.0230  ent=2.0957  kl=0.0133
  [phase ms/update]  rollout=500  bulk_xfer=0.1  gae=5.9  ppo_xfer=8  ppo_grad=12736  total=13250

[eval] step 2,506,752...
  train=2.05±2.02  test=1.45±2.01  gap=0.60
[checkpoint] Saved step 2,506,752 → checkpoints/bigfish/bigfish__impala__seed3__20260519_145939/step_2506752.pt  (latest.pt updated)
  update   160/1525  step  2,621,440  SPS   1,204  pg=-0.0273  vf=0.0258  ent=2.0974  kl=0.0137
  [phase ms/update]  rollout=520  bulk_xfer=0.1  gae=6.0  ppo_xfer=8  ppo_grad=12724  total=13258
  update   170/1525  step  2,785,280  SPS   1,206  pg=-0.0313  vf=0.0243  ent=2.0973  kl=0.0136
  [phase ms/update]  rollout=511  bulk_xfer=0.1  gae=6.0  ppo_xfer=8  ppo_grad=12716  total=13241
  update   180/1525  step  2,949,120  SPS   1,207  pg=-0.0325  vf=0.0245  ent=2.0254  kl=0.0151
  [phase ms/update]  rollout=515  bulk_xfer=0.1  gae=6.0  ppo_xfer=8  ppo_grad=12718  total=13247

[eval] step 3,014,656...
  train=2.36±2.31  test=1.56±2.08  gap=0.80
[checkpoint] Saved step 3,014,656 → checkpoints/bigfish/bigfish__impala__seed3__20260519_145939/step_3014656.pt  (latest.pt updated)
  update   190/1525  step  3,112,960  SPS   1,207  pg=-0.0326  vf=0.0266  ent=2.0351  kl=0.0150
  [phase ms/update]  rollout=507  bulk_xfer=0.1  gae=6.0  ppo_xfer=8  ppo_grad=12717  total=13238
  update   200/1525  step  3,276,800  SPS   1,208  pg=-0.0323  vf=0.0227  ent=2.0234  kl=0.0157
  [phase ms/update]  rollout=518  bulk_xfer=0.1  gae=6.0  ppo_xfer=8  ppo_grad=12721  total=13253
  update   210/1525  step  3,440,640  SPS   1,210  pg=-0.0323  vf=0.0299  ent=1.9312  kl=0.0155
  [phase ms/update]  rollout=524  bulk_xfer=0.1  gae=6.1  ppo_xfer=8  ppo_grad=12719  total=13256

[eval] step 3,506,176...
  train=2.45±2.49  test=1.40±1.98  gap=1.05
[checkpoint] Saved step 3,506,176 → checkpoints/bigfish/bigfish__impala__seed3__20260519_145939/step_3506176.pt  (latest.pt updated)
  update   220/1525  step  3,604,480  SPS   1,210  pg=-0.0301  vf=0.0341  ent=1.9774  kl=0.0142
  [phase ms/update]  rollout=505  bulk_xfer=0.1  gae=6.0  ppo_xfer=8  ppo_grad=12718  total=13237
  update   230/1525  step  3,768,320  SPS   1,211  pg=-0.0309  vf=0.0326  ent=1.9397  kl=0.0168
  [phase ms/update]  rollout=513  bulk_xfer=0.1  gae=6.0  ppo_xfer=8  ppo_grad=12719  total=13246
  update   240/1525  step  3,932,160  SPS   1,212  pg=-0.0306  vf=0.0342  ent=1.9098  kl=0.0151
  [phase ms/update]  rollout=509  bulk_xfer=0.1  gae=5.9  ppo_xfer=8  ppo_grad=12717  total=13240

[eval] step 4,014,080...
  train=2.87±2.91  test=1.92±2.49  gap=0.95
[checkpoint] Saved step 4,014,080 → checkpoints/bigfish/bigfish__impala__seed3__20260519_145939/step_4014080.pt  (latest.pt updated)
  update   250/1525  step  4,096,000  SPS   1,211  pg=-0.0327  vf=0.0265  ent=1.9439  kl=0.0167
  [phase ms/update]  rollout=508  bulk_xfer=0.1  gae=6.0  ppo_xfer=8  ppo_grad=12722  total=13244
  update   260/1525  step  4,259,840  SPS   1,212  pg=-0.0290  vf=0.0329  ent=1.8651  kl=0.0176
  [phase ms/update]  rollout=515  bulk_xfer=0.1  gae=6.0  ppo_xfer=8  ppo_grad=12723  total=13252
  update   270/1525  step  4,423,680  SPS   1,213  pg=-0.0332  vf=0.0267  ent=1.8832  kl=0.0173
  [phase ms/update]  rollout=505  bulk_xfer=0.1  gae=5.9  ppo_xfer=8  ppo_grad=12733  total=13252

[eval] step 4,505,600...
  train=3.11±2.90  test=1.51±1.99  gap=1.60
[checkpoint] Saved step 4,505,600 → checkpoints/bigfish/bigfish__impala__seed3__20260519_145939/step_4505600.pt  (latest.pt updated)
  update   280/1525  step  4,587,520  SPS   1,213  pg=-0.0333  vf=0.0285  ent=1.8744  kl=0.0180
  [phase ms/update]  rollout=509  bulk_xfer=0.1  gae=5.9  ppo_xfer=8  ppo_grad=12733  total=13256
  update   290/1525  step  4,751,360  SPS   1,213  pg=-0.0351  vf=0.0311  ent=1.8398  kl=0.0187
  [phase ms/update]  rollout=515  bulk_xfer=0.1  gae=6.0  ppo_xfer=8  ppo_grad=12724  total=13253
  update   300/1525  step  4,915,200  SPS   1,214  pg=-0.0306  vf=0.0363  ent=1.8309  kl=0.0166
  [phase ms/update]  rollout=509  bulk_xfer=0.1  gae=5.9  ppo_xfer=8  ppo_grad=12716  total=13239

[eval] step 5,013,504...
  train=2.63±2.48  test=1.81±2.30  gap=0.82
[checkpoint] Saved step 5,013,504 → checkpoints/bigfish/bigfish__impala__seed3__20260519_145939/step_5013504.pt  (latest.pt updated)
  update   310/1525  step  5,079,040  SPS   1,214  pg=-0.0371  vf=0.0280  ent=1.8467  kl=0.0196
  [phase ms/update]  rollout=513  bulk_xfer=0.1  gae=6.0  ppo_xfer=8  ppo_grad=12721  total=13248
  update   320/1525  step  5,242,880  SPS   1,214  pg=-0.0305  vf=0.0289  ent=1.7676  kl=0.0196
  [phase ms/update]  rollout=519  bulk_xfer=0.1  gae=6.0  ppo_xfer=8  ppo_grad=12723  total=13256
  update   330/1525  step  5,406,720  SPS   1,215  pg=-0.0286  vf=0.0291  ent=1.7538  kl=0.0195
  [phase ms/update]  rollout=517  bulk_xfer=0.1  gae=6.0  ppo_xfer=8  ppo_grad=12721  total=13252

[eval] step 5,505,024...
  train=3.13±3.36  test=1.93±2.15  gap=1.20
[checkpoint] Saved step 5,505,024 → checkpoints/bigfish/bigfish__impala__seed3__20260519_145939/step_5505024.pt  (latest.pt updated)
  update   340/1525  step  5,570,560  SPS   1,215  pg=-0.0317  vf=0.0255  ent=1.7936  kl=0.0198
  [phase ms/update]  rollout=510  bulk_xfer=0.1  gae=5.9  ppo_xfer=8  ppo_grad=12724  total=13248
  update   350/1525  step  5,734,400  SPS   1,215  pg=-0.0312  vf=0.0331  ent=1.7837  kl=0.0185
  [phase ms/update]  rollout=508  bulk_xfer=0.1  gae=6.0  ppo_xfer=8  ppo_grad=12724  total=13246
  update   360/1525  step  5,898,240  SPS   1,216  pg=-0.0319  vf=0.0300  ent=1.7425  kl=0.0189
  [phase ms/update]  rollout=513  bulk_xfer=0.1  gae=6.0  ppo_xfer=8  ppo_grad=12720  total=13247

[eval] step 6,012,928...
  train=2.70±3.27  test=1.53±2.13  gap=1.17
[checkpoint] Saved step 6,012,928 → checkpoints/bigfish/bigfish__impala__seed3__20260519_145939/step_6012928.pt  (latest.pt updated)
  update   370/1525  step  6,062,080  SPS   1,216  pg=-0.0311  vf=0.0275  ent=1.7927  kl=0.0171
  [phase ms/update]  rollout=503  bulk_xfer=0.1  gae=6.0  ppo_xfer=8  ppo_grad=12721  total=13238
  update   380/1525  step  6,225,920  SPS   1,216  pg=-0.0327  vf=0.0221  ent=1.8484  kl=0.0160
  [phase ms/update]  rollout=512  bulk_xfer=0.1  gae=6.0  ppo_xfer=8  ppo_grad=12725  total=13252
  update   390/1525  step  6,389,760  SPS   1,217  pg=-0.0336  vf=0.0272  ent=1.7481  kl=0.0183
  [phase ms/update]  rollout=506  bulk_xfer=0.1  gae=5.9  ppo_xfer=8  ppo_grad=12721  total=13241

[eval] step 6,504,448...
  train=3.45±4.73  test=2.16±4.34  gap=1.29
[checkpoint] Saved step 6,504,448 → checkpoints/bigfish/bigfish__impala__seed3__20260519_145939/step_6504448.pt  (latest.pt updated)
  update   400/1525  step  6,553,600  SPS   1,216  pg=-0.0375  vf=0.0291  ent=1.7069  kl=0.0212
  [phase ms/update]  rollout=510  bulk_xfer=0.1  gae=6.0  ppo_xfer=8  ppo_grad=12722  total=13246
  update   410/1525  step  6,717,440  SPS   1,217  pg=-0.0311  vf=0.0285  ent=1.7122  kl=0.0195
  [phase ms/update]  rollout=509  bulk_xfer=0.1  gae=6.0  ppo_xfer=8  ppo_grad=12733  total=13256
  update   420/1525  step  6,881,280  SPS   1,217  pg=-0.0305  vf=0.0300  ent=1.7653  kl=0.0196
  [phase ms/update]  rollout=507  bulk_xfer=0.1  gae=6.0  ppo_xfer=8  ppo_grad=12731  total=13252

[eval] step 7,012,352...
  train=3.06±3.23  test=2.15±2.41  gap=0.91
[checkpoint] Saved step 7,012,352 → checkpoints/bigfish/bigfish__impala__seed3__20260519_145939/step_7012352.pt  (latest.pt updated)
  update   430/1525  step  7,045,120  SPS   1,217  pg=-0.0348  vf=0.0280  ent=1.7561  kl=0.0194
  [phase ms/update]  rollout=503  bulk_xfer=0.1  gae=5.9  ppo_xfer=8  ppo_grad=12732  total=13249
  update   440/1525  step  7,208,960  SPS   1,217  pg=-0.0327  vf=0.0290  ent=1.7062  kl=0.0195
  [phase ms/update]  rollout=498  bulk_xfer=0.1  gae=5.9  ppo_xfer=8  ppo_grad=12721  total=13233
  update   450/1525  step  7,372,800  SPS   1,218  pg=-0.0364  vf=0.0290  ent=1.8270  kl=0.0199
  [phase ms/update]  rollout=498  bulk_xfer=0.1  gae=5.9  ppo_xfer=8  ppo_grad=12720  total=13231

[eval] step 7,503,872...
  train=3.39±3.69  test=1.97±2.86  gap=1.42
[checkpoint] Saved step 7,503,872 → checkpoints/bigfish/bigfish__impala__seed3__20260519_145939/step_7503872.pt  (latest.pt updated)
  update   460/1525  step  7,536,640  SPS   1,217  pg=-0.0332  vf=0.0283  ent=1.7801  kl=0.0194
  [phase ms/update]  rollout=500  bulk_xfer=0.1  gae=5.9  ppo_xfer=8  ppo_grad=12723  total=13237
  update   470/1525  step  7,700,480  SPS   1,218  pg=-0.0341  vf=0.0302  ent=1.7984  kl=0.0201
  [phase ms/update]  rollout=517  bulk_xfer=0.1  gae=6.1  ppo_xfer=8  ppo_grad=12732  total=13263
  update   480/1525  step  7,864,320  SPS   1,218  pg=-0.0344  vf=0.0296  ent=1.7261  kl=0.0191
  [phase ms/update]  rollout=496  bulk_xfer=0.1  gae=5.9  ppo_xfer=8  ppo_grad=12721  total=13231

[eval] step 8,011,776...
  train=3.24±3.72  test=1.79±2.48  gap=1.45
[checkpoint] Saved step 8,011,776 → checkpoints/bigfish/bigfish__impala__seed3__20260519_145939/step_8011776.pt  (latest.pt updated)
  update   490/1525  step  8,028,160  SPS   1,218  pg=-0.0348  vf=0.0312  ent=1.7376  kl=0.0207
  [phase ms/update]  rollout=509  bulk_xfer=0.1  gae=5.9  ppo_xfer=8  ppo_grad=12723  total=13247
  update   500/1525  step  8,192,000  SPS   1,218  pg=-0.0333  vf=0.0288  ent=1.7271  kl=0.0210
  [phase ms/update]  rollout=500  bulk_xfer=0.1  gae=5.9  ppo_xfer=8  ppo_grad=12719  total=13233
  update   510/1525  step  8,355,840  SPS   1,218  pg=-0.0329  vf=0.0300  ent=1.6155  kl=0.0220
  [phase ms/update]  rollout=502  bulk_xfer=0.1  gae=5.8  ppo_xfer=8  ppo_grad=12719  total=13235

[eval] step 8,503,296...
  train=3.40±4.08  test=1.63±2.20  gap=1.77
[checkpoint] Saved step 8,503,296 → checkpoints/bigfish/bigfish__impala__seed3__20260519_145939/step_8503296.pt  (latest.pt updated)
  update   520/1525  step  8,519,680  SPS   1,218  pg=-0.0303  vf=0.0292  ent=1.6642  kl=0.0207
  [phase ms/update]  rollout=502  bulk_xfer=0.1  gae=5.9  ppo_xfer=8  ppo_grad=12726  total=13242
  update   530/1525  step  8,683,520  SPS   1,218  pg=-0.0309  vf=0.0275  ent=1.6567  kl=0.0207
  [phase ms/update]  rollout=499  bulk_xfer=0.1  gae=5.8  ppo_xfer=8  ppo_grad=12725  total=13237
  update   540/1525  step  8,847,360  SPS   1,219  pg=-0.0309  vf=0.0246  ent=1.6010  kl=0.0210
  [phase ms/update]  rollout=499  bulk_xfer=0.1  gae=5.9  ppo_xfer=8  ppo_grad=12722  total=13235
  update   550/1525  step  9,011,200  SPS   1,219  pg=-0.0363  vf=0.0238  ent=1.7324  kl=0.0217
  [phase ms/update]  rollout=525  bulk_xfer=0.1  gae=6.1  ppo_xfer=8  ppo_grad=12726  total=13265

[eval] step 9,011,200...
  train=3.16±3.49  test=2.06±2.72  gap=1.10
[checkpoint] Saved step 9,011,200 → checkpoints/bigfish/bigfish__impala__seed3__20260519_145939/step_9011200.pt  (latest.pt updated)
  update   560/1525  step  9,175,040  SPS   1,219  pg=-0.0359  vf=0.0245  ent=1.7243  kl=0.0207
  [phase ms/update]  rollout=529  bulk_xfer=0.1  gae=6.1  ppo_xfer=8  ppo_grad=12729  total=13272
  update   570/1525  step  9,338,880  SPS   1,219  pg=-0.0332  vf=0.0229  ent=1.6840  kl=0.0244
  [phase ms/update]  rollout=524  bulk_xfer=0.1  gae=6.1  ppo_xfer=8  ppo_grad=12736  total=13274
  update   580/1525  step  9,502,720  SPS   1,219  pg=-0.0352  vf=0.0250  ent=1.6046  kl=0.0213
  [phase ms/update]  rollout=504  bulk_xfer=0.1  gae=5.9  ppo_xfer=8  ppo_grad=12725  total=13243

[eval] step 9,502,720...
  train=3.39±3.40  test=2.01±2.38  gap=1.38
[checkpoint] Saved step 9,502,720 → checkpoints/bigfish/bigfish__impala__seed3__20260519_145939/step_9502720.pt  (latest.pt updated)
  update   590/1525  step  9,666,560  SPS   1,219  pg=-0.0327  vf=0.0340  ent=1.6675  kl=0.0200
  [phase ms/update]  rollout=523  bulk_xfer=0.1  gae=6.1  ppo_xfer=8  ppo_grad=12734  total=13272
  update   600/1525  step  9,830,400  SPS   1,219  pg=-0.0314  vf=0.0309  ent=1.6444  kl=0.0214
  [phase ms/update]  rollout=529  bulk_xfer=0.1  gae=6.1  ppo_xfer=8  ppo_grad=12736  total=13279
  update   610/1525  step  9,994,240  SPS   1,219  pg=-0.0350  vf=0.0256  ent=1.6586  kl=0.0226
  [phase ms/update]  rollout=521  bulk_xfer=0.1  gae=6.1  ppo_xfer=8  ppo_grad=12736  total=13271

[eval] step 10,010,624...
  train=3.46±3.31  test=1.98±2.37  gap=1.48
[checkpoint] Saved step 10,010,624 → checkpoints/bigfish/bigfish__impala__seed3__20260519_145939/step_10010624.pt  (latest.pt updated)
  update   620/1525  step 10,158,080  SPS   1,219  pg=-0.0354  vf=0.0227  ent=1.6902  kl=0.0213
  [phase ms/update]  rollout=521  bulk_xfer=0.1  gae=6.0  ppo_xfer=8  ppo_grad=12730  total=13265
  update   630/1525  step 10,321,920  SPS   1,219  pg=-0.0300  vf=0.0240  ent=1.5160  kl=0.0213
  [phase ms/update]  rollout=515  bulk_xfer=0.1  gae=6.1  ppo_xfer=8  ppo_grad=12733  total=13262
  update   640/1525  step 10,485,760  SPS   1,220  pg=-0.0328  vf=0.0249  ent=1.6314  kl=0.0203
  [phase ms/update]  rollout=509  bulk_xfer=0.1  gae=6.0  ppo_xfer=8  ppo_grad=12730  total=13253

[eval] step 10,502,144...
  train=3.80±5.06  test=2.23±2.72  gap=1.57
[checkpoint] Saved step 10,502,144 → checkpoints/bigfish/bigfish__impala__seed3__20260519_145939/step_10502144.pt  (latest.pt updated)
  update   650/1525  step 10,649,600  SPS   1,219  pg=-0.0332  vf=0.0245  ent=1.5801  kl=0.0222
  [phase ms/update]  rollout=529  bulk_xfer=0.1  gae=6.1  ppo_xfer=8  ppo_grad=12719  total=13262
  update   660/1525  step 10,813,440  SPS   1,219  pg=-0.0364  vf=0.0230  ent=1.5633  kl=0.0213
  [phase ms/update]  rollout=517  bulk_xfer=0.1  gae=6.0  ppo_xfer=8  ppo_grad=12719  total=13250
  update   670/1525  step 10,977,280  SPS   1,220  pg=-0.0302  vf=0.0315  ent=1.5176  kl=0.0239
  [phase ms/update]  rollout=503  bulk_xfer=0.1  gae=6.0  ppo_xfer=8  ppo_grad=12727  total=13244

[eval] step 11,010,048...
  train=3.85±4.23  test=1.98±2.35  gap=1.87
[checkpoint] Saved step 11,010,048 → checkpoints/bigfish/bigfish__impala__seed3__20260519_145939/step_11010048.pt  (latest.pt updated)
  update   680/1525  step 11,141,120  SPS   1,219  pg=-0.0358  vf=0.0297  ent=1.5994  kl=0.0242
  [phase ms/update]  rollout=497  bulk_xfer=0.1  gae=5.9  ppo_xfer=8  ppo_grad=12729  total=13240
  update   690/1525  step 11,304,960  SPS   1,220  pg=-0.0354  vf=0.0252  ent=1.6058  kl=0.0233
  [phase ms/update]  rollout=511  bulk_xfer=0.1  gae=6.0  ppo_xfer=8  ppo_grad=12730  total=13255
  update   700/1525  step 11,468,800  SPS   1,220  pg=-0.0352  vf=0.0257  ent=1.5576  kl=0.0237
  [phase ms/update]  rollout=523  bulk_xfer=0.1  gae=6.1  ppo_xfer=8  ppo_grad=12724  total=13261

[eval] step 11,501,568...
  train=3.77±3.97  test=1.94±2.39  gap=1.83
[checkpoint] Saved step 11,501,568 → checkpoints/bigfish/bigfish__impala__seed3__20260519_145939/step_11501568.pt  (latest.pt updated)
  update   710/1525  step 11,632,640  SPS   1,220  pg=-0.0335  vf=0.0272  ent=1.4786  kl=0.0235
  [phase ms/update]  rollout=522  bulk_xfer=0.1  gae=6.0  ppo_xfer=8  ppo_grad=12732  total=13268
  update   720/1525  step 11,796,480  SPS   1,220  pg=-0.0360  vf=0.0253  ent=1.5945  kl=0.0226
  [phase ms/update]  rollout=524  bulk_xfer=0.1  gae=6.1  ppo_xfer=8  ppo_grad=12733  total=13271
  update   730/1525  step 11,960,320  SPS   1,220  pg=-0.0347  vf=0.0291  ent=1.4713  kl=0.0241
  [phase ms/update]  rollout=519  bulk_xfer=0.1  gae=6.1  ppo_xfer=8  ppo_grad=12730  total=13264

[eval] step 12,009,472...
  train=3.35±3.56  test=1.88±2.59  gap=1.47
[checkpoint] Saved step 12,009,472 → checkpoints/bigfish/bigfish__impala__seed3__20260519_145939/step_12009472.pt  (latest.pt updated)
  update   740/1525  step 12,124,160  SPS   1,220  pg=-0.0314  vf=0.0262  ent=1.5778  kl=0.0232
  [phase ms/update]  rollout=511  bulk_xfer=0.1  gae=5.9  ppo_xfer=8  ppo_grad=12713  total=13237
  update   750/1525  step 12,288,000  SPS   1,220  pg=-0.0316  vf=0.0265  ent=1.5396  kl=0.0229
  [phase ms/update]  rollout=519  bulk_xfer=0.1  gae=6.1  ppo_xfer=8  ppo_grad=12714  total=13247
  update   760/1525  step 12,451,840  SPS   1,220  pg=-0.0324  vf=0.0298  ent=1.5803  kl=0.0209
  [phase ms/update]  rollout=515  bulk_xfer=0.1  gae=6.0  ppo_xfer=8  ppo_grad=12718  total=13247

[eval] step 12,500,992...
  train=4.43±7.34  test=1.87±2.45  gap=2.56
[checkpoint] Saved step 12,500,992 → checkpoints/bigfish/bigfish__impala__seed3__20260519_145939/step_12500992.pt  (latest.pt updated)
  update   770/1525  step 12,615,680  SPS   1,220  pg=-0.0318  vf=0.0301  ent=1.5470  kl=0.0188
  [phase ms/update]  rollout=501  bulk_xfer=0.1  gae=5.8  ppo_xfer=8  ppo_grad=12717  total=13232
  update   780/1525  step 12,779,520  SPS   1,220  pg=-0.0320  vf=0.0285  ent=1.5725  kl=0.0217
  [phase ms/update]  rollout=528  bulk_xfer=0.1  gae=6.1  ppo_xfer=8  ppo_grad=12708  total=13250
  update   790/1525  step 12,943,360  SPS   1,220  pg=-0.0339  vf=0.0345  ent=1.5668  kl=0.0227
  [phase ms/update]  rollout=518  bulk_xfer=0.1  gae=6.1  ppo_xfer=8  ppo_grad=12710  total=13242

[eval] step 13,008,896...
  train=4.07±6.50  test=2.05±2.58  gap=2.02
[checkpoint] Saved step 13,008,896 → checkpoints/bigfish/bigfish__impala__seed3__20260519_145939/step_13008896.pt  (latest.pt updated)
  update   800/1525  step 13,107,200  SPS   1,220  pg=-0.0313  vf=0.0289  ent=1.5178  kl=0.0224
  [phase ms/update]  rollout=516  bulk_xfer=0.1  gae=6.0  ppo_xfer=8  ppo_grad=12717  total=13247
  update   810/1525  step 13,271,040  SPS   1,220  pg=-0.0320  vf=0.0302  ent=1.4681  kl=0.0231
  [phase ms/update]  rollout=515  bulk_xfer=0.1  gae=6.0  ppo_xfer=8  ppo_grad=12713  total=13242
  update   820/1525  step 13,434,880  SPS   1,220  pg=-0.0330  vf=0.0316  ent=1.5322  kl=0.0214
  [phase ms/update]  rollout=514  bulk_xfer=0.1  gae=6.0  ppo_xfer=8  ppo_grad=12713  total=13241

[eval] step 13,500,416...
  train=3.28±4.93  test=1.92±2.37  gap=1.36
[checkpoint] Saved step 13,500,416 → checkpoints/bigfish/bigfish__impala__seed3__20260519_145939/step_13500416.pt  (latest.pt updated)
  update   830/1525  step 13,598,720  SPS   1,220  pg=-0.0349  vf=0.0288  ent=1.6431  kl=0.0203
  [phase ms/update]  rollout=528  bulk_xfer=0.1  gae=6.0  ppo_xfer=8  ppo_grad=12718  total=13260
  update   840/1525  step 13,762,560  SPS   1,220  pg=-0.0339  vf=0.0247  ent=1.5909  kl=0.0229
  [phase ms/update]  rollout=525  bulk_xfer=0.1  gae=6.0  ppo_xfer=8  ppo_grad=12717  total=13256
  update   850/1525  step 13,926,400  SPS   1,220  pg=-0.0311  vf=0.0280  ent=1.5088  kl=0.0228
  [phase ms/update]  rollout=527  bulk_xfer=0.1  gae=6.1  ppo_xfer=8  ppo_grad=12713  total=13254

[eval] step 14,008,320...
  train=4.37±6.38  test=1.85±2.22  gap=2.52
[checkpoint] Saved step 14,008,320 → checkpoints/bigfish/bigfish__impala__seed3__20260519_145939/step_14008320.pt  (latest.pt updated)
  update   860/1525  step 14,090,240  SPS   1,220  pg=-0.0347  vf=0.0280  ent=1.5616  kl=0.0238
  [phase ms/update]  rollout=526  bulk_xfer=0.1  gae=6.1  ppo_xfer=8  ppo_grad=12721  total=13262
  update   870/1525  step 14,254,080  SPS   1,220  pg=-0.0334  vf=0.0296  ent=1.5809  kl=0.0223
  [phase ms/update]  rollout=520  bulk_xfer=0.1  gae=6.0  ppo_xfer=8  ppo_grad=12716  total=13250
  update   880/1525  step 14,417,920  SPS   1,220  pg=-0.0320  vf=0.0310  ent=1.5122  kl=0.0235
  [phase ms/update]  rollout=521  bulk_xfer=0.1  gae=6.0  ppo_xfer=8  ppo_grad=12717  total=13252

[eval] step 14,516,224...
  train=3.66±5.45  test=1.73±2.44  gap=1.93
[checkpoint] Saved step 14,516,224 → checkpoints/bigfish/bigfish__impala__seed3__20260519_145939/step_14516224.pt  (latest.pt updated)
  update   890/1525  step 14,581,760  SPS   1,220  pg=-0.0290  vf=0.0291  ent=1.5576  kl=0.0234
  [phase ms/update]  rollout=530  bulk_xfer=0.1  gae=6.1  ppo_xfer=8  ppo_grad=12717  total=13260
  update   900/1525  step 14,745,600  SPS   1,220  pg=-0.0319  vf=0.0302  ent=1.5808  kl=0.0227
  [phase ms/update]  rollout=529  bulk_xfer=0.1  gae=6.0  ppo_xfer=8  ppo_grad=12717  total=13260
  update   910/1525  step 14,909,440  SPS   1,221  pg=-0.0309  vf=0.0301  ent=1.5240  kl=0.0226
  [phase ms/update]  rollout=523  bulk_xfer=0.1  gae=6.0  ppo_xfer=8  ppo_grad=12715  total=13252

[eval] step 15,007,744...
  train=3.60±4.88  test=1.89±2.53  gap=1.71
[checkpoint] Saved step 15,007,744 → checkpoints/bigfish/bigfish__impala__seed3__20260519_145939/step_15007744.pt  (latest.pt updated)
  update   920/1525  step 15,073,280  SPS   1,220  pg=-0.0331  vf=0.0263  ent=1.5519  kl=0.0233
  [phase ms/update]  rollout=504  bulk_xfer=0.1  gae=6.0  ppo_xfer=8  ppo_grad=12715  total=13233
  update   930/1525  step 15,237,120  SPS   1,221  pg=-0.0313  vf=0.0267  ent=1.5248  kl=0.0223
  [phase ms/update]  rollout=515  bulk_xfer=0.1  gae=6.0  ppo_xfer=8  ppo_grad=12718  total=13247
  update   940/1525  step 15,400,960  SPS   1,221  pg=-0.0342  vf=0.0235  ent=1.6818  kl=0.0227
  [phase ms/update]  rollout=517  bulk_xfer=0.1  gae=6.1  ppo_xfer=8  ppo_grad=12718  total=13249

[eval] step 15,515,648...
  train=3.79±5.50  test=1.47±1.94  gap=2.32
[checkpoint] Saved step 15,515,648 → checkpoints/bigfish/bigfish__impala__seed3__20260519_145939/step_15515648.pt  (latest.pt updated)
  update   950/1525  step 15,564,800  SPS   1,221  pg=-0.0332  vf=0.0280  ent=1.4873  kl=0.0245
  [phase ms/update]  rollout=520  bulk_xfer=0.1  gae=6.1  ppo_xfer=8  ppo_grad=12716  total=13250
  update   960/1525  step 15,728,640  SPS   1,221  pg=-0.0295  vf=0.0292  ent=1.5400  kl=0.0219
  [phase ms/update]  rollout=519  bulk_xfer=0.1  gae=6.1  ppo_xfer=8  ppo_grad=12717  total=13250
  update   970/1525  step 15,892,480  SPS   1,221  pg=-0.0321  vf=0.0281  ent=1.5064  kl=0.0232
  [phase ms/update]  rollout=510  bulk_xfer=0.1  gae=5.9  ppo_xfer=8  ppo_grad=12718  total=13242

[eval] step 16,007,168...
  train=3.86±6.29  test=1.93±2.57  gap=1.93
[checkpoint] Saved step 16,007,168 → checkpoints/bigfish/bigfish__impala__seed3__20260519_145939/step_16007168.pt  (latest.pt updated)
  update   980/1525  step 16,056,320  SPS   1,221  pg=-0.0318  vf=0.0290  ent=1.4657  kl=0.0228
  [phase ms/update]  rollout=514  bulk_xfer=0.1  gae=6.1  ppo_xfer=8  ppo_grad=12712  total=13239
  update   990/1525  step 16,220,160  SPS   1,221  pg=-0.0334  vf=0.0286  ent=1.4483  kl=0.0265
  [phase ms/update]  rollout=519  bulk_xfer=0.1  gae=6.0  ppo_xfer=8  ppo_grad=12714  total=13247
  update  1000/1525  step 16,384,000  SPS   1,221  pg=-0.0296  vf=0.0296  ent=1.6565  kl=0.0252
  [phase ms/update]  rollout=498  bulk_xfer=0.1  gae=5.9  ppo_xfer=8  ppo_grad=12727  total=13238

[eval] step 16,515,072...
  train=4.06±6.63  test=1.65±2.01  gap=2.41
[checkpoint] Saved step 16,515,072 → checkpoints/bigfish/bigfish__impala__seed3__20260519_145939/step_16515072.pt  (latest.pt updated)
  update  1010/1525  step 16,547,840  SPS   1,221  pg=-0.0292  vf=0.0328  ent=1.4943  kl=0.0245
  [phase ms/update]  rollout=509  bulk_xfer=0.1  gae=5.9  ppo_xfer=8  ppo_grad=12720  total=13243
  update  1020/1525  step 16,711,680  SPS   1,221  pg=-0.0265  vf=0.0284  ent=1.5207  kl=0.0235
  [phase ms/update]  rollout=508  bulk_xfer=0.1  gae=5.9  ppo_xfer=8  ppo_grad=12717  total=13238
  update  1030/1525  step 16,875,520  SPS   1,221  pg=-0.0298  vf=0.0302  ent=1.4636  kl=0.0263
  [phase ms/update]  rollout=523  bulk_xfer=0.1  gae=6.0  ppo_xfer=8  ppo_grad=12718  total=13254

[eval] step 17,006,592...
  train=4.67±6.97  test=1.87±2.56  gap=2.80
[checkpoint] Saved step 17,006,592 → checkpoints/bigfish/bigfish__impala__seed3__20260519_145939/step_17006592.pt  (latest.pt updated)
  update  1040/1525  step 17,039,360  SPS   1,221  pg=-0.0316  vf=0.0255  ent=1.5665  kl=0.0234
  [phase ms/update]  rollout=524  bulk_xfer=0.1  gae=6.0  ppo_xfer=8  ppo_grad=12715  total=13254
  update  1050/1525  step 17,203,200  SPS   1,221  pg=-0.0329  vf=0.0336  ent=1.5237  kl=0.0225
  [phase ms/update]  rollout=527  bulk_xfer=0.1  gae=6.1  ppo_xfer=8  ppo_grad=12719  total=13260
  update  1060/1525  step 17,367,040  SPS   1,221  pg=-0.0321  vf=0.0271  ent=1.5195  kl=0.0246
  [phase ms/update]  rollout=516  bulk_xfer=0.1  gae=6.0  ppo_xfer=8  ppo_grad=12728  total=13258

[eval] step 17,514,496...
  train=4.36±6.68  test=2.04±2.78  gap=2.32
[checkpoint] Saved step 17,514,496 → checkpoints/bigfish/bigfish__impala__seed3__20260519_145939/step_17514496.pt  (latest.pt updated)
  update  1070/1525  step 17,530,880  SPS   1,221  pg=-0.0310  vf=0.0337  ent=1.5169  kl=0.0245
  [phase ms/update]  rollout=519  bulk_xfer=0.1  gae=6.0  ppo_xfer=8  ppo_grad=12718  total=13250
  update  1080/1525  step 17,694,720  SPS   1,221  pg=-0.0328  vf=0.0326  ent=1.5066  kl=0.0245
  [phase ms/update]  rollout=503  bulk_xfer=0.1  gae=5.9  ppo_xfer=8  ppo_grad=12731  total=13248
  update  1090/1525  step 17,858,560  SPS   1,221  pg=-0.0305  vf=0.0294  ent=1.4633  kl=0.0273
  [phase ms/update]  rollout=505  bulk_xfer=0.1  gae=5.9  ppo_xfer=8  ppo_grad=12732  total=13252

[eval] step 18,006,016...
  train=4.55±6.60  test=1.82±2.44  gap=2.73
[checkpoint] Saved step 18,006,016 → checkpoints/bigfish/bigfish__impala__seed3__20260519_145939/step_18006016.pt  (latest.pt updated)
  update  1100/1525  step 18,022,400  SPS   1,221  pg=-0.0316  vf=0.0283  ent=1.5308  kl=0.0233
  [phase ms/update]  rollout=515  bulk_xfer=0.1  gae=6.0  ppo_xfer=8  ppo_grad=12732  total=13261
  update  1110/1525  step 18,186,240  SPS   1,221  pg=-0.0303  vf=0.0344  ent=1.4497  kl=0.0265
  [phase ms/update]  rollout=500  bulk_xfer=0.1  gae=6.0  ppo_xfer=8  ppo_grad=12730  total=13243
  update  1120/1525  step 18,350,080  SPS   1,221  pg=-0.0319  vf=0.0308  ent=1.4603  kl=0.0266
  [phase ms/update]  rollout=506  bulk_xfer=0.1  gae=6.0  ppo_xfer=8  ppo_grad=12731  total=13251
  update  1130/1525  step 18,513,920  SPS   1,221  pg=-0.0317  vf=0.0282  ent=1.5750  kl=0.0235
  [phase ms/update]  rollout=495  bulk_xfer=0.1  gae=5.8  ppo_xfer=8  ppo_grad=12730  total=13239

[eval] step 18,513,920...
  train=4.20±5.55  test=1.97±2.75  gap=2.23
[checkpoint] Saved step 18,513,920 → checkpoints/bigfish/bigfish__impala__seed3__20260519_145939/step_18513920.pt  (latest.pt updated)
  update  1140/1525  step 18,677,760  SPS   1,221  pg=-0.0338  vf=0.0281  ent=1.4891  kl=0.0266
  [phase ms/update]  rollout=497  bulk_xfer=0.1  gae=5.9  ppo_xfer=8  ppo_grad=12733  total=13244
  update  1150/1525  step 18,841,600  SPS   1,221  pg=-0.0319  vf=0.0262  ent=1.5512  kl=0.0236
  [phase ms/update]  rollout=512  bulk_xfer=0.1  gae=5.9  ppo_xfer=8  ppo_grad=12722  total=13248
  update  1160/1525  step 19,005,440  SPS   1,221  pg=-0.0316  vf=0.0302  ent=1.5278  kl=0.0247
  [phase ms/update]  rollout=507  bulk_xfer=0.1  gae=6.0  ppo_xfer=8  ppo_grad=12723  total=13245

[eval] step 19,005,440...
  train=3.83±5.22  test=1.82±2.41  gap=2.01
[checkpoint] Saved step 19,005,440 → checkpoints/bigfish/bigfish__impala__seed3__20260519_145939/step_19005440.pt  (latest.pt updated)
  update  1170/1525  step 19,169,280  SPS   1,221  pg=-0.0312  vf=0.0273  ent=1.5959  kl=0.0238
  [phase ms/update]  rollout=497  bulk_xfer=0.1  gae=6.0  ppo_xfer=8  ppo_grad=12732  total=13243
  update  1180/1525  step 19,333,120  SPS   1,221  pg=-0.0331  vf=0.0291  ent=1.5673  kl=0.0222
  [phase ms/update]  rollout=505  bulk_xfer=0.1  gae=5.9  ppo_xfer=8  ppo_grad=12730  total=13249
  update  1190/1525  step 19,496,960  SPS   1,221  pg=-0.0279  vf=0.0351  ent=1.4438  kl=0.0222
  [phase ms/update]  rollout=515  bulk_xfer=0.1  gae=6.0  ppo_xfer=8  ppo_grad=12728  total=13258

[eval] step 19,513,344...
  train=5.96±9.99  test=2.19±4.44  gap=3.77
[checkpoint] Saved step 19,513,344 → checkpoints/bigfish/bigfish__impala__seed3__20260519_145939/step_19513344.pt  (latest.pt updated)
  update  1200/1525  step 19,660,800  SPS   1,221  pg=-0.0294  vf=0.0374  ent=1.5332  kl=0.0251
  [phase ms/update]  rollout=530  bulk_xfer=0.1  gae=6.1  ppo_xfer=8  ppo_grad=12720  total=13264
  update  1210/1525  step 19,824,640  SPS   1,221  pg=-0.0315  vf=0.0292  ent=1.5233  kl=0.0254
  [phase ms/update]  rollout=523  bulk_xfer=0.1  gae=6.0  ppo_xfer=8  ppo_grad=12719  total=13256
  update  1220/1525  step 19,988,480  SPS   1,221  pg=-0.0300  vf=0.0339  ent=1.4589  kl=0.0239
  [phase ms/update]  rollout=529  bulk_xfer=0.1  gae=6.1  ppo_xfer=8  ppo_grad=12719  total=13262

[eval] step 20,004,864...
  train=5.31±8.27  test=2.10±2.75  gap=3.21
[checkpoint] Saved step 20,004,864 → checkpoints/bigfish/bigfish__impala__seed3__20260519_145939/step_20004864.pt  (latest.pt updated)
  update  1230/1525  step 20,152,320  SPS   1,221  pg=-0.0340  vf=0.0248  ent=1.6025  kl=0.0235
  [phase ms/update]  rollout=522  bulk_xfer=0.1  gae=6.0  ppo_xfer=8  ppo_grad=12718  total=13254
  update  1240/1525  step 20,316,160  SPS   1,221  pg=-0.0288  vf=0.0324  ent=1.5082  kl=0.0246
  [phase ms/update]  rollout=511  bulk_xfer=0.1  gae=6.0  ppo_xfer=8  ppo_grad=12713  total=13238
  update  1250/1525  step 20,480,000  SPS   1,222  pg=-0.0322  vf=0.0284  ent=1.5050  kl=0.0231
  [phase ms/update]  rollout=527  bulk_xfer=0.1  gae=6.1  ppo_xfer=8  ppo_grad=12712  total=13253

[eval] step 20,512,768...
  train=4.51±7.30  test=2.36±3.45  gap=2.15
[checkpoint] Saved step 20,512,768 → checkpoints/bigfish/bigfish__impala__seed3__20260519_145939/step_20512768.pt  (latest.pt updated)
  update  1260/1525  step 20,643,840  SPS   1,221  pg=-0.0301  vf=0.0314  ent=1.5678  kl=0.0238
  [phase ms/update]  rollout=512  bulk_xfer=0.1  gae=6.0  ppo_xfer=8  ppo_grad=12712  total=13239
  update  1270/1525  step 20,807,680  SPS   1,221  pg=-0.0301  vf=0.0321  ent=1.5383  kl=0.0237
  [phase ms/update]  rollout=521  bulk_xfer=0.1  gae=6.1  ppo_xfer=8  ppo_grad=12721  total=13256
  update  1280/1525  step 20,971,520  SPS   1,222  pg=-0.0320  vf=0.0304  ent=1.5558  kl=0.0231
  [phase ms/update]  rollout=518  bulk_xfer=0.1  gae=6.1  ppo_xfer=8  ppo_grad=12719  total=13251

[eval] step 21,004,288...
  train=4.52±6.90  test=1.88±2.53  gap=2.64
[checkpoint] Saved step 21,004,288 → checkpoints/bigfish/bigfish__impala__seed3__20260519_145939/step_21004288.pt  (latest.pt updated)
  update  1290/1525  step 21,135,360  SPS   1,221  pg=-0.0289  vf=0.0343  ent=1.4819  kl=0.0237
  [phase ms/update]  rollout=520  bulk_xfer=0.1  gae=6.0  ppo_xfer=8  ppo_grad=12718  total=13253
  update  1300/1525  step 21,299,200  SPS   1,221  pg=-0.0304  vf=0.0341  ent=1.5534  kl=0.0234
  [phase ms/update]  rollout=517  bulk_xfer=0.1  gae=6.1  ppo_xfer=8  ppo_grad=12716  total=13247
  update  1310/1525  step 21,463,040  SPS   1,222  pg=-0.0287  vf=0.0312  ent=1.4757  kl=0.0258
  [phase ms/update]  rollout=503  bulk_xfer=0.1  gae=6.0  ppo_xfer=8  ppo_grad=12720  total=13237

[eval] step 21,512,192...
  train=4.66±5.90  test=1.91±2.79  gap=2.75
[checkpoint] Saved step 21,512,192 → checkpoints/bigfish/bigfish__impala__seed3__20260519_145939/step_21512192.pt  (latest.pt updated)
  update  1320/1525  step 21,626,880  SPS   1,221  pg=-0.0292  vf=0.0409  ent=1.4214  kl=0.0259
  [phase ms/update]  rollout=511  bulk_xfer=0.1  gae=6.0  ppo_xfer=8  ppo_grad=12717  total=13242
  update  1330/1525  step 21,790,720  SPS   1,222  pg=-0.0286  vf=0.0316  ent=1.4215  kl=0.0211
  [phase ms/update]  rollout=498  bulk_xfer=0.1  gae=5.9  ppo_xfer=8  ppo_grad=12726  total=13238
  update  1340/1525  step 21,954,560  SPS   1,222  pg=-0.0283  vf=0.0358  ent=1.4970  kl=0.0206
  [phase ms/update]  rollout=512  bulk_xfer=0.1  gae=6.0  ppo_xfer=8  ppo_grad=12727  total=13253

[eval] step 22,003,712...
  train=5.18±7.94  test=2.06±2.79  gap=3.12
[checkpoint] Saved step 22,003,712 → checkpoints/bigfish/bigfish__impala__seed3__20260519_145939/step_22003712.pt  (latest.pt updated)
  update  1350/1525  step 22,118,400  SPS   1,221  pg=-0.0273  vf=0.0356  ent=1.4776  kl=0.0266
  [phase ms/update]  rollout=516  bulk_xfer=0.1  gae=6.0  ppo_xfer=8  ppo_grad=12719  total=13249
  update  1360/1525  step 22,282,240  SPS   1,222  pg=-0.0298  vf=0.0290  ent=1.5362  kl=0.0236
  [phase ms/update]  rollout=504  bulk_xfer=0.1  gae=5.9  ppo_xfer=8  ppo_grad=12727  total=13245
  update  1370/1525  step 22,446,080  SPS   1,222  pg=-0.0297  vf=0.0331  ent=1.5092  kl=0.0243
  [phase ms/update]  rollout=510  bulk_xfer=0.1  gae=6.0  ppo_xfer=8  ppo_grad=12718  total=13243

[eval] step 22,511,616...
  train=3.74±5.88  test=1.69±2.31  gap=2.05
[checkpoint] Saved step 22,511,616 → checkpoints/bigfish/bigfish__impala__seed3__20260519_145939/step_22511616.pt  (latest.pt updated)
  update  1380/1525  step 22,609,920  SPS   1,221  pg=-0.0346  vf=0.0281  ent=1.5229  kl=0.0242
  [phase ms/update]  rollout=520  bulk_xfer=0.1  gae=6.1  ppo_xfer=8  ppo_grad=12719  total=13254
  update  1390/1525  step 22,773,760  SPS   1,222  pg=-0.0317  vf=0.0288  ent=1.5953  kl=0.0230
  [phase ms/update]  rollout=512  bulk_xfer=0.1  gae=6.0  ppo_xfer=8  ppo_grad=12719  total=13245
  update  1400/1525  step 22,937,600  SPS   1,222  pg=-0.0264  vf=0.0352  ent=1.4308  kl=0.0240
  [phase ms/update]  rollout=510  bulk_xfer=0.1  gae=6.0  ppo_xfer=8  ppo_grad=12718  total=13242

[eval] step 23,003,136...
  train=4.22±7.08  test=2.40±3.50  gap=1.82
[checkpoint] Saved step 23,003,136 → checkpoints/bigfish/bigfish__impala__seed3__20260519_145939/step_23003136.pt  (latest.pt updated)
  update  1410/1525  step 23,101,440  SPS   1,222  pg=-0.0204  vf=0.0312  ent=1.4660  kl=0.0253
  [phase ms/update]  rollout=530  bulk_xfer=0.1  gae=6.1  ppo_xfer=8  ppo_grad=12717  total=13262
  update  1420/1525  step 23,265,280  SPS   1,222  pg=-0.0293  vf=0.0284  ent=1.4964  kl=0.0247
  [phase ms/update]  rollout=508  bulk_xfer=0.1  gae=6.0  ppo_xfer=8  ppo_grad=12729  total=13251
  update  1430/1525  step 23,429,120  SPS   1,222  pg=-0.0313  vf=0.0331  ent=1.4133  kl=0.0263
  [phase ms/update]  rollout=496  bulk_xfer=0.1  gae=5.8  ppo_xfer=8  ppo_grad=12728  total=13238

[eval] step 23,511,040...
  train=4.40±7.24  test=1.85±2.55  gap=2.55
[checkpoint] Saved step 23,511,040 → checkpoints/bigfish/bigfish__impala__seed3__20260519_145939/step_23511040.pt  (latest.pt updated)
  update  1440/1525  step 23,592,960  SPS   1,222  pg=-0.0298  vf=0.0314  ent=1.5011  kl=0.0231
  [phase ms/update]  rollout=507  bulk_xfer=0.1  gae=6.0  ppo_xfer=8  ppo_grad=12727  total=13248
  update  1450/1525  step 23,756,800  SPS   1,222  pg=-0.0315  vf=0.0254  ent=1.5912  kl=0.0250
  [phase ms/update]  rollout=508  bulk_xfer=0.1  gae=6.0  ppo_xfer=8  ppo_grad=12732  total=13254
  update  1460/1525  step 23,920,640  SPS   1,222  pg=-0.0277  vf=0.0342  ent=1.3954  kl=0.0222
  [phase ms/update]  rollout=516  bulk_xfer=0.1  gae=6.1  ppo_xfer=8  ppo_grad=12733  total=13264

[eval] step 24,002,560...
  train=4.08±6.41  test=1.82±2.56  gap=2.26
[checkpoint] Saved step 24,002,560 → checkpoints/bigfish/bigfish__impala__seed3__20260519_145939/step_24002560.pt  (latest.pt updated)
  update  1470/1525  step 24,084,480  SPS   1,222  pg=-0.0321  vf=0.0325  ent=1.4963  kl=0.0219
  [phase ms/update]  rollout=503  bulk_xfer=0.1  gae=5.9  ppo_xfer=8  ppo_grad=12726  total=13242
  update  1480/1525  step 24,248,320  SPS   1,222  pg=-0.0322  vf=0.0299  ent=1.4983  kl=0.0241
  [phase ms/update]  rollout=516  bulk_xfer=0.1  gae=6.0  ppo_xfer=8  ppo_grad=12722  total=13252
  update  1490/1525  step 24,412,160  SPS   1,222  pg=-0.0254  vf=0.0342  ent=1.4752  kl=0.0242
  [phase ms/update]  rollout=501  bulk_xfer=0.1  gae=6.0  ppo_xfer=8  ppo_grad=12723  total=13239

[eval] step 24,510,464...
  train=4.11±6.42  test=1.55±2.20  gap=2.56
[checkpoint] Saved step 24,510,464 → checkpoints/bigfish/bigfish__impala__seed3__20260519_145939/step_24510464.pt  (latest.pt updated)
  update  1500/1525  step 24,576,000  SPS   1,222  pg=-0.0306  vf=0.0292  ent=1.5564  kl=0.0234
  [phase ms/update]  rollout=512  bulk_xfer=0.1  gae=6.1  ppo_xfer=8  ppo_grad=12723  total=13249
  update  1510/1525  step 24,739,840  SPS   1,222  pg=-0.0317  vf=0.0298  ent=1.4491  kl=0.0237
  [phase ms/update]  rollout=500  bulk_xfer=0.1  gae=5.9  ppo_xfer=8  ppo_grad=12725  total=13239
  update  1520/1525  step 24,903,680  SPS   1,222  pg=-0.0308  vf=0.0268  ent=1.4376  kl=0.0242
  [phase ms/update]  rollout=515  bulk_xfer=0.1  gae=6.0  ppo_xfer=8  ppo_grad=12720  total=13249
[checkpoint] Saved step 24,985,600 → checkpoints/bigfish/bigfish__impala__seed3__20260519_145939/step_24985600_final.pt  (latest.pt updated)

[done] Training complete.

[final eval]

=================================================================
  bigfish | none+uniform | seed=3
  train=4.11  test=1.80  gap=2.31
  expected=[10.0,20.0]  outside range
=================================================================

wandb: updating run metadata
wandb: uploading output.log; uploading wandb-summary.json; uploading config.yaml
wandb: uploading history steps 1523-1524, summary, console lines 513-523
wandb: 
wandb: Run history:
wandb:                            charts/SPS ▁▂▃▄▄▇▇▇▇▇▇▇▇███████████████████████████
wandb:     charts/episodic_return_normalised ▁▁▁▂▂▂▂▅▆▅▅▅▃▃▅▂▄▅▆▃▄▃▄█▅▆▃▆▁▂▄▄█▃▆▄▂▃▃█
wandb: charts/episodic_return_normalised_std █▃▁▂▄▁▂▁▂▃▂▄▂▃▃▂▁▄▁▂▄▂▃▄▃▅▄▁▃▃▃▄▅▄▅▅▂▂▂▄
wandb:                  charts/learning_rate ▁▁▁▁▁▁▁▁▁▁▁▁▁▁▁▁▁▁▁▁▁▁▁▁▁▁▁▁▁▁▁▁▁▁▁▁▁▁▁▁
wandb:               eval/generalization_gap ▁▁▁▂▂▃▂▄▂▃▃▂▃▃▄▃▃▄▄▄▆▅▆▄▄▄▅▆▅▆▅█▇▅▆▇▅▄▆▆
wandb:                      eval/test_return ▁▂▃▃▄▃▆▄▅▆▇▇▆▅▄▆▆▇▆▆▆▆▆▅▆▆▅▆▆▅▅▇▇█▆▆▅█▅▄
wandb:                  eval/test_return_std ▁▁▂▂▃▃▄▃▃▃▄▅▄▃▄▄▄▃▄▄▄▃▃▄▄▄▃▄▄▄▄█▄▆▄▄▃▆▄▃
wandb:                     eval/train_return ▁▁▂▂▂▃▄▃▄▃▄▄▄▄▄▄▅▅▅▄▅▄▆▅▄▅▅▆▆▆▅█▇▆▆▇▅▅▆▅
wandb:                 eval/train_return_std ▁▁▁▁▁▂▂▂▂▂▄▂▃▃▃▂▂▄▃▃▆▅▄▅▄▄▅▅▅▅▄▄█▇▆▅▆▅▆▅
wandb:                      losses/approx_kl ▁▂▃▄▄▅▅▅▅▅▆▅▆▅▆▆▆▆▇▇▇▇▇▇▇▇▇▇▇▇▇▇█▇▇██▇▆▇
wandb:                                    +6 ...
wandb: 
wandb: Run summary:
wandb:                            charts/SPS 1221.91132
wandb:     charts/episodic_return_normalised 1.62239
wandb: charts/episodic_return_normalised_std 2.54024
wandb:                  charts/learning_rate 0.0005
wandb:               eval/generalization_gap 2.56
wandb:                      eval/test_return 1.55
wandb:                  eval/test_return_std 2.2017
wandb:                     eval/train_return 4.11
wandb:                 eval/train_return_std 6.42479
wandb:                      losses/approx_kl 0.02042
wandb:                                    +6 ...
wandb: 
wandb: 🚀 View run bigfish__impala__seed3__20260519_145939 at: https://wandb.ai/staanagnostou-/thesis-rl-baselines/runs/ev00l2hr
wandb: ⭐️ View project at: https://wandb.ai/staanagnostou-/thesis-rl-baselines
wandb: Synced 6 W&B file(s), 0 media file(s), 0 artifact file(s) and 0 other file(s)
wandb: Find logs at: ./wandb/run-20260519_145939-ev00l2hr/logs
