[device] GPU detected:   (24.0 GB VRAM)
[device] Backend: NVIDIA CUDA
wandb: [wandb.login()] Loaded credentials for https://api.wandb.ai from WANDB_API_KEY.
wandb: Currently logged in as: stayrosanang (staanagnostou-) to https://api.wandb.ai. Use `wandb login --relogin` to force relogin
wandb: setting up run galsrjc8
wandb: Tracking run with wandb version 0.26.1
wandb: Run data is saved locally in /workspace/wandb/run-20260520_080231-galsrjc8
wandb: Run `wandb offline` to turn off syncing.
wandb: Syncing run coinrun__impala__seed3__20260520_080230
wandb: ⭐️ View project at https://wandb.ai/staanagnostou-/thesis-rl-baselines
wandb: 🚀 View run at https://wandb.ai/staanagnostou-/thesis-rl-baselines/runs/galsrjc8
[wandb] Run ID: galsrjc8  tags=['none', 'coinrun', 'seed_3', 'impala']
[env] coinrun  64 envs  200 levels  mode=easy  backend=auto
[env] obs_space=(64, 64, 3)  num_actions=15
[model] torch.compile applied (mode=reduce-overhead)
[model] IMPALA-CNN  params=626,256

=================================================================
  Starting PPO  |  env=coinrun  aug=none  lvl=uniform
  total_steps=25,000,000  updates=1,525  device=cuda
=================================================================

  update     1/1525  step     16,384  SPS     305  pg=-0.0005  vf=5.2871  ent=2.7079  kl=0.0002
  [phase ms/update]  rollout=1614  bulk_xfer=0.1  gae=5.9  ppo_xfer=10  ppo_grad=52097  total=53727
  update    10/1525  step    163,840  SPS     945  pg=-0.0021  vf=8.0265  ent=2.5342  kl=0.0055
  [phase ms/update]  rollout=550  bulk_xfer=0.1  gae=5.9  ppo_xfer=8  ppo_grad=12737  total=13301
  update    20/1525  step    327,680  SPS   1,070  pg=-0.0024  vf=3.1184  ent=2.3352  kl=0.0045
  [phase ms/update]  rollout=532  bulk_xfer=0.1  gae=6.0  ppo_xfer=8  ppo_grad=12733  total=13279
  update    30/1525  step    491,520  SPS   1,120  pg=-0.0033  vf=1.9951  ent=2.2818  kl=0.0040
  [phase ms/update]  rollout=524  bulk_xfer=0.1  gae=5.9  ppo_xfer=8  ppo_grad=12734  total=13272

[eval] step 507,904...
  train=6.90±4.62  test=5.70±4.95  gap=1.20
[checkpoint] Saved step 507,904 → checkpoints/coinrun/coinrun__impala__seed3__20260520_080230/step_507904.pt  (latest.pt updated)
  update    40/1525  step    655,360  SPS   1,143  pg=-0.0016  vf=1.9812  ent=2.1441  kl=0.0036
  [phase ms/update]  rollout=545  bulk_xfer=0.1  gae=5.9  ppo_xfer=8  ppo_grad=12733  total=13292
  update    50/1525  step    819,200  SPS   1,160  pg=-0.0049  vf=1.4789  ent=2.1503  kl=0.0052
  [phase ms/update]  rollout=560  bulk_xfer=0.1  gae=6.1  ppo_xfer=8  ppo_grad=12723  total=13297
  update    60/1525  step    983,040  SPS   1,171  pg=-0.0038  vf=1.3993  ent=2.1017  kl=0.0057
  [phase ms/update]  rollout=539  bulk_xfer=0.1  gae=6.0  ppo_xfer=8  ppo_grad=12729  total=13282

[eval] step 1,015,808...
  train=8.00±4.00  test=7.90±4.07  gap=0.10
[checkpoint] Saved step 1,015,808 → checkpoints/coinrun/coinrun__impala__seed3__20260520_080230/step_1015808.pt  (latest.pt updated)
  update    70/1525  step  1,146,880  SPS   1,178  pg=-0.0062  vf=1.1418  ent=2.0164  kl=0.0049
  [phase ms/update]  rollout=540  bulk_xfer=0.1  gae=5.9  ppo_xfer=8  ppo_grad=12718  total=13271
  update    80/1525  step  1,310,720  SPS   1,185  pg=-0.0045  vf=0.8962  ent=2.0146  kl=0.0062
  [phase ms/update]  rollout=553  bulk_xfer=0.1  gae=6.1  ppo_xfer=8  ppo_grad=12723  total=13290
  update    90/1525  step  1,474,560  SPS   1,190  pg=-0.0059  vf=0.7514  ent=2.0635  kl=0.0050
  [phase ms/update]  rollout=555  bulk_xfer=0.1  gae=6.0  ppo_xfer=8  ppo_grad=12721  total=13291

[eval] step 1,507,328...
  train=8.80±3.25  test=7.80±4.14  gap=1.00
[checkpoint] Saved step 1,507,328 → checkpoints/coinrun/coinrun__impala__seed3__20260520_080230/step_1507328.pt  (latest.pt updated)
  update   100/1525  step  1,638,400  SPS   1,192  pg=-0.0067  vf=0.4762  ent=2.0980  kl=0.0062
  [phase ms/update]  rollout=553  bulk_xfer=0.1  gae=6.0  ppo_xfer=8  ppo_grad=12724  total=13291
  update   110/1525  step  1,802,240  SPS   1,195  pg=-0.0069  vf=0.3857  ent=2.1682  kl=0.0059
  [phase ms/update]  rollout=576  bulk_xfer=0.1  gae=6.1  ppo_xfer=8  ppo_grad=12721  total=13311
  update   120/1525  step  1,966,080  SPS   1,198  pg=-0.0070  vf=0.3418  ent=2.2458  kl=0.0081
  [phase ms/update]  rollout=562  bulk_xfer=0.1  gae=6.0  ppo_xfer=8  ppo_grad=12722  total=13297

[eval] step 2,015,232...
  train=8.80±3.25  test=7.70±4.21  gap=1.10
[checkpoint] Saved step 2,015,232 → checkpoints/coinrun/coinrun__impala__seed3__20260520_080230/step_2015232.pt  (latest.pt updated)
  update   130/1525  step  2,129,920  SPS   1,199  pg=-0.0071  vf=0.4285  ent=2.2208  kl=0.0091
  [phase ms/update]  rollout=545  bulk_xfer=0.1  gae=5.9  ppo_xfer=8  ppo_grad=12728  total=13287
  update   140/1525  step  2,293,760  SPS   1,201  pg=-0.0078  vf=0.4721  ent=2.3196  kl=0.0054
  [phase ms/update]  rollout=547  bulk_xfer=0.1  gae=6.0  ppo_xfer=8  ppo_grad=12733  total=13294
  update   150/1525  step  2,457,600  SPS   1,203  pg=-0.0056  vf=0.2278  ent=2.3175  kl=0.0091
  [phase ms/update]  rollout=555  bulk_xfer=0.1  gae=5.9  ppo_xfer=8  ppo_grad=12735  total=13304

[eval] step 2,506,752...
  train=8.90±3.13  test=7.30±4.44  gap=1.60
[checkpoint] Saved step 2,506,752 → checkpoints/coinrun/coinrun__impala__seed3__20260520_080230/step_2506752.pt  (latest.pt updated)
  update   160/1525  step  2,621,440  SPS   1,202  pg=-0.0054  vf=0.4002  ent=2.2543  kl=0.0054
  [phase ms/update]  rollout=564  bulk_xfer=0.1  gae=5.9  ppo_xfer=8  ppo_grad=12735  total=13312
  update   170/1525  step  2,785,280  SPS   1,203  pg=-0.0056  vf=0.5453  ent=2.3058  kl=0.0044
  [phase ms/update]  rollout=553  bulk_xfer=0.1  gae=6.0  ppo_xfer=8  ppo_grad=12736  total=13303
  update   180/1525  step  2,949,120  SPS   1,205  pg=-0.0084  vf=0.2895  ent=2.2144  kl=0.0066
  [phase ms/update]  rollout=539  bulk_xfer=0.1  gae=5.9  ppo_xfer=8  ppo_grad=12730  total=13284

[eval] step 3,014,656...
  train=8.60±3.47  test=6.60±4.74  gap=2.00
[checkpoint] Saved step 3,014,656 → checkpoints/coinrun/coinrun__impala__seed3__20260520_080230/step_3014656.pt  (latest.pt updated)
  update   190/1525  step  3,112,960  SPS   1,204  pg=-0.0046  vf=0.6806  ent=2.2501  kl=0.0056
  [phase ms/update]  rollout=557  bulk_xfer=0.1  gae=5.9  ppo_xfer=8  ppo_grad=12734  total=13305
  update   200/1525  step  3,276,800  SPS   1,205  pg=-0.0081  vf=0.5249  ent=2.2384  kl=0.0045
  [phase ms/update]  rollout=561  bulk_xfer=0.1  gae=6.0  ppo_xfer=8  ppo_grad=12726  total=13301
  update   210/1525  step  3,440,640  SPS   1,206  pg=-0.0072  vf=0.8588  ent=2.1321  kl=0.0056
  [phase ms/update]  rollout=543  bulk_xfer=0.1  gae=5.9  ppo_xfer=8  ppo_grad=12727  total=13284

[eval] step 3,506,176...
  train=9.20±2.71  test=7.70±4.21  gap=1.50
[checkpoint] Saved step 3,506,176 → checkpoints/coinrun/coinrun__impala__seed3__20260520_080230/step_3506176.pt  (latest.pt updated)
  update   220/1525  step  3,604,480  SPS   1,206  pg=-0.0085  vf=0.6345  ent=2.2116  kl=0.0059
  [phase ms/update]  rollout=549  bulk_xfer=0.1  gae=6.0  ppo_xfer=8  ppo_grad=12731  total=13294
  update   230/1525  step  3,768,320  SPS   1,208  pg=-0.0098  vf=0.3621  ent=2.2115  kl=0.0079
  [phase ms/update]  rollout=561  bulk_xfer=0.1  gae=6.0  ppo_xfer=8  ppo_grad=12731  total=13306
  update   240/1525  step  3,932,160  SPS   1,208  pg=-0.0066  vf=0.4057  ent=2.2569  kl=0.0079
  [phase ms/update]  rollout=564  bulk_xfer=0.1  gae=6.0  ppo_xfer=8  ppo_grad=12734  total=13312

[eval] step 4,014,080...
  train=9.20±2.71  test=8.40±3.67  gap=0.80
[checkpoint] Saved step 4,014,080 → checkpoints/coinrun/coinrun__impala__seed3__20260520_080230/step_4014080.pt  (latest.pt updated)
  update   250/1525  step  4,096,000  SPS   1,208  pg=-0.0102  vf=0.3919  ent=2.1596  kl=0.0073
  [phase ms/update]  rollout=567  bulk_xfer=0.1  gae=5.9  ppo_xfer=8  ppo_grad=12738  total=13319
  update   260/1525  step  4,259,840  SPS   1,209  pg=-0.0075  vf=0.4581  ent=2.2631  kl=0.0055
  [phase ms/update]  rollout=562  bulk_xfer=0.1  gae=5.9  ppo_xfer=8  ppo_grad=12727  total=13303
  update   270/1525  step  4,423,680  SPS   1,210  pg=-0.0071  vf=0.5512  ent=2.1302  kl=0.0057
  [phase ms/update]  rollout=544  bulk_xfer=0.1  gae=6.0  ppo_xfer=8  ppo_grad=12733  total=13291

[eval] step 4,505,600...
  train=9.30±2.55  test=7.60±4.27  gap=1.70
[checkpoint] Saved step 4,505,600 → checkpoints/coinrun/coinrun__impala__seed3__20260520_080230/step_4505600.pt  (latest.pt updated)
  update   280/1525  step  4,587,520  SPS   1,210  pg=-0.0082  vf=0.4268  ent=2.1986  kl=0.0077
  [phase ms/update]  rollout=549  bulk_xfer=0.1  gae=5.9  ppo_xfer=8  ppo_grad=12734  total=13297
  update   290/1525  step  4,751,360  SPS   1,210  pg=-0.0107  vf=0.4251  ent=2.1731  kl=0.0063
  [phase ms/update]  rollout=545  bulk_xfer=0.1  gae=5.9  ppo_xfer=8  ppo_grad=12736  total=13296
  update   300/1525  step  4,915,200  SPS   1,211  pg=-0.0103  vf=0.3585  ent=2.1719  kl=0.0086
  [phase ms/update]  rollout=553  bulk_xfer=0.1  gae=5.8  ppo_xfer=8  ppo_grad=12730  total=13297

[eval] step 5,013,504...
  train=9.10±2.86  test=7.60±4.27  gap=1.50
[checkpoint] Saved step 5,013,504 → checkpoints/coinrun/coinrun__impala__seed3__20260520_080230/step_5013504.pt  (latest.pt updated)
  update   310/1525  step  5,079,040  SPS   1,211  pg=-0.0116  vf=0.5902  ent=2.1239  kl=0.0072
  [phase ms/update]  rollout=561  bulk_xfer=0.1  gae=6.0  ppo_xfer=8  ppo_grad=12733  total=13308
  update   320/1525  step  5,242,880  SPS   1,212  pg=-0.0131  vf=0.5035  ent=2.1444  kl=0.0088
  [phase ms/update]  rollout=566  bulk_xfer=0.1  gae=5.9  ppo_xfer=8  ppo_grad=12736  total=13316
  update   330/1525  step  5,406,720  SPS   1,212  pg=-0.0080  vf=0.3067  ent=2.1474  kl=0.0058
  [phase ms/update]  rollout=557  bulk_xfer=0.1  gae=5.9  ppo_xfer=8  ppo_grad=12736  total=13307

[eval] step 5,505,024...
  train=9.40±2.37  test=7.60±4.27  gap=1.80
[checkpoint] Saved step 5,505,024 → checkpoints/coinrun/coinrun__impala__seed3__20260520_080230/step_5505024.pt  (latest.pt updated)
  update   340/1525  step  5,570,560  SPS   1,212  pg=-0.0113  vf=0.3015  ent=2.1603  kl=0.0074
  [phase ms/update]  rollout=586  bulk_xfer=0.1  gae=6.0  ppo_xfer=8  ppo_grad=12736  total=13337
  update   350/1525  step  5,734,400  SPS   1,212  pg=-0.0115  vf=0.3666  ent=2.2315  kl=0.0069
  [phase ms/update]  rollout=565  bulk_xfer=0.1  gae=5.9  ppo_xfer=8  ppo_grad=12732  total=13311
  update   360/1525  step  5,898,240  SPS   1,213  pg=-0.0080  vf=0.4334  ent=2.1588  kl=0.0064
  [phase ms/update]  rollout=554  bulk_xfer=0.1  gae=5.9  ppo_xfer=8  ppo_grad=12720  total=13288

[eval] step 6,012,928...
  train=8.80±3.25  test=6.80±4.66  gap=2.00
[checkpoint] Saved step 6,012,928 → checkpoints/coinrun/coinrun__impala__seed3__20260520_080230/step_6012928.pt  (latest.pt updated)
  update   370/1525  step  6,062,080  SPS   1,213  pg=-0.0098  vf=0.4685  ent=2.2148  kl=0.0060
  [phase ms/update]  rollout=560  bulk_xfer=0.1  gae=5.9  ppo_xfer=8  ppo_grad=12722  total=13296
  update   380/1525  step  6,225,920  SPS   1,213  pg=-0.0119  vf=0.3234  ent=2.2617  kl=0.0085
  [phase ms/update]  rollout=543  bulk_xfer=0.1  gae=5.9  ppo_xfer=8  ppo_grad=12731  total=13288
  update   390/1525  step  6,389,760  SPS   1,214  pg=-0.0111  vf=0.3306  ent=2.2417  kl=0.0077
  [phase ms/update]  rollout=551  bulk_xfer=0.1  gae=5.9  ppo_xfer=8  ppo_grad=12735  total=13300

[eval] step 6,504,448...
  train=9.10±2.86  test=8.10±3.92  gap=1.00
[checkpoint] Saved step 6,504,448 → checkpoints/coinrun/coinrun__impala__seed3__20260520_080230/step_6504448.pt  (latest.pt updated)
  update   400/1525  step  6,553,600  SPS   1,213  pg=-0.0112  vf=0.3772  ent=2.2655  kl=0.0086
  [phase ms/update]  rollout=550  bulk_xfer=0.1  gae=5.9  ppo_xfer=8  ppo_grad=12734  total=13299
  update   410/1525  step  6,717,440  SPS   1,214  pg=-0.0142  vf=0.5489  ent=2.1084  kl=0.0094
  [phase ms/update]  rollout=563  bulk_xfer=0.1  gae=6.0  ppo_xfer=8  ppo_grad=12729  total=13306
  update   420/1525  step  6,881,280  SPS   1,214  pg=-0.0112  vf=0.4555  ent=2.1030  kl=0.0079
  [phase ms/update]  rollout=548  bulk_xfer=0.1  gae=5.9  ppo_xfer=8  ppo_grad=12729  total=13291

[eval] step 7,012,352...
  train=9.30±2.55  test=7.20±4.49  gap=2.10
[checkpoint] Saved step 7,012,352 → checkpoints/coinrun/coinrun__impala__seed3__20260520_080230/step_7012352.pt  (latest.pt updated)
  update   430/1525  step  7,045,120  SPS   1,214  pg=-0.0130  vf=0.8009  ent=1.9444  kl=0.0098
  [phase ms/update]  rollout=541  bulk_xfer=0.1  gae=5.9  ppo_xfer=8  ppo_grad=12733  total=13288
  update   440/1525  step  7,208,960  SPS   1,215  pg=-0.0112  vf=0.7551  ent=1.9383  kl=0.0076
  [phase ms/update]  rollout=535  bulk_xfer=0.1  gae=6.0  ppo_xfer=8  ppo_grad=12729  total=13278
  update   450/1525  step  7,372,800  SPS   1,215  pg=-0.0137  vf=0.4678  ent=2.0396  kl=0.0076
  [phase ms/update]  rollout=552  bulk_xfer=0.1  gae=6.1  ppo_xfer=8  ppo_grad=12723  total=13289

[eval] step 7,503,872...
  train=9.70±1.71  test=8.40±3.67  gap=1.30
[checkpoint] Saved step 7,503,872 → checkpoints/coinrun/coinrun__impala__seed3__20260520_080230/step_7503872.pt  (latest.pt updated)
  update   460/1525  step  7,536,640  SPS   1,215  pg=-0.0127  vf=0.4014  ent=2.0065  kl=0.0075
  [phase ms/update]  rollout=559  bulk_xfer=0.1  gae=6.0  ppo_xfer=8  ppo_grad=12725  total=13298
  update   470/1525  step  7,700,480  SPS   1,216  pg=-0.0132  vf=0.4435  ent=2.0890  kl=0.0084
  [phase ms/update]  rollout=532  bulk_xfer=0.1  gae=5.9  ppo_xfer=8  ppo_grad=12731  total=13277
  update   480/1525  step  7,864,320  SPS   1,216  pg=-0.0127  vf=0.4483  ent=2.0015  kl=0.0096
  [phase ms/update]  rollout=545  bulk_xfer=0.1  gae=5.9  ppo_xfer=8  ppo_grad=12732  total=13291

[eval] step 8,011,776...
  train=8.90±3.13  test=8.30±3.76  gap=0.60
[checkpoint] Saved step 8,011,776 → checkpoints/coinrun/coinrun__impala__seed3__20260520_080230/step_8011776.pt  (latest.pt updated)
  update   490/1525  step  8,028,160  SPS   1,216  pg=-0.0120  vf=0.5792  ent=1.9748  kl=0.0088
  [phase ms/update]  rollout=532  bulk_xfer=0.1  gae=5.9  ppo_xfer=8  ppo_grad=12734  total=13280
  update   500/1525  step  8,192,000  SPS   1,216  pg=-0.0131  vf=0.4227  ent=2.0802  kl=0.0062
  [phase ms/update]  rollout=562  bulk_xfer=0.1  gae=6.0  ppo_xfer=8  ppo_grad=12736  total=13312
  update   510/1525  step  8,355,840  SPS   1,217  pg=-0.0131  vf=0.5563  ent=2.1060  kl=0.0081
  [phase ms/update]  rollout=538  bulk_xfer=0.1  gae=5.9  ppo_xfer=8  ppo_grad=12732  total=13285

[eval] step 8,503,296...
  train=9.60±1.96  test=8.50±3.57  gap=1.10
[checkpoint] Saved step 8,503,296 → checkpoints/coinrun/coinrun__impala__seed3__20260520_080230/step_8503296.pt  (latest.pt updated)
  update   520/1525  step  8,519,680  SPS   1,216  pg=-0.0117  vf=0.3857  ent=2.1003  kl=0.0069
  [phase ms/update]  rollout=547  bulk_xfer=0.1  gae=6.0  ppo_xfer=8  ppo_grad=12728  total=13290
  update   530/1525  step  8,683,520  SPS   1,217  pg=-0.0134  vf=0.4186  ent=2.1157  kl=0.0085
  [phase ms/update]  rollout=551  bulk_xfer=0.1  gae=6.0  ppo_xfer=8  ppo_grad=12728  total=13292
  update   540/1525  step  8,847,360  SPS   1,217  pg=-0.0123  vf=0.3034  ent=2.0951  kl=0.0077
  [phase ms/update]  rollout=543  bulk_xfer=0.1  gae=6.0  ppo_xfer=8  ppo_grad=12737  total=13294
  update   550/1525  step  9,011,200  SPS   1,217  pg=-0.0137  vf=0.4313  ent=2.0742  kl=0.0086
  [phase ms/update]  rollout=537  bulk_xfer=0.1  gae=6.0  ppo_xfer=8  ppo_grad=12730  total=13281

[eval] step 9,011,200...
  train=9.60±1.96  test=7.20±4.49  gap=2.40
[checkpoint] Saved step 9,011,200 → checkpoints/coinrun/coinrun__impala__seed3__20260520_080230/step_9011200.pt  (latest.pt updated)
  update   560/1525  step  9,175,040  SPS   1,217  pg=-0.0135  vf=0.3718  ent=2.1030  kl=0.0069
  [phase ms/update]  rollout=551  bulk_xfer=0.1  gae=6.0  ppo_xfer=8  ppo_grad=12731  total=13296
  update   570/1525  step  9,338,880  SPS   1,218  pg=-0.0076  vf=0.4031  ent=2.1114  kl=0.0060
  [phase ms/update]  rollout=555  bulk_xfer=0.1  gae=6.0  ppo_xfer=8  ppo_grad=12736  total=13305
  update   580/1525  step  9,502,720  SPS   1,218  pg=-0.0121  vf=0.4140  ent=2.1325  kl=0.0082
  [phase ms/update]  rollout=545  bulk_xfer=0.1  gae=5.9  ppo_xfer=8  ppo_grad=12733  total=13292

[eval] step 9,502,720...
  train=9.60±1.96  test=8.60±3.47  gap=1.00
[checkpoint] Saved step 9,502,720 → checkpoints/coinrun/coinrun__impala__seed3__20260520_080230/step_9502720.pt  (latest.pt updated)
  update   590/1525  step  9,666,560  SPS   1,218  pg=-0.0127  vf=0.2423  ent=2.0843  kl=0.0091
  [phase ms/update]  rollout=538  bulk_xfer=0.1  gae=5.9  ppo_xfer=8  ppo_grad=12722  total=13274
  update   600/1525  step  9,830,400  SPS   1,218  pg=-0.0128  vf=0.3195  ent=2.1597  kl=0.0073
  [phase ms/update]  rollout=541  bulk_xfer=0.1  gae=5.9  ppo_xfer=8  ppo_grad=12724  total=13279
  update   610/1525  step  9,994,240  SPS   1,218  pg=-0.0148  vf=0.4566  ent=2.1297  kl=0.0076
  [phase ms/update]  rollout=531  bulk_xfer=0.1  gae=5.9  ppo_xfer=8  ppo_grad=12730  total=13274

[eval] step 10,010,624...
  train=9.00±3.00  test=8.10±3.92  gap=0.90
[checkpoint] Saved step 10,010,624 → checkpoints/coinrun/coinrun__impala__seed3__20260520_080230/step_10010624.pt  (latest.pt updated)
  update   620/1525  step 10,158,080  SPS   1,218  pg=-0.0141  vf=0.4399  ent=2.1861  kl=0.0099
  [phase ms/update]  rollout=538  bulk_xfer=0.1  gae=5.9  ppo_xfer=8  ppo_grad=12736  total=13287
  update   630/1525  step 10,321,920  SPS   1,218  pg=-0.0128  vf=0.3524  ent=2.0509  kl=0.0105
  [phase ms/update]  rollout=550  bulk_xfer=0.1  gae=6.1  ppo_xfer=8  ppo_grad=12734  total=13298
  update   640/1525  step 10,485,760  SPS   1,219  pg=-0.0120  vf=0.4975  ent=2.0313  kl=0.0077
  [phase ms/update]  rollout=536  bulk_xfer=0.1  gae=6.0  ppo_xfer=8  ppo_grad=12736  total=13285

[eval] step 10,502,144...
  train=9.10±2.86  test=8.40±3.67  gap=0.70
[checkpoint] Saved step 10,502,144 → checkpoints/coinrun/coinrun__impala__seed3__20260520_080230/step_10502144.pt  (latest.pt updated)
  update   650/1525  step 10,649,600  SPS   1,219  pg=-0.0153  vf=0.3209  ent=2.0863  kl=0.0102
  [phase ms/update]  rollout=535  bulk_xfer=0.1  gae=6.0  ppo_xfer=8  ppo_grad=12736  total=13285
  update   660/1525  step 10,813,440  SPS   1,219  pg=-0.0146  vf=0.3393  ent=2.1109  kl=0.0069
  [phase ms/update]  rollout=555  bulk_xfer=0.1  gae=6.0  ppo_xfer=8  ppo_grad=12726  total=13295
  update   670/1525  step 10,977,280  SPS   1,219  pg=-0.0157  vf=0.2172  ent=2.1176  kl=0.0079
  [phase ms/update]  rollout=547  bulk_xfer=0.1  gae=6.0  ppo_xfer=8  ppo_grad=12722  total=13283

[eval] step 11,010,048...
  train=9.40±2.37  test=8.40±3.67  gap=1.00
[checkpoint] Saved step 11,010,048 → checkpoints/coinrun/coinrun__impala__seed3__20260520_080230/step_11010048.pt  (latest.pt updated)
  update   680/1525  step 11,141,120  SPS   1,219  pg=-0.0109  vf=0.2850  ent=2.1670  kl=0.0091
  [phase ms/update]  rollout=538  bulk_xfer=0.1  gae=5.9  ppo_xfer=8  ppo_grad=12736  total=13288
  update   690/1525  step 11,304,960  SPS   1,219  pg=-0.0147  vf=0.3870  ent=2.1726  kl=0.0088
  [phase ms/update]  rollout=569  bulk_xfer=0.1  gae=6.0  ppo_xfer=8  ppo_grad=12733  total=13317
  update   700/1525  step 11,468,800  SPS   1,219  pg=-0.0150  vf=0.4549  ent=2.1393  kl=0.0095
  [phase ms/update]  rollout=564  bulk_xfer=0.1  gae=6.1  ppo_xfer=8  ppo_grad=12732  total=13310

[eval] step 11,501,568...
  train=9.50±2.18  test=8.50±3.57  gap=1.00
[checkpoint] Saved step 11,501,568 → checkpoints/coinrun/coinrun__impala__seed3__20260520_080230/step_11501568.pt  (latest.pt updated)
  update   710/1525  step 11,632,640  SPS   1,219  pg=-0.0132  vf=0.4049  ent=2.0301  kl=0.0092
  [phase ms/update]  rollout=531  bulk_xfer=0.1  gae=5.9  ppo_xfer=8  ppo_grad=12733  total=13278
  update   720/1525  step 11,796,480  SPS   1,219  pg=-0.0130  vf=0.3223  ent=2.0646  kl=0.0089
  [phase ms/update]  rollout=565  bulk_xfer=0.1  gae=6.0  ppo_xfer=8  ppo_grad=12720  total=13299
  update   730/1525  step 11,960,320  SPS   1,220  pg=-0.0107  vf=0.2733  ent=2.0676  kl=0.0082
  [phase ms/update]  rollout=543  bulk_xfer=0.1  gae=6.0  ppo_xfer=8  ppo_grad=12725  total=13282

[eval] step 12,009,472...
  train=9.60±1.96  test=8.60±3.47  gap=1.00
[checkpoint] Saved step 12,009,472 → checkpoints/coinrun/coinrun__impala__seed3__20260520_080230/step_12009472.pt  (latest.pt updated)
  update   740/1525  step 12,124,160  SPS   1,220  pg=-0.0133  vf=0.4615  ent=2.0728  kl=0.0072
  [phase ms/update]  rollout=535  bulk_xfer=0.1  gae=5.9  ppo_xfer=8  ppo_grad=12724  total=13273
  update   750/1525  step 12,288,000  SPS   1,220  pg=-0.0084  vf=0.3732  ent=2.0373  kl=0.0053
  [phase ms/update]  rollout=535  bulk_xfer=0.1  gae=6.0  ppo_xfer=8  ppo_grad=12729  total=13278
  update   760/1525  step 12,451,840  SPS   1,220  pg=-0.0121  vf=0.3306  ent=2.1004  kl=0.0078
  [phase ms/update]  rollout=543  bulk_xfer=0.1  gae=6.0  ppo_xfer=8  ppo_grad=12729  total=13286

[eval] step 12,500,992...
  train=9.70±1.71  test=8.20±3.84  gap=1.50
[checkpoint] Saved step 12,500,992 → checkpoints/coinrun/coinrun__impala__seed3__20260520_080230/step_12500992.pt  (latest.pt updated)
  update   770/1525  step 12,615,680  SPS   1,220  pg=-0.0111  vf=0.4097  ent=2.1035  kl=0.0081
  [phase ms/update]  rollout=541  bulk_xfer=0.1  gae=5.9  ppo_xfer=8  ppo_grad=12719  total=13274
  update   780/1525  step 12,779,520  SPS   1,220  pg=-0.0097  vf=0.4877  ent=2.0929  kl=0.0071
  [phase ms/update]  rollout=541  bulk_xfer=0.1  gae=5.9  ppo_xfer=8  ppo_grad=12736  total=13290
  update   790/1525  step 12,943,360  SPS   1,220  pg=-0.0149  vf=0.2985  ent=2.0637  kl=0.0068
  [phase ms/update]  rollout=556  bulk_xfer=0.1  gae=6.0  ppo_xfer=8  ppo_grad=12722  total=13292

[eval] step 13,008,896...
  train=9.80±1.40  test=7.90±4.07  gap=1.90
[checkpoint] Saved step 13,008,896 → checkpoints/coinrun/coinrun__impala__seed3__20260520_080230/step_13008896.pt  (latest.pt updated)
  update   800/1525  step 13,107,200  SPS   1,220  pg=-0.0123  vf=0.4999  ent=2.0961  kl=0.0061
  [phase ms/update]  rollout=543  bulk_xfer=0.1  gae=6.0  ppo_xfer=8  ppo_grad=12725  total=13281
  update   810/1525  step 13,271,040  SPS   1,220  pg=-0.0108  vf=0.5065  ent=2.0981  kl=0.0074
  [phase ms/update]  rollout=539  bulk_xfer=0.1  gae=6.0  ppo_xfer=8  ppo_grad=12719  total=13271
  update   820/1525  step 13,434,880  SPS   1,220  pg=-0.0120  vf=0.4240  ent=2.0806  kl=0.0058
  [phase ms/update]  rollout=555  bulk_xfer=0.1  gae=6.0  ppo_xfer=8  ppo_grad=12723  total=13291

[eval] step 13,500,416...
  train=9.50±2.18  test=8.40±3.67  gap=1.10
[checkpoint] Saved step 13,500,416 → checkpoints/coinrun/coinrun__impala__seed3__20260520_080230/step_13500416.pt  (latest.pt updated)
  update   830/1525  step 13,598,720  SPS   1,220  pg=-0.0145  vf=0.4613  ent=2.0122  kl=0.0063
  [phase ms/update]  rollout=536  bulk_xfer=0.1  gae=5.9  ppo_xfer=8  ppo_grad=12724  total=13274
  update   840/1525  step 13,762,560  SPS   1,221  pg=-0.0128  vf=0.2757  ent=2.0170  kl=0.0084
  [phase ms/update]  rollout=558  bulk_xfer=0.1  gae=6.0  ppo_xfer=8  ppo_grad=12731  total=13303
  update   850/1525  step 13,926,400  SPS   1,221  pg=-0.0105  vf=0.3944  ent=2.0440  kl=0.0101
  [phase ms/update]  rollout=529  bulk_xfer=0.1  gae=5.9  ppo_xfer=8  ppo_grad=12721  total=13264

[eval] step 14,008,320...
  train=9.50±2.18  test=8.20±3.84  gap=1.30
[checkpoint] Saved step 14,008,320 → checkpoints/coinrun/coinrun__impala__seed3__20260520_080230/step_14008320.pt  (latest.pt updated)
  update   860/1525  step 14,090,240  SPS   1,221  pg=-0.0137  vf=0.3637  ent=2.0733  kl=0.0097
  [phase ms/update]  rollout=547  bulk_xfer=0.1  gae=6.2  ppo_xfer=8  ppo_grad=12722  total=13283
  update   870/1525  step 14,254,080  SPS   1,221  pg=-0.0126  vf=0.2404  ent=2.1123  kl=0.0094
  [phase ms/update]  rollout=534  bulk_xfer=0.1  gae=5.9  ppo_xfer=8  ppo_grad=12730  total=13278
  update   880/1525  step 14,417,920  SPS   1,221  pg=-0.0115  vf=0.2785  ent=2.0959  kl=0.0078
  [phase ms/update]  rollout=548  bulk_xfer=0.1  gae=6.0  ppo_xfer=8  ppo_grad=12738  total=13300

[eval] step 14,516,224...
  train=9.70±1.71  test=7.90±4.07  gap=1.80
[checkpoint] Saved step 14,516,224 → checkpoints/coinrun/coinrun__impala__seed3__20260520_080230/step_14516224.pt  (latest.pt updated)
  update   890/1525  step 14,581,760  SPS   1,221  pg=-0.0119  vf=0.1764  ent=2.1674  kl=0.0095
  [phase ms/update]  rollout=558  bulk_xfer=0.1  gae=6.0  ppo_xfer=8  ppo_grad=12725  total=13297
  update   900/1525  step 14,745,600  SPS   1,221  pg=-0.0126  vf=0.3617  ent=2.0908  kl=0.0098
  [phase ms/update]  rollout=548  bulk_xfer=0.1  gae=5.9  ppo_xfer=8  ppo_grad=12725  total=13286
  update   910/1525  step 14,909,440  SPS   1,221  pg=-0.0129  vf=0.5338  ent=2.0127  kl=0.0068
  [phase ms/update]  rollout=546  bulk_xfer=0.1  gae=6.0  ppo_xfer=8  ppo_grad=12722  total=13282

[eval] step 15,007,744...
  train=9.60±1.96  test=8.60±3.47  gap=1.00
[checkpoint] Saved step 15,007,744 → checkpoints/coinrun/coinrun__impala__seed3__20260520_080230/step_15007744.pt  (latest.pt updated)
  update   920/1525  step 15,073,280  SPS   1,221  pg=-0.0121  vf=0.5261  ent=2.0827  kl=0.0042
  [phase ms/update]  rollout=546  bulk_xfer=0.1  gae=5.9  ppo_xfer=8  ppo_grad=12737  total=13297
  update   930/1525  step 15,237,120  SPS   1,221  pg=-0.0131  vf=0.3167  ent=2.0565  kl=0.0088
  [phase ms/update]  rollout=550  bulk_xfer=0.1  gae=5.9  ppo_xfer=8  ppo_grad=12728  total=13291
  update   940/1525  step 15,400,960  SPS   1,221  pg=-0.0100  vf=0.4806  ent=1.9812  kl=0.0090
  [phase ms/update]  rollout=550  bulk_xfer=0.1  gae=6.0  ppo_xfer=8  ppo_grad=12736  total=13300

[eval] step 15,515,648...
  train=9.50±2.18  test=9.00±3.00  gap=0.50
[checkpoint] Saved step 15,515,648 → checkpoints/coinrun/coinrun__impala__seed3__20260520_080230/step_15515648.pt  (latest.pt updated)
  update   950/1525  step 15,564,800  SPS   1,221  pg=-0.0125  vf=0.5437  ent=2.0875  kl=0.0068
  [phase ms/update]  rollout=554  bulk_xfer=0.1  gae=6.0  ppo_xfer=8  ppo_grad=12731  total=13299
  update   960/1525  step 15,728,640  SPS   1,221  pg=-0.0103  vf=0.4549  ent=2.0575  kl=0.0068
  [phase ms/update]  rollout=543  bulk_xfer=0.1  gae=5.9  ppo_xfer=8  ppo_grad=12739  total=13296
  update   970/1525  step 15,892,480  SPS   1,222  pg=-0.0125  vf=0.1819  ent=2.0936  kl=0.0064
  [phase ms/update]  rollout=559  bulk_xfer=0.1  gae=6.0  ppo_xfer=8  ppo_grad=12734  total=13306

[eval] step 16,007,168...
  train=9.70±1.71  test=8.40±3.67  gap=1.30
[checkpoint] Saved step 16,007,168 → checkpoints/coinrun/coinrun__impala__seed3__20260520_080230/step_16007168.pt  (latest.pt updated)
  update   980/1525  step 16,056,320  SPS   1,221  pg=-0.0146  vf=0.3653  ent=2.0745  kl=0.0083
  [phase ms/update]  rollout=534  bulk_xfer=0.1  gae=5.9  ppo_xfer=8  ppo_grad=12729  total=13277
  update   990/1525  step 16,220,160  SPS   1,222  pg=-0.0110  vf=0.3516  ent=2.0564  kl=0.0070
  [phase ms/update]  rollout=536  bulk_xfer=0.1  gae=5.9  ppo_xfer=8  ppo_grad=12727  total=13277
  update  1000/1525  step 16,384,000  SPS   1,222  pg=-0.0104  vf=0.5535  ent=2.0843  kl=0.0064
  [phase ms/update]  rollout=555  bulk_xfer=0.1  gae=6.0  ppo_xfer=8  ppo_grad=12728  total=13297

[eval] step 16,515,072...
  train=9.70±1.71  test=8.20±3.84  gap=1.50
[checkpoint] Saved step 16,515,072 → checkpoints/coinrun/coinrun__impala__seed3__20260520_080230/step_16515072.pt  (latest.pt updated)
  update  1010/1525  step 16,547,840  SPS   1,222  pg=-0.0114  vf=0.4020  ent=2.0584  kl=0.0068
  [phase ms/update]  rollout=534  bulk_xfer=0.1  gae=5.9  ppo_xfer=8  ppo_grad=12740  total=13288
  update  1020/1525  step 16,711,680  SPS   1,222  pg=-0.0116  vf=0.2851  ent=2.0832  kl=0.0123
  [phase ms/update]  rollout=542  bulk_xfer=0.1  gae=5.9  ppo_xfer=8  ppo_grad=12729  total=13285
  update  1030/1525  step 16,875,520  SPS   1,222  pg=-0.0119  vf=0.6508  ent=2.0743  kl=0.0071
  [phase ms/update]  rollout=549  bulk_xfer=0.1  gae=6.0  ppo_xfer=8  ppo_grad=12729  total=13292

[eval] step 17,006,592...
  train=9.10±2.86  test=8.20±3.84  gap=0.90
[checkpoint] Saved step 17,006,592 → checkpoints/coinrun/coinrun__impala__seed3__20260520_080230/step_17006592.pt  (latest.pt updated)
  update  1040/1525  step 17,039,360  SPS   1,222  pg=-0.0132  vf=0.3898  ent=2.0513  kl=0.0075
  [phase ms/update]  rollout=560  bulk_xfer=0.1  gae=6.0  ppo_xfer=8  ppo_grad=12729  total=13303
  update  1050/1525  step 17,203,200  SPS   1,222  pg=-0.0101  vf=0.3776  ent=2.0322  kl=0.0071
  [phase ms/update]  rollout=542  bulk_xfer=0.1  gae=5.9  ppo_xfer=8  ppo_grad=12731  total=13287
  update  1060/1525  step 17,367,040  SPS   1,222  pg=-0.0112  vf=0.3375  ent=2.0936  kl=0.0099
  [phase ms/update]  rollout=541  bulk_xfer=0.1  gae=6.0  ppo_xfer=8  ppo_grad=12738  total=13293

[eval] step 17,514,496...
  train=9.90±0.99  test=9.00±3.00  gap=0.90
[checkpoint] Saved step 17,514,496 → checkpoints/coinrun/coinrun__impala__seed3__20260520_080230/step_17514496.pt  (latest.pt updated)
  update  1070/1525  step 17,530,880  SPS   1,222  pg=-0.0128  vf=0.3366  ent=2.0502  kl=0.0076
  [phase ms/update]  rollout=558  bulk_xfer=0.1  gae=6.0  ppo_xfer=8  ppo_grad=12733  total=13305
  update  1080/1525  step 17,694,720  SPS   1,222  pg=-0.0117  vf=0.3779  ent=2.0797  kl=0.0069
  [phase ms/update]  rollout=558  bulk_xfer=0.1  gae=6.4  ppo_xfer=8  ppo_grad=12736  total=13309
  update  1090/1525  step 17,858,560  SPS   1,222  pg=-0.0104  vf=0.4776  ent=2.0910  kl=0.0050
  [phase ms/update]  rollout=561  bulk_xfer=0.1  gae=6.1  ppo_xfer=8  ppo_grad=12736  total=13311

[eval] step 18,006,016...
  train=9.70±1.71  test=8.30±3.76  gap=1.40
[checkpoint] Saved step 18,006,016 → checkpoints/coinrun/coinrun__impala__seed3__20260520_080230/step_18006016.pt  (latest.pt updated)
  update  1100/1525  step 18,022,400  SPS   1,222  pg=-0.0107  vf=0.3785  ent=2.1227  kl=0.0072
  [phase ms/update]  rollout=572  bulk_xfer=0.1  gae=6.0  ppo_xfer=8  ppo_grad=12735  total=13321
  update  1110/1525  step 18,186,240  SPS   1,222  pg=-0.0125  vf=0.4801  ent=2.0506  kl=0.0070
  [phase ms/update]  rollout=570  bulk_xfer=0.1  gae=6.0  ppo_xfer=8  ppo_grad=12734  total=13318
  update  1120/1525  step 18,350,080  SPS   1,222  pg=-0.0119  vf=0.3489  ent=2.0365  kl=0.0059
  [phase ms/update]  rollout=542  bulk_xfer=0.1  gae=6.0  ppo_xfer=8  ppo_grad=12738  total=13294
  update  1130/1525  step 18,513,920  SPS   1,222  pg=-0.0147  vf=0.3306  ent=2.0583  kl=0.0102
  [phase ms/update]  rollout=559  bulk_xfer=0.1  gae=6.1  ppo_xfer=8  ppo_grad=12736  total=13310

[eval] step 18,513,920...
  train=9.50±2.18  test=9.10±2.86  gap=0.40
[checkpoint] Saved step 18,513,920 → checkpoints/coinrun/coinrun__impala__seed3__20260520_080230/step_18513920.pt  (latest.pt updated)
  update  1140/1525  step 18,677,760  SPS   1,222  pg=-0.0117  vf=0.5643  ent=2.0512  kl=0.0062
  [phase ms/update]  rollout=566  bulk_xfer=0.1  gae=6.1  ppo_xfer=8  ppo_grad=12737  total=13317
  update  1150/1525  step 18,841,600  SPS   1,222  pg=-0.0119  vf=0.3125  ent=2.0255  kl=0.0084
  [phase ms/update]  rollout=572  bulk_xfer=0.1  gae=6.1  ppo_xfer=8  ppo_grad=12734  total=13320
  update  1160/1525  step 19,005,440  SPS   1,222  pg=-0.0158  vf=0.4281  ent=2.0662  kl=0.0084
  [phase ms/update]  rollout=552  bulk_xfer=0.1  gae=6.6  ppo_xfer=8  ppo_grad=12721  total=13288

[eval] step 19,005,440...
  train=9.70±1.71  test=8.30±3.76  gap=1.40
[checkpoint] Saved step 19,005,440 → checkpoints/coinrun/coinrun__impala__seed3__20260520_080230/step_19005440.pt  (latest.pt updated)
  update  1170/1525  step 19,169,280  SPS   1,222  pg=-0.0101  vf=0.4545  ent=2.0358  kl=0.0076
  [phase ms/update]  rollout=533  bulk_xfer=0.1  gae=5.9  ppo_xfer=8  ppo_grad=12723  total=13270
  update  1180/1525  step 19,333,120  SPS   1,222  pg=-0.0143  vf=0.1646  ent=2.0431  kl=0.0113
  [phase ms/update]  rollout=537  bulk_xfer=0.1  gae=5.9  ppo_xfer=8  ppo_grad=12720  total=13271
  update  1190/1525  step 19,496,960  SPS   1,223  pg=-0.0134  vf=0.3018  ent=2.1362  kl=0.0078
  [phase ms/update]  rollout=541  bulk_xfer=0.1  gae=5.9  ppo_xfer=8  ppo_grad=12727  total=13281

[eval] step 19,513,344...
  train=9.70±1.71  test=8.50±3.57  gap=1.20
[checkpoint] Saved step 19,513,344 → checkpoints/coinrun/coinrun__impala__seed3__20260520_080230/step_19513344.pt  (latest.pt updated)
  update  1200/1525  step 19,660,800  SPS   1,222  pg=-0.0121  vf=0.2563  ent=2.0804  kl=0.0082
  [phase ms/update]  rollout=546  bulk_xfer=0.1  gae=5.9  ppo_xfer=8  ppo_grad=12733  total=13294
  update  1210/1525  step 19,824,640  SPS   1,223  pg=-0.0118  vf=0.3669  ent=2.0188  kl=0.0064
  [phase ms/update]  rollout=542  bulk_xfer=0.1  gae=6.0  ppo_xfer=8  ppo_grad=12734  total=13291
  update  1220/1525  step 19,988,480  SPS   1,223  pg=-0.0105  vf=0.2841  ent=2.0532  kl=0.0089
  [phase ms/update]  rollout=566  bulk_xfer=0.1  gae=6.1  ppo_xfer=8  ppo_grad=12731  total=13312

[eval] step 20,004,864...
  train=9.70±1.71  test=8.60±3.47  gap=1.10
[checkpoint] Saved step 20,004,864 → checkpoints/coinrun/coinrun__impala__seed3__20260520_080230/step_20004864.pt  (latest.pt updated)
  update  1230/1525  step 20,152,320  SPS   1,223  pg=-0.0134  vf=0.3932  ent=1.9971  kl=0.0086
  [phase ms/update]  rollout=544  bulk_xfer=0.1  gae=6.0  ppo_xfer=8  ppo_grad=12731  total=13289
  update  1240/1525  step 20,316,160  SPS   1,223  pg=-0.0102  vf=0.2976  ent=2.0149  kl=0.0078
  [phase ms/update]  rollout=542  bulk_xfer=0.1  gae=6.0  ppo_xfer=8  ppo_grad=12727  total=13283
  update  1250/1525  step 20,480,000  SPS   1,223  pg=-0.0128  vf=0.3074  ent=1.9810  kl=0.0072
  [phase ms/update]  rollout=530  bulk_xfer=0.1  gae=5.9  ppo_xfer=8  ppo_grad=12725  total=13269

[eval] step 20,512,768...
  train=9.40±2.37  test=8.70±3.36  gap=0.70
[checkpoint] Saved step 20,512,768 → checkpoints/coinrun/coinrun__impala__seed3__20260520_080230/step_20512768.pt  (latest.pt updated)
  update  1260/1525  step 20,643,840  SPS   1,223  pg=-0.0118  vf=0.3325  ent=2.0039  kl=0.0072
  [phase ms/update]  rollout=527  bulk_xfer=0.1  gae=5.9  ppo_xfer=8  ppo_grad=12712  total=13253
  update  1270/1525  step 20,807,680  SPS   1,223  pg=-0.0117  vf=0.3862  ent=1.9901  kl=0.0069
  [phase ms/update]  rollout=538  bulk_xfer=0.1  gae=6.0  ppo_xfer=8  ppo_grad=12722  total=13274
  update  1280/1525  step 20,971,520  SPS   1,223  pg=-0.0110  vf=0.3926  ent=1.9902  kl=0.0061
  [phase ms/update]  rollout=565  bulk_xfer=0.1  gae=6.0  ppo_xfer=8  ppo_grad=12734  total=13313

[eval] step 21,004,288...
  train=9.60±1.96  test=8.70±3.36  gap=0.90
[checkpoint] Saved step 21,004,288 → checkpoints/coinrun/coinrun__impala__seed3__20260520_080230/step_21004288.pt  (latest.pt updated)
  update  1290/1525  step 21,135,360  SPS   1,223  pg=-0.0124  vf=0.2216  ent=2.0350  kl=0.0088
  [phase ms/update]  rollout=545  bulk_xfer=0.1  gae=6.0  ppo_xfer=8  ppo_grad=12731  total=13290
  update  1300/1525  step 21,299,200  SPS   1,223  pg=-0.0106  vf=0.3862  ent=1.9740  kl=0.0076
  [phase ms/update]  rollout=534  bulk_xfer=0.1  gae=5.9  ppo_xfer=8  ppo_grad=12723  total=13271
  update  1310/1525  step 21,463,040  SPS   1,223  pg=-0.0127  vf=0.2297  ent=1.9542  kl=0.0105
  [phase ms/update]  rollout=549  bulk_xfer=0.1  gae=6.0  ppo_xfer=8  ppo_grad=12735  total=13298

[eval] step 21,512,192...
  train=9.80±1.40  test=8.80±3.25  gap=1.00
[checkpoint] Saved step 21,512,192 → checkpoints/coinrun/coinrun__impala__seed3__20260520_080230/step_21512192.pt  (latest.pt updated)
  update  1320/1525  step 21,626,880  SPS   1,223  pg=-0.0126  vf=0.3270  ent=1.9659  kl=0.0090
  [phase ms/update]  rollout=552  bulk_xfer=0.1  gae=6.0  ppo_xfer=8  ppo_grad=12723  total=13289
  update  1330/1525  step 21,790,720  SPS   1,223  pg=-0.0118  vf=0.3920  ent=2.0427  kl=0.0067
  [phase ms/update]  rollout=556  bulk_xfer=0.1  gae=6.0  ppo_xfer=8  ppo_grad=12728  total=13298
  update  1340/1525  step 21,954,560  SPS   1,223  pg=-0.0123  vf=0.3768  ent=1.9777  kl=0.0087
  [phase ms/update]  rollout=545  bulk_xfer=0.1  gae=5.9  ppo_xfer=8  ppo_grad=12731  total=13290

[eval] step 22,003,712...
  train=9.80±1.40  test=8.70±3.36  gap=1.10
[checkpoint] Saved step 22,003,712 → checkpoints/coinrun/coinrun__impala__seed3__20260520_080230/step_22003712.pt  (latest.pt updated)
  update  1350/1525  step 22,118,400  SPS   1,223  pg=-0.0116  vf=0.2594  ent=1.9756  kl=0.0083
  [phase ms/update]  rollout=556  bulk_xfer=0.1  gae=5.9  ppo_xfer=8  ppo_grad=12725  total=13295
  update  1360/1525  step 22,282,240  SPS   1,223  pg=-0.0124  vf=0.3909  ent=2.0402  kl=0.0059
  [phase ms/update]  rollout=548  bulk_xfer=0.1  gae=6.0  ppo_xfer=8  ppo_grad=12729  total=13290
  update  1370/1525  step 22,446,080  SPS   1,223  pg=-0.0119  vf=0.2228  ent=2.0593  kl=0.0073
  [phase ms/update]  rollout=544  bulk_xfer=0.1  gae=6.0  ppo_xfer=8  ppo_grad=12733  total=13292

[eval] step 22,511,616...
  train=9.50±2.18  test=8.90±3.13  gap=0.60
[checkpoint] Saved step 22,511,616 → checkpoints/coinrun/coinrun__impala__seed3__20260520_080230/step_22511616.pt  (latest.pt updated)
  update  1380/1525  step 22,609,920  SPS   1,223  pg=-0.0123  vf=0.4737  ent=2.0679  kl=0.0063
  [phase ms/update]  rollout=555  bulk_xfer=0.1  gae=6.0  ppo_xfer=8  ppo_grad=12722  total=13291
  update  1390/1525  step 22,773,760  SPS   1,223  pg=-0.0115  vf=0.4150  ent=2.0663  kl=0.0049
  [phase ms/update]  rollout=545  bulk_xfer=0.1  gae=6.0  ppo_xfer=8  ppo_grad=12735  total=13294
  update  1400/1525  step 22,937,600  SPS   1,223  pg=-0.0119  vf=0.3407  ent=2.0841  kl=0.0054
  [phase ms/update]  rollout=557  bulk_xfer=0.1  gae=6.0  ppo_xfer=8  ppo_grad=12721  total=13293

[eval] step 23,003,136...
  train=9.40±2.37  test=8.60±3.47  gap=0.80
[checkpoint] Saved step 23,003,136 → checkpoints/coinrun/coinrun__impala__seed3__20260520_080230/step_23003136.pt  (latest.pt updated)
  update  1410/1525  step 23,101,440  SPS   1,223  pg=-0.0131  vf=0.1533  ent=2.1351  kl=0.0078
  [phase ms/update]  rollout=556  bulk_xfer=0.1  gae=6.0  ppo_xfer=8  ppo_grad=12730  total=13300
  update  1420/1525  step 23,265,280  SPS   1,223  pg=-0.0124  vf=0.1510  ent=2.0960  kl=0.0100
  [phase ms/update]  rollout=537  bulk_xfer=0.1  gae=6.0  ppo_xfer=8  ppo_grad=12723  total=13274
  update  1430/1525  step 23,429,120  SPS   1,223  pg=-0.0110  vf=0.4317  ent=1.9930  kl=0.0088
  [phase ms/update]  rollout=540  bulk_xfer=0.1  gae=5.9  ppo_xfer=8  ppo_grad=12717  total=13271

[eval] step 23,511,040...
  train=9.60±1.96  test=9.10±2.86  gap=0.50
[checkpoint] Saved step 23,511,040 → checkpoints/coinrun/coinrun__impala__seed3__20260520_080230/step_23511040.pt  (latest.pt updated)
  update  1440/1525  step 23,592,960  SPS   1,223  pg=-0.0121  vf=0.1974  ent=1.9680  kl=0.0113
  [phase ms/update]  rollout=552  bulk_xfer=0.1  gae=6.0  ppo_xfer=8  ppo_grad=12721  total=13287
  update  1450/1525  step 23,756,800  SPS   1,223  pg=-0.0129  vf=0.3333  ent=2.0282  kl=0.0074
  [phase ms/update]  rollout=529  bulk_xfer=0.1  gae=5.9  ppo_xfer=8  ppo_grad=12721  total=13263
  update  1460/1525  step 23,920,640  SPS   1,223  pg=-0.0113  vf=0.2970  ent=1.9749  kl=0.0069
  [phase ms/update]  rollout=552  bulk_xfer=0.1  gae=6.0  ppo_xfer=8  ppo_grad=12719  total=13284

[eval] step 24,002,560...
  train=9.60±1.96  test=8.50±3.57  gap=1.10
[checkpoint] Saved step 24,002,560 → checkpoints/coinrun/coinrun__impala__seed3__20260520_080230/step_24002560.pt  (latest.pt updated)
  update  1470/1525  step 24,084,480  SPS   1,223  pg=-0.0117  vf=0.3205  ent=2.0513  kl=0.0077
  [phase ms/update]  rollout=541  bulk_xfer=0.1  gae=5.9  ppo_xfer=8  ppo_grad=12725  total=13280
  update  1480/1525  step 24,248,320  SPS   1,223  pg=-0.0124  vf=0.4698  ent=2.0344  kl=0.0070
  [phase ms/update]  rollout=556  bulk_xfer=0.1  gae=6.0  ppo_xfer=8  ppo_grad=12732  total=13302
  update  1490/1525  step 24,412,160  SPS   1,224  pg=-0.0122  vf=0.3205  ent=2.0381  kl=0.0083
  [phase ms/update]  rollout=544  bulk_xfer=0.1  gae=6.0  ppo_xfer=8  ppo_grad=12730  total=13288

[eval] step 24,510,464...
  train=9.70±1.71  test=8.80±3.25  gap=0.90
[checkpoint] Saved step 24,510,464 → checkpoints/coinrun/coinrun__impala__seed3__20260520_080230/step_24510464.pt  (latest.pt updated)
  update  1500/1525  step 24,576,000  SPS   1,223  pg=-0.0133  vf=0.3793  ent=2.0052  kl=0.0098
  [phase ms/update]  rollout=541  bulk_xfer=0.1  gae=5.9  ppo_xfer=8  ppo_grad=12721  total=13276
  update  1510/1525  step 24,739,840  SPS   1,224  pg=-0.0119  vf=0.2857  ent=2.0432  kl=0.0103
  [phase ms/update]  rollout=563  bulk_xfer=0.1  gae=6.1  ppo_xfer=8  ppo_grad=12735  total=13312
  update  1520/1525  step 24,903,680  SPS   1,224  pg=-0.0109  vf=0.3500  ent=2.0915  kl=0.0078
  [phase ms/update]  rollout=546  bulk_xfer=0.1  gae=6.0  ppo_xfer=8  ppo_grad=12730  total=13290
[checkpoint] Saved step 24,985,600 → checkpoints/coinrun/coinrun__impala__seed3__20260520_080230/step_24985600_final.pt  (latest.pt updated)

[done] Training complete.

[final eval]

=================================================================
  coinrun | none+uniform | seed=3
  train=9.50  test=9.00  gap=0.50
  expected=[8.5,9.5]  PASS
=================================================================

wandb: updating run metadata
wandb: uploading output.log; uploading wandb-summary.json; uploading config.yaml
wandb: uploading history steps 1523-1524, summary, console lines 513-523
wandb: 
wandb: Run history:
wandb:                            charts/SPS ▁▅▇▇████████████████████████████████████
wandb:     charts/episodic_return_normalised ▁▂▂▂▃▅▅▆▄▅▆▆▇█▇█▇▇█▇▇▇▆▇▇▇▇▇▆▆▇▆▆▆▆▆▆▆▆▆
wandb: charts/episodic_return_normalised_std █▅▄▅▃▆▇▇█▇▆▅▅▅▅▃▅▅▄▄▄▃▄▂▄▅▃▂▃▂▃▂▃▃▃▃▁▂▂▂
wandb:                  charts/learning_rate ▁▁▁▁▁▁▁▁▁▁▁▁▁▁▁▁▁▁▁▁▁▁▁▁▁▁▁▁▁▁▁▁▁▁▁▁▁▁▁▁
wandb:               eval/generalization_gap ▅▁▄▅▆▆▃▇▆▇▄█▅▃▅▄▄▃▄▄▆▇▅▅▇▂▅▆▄▆▆▅▅▃▄▅▃▃▂▄
wandb:                      eval/test_return ▁▆▅▅▄▇▅▅▅▃▄▇▆▇▄▆▇▇▇▇▆▇▆▆▇▇▆▆█▆▆▇▇▇▇▇█▇█▇
wandb:                  eval/test_return_std █▅▅▆▆▆▄▆▆▇▆▄▄▃▆▅▄▄▃▃▅▄▄▅▃▄▄▄▁▄▄▃▃▃▃▃▂▃▁▂
wandb:                     eval/train_return ▁▄▅▅▆▆▆▇▆▇▆▇█▆▇▇▆▆▇▇██▇▇█▇█▆█████▇▇█▇▇▇█
wandb:                 eval/train_return_std █▇▅▅▅▄▄▄▅▄▅▄▂▅▃▃▅▅▄▃▂▂▃▃▂▃▂▂▅▁▃▂▂▂▄▂▂▃▄▃
wandb:                      losses/approx_kl ▁▂▃▆▅▆▃▂▃▄▄▆▆▇▆▆▅▄█▇▄▆▃▅▅▄▇▆▄▅▆▂▅█▆▃▅▃▄█
wandb:                                    +6 ...
wandb: 
wandb: Run summary:
wandb:                            charts/SPS 1223.61132
wandb:     charts/episodic_return_normalised 10.87245
wandb: charts/episodic_return_normalised_std 1.33831
wandb:                  charts/learning_rate 0.0005
wandb:               eval/generalization_gap 0.9
wandb:                      eval/test_return 8.8
wandb:                  eval/test_return_std 3.24962
wandb:                     eval/train_return 9.7
wandb:                 eval/train_return_std 1.70587
wandb:                      losses/approx_kl 0.00892
wandb:                                    +6 ...
wandb: 
wandb: 🚀 View run coinrun__impala__seed3__20260520_080230 at: https://wandb.ai/staanagnostou-/thesis-rl-baselines/runs/galsrjc8
wandb: ⭐️ View project at: https://wandb.ai/staanagnostou-/thesis-rl-baselines
wandb: Synced 6 W&B file(s), 0 media file(s), 0 artifact file(s) and 0 other file(s)
wandb: Find logs at: ./wandb/run-20260520_080231-galsrjc8/logs
