[device] GPU detected:   (24.0 GB VRAM)
[device] Backend: NVIDIA CUDA
wandb: [wandb.login()] Loaded credentials for https://api.wandb.ai from WANDB_API_KEY.
wandb: Currently logged in as: stayrosanang (staanagnostou-) to https://api.wandb.ai. Use `wandb login --relogin` to force relogin
wandb: setting up run mriewiib
wandb: Tracking run with wandb version 0.26.1
wandb: Run data is saved locally in /workspace/wandb/run-20260519_033817-mriewiib
wandb: Run `wandb offline` to turn off syncing.
wandb: Syncing run bigfish__impala__seed1__20260519_033817
wandb: ⭐️ View project at https://wandb.ai/staanagnostou-/thesis-rl-baselines
wandb: 🚀 View run at https://wandb.ai/staanagnostou-/thesis-rl-baselines/runs/mriewiib
[wandb] Run ID: mriewiib  tags=['none', 'bigfish', 'seed_1', 'impala']
[env] bigfish  64 envs  200 levels  mode=easy  backend=auto
[env] obs_space=(64, 64, 3)  num_actions=15
[model] torch.compile applied (mode=reduce-overhead)
[model] IMPALA-CNN  params=626,256

=================================================================
  Starting PPO  |  env=bigfish  aug=none  lvl=uniform
  total_steps=25,000,000  updates=1,525  device=cuda
=================================================================

  update     1/1525  step     16,384  SPS     308  pg=-0.0005  vf=0.3975  ent=2.7079  kl=0.0002
  [phase ms/update]  rollout=1545  bulk_xfer=0.1  gae=5.9  ppo_xfer=26  ppo_grad=51679  total=53256
  update    10/1525  step    163,840  SPS     950  pg=-0.0018  vf=0.0569  ent=2.6588  kl=0.0031
  [phase ms/update]  rollout=497  bulk_xfer=0.1  gae=5.9  ppo_xfer=8  ppo_grad=12730  total=13241
  update    20/1525  step    327,680  SPS   1,075  pg=-0.0071  vf=0.0438  ent=2.6366  kl=0.0046
  [phase ms/update]  rollout=503  bulk_xfer=0.1  gae=6.0  ppo_xfer=8  ppo_grad=12725  total=13242
  update    30/1525  step    491,520  SPS   1,124  pg=-0.0130  vf=0.0449  ent=2.5774  kl=0.0061
  [phase ms/update]  rollout=524  bulk_xfer=0.1  gae=6.1  ppo_xfer=8  ppo_grad=12719  total=13257

[eval] step 507,904...
  train=1.18±1.49  test=0.86±1.17  gap=0.32
[checkpoint] Saved step 507,904 → checkpoints/bigfish/bigfish__impala__seed1__20260519_033817/step_507904.pt  (latest.pt updated)
  update    40/1525  step    655,360  SPS   1,144  pg=-0.0186  vf=0.0444  ent=2.5178  kl=0.0081
  [phase ms/update]  rollout=512  bulk_xfer=0.1  gae=6.0  ppo_xfer=8  ppo_grad=12713  total=13240
  update    50/1525  step    819,200  SPS   1,162  pg=-0.0182  vf=0.0428  ent=2.4366  kl=0.0092
  [phase ms/update]  rollout=501  bulk_xfer=0.1  gae=5.9  ppo_xfer=8  ppo_grad=12730  total=13245
  update    60/1525  step    983,040  SPS   1,173  pg=-0.0239  vf=0.0350  ent=2.3421  kl=0.0104
  [phase ms/update]  rollout=507  bulk_xfer=0.1  gae=5.9  ppo_xfer=8  ppo_grad=12722  total=13243

[eval] step 1,015,808...
  train=1.52±1.87  test=1.16±1.55  gap=0.36
[checkpoint] Saved step 1,015,808 → checkpoints/bigfish/bigfish__impala__seed1__20260519_033817/step_1015808.pt  (latest.pt updated)
  update    70/1525  step  1,146,880  SPS   1,178  pg=-0.0246  vf=0.0309  ent=2.3222  kl=0.0111
  [phase ms/update]  rollout=516  bulk_xfer=0.1  gae=6.0  ppo_xfer=8  ppo_grad=12714  total=13244
  update    80/1525  step  1,310,720  SPS   1,185  pg=-0.0243  vf=0.0331  ent=2.2985  kl=0.0102
  [phase ms/update]  rollout=502  bulk_xfer=0.1  gae=5.9  ppo_xfer=8  ppo_grad=12718  total=13234
  update    90/1525  step  1,474,560  SPS   1,191  pg=-0.0271  vf=0.0310  ent=2.2420  kl=0.0104
  [phase ms/update]  rollout=502  bulk_xfer=0.1  gae=5.9  ppo_xfer=8  ppo_grad=12719  total=13235

[eval] step 1,507,328...
  train=1.44±1.56  test=0.98±1.44  gap=0.46
[checkpoint] Saved step 1,507,328 → checkpoints/bigfish/bigfish__impala__seed1__20260519_033817/step_1507328.pt  (latest.pt updated)
  update   100/1525  step  1,638,400  SPS   1,192  pg=-0.0297  vf=0.0397  ent=2.1558  kl=0.0132
  [phase ms/update]  rollout=505  bulk_xfer=0.1  gae=5.9  ppo_xfer=8  ppo_grad=12731  total=13251
  update   110/1525  step  1,802,240  SPS   1,196  pg=-0.0291  vf=0.0334  ent=2.1635  kl=0.0135
  [phase ms/update]  rollout=506  bulk_xfer=0.1  gae=6.0  ppo_xfer=8  ppo_grad=12722  total=13242
  update   120/1525  step  1,966,080  SPS   1,200  pg=-0.0286  vf=0.0332  ent=2.1524  kl=0.0126
  [phase ms/update]  rollout=504  bulk_xfer=0.1  gae=5.9  ppo_xfer=8  ppo_grad=12728  total=13246

[eval] step 2,015,232...
  train=1.92±2.35  test=0.90±1.20  gap=1.02
[checkpoint] Saved step 2,015,232 → checkpoints/bigfish/bigfish__impala__seed1__20260519_033817/step_2015232.pt  (latest.pt updated)
  update   130/1525  step  2,129,920  SPS   1,200  pg=-0.0321  vf=0.0328  ent=2.1488  kl=0.0130
  [phase ms/update]  rollout=519  bulk_xfer=0.1  gae=6.1  ppo_xfer=8  ppo_grad=12713  total=13246
  update   140/1525  step  2,293,760  SPS   1,203  pg=-0.0294  vf=0.0319  ent=2.1719  kl=0.0148
  [phase ms/update]  rollout=517  bulk_xfer=0.1  gae=6.0  ppo_xfer=8  ppo_grad=12714  total=13245
  update   150/1525  step  2,457,600  SPS   1,205  pg=-0.0341  vf=0.0311  ent=2.1534  kl=0.0135
  [phase ms/update]  rollout=504  bulk_xfer=0.1  gae=6.0  ppo_xfer=8  ppo_grad=12723  total=13240

[eval] step 2,506,752...
  train=1.82±2.17  test=1.10±1.28  gap=0.72
[checkpoint] Saved step 2,506,752 → checkpoints/bigfish/bigfish__impala__seed1__20260519_033817/step_2506752.pt  (latest.pt updated)
  update   160/1525  step  2,621,440  SPS   1,205  pg=-0.0322  vf=0.0350  ent=2.1309  kl=0.0150
  [phase ms/update]  rollout=503  bulk_xfer=0.1  gae=6.0  ppo_xfer=8  ppo_grad=12727  total=13244
  update   170/1525  step  2,785,280  SPS   1,207  pg=-0.0323  vf=0.0262  ent=2.1304  kl=0.0144
  [phase ms/update]  rollout=517  bulk_xfer=0.1  gae=5.9  ppo_xfer=8  ppo_grad=12719  total=13250
  update   180/1525  step  2,949,120  SPS   1,208  pg=-0.0345  vf=0.0327  ent=2.0635  kl=0.0155
  [phase ms/update]  rollout=504  bulk_xfer=0.1  gae=5.9  ppo_xfer=8  ppo_grad=12716  total=13233

[eval] step 3,014,656...
  train=1.53±1.89  test=1.11±1.44  gap=0.42
[checkpoint] Saved step 3,014,656 → checkpoints/bigfish/bigfish__impala__seed1__20260519_033817/step_3014656.pt  (latest.pt updated)
  update   190/1525  step  3,112,960  SPS   1,209  pg=-0.0340  vf=0.0297  ent=1.9769  kl=0.0162
  [phase ms/update]  rollout=507  bulk_xfer=0.1  gae=5.9  ppo_xfer=8  ppo_grad=12716  total=13237
  update   200/1525  step  3,276,800  SPS   1,210  pg=-0.0332  vf=0.0344  ent=1.9347  kl=0.0175
  [phase ms/update]  rollout=510  bulk_xfer=0.1  gae=6.0  ppo_xfer=8  ppo_grad=12717  total=13240
  update   210/1525  step  3,440,640  SPS   1,211  pg=-0.0330  vf=0.0306  ent=1.9184  kl=0.0167
  [phase ms/update]  rollout=499  bulk_xfer=0.1  gae=5.9  ppo_xfer=8  ppo_grad=12716  total=13229

[eval] step 3,506,176...
  train=1.74±2.01  test=1.24±1.74  gap=0.50
[checkpoint] Saved step 3,506,176 → checkpoints/bigfish/bigfish__impala__seed1__20260519_033817/step_3506176.pt  (latest.pt updated)
  update   220/1525  step  3,604,480  SPS   1,211  pg=-0.0328  vf=0.0318  ent=1.9466  kl=0.0167
  [phase ms/update]  rollout=524  bulk_xfer=0.1  gae=6.1  ppo_xfer=8  ppo_grad=12728  total=13266
  update   230/1525  step  3,768,320  SPS   1,212  pg=-0.0342  vf=0.0355  ent=1.9533  kl=0.0162
  [phase ms/update]  rollout=504  bulk_xfer=0.1  gae=6.0  ppo_xfer=8  ppo_grad=12723  total=13242
  update   240/1525  step  3,932,160  SPS   1,213  pg=-0.0349  vf=0.0396  ent=1.9646  kl=0.0158
  [phase ms/update]  rollout=505  bulk_xfer=0.1  gae=6.0  ppo_xfer=8  ppo_grad=12715  total=13234

[eval] step 4,014,080...
  train=1.89±1.99  test=1.20±1.83  gap=0.69
[checkpoint] Saved step 4,014,080 → checkpoints/bigfish/bigfish__impala__seed1__20260519_033817/step_4014080.pt  (latest.pt updated)
  update   250/1525  step  4,096,000  SPS   1,213  pg=-0.0321  vf=0.0376  ent=1.9433  kl=0.0165
  [phase ms/update]  rollout=505  bulk_xfer=0.1  gae=5.9  ppo_xfer=8  ppo_grad=12722  total=13240
  update   260/1525  step  4,259,840  SPS   1,214  pg=-0.0308  vf=0.0370  ent=1.9312  kl=0.0159
  [phase ms/update]  rollout=514  bulk_xfer=0.1  gae=6.0  ppo_xfer=8  ppo_grad=12714  total=13242
  update   270/1525  step  4,423,680  SPS   1,215  pg=-0.0359  vf=0.0343  ent=1.9214  kl=0.0166
  [phase ms/update]  rollout=509  bulk_xfer=0.1  gae=6.0  ppo_xfer=8  ppo_grad=12715  total=13238

[eval] step 4,505,600...
  train=1.92±2.06  test=1.15±1.55  gap=0.77
[checkpoint] Saved step 4,505,600 → checkpoints/bigfish/bigfish__impala__seed1__20260519_033817/step_4505600.pt  (latest.pt updated)
  update   280/1525  step  4,587,520  SPS   1,214  pg=-0.0349  vf=0.0277  ent=1.8509  kl=0.0179
  [phase ms/update]  rollout=504  bulk_xfer=0.1  gae=6.0  ppo_xfer=8  ppo_grad=12716  total=13234
  update   290/1525  step  4,751,360  SPS   1,215  pg=-0.0357  vf=0.0313  ent=1.8140  kl=0.0186
  [phase ms/update]  rollout=506  bulk_xfer=0.1  gae=6.0  ppo_xfer=8  ppo_grad=12714  total=13234
  update   300/1525  step  4,915,200  SPS   1,216  pg=-0.0339  vf=0.0336  ent=1.8096  kl=0.0190
  [phase ms/update]  rollout=499  bulk_xfer=0.1  gae=5.9  ppo_xfer=8  ppo_grad=12714  total=13227

[eval] step 5,013,504...
  train=1.98±1.92  test=1.11±1.65  gap=0.87
[checkpoint] Saved step 5,013,504 → checkpoints/bigfish/bigfish__impala__seed1__20260519_033817/step_5013504.pt  (latest.pt updated)
  update   310/1525  step  5,079,040  SPS   1,216  pg=-0.0338  vf=0.0306  ent=1.8313  kl=0.0178
  [phase ms/update]  rollout=507  bulk_xfer=0.1  gae=5.9  ppo_xfer=8  ppo_grad=12716  total=13236
  update   320/1525  step  5,242,880  SPS   1,216  pg=-0.0354  vf=0.0329  ent=1.9035  kl=0.0172
  [phase ms/update]  rollout=508  bulk_xfer=0.1  gae=6.0  ppo_xfer=8  ppo_grad=12717  total=13239
  update   330/1525  step  5,406,720  SPS   1,217  pg=-0.0366  vf=0.0283  ent=1.9784  kl=0.0174
  [phase ms/update]  rollout=506  bulk_xfer=0.1  gae=6.0  ppo_xfer=8  ppo_grad=12717  total=13237

[eval] step 5,505,024...
  train=1.96±2.12  test=1.05±1.47  gap=0.91
[checkpoint] Saved step 5,505,024 → checkpoints/bigfish/bigfish__impala__seed1__20260519_033817/step_5505024.pt  (latest.pt updated)
  update   340/1525  step  5,570,560  SPS   1,217  pg=-0.0354  vf=0.0310  ent=1.8343  kl=0.0183
  [phase ms/update]  rollout=504  bulk_xfer=0.1  gae=6.0  ppo_xfer=8  ppo_grad=12718  total=13236
  update   350/1525  step  5,734,400  SPS   1,217  pg=-0.0323  vf=0.0354  ent=1.8426  kl=0.0179
  [phase ms/update]  rollout=519  bulk_xfer=0.1  gae=6.0  ppo_xfer=8  ppo_grad=12720  total=13253
  update   360/1525  step  5,898,240  SPS   1,218  pg=-0.0342  vf=0.0283  ent=1.7700  kl=0.0213
  [phase ms/update]  rollout=514  bulk_xfer=0.1  gae=6.0  ppo_xfer=8  ppo_grad=12718  total=13246

[eval] step 6,012,928...
  train=2.04±2.28  test=0.93±1.27  gap=1.11
[checkpoint] Saved step 6,012,928 → checkpoints/bigfish/bigfish__impala__seed1__20260519_033817/step_6012928.pt  (latest.pt updated)
  update   370/1525  step  6,062,080  SPS   1,218  pg=-0.0367  vf=0.0297  ent=1.7971  kl=0.0190
  [phase ms/update]  rollout=501  bulk_xfer=0.1  gae=6.0  ppo_xfer=8  ppo_grad=12718  total=13233
  update   380/1525  step  6,225,920  SPS   1,218  pg=-0.0344  vf=0.0294  ent=1.7831  kl=0.0204
  [phase ms/update]  rollout=516  bulk_xfer=0.1  gae=6.0  ppo_xfer=8  ppo_grad=12717  total=13247
  update   390/1525  step  6,389,760  SPS   1,218  pg=-0.0368  vf=0.0326  ent=1.7699  kl=0.0198
  [phase ms/update]  rollout=517  bulk_xfer=0.1  gae=6.0  ppo_xfer=8  ppo_grad=12719  total=13251

[eval] step 6,504,448...
  train=1.75±1.89  test=1.17±1.71  gap=0.58
[checkpoint] Saved step 6,504,448 → checkpoints/bigfish/bigfish__impala__seed1__20260519_033817/step_6504448.pt  (latest.pt updated)
  update   400/1525  step  6,553,600  SPS   1,218  pg=-0.0361  vf=0.0300  ent=1.7788  kl=0.0208
  [phase ms/update]  rollout=509  bulk_xfer=0.1  gae=6.0  ppo_xfer=8  ppo_grad=12721  total=13244
  update   410/1525  step  6,717,440  SPS   1,219  pg=-0.0328  vf=0.0384  ent=1.7170  kl=0.0210
  [phase ms/update]  rollout=499  bulk_xfer=0.1  gae=5.9  ppo_xfer=8  ppo_grad=12723  total=13236
  update   420/1525  step  6,881,280  SPS   1,219  pg=-0.0346  vf=0.0327  ent=1.7352  kl=0.0208
  [phase ms/update]  rollout=511  bulk_xfer=0.1  gae=6.0  ppo_xfer=8  ppo_grad=12716  total=13241

[eval] step 7,012,352...
  train=2.25±2.43  test=1.29±1.61  gap=0.96
[checkpoint] Saved step 7,012,352 → checkpoints/bigfish/bigfish__impala__seed1__20260519_033817/step_7012352.pt  (latest.pt updated)
  update   430/1525  step  7,045,120  SPS   1,219  pg=-0.0327  vf=0.0366  ent=1.7152  kl=0.0204
  [phase ms/update]  rollout=509  bulk_xfer=0.1  gae=6.0  ppo_xfer=8  ppo_grad=12715  total=13238
  update   440/1525  step  7,208,960  SPS   1,219  pg=-0.0328  vf=0.0365  ent=1.7347  kl=0.0214
  [phase ms/update]  rollout=506  bulk_xfer=0.1  gae=6.0  ppo_xfer=8  ppo_grad=12715  total=13235
  update   450/1525  step  7,372,800  SPS   1,220  pg=-0.0353  vf=0.0315  ent=1.6035  kl=0.0218
  [phase ms/update]  rollout=505  bulk_xfer=0.1  gae=5.9  ppo_xfer=8  ppo_grad=12719  total=13238

[eval] step 7,503,872...
  train=2.41±2.91  test=1.22±1.49  gap=1.19
[checkpoint] Saved step 7,503,872 → checkpoints/bigfish/bigfish__impala__seed1__20260519_033817/step_7503872.pt  (latest.pt updated)
  update   460/1525  step  7,536,640  SPS   1,219  pg=-0.0381  vf=0.0311  ent=1.6914  kl=0.0224
  [phase ms/update]  rollout=515  bulk_xfer=0.1  gae=6.0  ppo_xfer=8  ppo_grad=12729  total=13258
  update   470/1525  step  7,700,480  SPS   1,220  pg=-0.0346  vf=0.0356  ent=1.7197  kl=0.0200
  [phase ms/update]  rollout=505  bulk_xfer=0.1  gae=6.0  ppo_xfer=8  ppo_grad=12715  total=13234
  update   480/1525  step  7,864,320  SPS   1,220  pg=-0.0375  vf=0.0317  ent=1.6813  kl=0.0225
  [phase ms/update]  rollout=509  bulk_xfer=0.1  gae=6.0  ppo_xfer=8  ppo_grad=12714  total=13237

[eval] step 8,011,776...
  train=2.17±2.33  test=1.14±1.43  gap=1.03
[checkpoint] Saved step 8,011,776 → checkpoints/bigfish/bigfish__impala__seed1__20260519_033817/step_8011776.pt  (latest.pt updated)
  update   490/1525  step  8,028,160  SPS   1,220  pg=-0.0362  vf=0.0334  ent=1.6277  kl=0.0228
  [phase ms/update]  rollout=511  bulk_xfer=0.1  gae=5.9  ppo_xfer=8  ppo_grad=12723  total=13248
  update   500/1525  step  8,192,000  SPS   1,220  pg=-0.0356  vf=0.0256  ent=1.6212  kl=0.0208
  [phase ms/update]  rollout=502  bulk_xfer=0.1  gae=5.9  ppo_xfer=8  ppo_grad=12730  total=13246
  update   510/1525  step  8,355,840  SPS   1,221  pg=-0.0336  vf=0.0286  ent=1.6478  kl=0.0227
  [phase ms/update]  rollout=512  bulk_xfer=0.1  gae=6.0  ppo_xfer=8  ppo_grad=12728  total=13254

[eval] step 8,503,296...
  train=2.23±2.20  test=1.22±1.56  gap=1.01
[checkpoint] Saved step 8,503,296 → checkpoints/bigfish/bigfish__impala__seed1__20260519_033817/step_8503296.pt  (latest.pt updated)
  update   520/1525  step  8,519,680  SPS   1,220  pg=-0.0351  vf=0.0308  ent=1.5750  kl=0.0238
  [phase ms/update]  rollout=511  bulk_xfer=0.1  gae=5.9  ppo_xfer=8  ppo_grad=12729  total=13254
  update   530/1525  step  8,683,520  SPS   1,221  pg=-0.0372  vf=0.0323  ent=1.5714  kl=0.0234
  [phase ms/update]  rollout=507  bulk_xfer=0.1  gae=5.9  ppo_xfer=8  ppo_grad=12729  total=13250
  update   540/1525  step  8,847,360  SPS   1,221  pg=-0.0356  vf=0.0306  ent=1.5762  kl=0.0248
  [phase ms/update]  rollout=509  bulk_xfer=0.1  gae=6.0  ppo_xfer=8  ppo_grad=12727  total=13250
  update   550/1525  step  9,011,200  SPS   1,221  pg=-0.0340  vf=0.0356  ent=1.6670  kl=0.0226
  [phase ms/update]  rollout=502  bulk_xfer=0.1  gae=6.0  ppo_xfer=8  ppo_grad=12719  total=13234

[eval] step 9,011,200...
  train=2.55±3.00  test=1.01±1.05  gap=1.54
[checkpoint] Saved step 9,011,200 → checkpoints/bigfish/bigfish__impala__seed1__20260519_033817/step_9011200.pt  (latest.pt updated)
  update   560/1525  step  9,175,040  SPS   1,221  pg=-0.0350  vf=0.0293  ent=1.6501  kl=0.0221
  [phase ms/update]  rollout=513  bulk_xfer=0.1  gae=6.0  ppo_xfer=8  ppo_grad=12712  total=13239
  update   570/1525  step  9,338,880  SPS   1,221  pg=-0.0353  vf=0.0346  ent=1.6123  kl=0.0231
  [phase ms/update]  rollout=506  bulk_xfer=0.1  gae=6.0  ppo_xfer=8  ppo_grad=12712  total=13233
  update   580/1525  step  9,502,720  SPS   1,221  pg=-0.0334  vf=0.0412  ent=1.6272  kl=0.0233
  [phase ms/update]  rollout=515  bulk_xfer=0.1  gae=6.0  ppo_xfer=8  ppo_grad=12727  total=13255

[eval] step 9,502,720...
  train=2.17±2.87  test=1.21±1.42  gap=0.96
[checkpoint] Saved step 9,502,720 → checkpoints/bigfish/bigfish__impala__seed1__20260519_033817/step_9502720.pt  (latest.pt updated)
  update   590/1525  step  9,666,560  SPS   1,221  pg=-0.0360  vf=0.0300  ent=1.7339  kl=0.0207
  [phase ms/update]  rollout=508  bulk_xfer=0.1  gae=6.0  ppo_xfer=8  ppo_grad=12727  total=13249
  update   600/1525  step  9,830,400  SPS   1,221  pg=-0.0345  vf=0.0291  ent=1.6691  kl=0.0222
  [phase ms/update]  rollout=496  bulk_xfer=0.1  gae=6.0  ppo_xfer=8  ppo_grad=12731  total=13240
  update   610/1525  step  9,994,240  SPS   1,222  pg=-0.0340  vf=0.0268  ent=1.6654  kl=0.0212
  [phase ms/update]  rollout=517  bulk_xfer=0.1  gae=6.0  ppo_xfer=8  ppo_grad=12722  total=13252

[eval] step 10,010,624...
  train=2.29±3.02  test=1.00±1.29  gap=1.29
[checkpoint] Saved step 10,010,624 → checkpoints/bigfish/bigfish__impala__seed1__20260519_033817/step_10010624.pt  (latest.pt updated)
  update   620/1525  step 10,158,080  SPS   1,221  pg=-0.0308  vf=0.0344  ent=1.6047  kl=0.0230
  [phase ms/update]  rollout=515  bulk_xfer=0.1  gae=6.0  ppo_xfer=8  ppo_grad=12714  total=13243
  update   630/1525  step 10,321,920  SPS   1,222  pg=-0.0364  vf=0.0249  ent=1.6494  kl=0.0236
  [phase ms/update]  rollout=501  bulk_xfer=0.1  gae=6.0  ppo_xfer=8  ppo_grad=12716  total=13231
  update   640/1525  step 10,485,760  SPS   1,222  pg=-0.0337  vf=0.0320  ent=1.6384  kl=0.0219
  [phase ms/update]  rollout=507  bulk_xfer=0.1  gae=6.0  ppo_xfer=8  ppo_grad=12720  total=13241

[eval] step 10,502,144...
  train=2.49±3.25  test=1.11±1.52  gap=1.38
[checkpoint] Saved step 10,502,144 → checkpoints/bigfish/bigfish__impala__seed1__20260519_033817/step_10502144.pt  (latest.pt updated)
  update   650/1525  step 10,649,600  SPS   1,222  pg=-0.0364  vf=0.0265  ent=1.6097  kl=0.0234
  [phase ms/update]  rollout=498  bulk_xfer=0.1  gae=6.0  ppo_xfer=8  ppo_grad=12720  total=13233
  update   660/1525  step 10,813,440  SPS   1,222  pg=-0.0334  vf=0.0285  ent=1.4534  kl=0.0252
  [phase ms/update]  rollout=526  bulk_xfer=0.1  gae=6.1  ppo_xfer=8  ppo_grad=12729  total=13269
  update   670/1525  step 10,977,280  SPS   1,222  pg=-0.0341  vf=0.0276  ent=1.5357  kl=0.0241
  [phase ms/update]  rollout=508  bulk_xfer=0.1  gae=6.0  ppo_xfer=8  ppo_grad=12726  total=13247

[eval] step 11,010,048...
  train=2.18±2.32  test=1.34±1.63  gap=0.84
[checkpoint] Saved step 11,010,048 → checkpoints/bigfish/bigfish__impala__seed1__20260519_033817/step_11010048.pt  (latest.pt updated)
  update   680/1525  step 11,141,120  SPS   1,222  pg=-0.0347  vf=0.0247  ent=1.5113  kl=0.0238
  [phase ms/update]  rollout=511  bulk_xfer=0.1  gae=6.0  ppo_xfer=8  ppo_grad=12718  total=13244
  update   690/1525  step 11,304,960  SPS   1,222  pg=-0.0333  vf=0.0266  ent=1.5142  kl=0.0243
  [phase ms/update]  rollout=518  bulk_xfer=0.1  gae=6.0  ppo_xfer=8  ppo_grad=12715  total=13247
  update   700/1525  step 11,468,800  SPS   1,222  pg=-0.0328  vf=0.0296  ent=1.5982  kl=0.0236
  [phase ms/update]  rollout=501  bulk_xfer=0.1  gae=6.0  ppo_xfer=8  ppo_grad=12716  total=13232

[eval] step 11,501,568...
  train=2.30±2.71  test=1.23±1.54  gap=1.07
[checkpoint] Saved step 11,501,568 → checkpoints/bigfish/bigfish__impala__seed1__20260519_033817/step_11501568.pt  (latest.pt updated)
  update   710/1525  step 11,632,640  SPS   1,222  pg=-0.0347  vf=0.0236  ent=1.6179  kl=0.0232
  [phase ms/update]  rollout=510  bulk_xfer=0.1  gae=5.9  ppo_xfer=8  ppo_grad=12715  total=13239
  update   720/1525  step 11,796,480  SPS   1,222  pg=-0.0346  vf=0.0264  ent=1.5850  kl=0.0238
  [phase ms/update]  rollout=512  bulk_xfer=0.1  gae=6.0  ppo_xfer=8  ppo_grad=12718  total=13243
  update   730/1525  step 11,960,320  SPS   1,223  pg=-0.0336  vf=0.0317  ent=1.5890  kl=0.0208
  [phase ms/update]  rollout=505  bulk_xfer=0.1  gae=5.9  ppo_xfer=8  ppo_grad=12722  total=13242

[eval] step 12,009,472...
  train=2.03±2.12  test=1.44±1.61  gap=0.59
[checkpoint] Saved step 12,009,472 → checkpoints/bigfish/bigfish__impala__seed1__20260519_033817/step_12009472.pt  (latest.pt updated)
  update   740/1525  step 12,124,160  SPS   1,222  pg=-0.0355  vf=0.0295  ent=1.5044  kl=0.0245
  [phase ms/update]  rollout=514  bulk_xfer=0.1  gae=6.1  ppo_xfer=8  ppo_grad=12731  total=13260
  update   750/1525  step 12,288,000  SPS   1,222  pg=-0.0351  vf=0.0274  ent=1.5835  kl=0.0232
  [phase ms/update]  rollout=515  bulk_xfer=0.1  gae=6.0  ppo_xfer=8  ppo_grad=12729  total=13258
  update   760/1525  step 12,451,840  SPS   1,223  pg=-0.0317  vf=0.0303  ent=1.4660  kl=0.0225
  [phase ms/update]  rollout=503  bulk_xfer=0.1  gae=6.0  ppo_xfer=8  ppo_grad=12723  total=13240

[eval] step 12,500,992...
  train=2.57±2.74  test=1.16±1.53  gap=1.41
[checkpoint] Saved step 12,500,992 → checkpoints/bigfish/bigfish__impala__seed1__20260519_033817/step_12500992.pt  (latest.pt updated)
  update   770/1525  step 12,615,680  SPS   1,222  pg=-0.0333  vf=0.0296  ent=1.4732  kl=0.0253
  [phase ms/update]  rollout=505  bulk_xfer=0.1  gae=5.9  ppo_xfer=8  ppo_grad=12713  total=13232
  update   780/1525  step 12,779,520  SPS   1,223  pg=-0.0325  vf=0.0247  ent=1.4928  kl=0.0248
  [phase ms/update]  rollout=509  bulk_xfer=0.1  gae=6.0  ppo_xfer=8  ppo_grad=12715  total=13238
  update   790/1525  step 12,943,360  SPS   1,223  pg=-0.0346  vf=0.0269  ent=1.5002  kl=0.0239
  [phase ms/update]  rollout=505  bulk_xfer=0.1  gae=6.0  ppo_xfer=8  ppo_grad=12712  total=13231

[eval] step 13,008,896...
  train=2.35±2.76  test=1.19±1.45  gap=1.16
[checkpoint] Saved step 13,008,896 → checkpoints/bigfish/bigfish__impala__seed1__20260519_033817/step_13008896.pt  (latest.pt updated)
  update   800/1525  step 13,107,200  SPS   1,223  pg=-0.0322  vf=0.0302  ent=1.5231  kl=0.0231
  [phase ms/update]  rollout=514  bulk_xfer=0.1  gae=6.1  ppo_xfer=8  ppo_grad=12730  total=13258
  update   810/1525  step 13,271,040  SPS   1,223  pg=-0.0337  vf=0.0224  ent=1.4297  kl=0.0227
  [phase ms/update]  rollout=513  bulk_xfer=0.1  gae=6.0  ppo_xfer=8  ppo_grad=12734  total=13262
  update   820/1525  step 13,434,880  SPS   1,223  pg=-0.0351  vf=0.0248  ent=1.5275  kl=0.0253
  [phase ms/update]  rollout=513  bulk_xfer=0.1  gae=6.1  ppo_xfer=8  ppo_grad=12734  total=13261

[eval] step 13,500,416...
  train=2.33±2.40  test=1.17±1.67  gap=1.16
[checkpoint] Saved step 13,500,416 → checkpoints/bigfish/bigfish__impala__seed1__20260519_033817/step_13500416.pt  (latest.pt updated)
  update   830/1525  step 13,598,720  SPS   1,223  pg=-0.0344  vf=0.0242  ent=1.4660  kl=0.0254
  [phase ms/update]  rollout=518  bulk_xfer=0.1  gae=6.0  ppo_xfer=8  ppo_grad=12734  total=13266
  update   840/1525  step 13,762,560  SPS   1,223  pg=-0.0318  vf=0.0278  ent=1.5467  kl=0.0228
  [phase ms/update]  rollout=502  bulk_xfer=0.1  gae=5.9  ppo_xfer=8  ppo_grad=12723  total=13239
  update   850/1525  step 13,926,400  SPS   1,223  pg=-0.0292  vf=0.0361  ent=1.4950  kl=0.0248
  [phase ms/update]  rollout=512  bulk_xfer=0.1  gae=6.1  ppo_xfer=8  ppo_grad=12720  total=13246

[eval] step 14,008,320...
  train=2.60±3.02  test=1.39±1.92  gap=1.21
[checkpoint] Saved step 14,008,320 → checkpoints/bigfish/bigfish__impala__seed1__20260519_033817/step_14008320.pt  (latest.pt updated)
  update   860/1525  step 14,090,240  SPS   1,223  pg=-0.0294  vf=0.0328  ent=1.4569  kl=0.0250
  [phase ms/update]  rollout=511  bulk_xfer=0.1  gae=5.9  ppo_xfer=8  ppo_grad=12726  total=13251
  update   870/1525  step 14,254,080  SPS   1,223  pg=-0.0318  vf=0.0265  ent=1.4037  kl=0.0259
  [phase ms/update]  rollout=509  bulk_xfer=0.1  gae=6.0  ppo_xfer=8  ppo_grad=12729  total=13252
  update   880/1525  step 14,417,920  SPS   1,223  pg=-0.0333  vf=0.0271  ent=1.5037  kl=0.0254
  [phase ms/update]  rollout=511  bulk_xfer=0.1  gae=6.0  ppo_xfer=8  ppo_grad=12733  total=13257

[eval] step 14,516,224...
  train=2.35±2.78  test=1.13±1.50  gap=1.22
[checkpoint] Saved step 14,516,224 → checkpoints/bigfish/bigfish__impala__seed1__20260519_033817/step_14516224.pt  (latest.pt updated)
  update   890/1525  step 14,581,760  SPS   1,223  pg=-0.0333  vf=0.0246  ent=1.5029  kl=0.0265
  [phase ms/update]  rollout=517  bulk_xfer=0.1  gae=6.1  ppo_xfer=8  ppo_grad=12730  total=13261
  update   900/1525  step 14,745,600  SPS   1,223  pg=-0.0340  vf=0.0250  ent=1.5473  kl=0.0258
  [phase ms/update]  rollout=506  bulk_xfer=0.1  gae=6.0  ppo_xfer=8  ppo_grad=12720  total=13240
  update   910/1525  step 14,909,440  SPS   1,223  pg=-0.0308  vf=0.0298  ent=1.4302  kl=0.0257
  [phase ms/update]  rollout=505  bulk_xfer=0.1  gae=5.9  ppo_xfer=8  ppo_grad=12725  total=13244

[eval] step 15,007,744...
  train=2.90±3.18  test=1.03±1.52  gap=1.87
[checkpoint] Saved step 15,007,744 → checkpoints/bigfish/bigfish__impala__seed1__20260519_033817/step_15007744.pt  (latest.pt updated)
  update   920/1525  step 15,073,280  SPS   1,223  pg=-0.0292  vf=0.0286  ent=1.4759  kl=0.0247
  [phase ms/update]  rollout=515  bulk_xfer=0.1  gae=6.0  ppo_xfer=8  ppo_grad=12724  total=13254
  update   930/1525  step 15,237,120  SPS   1,223  pg=-0.0276  vf=0.0287  ent=1.5298  kl=0.0245
  [phase ms/update]  rollout=503  bulk_xfer=0.1  gae=6.0  ppo_xfer=8  ppo_grad=12732  total=13250
  update   940/1525  step 15,400,960  SPS   1,223  pg=-0.0328  vf=0.0247  ent=1.5675  kl=0.0232
  [phase ms/update]  rollout=496  bulk_xfer=0.1  gae=5.9  ppo_xfer=8  ppo_grad=12734  total=13244

[eval] step 15,515,648...
  train=2.25±2.30  test=1.15±1.39  gap=1.10
[checkpoint] Saved step 15,515,648 → checkpoints/bigfish/bigfish__impala__seed1__20260519_033817/step_15515648.pt  (latest.pt updated)
  update   950/1525  step 15,564,800  SPS   1,223  pg=-0.0357  vf=0.0285  ent=1.5616  kl=0.0240
  [phase ms/update]  rollout=524  bulk_xfer=0.1  gae=6.1  ppo_xfer=8  ppo_grad=12723  total=13261
  update   960/1525  step 15,728,640  SPS   1,223  pg=-0.0314  vf=0.0274  ent=1.5253  kl=0.0207
  [phase ms/update]  rollout=516  bulk_xfer=0.1  gae=6.0  ppo_xfer=8  ppo_grad=12720  total=13250
  update   970/1525  step 15,892,480  SPS   1,223  pg=-0.0315  vf=0.0273  ent=1.5220  kl=0.0246
  [phase ms/update]  rollout=503  bulk_xfer=0.1  gae=5.9  ppo_xfer=8  ppo_grad=12728  total=13245

[eval] step 16,007,168...
  train=2.62±3.02  test=1.27±1.61  gap=1.35
[checkpoint] Saved step 16,007,168 → checkpoints/bigfish/bigfish__impala__seed1__20260519_033817/step_16007168.pt  (latest.pt updated)
  update   980/1525  step 16,056,320  SPS   1,223  pg=-0.0299  vf=0.0308  ent=1.4464  kl=0.0235
  [phase ms/update]  rollout=500  bulk_xfer=0.1  gae=5.9  ppo_xfer=8  ppo_grad=12730  total=13243
  update   990/1525  step 16,220,160  SPS   1,223  pg=-0.0343  vf=0.0257  ent=1.5584  kl=0.0241
  [phase ms/update]  rollout=501  bulk_xfer=0.1  gae=6.1  ppo_xfer=8  ppo_grad=12728  total=13243
  update  1000/1525  step 16,384,000  SPS   1,224  pg=-0.0317  vf=0.0233  ent=1.5489  kl=0.0239
  [phase ms/update]  rollout=520  bulk_xfer=0.1  gae=6.0  ppo_xfer=8  ppo_grad=12723  total=13257

[eval] step 16,515,072...
  train=2.37±2.49  test=0.99±1.15  gap=1.38
[checkpoint] Saved step 16,515,072 → checkpoints/bigfish/bigfish__impala__seed1__20260519_033817/step_16515072.pt  (latest.pt updated)
  update  1010/1525  step 16,547,840  SPS   1,223  pg=-0.0315  vf=0.0270  ent=1.5216  kl=0.0210
  [phase ms/update]  rollout=520  bulk_xfer=0.1  gae=6.0  ppo_xfer=8  ppo_grad=12718  total=13253
  update  1020/1525  step 16,711,680  SPS   1,224  pg=-0.0310  vf=0.0302  ent=1.5570  kl=0.0235
  [phase ms/update]  rollout=512  bulk_xfer=0.1  gae=6.0  ppo_xfer=8  ppo_grad=12718  total=13243
  update  1030/1525  step 16,875,520  SPS   1,224  pg=-0.0318  vf=0.0291  ent=1.4373  kl=0.0246
  [phase ms/update]  rollout=504  bulk_xfer=0.1  gae=6.0  ppo_xfer=8  ppo_grad=12719  total=13236

[eval] step 17,006,592...
  train=2.21±2.35  test=1.23±1.54  gap=0.98
[checkpoint] Saved step 17,006,592 → checkpoints/bigfish/bigfish__impala__seed1__20260519_033817/step_17006592.pt  (latest.pt updated)
  update  1040/1525  step 17,039,360  SPS   1,224  pg=-0.0344  vf=0.0268  ent=1.5467  kl=0.0226
  [phase ms/update]  rollout=506  bulk_xfer=0.1  gae=6.0  ppo_xfer=8  ppo_grad=12728  total=13248
  update  1050/1525  step 17,203,200  SPS   1,224  pg=-0.0323  vf=0.0264  ent=1.5102  kl=0.0242
  [phase ms/update]  rollout=501  bulk_xfer=0.1  gae=5.9  ppo_xfer=8  ppo_grad=12730  total=13245
  update  1060/1525  step 17,367,040  SPS   1,224  pg=-0.0315  vf=0.0306  ent=1.5518  kl=0.0225
  [phase ms/update]  rollout=504  bulk_xfer=0.1  gae=6.0  ppo_xfer=8  ppo_grad=12730  total=13248

[eval] step 17,514,496...
  train=2.14±2.33  test=0.94±1.24  gap=1.20
[checkpoint] Saved step 17,514,496 → checkpoints/bigfish/bigfish__impala__seed1__20260519_033817/step_17514496.pt  (latest.pt updated)
  update  1070/1525  step 17,530,880  SPS   1,224  pg=-0.0326  vf=0.0233  ent=1.5529  kl=0.0220
  [phase ms/update]  rollout=508  bulk_xfer=0.1  gae=5.9  ppo_xfer=8  ppo_grad=12730  total=13253
  update  1080/1525  step 17,694,720  SPS   1,224  pg=-0.0296  vf=0.0353  ent=1.5294  kl=0.0223
  [phase ms/update]  rollout=506  bulk_xfer=0.1  gae=5.9  ppo_xfer=8  ppo_grad=12734  total=13254
  update  1090/1525  step 17,858,560  SPS   1,224  pg=-0.0332  vf=0.0286  ent=1.5691  kl=0.0251
  [phase ms/update]  rollout=503  bulk_xfer=0.1  gae=5.9  ppo_xfer=8  ppo_grad=12729  total=13246

[eval] step 18,006,016...
  train=2.17±2.65  test=1.27±1.65  gap=0.90
[checkpoint] Saved step 18,006,016 → checkpoints/bigfish/bigfish__impala__seed1__20260519_033817/step_18006016.pt  (latest.pt updated)
  update  1100/1525  step 18,022,400  SPS   1,224  pg=-0.0314  vf=0.0318  ent=1.5165  kl=0.0228
  [phase ms/update]  rollout=526  bulk_xfer=0.1  gae=6.1  ppo_xfer=8  ppo_grad=12716  total=13256
  update  1110/1525  step 18,186,240  SPS   1,224  pg=-0.0335  vf=0.0267  ent=1.4988  kl=0.0219
  [phase ms/update]  rollout=518  bulk_xfer=0.1  gae=6.1  ppo_xfer=8  ppo_grad=12712  total=13245
  update  1120/1525  step 18,350,080  SPS   1,224  pg=-0.0293  vf=0.0330  ent=1.4741  kl=0.0230
  [phase ms/update]  rollout=524  bulk_xfer=0.1  gae=6.1  ppo_xfer=8  ppo_grad=12716  total=13254
  update  1130/1525  step 18,513,920  SPS   1,224  pg=-0.0320  vf=0.0286  ent=1.5799  kl=0.0229
  [phase ms/update]  rollout=517  bulk_xfer=0.1  gae=6.0  ppo_xfer=8  ppo_grad=12719  total=13249

[eval] step 18,513,920...
  train=2.55±3.45  test=1.09±1.36  gap=1.46
[checkpoint] Saved step 18,513,920 → checkpoints/bigfish/bigfish__impala__seed1__20260519_033817/step_18513920.pt  (latest.pt updated)
  update  1140/1525  step 18,677,760  SPS   1,224  pg=-0.0321  vf=0.0262  ent=1.5906  kl=0.0233
  [phase ms/update]  rollout=507  bulk_xfer=0.1  gae=5.9  ppo_xfer=8  ppo_grad=12721  total=13242
  update  1150/1525  step 18,841,600  SPS   1,224  pg=-0.0323  vf=0.0281  ent=1.4672  kl=0.0264
  [phase ms/update]  rollout=503  bulk_xfer=0.1  gae=5.9  ppo_xfer=8  ppo_grad=12729  total=13246
  update  1160/1525  step 19,005,440  SPS   1,224  pg=-0.0309  vf=0.0285  ent=1.6272  kl=0.0243
  [phase ms/update]  rollout=499  bulk_xfer=0.1  gae=6.0  ppo_xfer=8  ppo_grad=12727  total=13239

[eval] step 19,005,440...
  train=2.47±2.80  test=1.15±1.49  gap=1.32
[checkpoint] Saved step 19,005,440 → checkpoints/bigfish/bigfish__impala__seed1__20260519_033817/step_19005440.pt  (latest.pt updated)
  update  1170/1525  step 19,169,280  SPS   1,224  pg=-0.0318  vf=0.0232  ent=1.5693  kl=0.0269
  [phase ms/update]  rollout=506  bulk_xfer=0.1  gae=5.9  ppo_xfer=8  ppo_grad=12730  total=13250
  update  1180/1525  step 19,333,120  SPS   1,224  pg=-0.0312  vf=0.0246  ent=1.5843  kl=0.0240
  [phase ms/update]  rollout=499  bulk_xfer=0.1  gae=5.9  ppo_xfer=8  ppo_grad=12728  total=13241
  update  1190/1525  step 19,496,960  SPS   1,224  pg=-0.0320  vf=0.0246  ent=1.5251  kl=0.0256
  [phase ms/update]  rollout=503  bulk_xfer=0.1  gae=5.9  ppo_xfer=8  ppo_grad=12732  total=13249

[eval] step 19,513,344...
  train=3.14±4.08  test=1.04±1.46  gap=2.10
[checkpoint] Saved step 19,513,344 → checkpoints/bigfish/bigfish__impala__seed1__20260519_033817/step_19513344.pt  (latest.pt updated)
  update  1200/1525  step 19,660,800  SPS   1,224  pg=-0.0298  vf=0.0284  ent=1.5605  kl=0.0232
  [phase ms/update]  rollout=502  bulk_xfer=0.1  gae=5.9  ppo_xfer=8  ppo_grad=12733  total=13249
  update  1210/1525  step 19,824,640  SPS   1,224  pg=-0.0330  vf=0.0244  ent=1.5519  kl=0.0242
  [phase ms/update]  rollout=510  bulk_xfer=0.1  gae=5.9  ppo_xfer=8  ppo_grad=12731  total=13255
  update  1220/1525  step 19,988,480  SPS   1,224  pg=-0.0305  vf=0.0310  ent=1.5495  kl=0.0245
  [phase ms/update]  rollout=522  bulk_xfer=0.1  gae=6.0  ppo_xfer=8  ppo_grad=12728  total=13264

[eval] step 20,004,864...
  train=2.73±3.39  test=0.85±1.09  gap=1.88
[checkpoint] Saved step 20,004,864 → checkpoints/bigfish/bigfish__impala__seed1__20260519_033817/step_20004864.pt  (latest.pt updated)
  update  1230/1525  step 20,152,320  SPS   1,224  pg=-0.0309  vf=0.0255  ent=1.6297  kl=0.0237
  [phase ms/update]  rollout=519  bulk_xfer=0.1  gae=6.1  ppo_xfer=8  ppo_grad=12727  total=13260
  update  1240/1525  step 20,316,160  SPS   1,224  pg=-0.0277  vf=0.0247  ent=1.6079  kl=0.0244
  [phase ms/update]  rollout=521  bulk_xfer=0.1  gae=6.1  ppo_xfer=8  ppo_grad=12724  total=13259
  update  1250/1525  step 20,480,000  SPS   1,224  pg=-0.0336  vf=0.0325  ent=1.5589  kl=0.0231
  [phase ms/update]  rollout=506  bulk_xfer=0.1  gae=6.0  ppo_xfer=8  ppo_grad=12725  total=13245

[eval] step 20,512,768...
  train=2.63±3.41  test=1.34±1.81  gap=1.29
[checkpoint] Saved step 20,512,768 → checkpoints/bigfish/bigfish__impala__seed1__20260519_033817/step_20512768.pt  (latest.pt updated)
  update  1260/1525  step 20,643,840  SPS   1,224  pg=-0.0283  vf=0.0326  ent=1.5227  kl=0.0249
  [phase ms/update]  rollout=516  bulk_xfer=0.1  gae=6.0  ppo_xfer=8  ppo_grad=12723  total=13253
  update  1270/1525  step 20,807,680  SPS   1,224  pg=-0.0290  vf=0.0334  ent=1.5978  kl=0.0219
  [phase ms/update]  rollout=510  bulk_xfer=0.1  gae=5.9  ppo_xfer=8  ppo_grad=12723  total=13247
  update  1280/1525  step 20,971,520  SPS   1,224  pg=-0.0336  vf=0.0274  ent=1.6543  kl=0.0251
  [phase ms/update]  rollout=496  bulk_xfer=0.1  gae=6.0  ppo_xfer=8  ppo_grad=12721  total=13230

[eval] step 21,004,288...
  train=2.76±3.48  test=1.00±1.41  gap=1.76
[checkpoint] Saved step 21,004,288 → checkpoints/bigfish/bigfish__impala__seed1__20260519_033817/step_21004288.pt  (latest.pt updated)
  update  1290/1525  step 21,135,360  SPS   1,224  pg=-0.0330  vf=0.0269  ent=1.5993  kl=0.0260
  [phase ms/update]  rollout=505  bulk_xfer=0.1  gae=6.0  ppo_xfer=8  ppo_grad=12721  total=13239
  update  1300/1525  step 21,299,200  SPS   1,224  pg=-0.0301  vf=0.0288  ent=1.5543  kl=0.0235
  [phase ms/update]  rollout=512  bulk_xfer=0.1  gae=5.9  ppo_xfer=8  ppo_grad=12729  total=13255
  update  1310/1525  step 21,463,040  SPS   1,224  pg=-0.0322  vf=0.0292  ent=1.6200  kl=0.0235
  [phase ms/update]  rollout=503  bulk_xfer=0.1  gae=6.0  ppo_xfer=8  ppo_grad=12729  total=13246

[eval] step 21,512,192...
  train=2.53±2.30  test=0.90±1.10  gap=1.63
[checkpoint] Saved step 21,512,192 → checkpoints/bigfish/bigfish__impala__seed1__20260519_033817/step_21512192.pt  (latest.pt updated)
  update  1320/1525  step 21,626,880  SPS   1,224  pg=-0.0285  vf=0.0302  ent=1.5126  kl=0.0272
  [phase ms/update]  rollout=505  bulk_xfer=0.1  gae=6.0  ppo_xfer=8  ppo_grad=12723  total=13242
  update  1330/1525  step 21,790,720  SPS   1,224  pg=-0.0300  vf=0.0318  ent=1.5552  kl=0.0262
  [phase ms/update]  rollout=503  bulk_xfer=0.1  gae=5.9  ppo_xfer=8  ppo_grad=12721  total=13238
  update  1340/1525  step 21,954,560  SPS   1,224  pg=-0.0293  vf=0.0311  ent=1.5592  kl=0.0218
  [phase ms/update]  rollout=516  bulk_xfer=0.1  gae=6.0  ppo_xfer=8  ppo_grad=12718  total=13248

[eval] step 22,003,712...
  train=2.54±2.75  test=1.38±1.89  gap=1.16
[checkpoint] Saved step 22,003,712 → checkpoints/bigfish/bigfish__impala__seed1__20260519_033817/step_22003712.pt  (latest.pt updated)
  update  1350/1525  step 22,118,400  SPS   1,224  pg=-0.0304  vf=0.0325  ent=1.4903  kl=0.0249
  [phase ms/update]  rollout=514  bulk_xfer=0.1  gae=6.1  ppo_xfer=8  ppo_grad=12718  total=13247
  update  1360/1525  step 22,282,240  SPS   1,224  pg=-0.0280  vf=0.0328  ent=1.4856  kl=0.0276
  [phase ms/update]  rollout=513  bulk_xfer=0.1  gae=5.9  ppo_xfer=8  ppo_grad=12726  total=13253
  update  1370/1525  step 22,446,080  SPS   1,224  pg=-0.0299  vf=0.0342  ent=1.4866  kl=0.0247
  [phase ms/update]  rollout=503  bulk_xfer=0.1  gae=5.9  ppo_xfer=8  ppo_grad=12726  total=13243

[eval] step 22,511,616...
  train=3.20±3.50  test=1.04±1.52  gap=2.16
[checkpoint] Saved step 22,511,616 → checkpoints/bigfish/bigfish__impala__seed1__20260519_033817/step_22511616.pt  (latest.pt updated)
  update  1380/1525  step 22,609,920  SPS   1,224  pg=-0.0325  vf=0.0266  ent=1.6643  kl=0.0247
  [phase ms/update]  rollout=512  bulk_xfer=0.1  gae=5.9  ppo_xfer=8  ppo_grad=12714  total=13239
  update  1390/1525  step 22,773,760  SPS   1,224  pg=-0.0314  vf=0.0318  ent=1.5837  kl=0.0247
  [phase ms/update]  rollout=515  bulk_xfer=0.1  gae=6.0  ppo_xfer=8  ppo_grad=12716  total=13245
  update  1400/1525  step 22,937,600  SPS   1,224  pg=-0.0301  vf=0.0276  ent=1.5895  kl=0.0232
  [phase ms/update]  rollout=508  bulk_xfer=0.1  gae=6.0  ppo_xfer=8  ppo_grad=12725  total=13247

[eval] step 23,003,136...
  train=3.05±3.63  test=1.21±1.90  gap=1.84
[checkpoint] Saved step 23,003,136 → checkpoints/bigfish/bigfish__impala__seed1__20260519_033817/step_23003136.pt  (latest.pt updated)
  update  1410/1525  step 23,101,440  SPS   1,224  pg=-0.0308  vf=0.0265  ent=1.6298  kl=0.0232
  [phase ms/update]  rollout=509  bulk_xfer=0.1  gae=6.0  ppo_xfer=8  ppo_grad=12729  total=13252
  update  1420/1525  step 23,265,280  SPS   1,224  pg=-0.0284  vf=0.0272  ent=1.5986  kl=0.0242
  [phase ms/update]  rollout=501  bulk_xfer=0.1  gae=6.0  ppo_xfer=8  ppo_grad=12723  total=13238
  update  1430/1525  step 23,429,120  SPS   1,224  pg=-0.0314  vf=0.0232  ent=1.5846  kl=0.0263
  [phase ms/update]  rollout=519  bulk_xfer=0.1  gae=6.1  ppo_xfer=8  ppo_grad=12717  total=13251

[eval] step 23,511,040...
  train=2.19±2.26  test=0.98±1.38  gap=1.21
[checkpoint] Saved step 23,511,040 → checkpoints/bigfish/bigfish__impala__seed1__20260519_033817/step_23511040.pt  (latest.pt updated)
  update  1440/1525  step 23,592,960  SPS   1,224  pg=-0.0314  vf=0.0283  ent=1.5552  kl=0.0268
  [phase ms/update]  rollout=526  bulk_xfer=0.1  gae=6.1  ppo_xfer=8  ppo_grad=12716  total=13256
  update  1450/1525  step 23,756,800  SPS   1,224  pg=-0.0292  vf=0.0290  ent=1.5094  kl=0.0282
  [phase ms/update]  rollout=524  bulk_xfer=0.1  gae=6.1  ppo_xfer=8  ppo_grad=12718  total=13256
  update  1460/1525  step 23,920,640  SPS   1,225  pg=-0.0298  vf=0.0343  ent=1.5236  kl=0.0231
  [phase ms/update]  rollout=516  bulk_xfer=0.1  gae=6.0  ppo_xfer=8  ppo_grad=12718  total=13248

[eval] step 24,002,560...
  train=3.13±4.69  test=1.05±1.62  gap=2.08
[checkpoint] Saved step 24,002,560 → checkpoints/bigfish/bigfish__impala__seed1__20260519_033817/step_24002560.pt  (latest.pt updated)
  update  1470/1525  step 24,084,480  SPS   1,224  pg=-0.0289  vf=0.0298  ent=1.5332  kl=0.0222
  [phase ms/update]  rollout=506  bulk_xfer=0.1  gae=6.0  ppo_xfer=8  ppo_grad=12724  total=13244
  update  1480/1525  step 24,248,320  SPS   1,224  pg=-0.0301  vf=0.0325  ent=1.6115  kl=0.0213
  [phase ms/update]  rollout=496  bulk_xfer=0.1  gae=5.9  ppo_xfer=8  ppo_grad=12720  total=13230
  ⚠  approx_kl=0.0324 > 0.03 at step 24,363,008
  update  1490/1525  step 24,412,160  SPS   1,225  pg=-0.0336  vf=0.0300  ent=1.5808  kl=0.0261
  [phase ms/update]  rollout=497  bulk_xfer=0.1  gae=5.9  ppo_xfer=8  ppo_grad=12718  total=13228

[eval] step 24,510,464...
  train=3.01±4.32  test=1.12±1.56  gap=1.89
[checkpoint] Saved step 24,510,464 → checkpoints/bigfish/bigfish__impala__seed1__20260519_033817/step_24510464.pt  (latest.pt updated)
  update  1500/1525  step 24,576,000  SPS   1,224  pg=-0.0320  vf=0.0311  ent=1.5238  kl=0.0253
  [phase ms/update]  rollout=513  bulk_xfer=0.1  gae=6.0  ppo_xfer=8  ppo_grad=12722  total=13249
  update  1510/1525  step 24,739,840  SPS   1,225  pg=-0.0315  vf=0.0273  ent=1.5643  kl=0.0278
  [phase ms/update]  rollout=507  bulk_xfer=0.1  gae=6.0  ppo_xfer=8  ppo_grad=12725  total=13245
  update  1520/1525  step 24,903,680  SPS   1,225  pg=-0.0308  vf=0.0283  ent=1.6627  kl=0.0244
  [phase ms/update]  rollout=504  bulk_xfer=0.1  gae=5.9  ppo_xfer=8  ppo_grad=12734  total=13252
[checkpoint] Saved step 24,985,600 → checkpoints/bigfish/bigfish__impala__seed1__20260519_033817/step_24985600_final.pt  (latest.pt updated)

[done] Training complete.

[final eval]

=================================================================
  bigfish | none+uniform | seed=1
  train=2.56  test=1.07  gap=1.49
  expected=[10.0,20.0]  outside range
=================================================================

wandb: updating run metadata
wandb: uploading config.yaml; uploading output.log; uploading wandb-summary.json
wandb: uploading history steps 1523-1524, summary, console lines 514-524
wandb: 
wandb: Run history:
wandb:                            charts/SPS ▁▄▆▇▇███████████████████████████████████
wandb:     charts/episodic_return_normalised ▁▃▂▃▃▄▂▃▅▅▄▂▅▃▄▄▄▆▄▄▆▆▄▅▅▄▆▃▅▆▅▆▅▂▃▁▅▅█▇
wandb: charts/episodic_return_normalised_std ▂▃▁▅▃▃▂▃▃▁▄▃▃▂▄▃▁▁▂▄▆▄▂▂▃▆▂▂▁▅█▆▅▃▂▅█▄▆▁
wandb:                  charts/learning_rate ▁▁▁▁▁▁▁▁▁▁▁▁▁▁▁▁▁▁▁▁▁▁▁▁▁▁▁▁▁▁▁▁▁▁▁▁▁▁▁▁
wandb:               eval/generalization_gap ▁▁▂▄▃▂▂▃▃▃▂▃▄▄▄▃▅▅▃▄▅▄▄▄▄▄▅▅▄▄▅▅█▇▅▆▄█▇▇
wandb:                      eval/test_return ▁▅▃▂▄▆▆▅▄▄▅▇▆▅▆▆▃▄▇▆▅▅▅█▃▆▃▆▂▆▅▃▁▇▃█▃▆▃▅
wandb:                  eval/test_return_std ▂▅▄▂▃▇▇▅▆▄▆▅▄▄▅▄▅▆▅▅▄▆█▄▅▅▂▅▂▆▄▄▁▇▄█▅█▃▅
wandb:                     eval/train_return ▁▂▂▄▃▃▃▄▄▄▃▅▅▄▅▄▅▆▄▅▆▅▅▆▅▅▆▅▅▄▆▅█▆▆▆█▇▅▇
wandb:                 eval/train_return_std ▁▂▁▃▃▂▂▂▂▃▂▃▅▃▅▅▅▃▄▃▄▃▅▄▅▅▃▃▃▄▄▇▆▆▆▄▆▆▃█
wandb:                      losses/approx_kl ▁▁▁▂▃▄▄▄▄▄▅▅▅▆▆▆▆▇▆▆▇▇▇▇▆▇▆▇▇▆▇▆▆▆▆▇█▆▇▆
wandb:                                    +6 ...
wandb: 
wandb: Run summary:
wandb:                            charts/SPS 1224.63523
wandb:     charts/episodic_return_normalised 1.20142
wandb: charts/episodic_return_normalised_std 1.49783
wandb:                  charts/learning_rate 0.0005
wandb:               eval/generalization_gap 1.89
wandb:                      eval/test_return 1.12
wandb:                  eval/test_return_std 1.56384
wandb:                     eval/train_return 3.01
wandb:                 eval/train_return_std 4.31624
wandb:                      losses/approx_kl 0.02255
wandb:                                    +6 ...
wandb: 
wandb: 🚀 View run bigfish__impala__seed1__20260519_033817 at: https://wandb.ai/staanagnostou-/thesis-rl-baselines/runs/mriewiib
wandb: ⭐️ View project at: https://wandb.ai/staanagnostou-/thesis-rl-baselines
wandb: Synced 6 W&B file(s), 0 media file(s), 0 artifact file(s) and 0 other file(s)
wandb: Find logs at: ./wandb/run-20260519_033817-mriewiib/logs
