<<<<<<< HEAD
[device] GPU detected:   (24.0 GB VRAM)
[device] Backend: NVIDIA CUDA
wandb: [wandb.login()] Loaded credentials for https://api.wandb.ai from WANDB_API_KEY.
wandb: Currently logged in as: stayrosanang (staanagnostou-) to https://api.wandb.ai. Use `wandb login --relogin` to force relogin
wandb: Tracking run with wandb version 0.26.1
wandb: Run data is saved locally in /workspace/wandb/run-20260524_214913-be2jsoog
wandb: Run `wandb offline` to turn off syncing.
wandb: Syncing run bigfish__impala__seed1__20260524_214912
wandb: ⭐️ View project at https://wandb.ai/staanagnostou-/thesis-rl-baselines
wandb: 🚀 View run at https://wandb.ai/staanagnostou-/thesis-rl-baselines/runs/be2jsoog
[wandb] Run ID: be2jsoog  tags=['ucb_drac', 'bigfish', 'seed_1', 'impala']
=======
Load librocdxg.so successully!
Load all DTIF APIs OK!
wandb: Currently logged in as: stayrosanang (staanagnostou-). Use `wandb login --relogin` to force relogin
ERROR:root:Driver not initialized (amdgpu not found in modules)
wandb: wandb version 0.27.0 is available!  To upgrade, please run:
wandb:  $ pip install wandb --upgrade
wandb: Tracking run with wandb version 0.16.6
wandb: Run data is saved locally in /home/steve/Thesis-RL-Sweep/wandb/run-20260526_194130-ewm1rn1a
wandb: Run `wandb offline` to turn off syncing.
wandb: Syncing run ppo_ucb_drac__bigfish__seed1
wandb: ⭐️ View project at https://wandb.ai/staanagnostou-/thesis-rl-baselines
wandb: 🚀 View run at https://wandb.ai/staanagnostou-/thesis-rl-baselines/runs/ewm1rn1a
pygame 2.6.1 (SDL 2.28.4, Python 3.11.15)
Hello from the pygame community. https://www.pygame.org/contribute.html
[device] GPU detected: AMD Radeon RX 9070 XT  (15.8 GB VRAM)
[device] Backend: AMD ROCm (HIP translation layer)
[wandb] Run ID: ewm1rn1a  tags=['ucb_drac', 'bigfish', 'seed_1', 'impala']
>>>>>>> 3b4dc86 (Changes to skipping completed runs)
[env] bigfish  64 envs  200 levels  mode=easy  backend=auto
[env] obs_space=(64, 64, 3)  num_actions=15
[model] torch.compile applied (mode=reduce-overhead)
[aug] UCB-DrAC  arms=['crop', 'color_jitter', 'grayscale', 'cutout', 'flip', 'rotate', 'random_conv']  ucb_c=0.1
[model] IMPALA-CNN  params=626,256

=================================================================
  Starting PPO  |  env=bigfish  aug=ucb_drac  lvl=uniform
  total_steps=25,000,000  updates=1,525  device=cuda
=================================================================

<<<<<<< HEAD
  update     1/1525  step     16,384  SPS     206  pg=-0.0005  vf=0.3976  ent=2.7079  kl=0.0002  aug=0.0000
  [phase ms/update]  rollout=1604  bulk_xfer=0.1  gae=6.1  ppo_xfer=11  ppo_grad=77738  total=79359
  update    10/1525  step    163,840  SPS     379  pg=-0.0013  vf=0.0474  ent=2.6271  kl=0.0022  aug=0.0008
  [phase ms/update]  rollout=513  bulk_xfer=0.1  gae=5.7  ppo_xfer=8  ppo_grad=38714  total=39240
  update    20/1525  step    327,680  SPS     397  pg=-0.0079  vf=0.0399  ent=2.6523  kl=0.0056  aug=0.0031
  [phase ms/update]  rollout=509  bulk_xfer=0.1  gae=6.0  ppo_xfer=8  ppo_grad=38701  total=39225
  update    30/1525  step    491,520  SPS     404  pg=-0.0129  vf=0.0442  ent=2.5661  kl=0.0067  aug=0.0064
  [phase ms/update]  rollout=525  bulk_xfer=0.1  gae=5.8  ppo_xfer=8  ppo_grad=38698  total=39237

[eval] step 507,904...
  train=1.11±1.57  test=0.96±1.31  gap=0.15
[checkpoint] Saved step 507,904 → checkpoints/bigfish/bigfish__impala__seed1__20260524_214912/step_507904.pt  (latest.pt updated)
  update    40/1525  step    655,360  SPS     406  pg=-0.0159  vf=0.0344  ent=2.5255  kl=0.0071  aug=0.0082
  [phase ms/update]  rollout=491  bulk_xfer=0.1  gae=5.7  ppo_xfer=8  ppo_grad=38712  total=39216
  update    50/1525  step    819,200  SPS     409  pg=-0.0180  vf=0.0358  ent=2.4483  kl=0.0087  aug=0.0095
  [phase ms/update]  rollout=503  bulk_xfer=0.1  gae=5.8  ppo_xfer=8  ppo_grad=38702  total=39219
  update    60/1525  step    983,040  SPS     410  pg=-0.0191  vf=0.0335  ent=2.4797  kl=0.0072  aug=0.0095
  [phase ms/update]  rollout=507  bulk_xfer=0.1  gae=5.9  ppo_xfer=8  ppo_grad=38699  total=39220

[eval] step 1,015,808...
  train=1.23±1.52  test=1.18±1.66  gap=0.05
[checkpoint] Saved step 1,015,808 → checkpoints/bigfish/bigfish__impala__seed1__20260524_214912/step_1015808.pt  (latest.pt updated)
  update    70/1525  step  1,146,880  SPS     411  pg=-0.0226  vf=0.0310  ent=2.3653  kl=0.0094  aug=0.0119
  [phase ms/update]  rollout=516  bulk_xfer=0.1  gae=5.9  ppo_xfer=8  ppo_grad=38700  total=39230
  update    80/1525  step  1,310,720  SPS     412  pg=-0.0229  vf=0.0371  ent=2.3268  kl=0.0104  aug=0.0144
  [phase ms/update]  rollout=508  bulk_xfer=0.1  gae=5.9  ppo_xfer=8  ppo_grad=38701  total=39223
  update    90/1525  step  1,474,560  SPS     412  pg=-0.0245  vf=0.0339  ent=2.3369  kl=0.0103  aug=0.0132
  [phase ms/update]  rollout=506  bulk_xfer=0.1  gae=5.9  ppo_xfer=8  ppo_grad=38705  total=39225

[eval] step 1,507,328...
  train=1.56±1.76  test=1.57±1.98  gap=-0.01
[checkpoint] Saved step 1,507,328 → checkpoints/bigfish/bigfish__impala__seed1__20260524_214912/step_1507328.pt  (latest.pt updated)
  update   100/1525  step  1,638,400  SPS     412  pg=-0.0241  vf=0.0266  ent=2.3379  kl=0.0089  aug=0.0122
  [phase ms/update]  rollout=514  bulk_xfer=0.1  gae=5.9  ppo_xfer=8  ppo_grad=38714  total=39243
  update   110/1525  step  1,802,240  SPS     413  pg=-0.0268  vf=0.0304  ent=2.3172  kl=0.0101  aug=0.0149
  [phase ms/update]  rollout=502  bulk_xfer=0.1  gae=5.8  ppo_xfer=8  ppo_grad=38713  total=39229
  update   120/1525  step  1,966,080  SPS     413  pg=-0.0269  vf=0.0346  ent=2.2886  kl=0.0113  aug=0.0158
  [phase ms/update]  rollout=492  bulk_xfer=0.1  gae=5.7  ppo_xfer=8  ppo_grad=38708  total=39214

[eval] step 2,015,232...
  train=2.12±2.35  test=1.51±2.04  gap=0.61
[checkpoint] Saved step 2,015,232 → checkpoints/bigfish/bigfish__impala__seed1__20260524_214912/step_2015232.pt  (latest.pt updated)
  update   130/1525  step  2,129,920  SPS     413  pg=-0.0269  vf=0.0381  ent=2.2918  kl=0.0109  aug=0.0171
  [phase ms/update]  rollout=515  bulk_xfer=0.1  gae=5.9  ppo_xfer=8  ppo_grad=38708  total=39237
  update   140/1525  step  2,293,760  SPS     414  pg=-0.0243  vf=0.0278  ent=2.3387  kl=0.0105  aug=0.0142
  [phase ms/update]  rollout=508  bulk_xfer=0.1  gae=5.9  ppo_xfer=8  ppo_grad=38702  total=39224
  update   150/1525  step  2,457,600  SPS     414  pg=-0.0266  vf=0.0360  ent=2.2662  kl=0.0128  aug=0.0172
  [phase ms/update]  rollout=509  bulk_xfer=0.1  gae=5.9  ppo_xfer=8  ppo_grad=38700  total=39223

[eval] step 2,506,752...
  train=2.74±3.40  test=1.66±2.14  gap=1.08
[checkpoint] Saved step 2,506,752 → checkpoints/bigfish/bigfish__impala__seed1__20260524_214912/step_2506752.pt  (latest.pt updated)
  update   160/1525  step  2,621,440  SPS     414  pg=-0.0296  vf=0.0356  ent=2.2360  kl=0.0119  aug=0.0196
  [phase ms/update]  rollout=506  bulk_xfer=0.1  gae=5.9  ppo_xfer=8  ppo_grad=38696  total=39215
  update   170/1525  step  2,785,280  SPS     414  pg=-0.0250  vf=0.0404  ent=2.2643  kl=0.0118  aug=0.0185
  [phase ms/update]  rollout=499  bulk_xfer=0.1  gae=5.8  ppo_xfer=8  ppo_grad=38686  total=39199
  update   180/1525  step  2,949,120  SPS     414  pg=-0.0260  vf=0.0325  ent=2.2529  kl=0.0111  aug=0.0184
  [phase ms/update]  rollout=499  bulk_xfer=0.1  gae=5.8  ppo_xfer=8  ppo_grad=38680  total=39193

[eval] step 3,014,656...
  train=2.70±2.86  test=2.05±2.57  gap=0.65
[checkpoint] Saved step 3,014,656 → checkpoints/bigfish/bigfish__impala__seed1__20260524_214912/step_3014656.pt  (latest.pt updated)
  update   190/1525  step  3,112,960  SPS     414  pg=-0.0280  vf=0.0298  ent=2.2658  kl=0.0115  aug=0.0184
  [phase ms/update]  rollout=508  bulk_xfer=0.1  gae=5.8  ppo_xfer=8  ppo_grad=38697  total=39219
  update   200/1525  step  3,276,800  SPS     414  pg=-0.0304  vf=0.0310  ent=2.2281  kl=0.0119  aug=0.0191
  [phase ms/update]  rollout=521  bulk_xfer=0.1  gae=6.1  ppo_xfer=8  ppo_grad=38697  total=39233
  update   210/1525  step  3,440,640  SPS     415  pg=-0.0295  vf=0.0313  ent=2.2643  kl=0.0104  aug=0.0181
  [phase ms/update]  rollout=513  bulk_xfer=0.1  gae=5.9  ppo_xfer=8  ppo_grad=38706  total=39232

[eval] step 3,506,176...
  train=2.79±3.03  test=1.99±2.38  gap=0.80
[checkpoint] Saved step 3,506,176 → checkpoints/bigfish/bigfish__impala__seed1__20260524_214912/step_3506176.pt  (latest.pt updated)
  update   220/1525  step  3,604,480  SPS     415  pg=-0.0279  vf=0.0244  ent=2.2257  kl=0.0116  aug=0.0166
  [phase ms/update]  rollout=517  bulk_xfer=0.1  gae=5.9  ppo_xfer=8  ppo_grad=38711  total=39242
  update   230/1525  step  3,768,320  SPS     415  pg=-0.0286  vf=0.0278  ent=2.2273  kl=0.0113  aug=0.0178
  [phase ms/update]  rollout=521  bulk_xfer=0.1  gae=6.0  ppo_xfer=8  ppo_grad=38715  total=39250
  update   240/1525  step  3,932,160  SPS     415  pg=-0.0287  vf=0.0333  ent=2.2140  kl=0.0111  aug=0.0186
  [phase ms/update]  rollout=502  bulk_xfer=0.1  gae=5.8  ppo_xfer=8  ppo_grad=38709  total=39225

[eval] step 4,014,080...
  train=3.33±4.82  test=2.36±2.90  gap=0.97
[checkpoint] Saved step 4,014,080 → checkpoints/bigfish/bigfish__impala__seed1__20260524_214912/step_4014080.pt  (latest.pt updated)
  update   250/1525  step  4,096,000  SPS     415  pg=-0.0273  vf=0.0393  ent=2.2036  kl=0.0113  aug=0.0191
  [phase ms/update]  rollout=512  bulk_xfer=0.1  gae=5.9  ppo_xfer=8  ppo_grad=38706  total=39231
  update   260/1525  step  4,259,840  SPS     415  pg=-0.0303  vf=0.0334  ent=2.2430  kl=0.0115  aug=0.0181
  [phase ms/update]  rollout=507  bulk_xfer=0.1  gae=5.9  ppo_xfer=8  ppo_grad=38707  total=39228
  update   270/1525  step  4,423,680  SPS     415  pg=-0.0269  vf=0.0358  ent=2.2295  kl=0.0110  aug=0.0186
  [phase ms/update]  rollout=516  bulk_xfer=0.1  gae=5.8  ppo_xfer=8  ppo_grad=38701  total=39230

[eval] step 4,505,600...
  train=3.96±5.21  test=2.66±3.38  gap=1.30
[checkpoint] Saved step 4,505,600 → checkpoints/bigfish/bigfish__impala__seed1__20260524_214912/step_4505600.pt  (latest.pt updated)
  update   280/1525  step  4,587,520  SPS     415  pg=-0.0287  vf=0.0390  ent=2.2567  kl=0.0104  aug=0.0181
  [phase ms/update]  rollout=512  bulk_xfer=0.1  gae=5.9  ppo_xfer=8  ppo_grad=38706  total=39231
  update   290/1525  step  4,751,360  SPS     415  pg=-0.0278  vf=0.0375  ent=2.2334  kl=0.0104  aug=0.0176
  [phase ms/update]  rollout=504  bulk_xfer=0.1  gae=5.9  ppo_xfer=8  ppo_grad=38704  total=39222
  update   300/1525  step  4,915,200  SPS     415  pg=-0.0288  vf=0.0366  ent=2.2003  kl=0.0118  aug=0.0202
  [phase ms/update]  rollout=507  bulk_xfer=0.1  gae=5.8  ppo_xfer=8  ppo_grad=38694  total=39215

[eval] step 5,013,504...
  train=4.15±5.45  test=3.06±5.28  gap=1.09
[checkpoint] Saved step 5,013,504 → checkpoints/bigfish/bigfish__impala__seed1__20260524_214912/step_5013504.pt  (latest.pt updated)
  update   310/1525  step  5,079,040  SPS     415  pg=-0.0292  vf=0.0379  ent=2.2115  kl=0.0116  aug=0.0197
  [phase ms/update]  rollout=510  bulk_xfer=0.1  gae=6.0  ppo_xfer=8  ppo_grad=38706  total=39230
  update   320/1525  step  5,242,880  SPS     415  pg=-0.0271  vf=0.0435  ent=2.1868  kl=0.0118  aug=0.0208
  [phase ms/update]  rollout=506  bulk_xfer=0.1  gae=5.9  ppo_xfer=8  ppo_grad=38701  total=39222
  update   330/1525  step  5,406,720  SPS     415  pg=-0.0261  vf=0.0432  ent=2.2051  kl=0.0102  aug=0.0212
  [phase ms/update]  rollout=498  bulk_xfer=0.1  gae=5.8  ppo_xfer=8  ppo_grad=38705  total=39216

[eval] step 5,505,024...
  train=4.59±7.47  test=2.73±4.73  gap=1.86
[checkpoint] Saved step 5,505,024 → checkpoints/bigfish/bigfish__impala__seed1__20260524_214912/step_5505024.pt  (latest.pt updated)
  update   340/1525  step  5,570,560  SPS     415  pg=-0.0292  vf=0.0348  ent=2.2649  kl=0.0107  aug=0.0171
  [phase ms/update]  rollout=505  bulk_xfer=0.1  gae=5.8  ppo_xfer=8  ppo_grad=38696  total=39215
  update   350/1525  step  5,734,400  SPS     415  pg=-0.0253  vf=0.0375  ent=2.2522  kl=0.0103  aug=0.0179
  [phase ms/update]  rollout=515  bulk_xfer=0.1  gae=5.9  ppo_xfer=8  ppo_grad=38703  total=39232
  update   360/1525  step  5,898,240  SPS     415  pg=-0.0266  vf=0.0365  ent=2.2692  kl=0.0111  aug=0.0173
  [phase ms/update]  rollout=514  bulk_xfer=0.1  gae=5.9  ppo_xfer=8  ppo_grad=38699  total=39227

[eval] step 6,012,928...
  train=5.39±8.97  test=2.27±2.92  gap=3.12
[checkpoint] Saved step 6,012,928 → checkpoints/bigfish/bigfish__impala__seed1__20260524_214912/step_6012928.pt  (latest.pt updated)
  update   370/1525  step  6,062,080  SPS     415  pg=-0.0261  vf=0.0392  ent=2.2341  kl=0.0114  aug=0.0174
  [phase ms/update]  rollout=525  bulk_xfer=0.1  gae=5.9  ppo_xfer=8  ppo_grad=38701  total=39240
  update   380/1525  step  6,225,920  SPS     415  pg=-0.0260  vf=0.0396  ent=2.2280  kl=0.0113  aug=0.0183
  [phase ms/update]  rollout=510  bulk_xfer=0.1  gae=5.9  ppo_xfer=8  ppo_grad=38705  total=39229
  update   390/1525  step  6,389,760  SPS     415  pg=-0.0275  vf=0.0388  ent=2.2296  kl=0.0121  aug=0.0195
  [phase ms/update]  rollout=506  bulk_xfer=0.1  gae=5.9  ppo_xfer=8  ppo_grad=38701  total=39221

[eval] step 6,504,448...
  train=5.14±8.07  test=3.03±4.69  gap=2.11
[checkpoint] Saved step 6,504,448 → checkpoints/bigfish/bigfish__impala__seed1__20260524_214912/step_6504448.pt  (latest.pt updated)
  update   400/1525  step  6,553,600  SPS     415  pg=-0.0236  vf=0.0492  ent=2.2344  kl=0.0102  aug=0.0193
  [phase ms/update]  rollout=519  bulk_xfer=0.1  gae=6.0  ppo_xfer=8  ppo_grad=38698  total=39231
  update   410/1525  step  6,717,440  SPS     415  pg=-0.0277  vf=0.0344  ent=2.2206  kl=0.0108  aug=0.0192
  [phase ms/update]  rollout=504  bulk_xfer=0.1  gae=5.8  ppo_xfer=8  ppo_grad=38697  total=39216
  update   420/1525  step  6,881,280  SPS     415  pg=-0.0254  vf=0.0341  ent=2.2093  kl=0.0105  aug=0.0193
  [phase ms/update]  rollout=504  bulk_xfer=0.1  gae=5.9  ppo_xfer=8  ppo_grad=38697  total=39214

[eval] step 7,012,352...
  train=6.01±9.61  test=3.06±3.88  gap=2.95
[checkpoint] Saved step 7,012,352 → checkpoints/bigfish/bigfish__impala__seed1__20260524_214912/step_7012352.pt  (latest.pt updated)
  update   430/1525  step  7,045,120  SPS     415  pg=-0.0277  vf=0.0356  ent=2.2061  kl=0.0125  aug=0.0197
  [phase ms/update]  rollout=507  bulk_xfer=0.1  gae=5.9  ppo_xfer=8  ppo_grad=38695  total=39215
  update   440/1525  step  7,208,960  SPS     415  pg=-0.0259  vf=0.0403  ent=2.2424  kl=0.0111  aug=0.0178
  [phase ms/update]  rollout=502  bulk_xfer=0.1  gae=5.8  ppo_xfer=8  ppo_grad=38691  total=39207
  update   450/1525  step  7,372,800  SPS     415  pg=-0.0294  vf=0.0280  ent=2.2466  kl=0.0109  aug=0.0175
  [phase ms/update]  rollout=510  bulk_xfer=0.1  gae=5.9  ppo_xfer=8  ppo_grad=38691  total=39215

[eval] step 7,503,872...
  train=5.53±7.86  test=2.94±3.75  gap=2.59
[checkpoint] Saved step 7,503,872 → checkpoints/bigfish/bigfish__impala__seed1__20260524_214912/step_7503872.pt  (latest.pt updated)
  update   460/1525  step  7,536,640  SPS     415  pg=-0.0272  vf=0.0340  ent=2.2307  kl=0.0107  aug=0.0181
  [phase ms/update]  rollout=501  bulk_xfer=0.1  gae=5.8  ppo_xfer=8  ppo_grad=38699  total=39213
  update   470/1525  step  7,700,480  SPS     415  pg=-0.0277  vf=0.0353  ent=2.2156  kl=0.0104  aug=0.0183
  [phase ms/update]  rollout=506  bulk_xfer=0.1  gae=5.8  ppo_xfer=8  ppo_grad=38694  total=39214
  update   480/1525  step  7,864,320  SPS     415  pg=-0.0262  vf=0.0396  ent=2.2095  kl=0.0115  aug=0.0181
  [phase ms/update]  rollout=499  bulk_xfer=0.1  gae=5.9  ppo_xfer=8  ppo_grad=38687  total=39200

[eval] step 8,011,776...
  train=5.54±7.65  test=3.34±5.21  gap=2.20
[checkpoint] Saved step 8,011,776 → checkpoints/bigfish/bigfish__impala__seed1__20260524_214912/step_8011776.pt  (latest.pt updated)
  update   490/1525  step  8,028,160  SPS     415  pg=-0.0273  vf=0.0384  ent=2.1947  kl=0.0104  aug=0.0204
  [phase ms/update]  rollout=497  bulk_xfer=0.1  gae=5.8  ppo_xfer=8  ppo_grad=38689  total=39200
  update   500/1525  step  8,192,000  SPS     415  pg=-0.0296  vf=0.0387  ent=2.1872  kl=0.0121  aug=0.0197
  [phase ms/update]  rollout=508  bulk_xfer=0.1  gae=5.8  ppo_xfer=8  ppo_grad=38697  total=39219
  update   510/1525  step  8,355,840  SPS     415  pg=-0.0260  vf=0.0379  ent=2.2012  kl=0.0115  aug=0.0177
  [phase ms/update]  rollout=495  bulk_xfer=0.1  gae=5.9  ppo_xfer=8  ppo_grad=38696  total=39206

[eval] step 8,503,296...
  train=5.42±8.10  test=3.79±6.00  gap=1.63
[checkpoint] Saved step 8,503,296 → checkpoints/bigfish/bigfish__impala__seed1__20260524_214912/step_8503296.pt  (latest.pt updated)
  update   520/1525  step  8,519,680  SPS     415  pg=-0.0262  vf=0.0399  ent=2.2293  kl=0.0100  aug=0.0176
  [phase ms/update]  rollout=515  bulk_xfer=0.1  gae=6.0  ppo_xfer=8  ppo_grad=38690  total=39219
  update   530/1525  step  8,683,520  SPS     415  pg=-0.0258  vf=0.0337  ent=2.2402  kl=0.0112  aug=0.0178
  [phase ms/update]  rollout=502  bulk_xfer=0.1  gae=5.9  ppo_xfer=8  ppo_grad=38685  total=39200
  update   540/1525  step  8,847,360  SPS     415  pg=-0.0266  vf=0.0324  ent=2.2648  kl=0.0104  aug=0.0164
  [phase ms/update]  rollout=520  bulk_xfer=0.1  gae=5.9  ppo_xfer=8  ppo_grad=38681  total=39215
  update   550/1525  step  9,011,200  SPS     415  pg=-0.0215  vf=0.0519  ent=2.2547  kl=0.0109  aug=0.0161
  [phase ms/update]  rollout=526  bulk_xfer=0.1  gae=5.9  ppo_xfer=8  ppo_grad=38690  total=39230

[eval] step 9,011,200...
  train=6.57±9.43  test=3.85±7.30  gap=2.72
[checkpoint] Saved step 9,011,200 → checkpoints/bigfish/bigfish__impala__seed1__20260524_214912/step_9011200.pt  (latest.pt updated)
  update   560/1525  step  9,175,040  SPS     415  pg=-0.0249  vf=0.0422  ent=2.2408  kl=0.0107  aug=0.0192
  [phase ms/update]  rollout=504  bulk_xfer=0.1  gae=5.9  ppo_xfer=8  ppo_grad=38682  total=39200
  update   570/1525  step  9,338,880  SPS     415  pg=-0.0272  vf=0.0383  ent=2.2512  kl=0.0120  aug=0.0174
  [phase ms/update]  rollout=510  bulk_xfer=0.1  gae=5.9  ppo_xfer=8  ppo_grad=38675  total=39200
  update   580/1525  step  9,502,720  SPS     415  pg=-0.0289  vf=0.0308  ent=2.2149  kl=0.0114  aug=0.0185
  [phase ms/update]  rollout=508  bulk_xfer=0.1  gae=5.9  ppo_xfer=8  ppo_grad=38682  total=39203

[eval] step 9,502,720...
  train=4.17±4.90  test=4.43±8.31  gap=-0.26
[checkpoint] Saved step 9,502,720 → checkpoints/bigfish/bigfish__impala__seed1__20260524_214912/step_9502720.pt  (latest.pt updated)
  update   590/1525  step  9,666,560  SPS     415  pg=-0.0272  vf=0.0443  ent=2.2094  kl=0.0109  aug=0.0195
  [phase ms/update]  rollout=511  bulk_xfer=0.1  gae=5.9  ppo_xfer=8  ppo_grad=38685  total=39210
  update   600/1525  step  9,830,400  SPS     415  pg=-0.0254  vf=0.0537  ent=2.2411  kl=0.0105  aug=0.0171
  [phase ms/update]  rollout=517  bulk_xfer=0.1  gae=6.0  ppo_xfer=8  ppo_grad=38688  total=39219
  update   610/1525  step  9,994,240  SPS     415  pg=-0.0271  vf=0.0456  ent=2.2414  kl=0.0105  aug=0.0166
  [phase ms/update]  rollout=504  bulk_xfer=0.1  gae=5.9  ppo_xfer=8  ppo_grad=38689  total=39207

[eval] step 10,010,624...
  train=8.12±11.46  test=6.11±9.93  gap=2.01
[checkpoint] Saved step 10,010,624 → checkpoints/bigfish/bigfish__impala__seed1__20260524_214912/step_10010624.pt  (latest.pt updated)
  update   620/1525  step 10,158,080  SPS     415  pg=-0.0281  vf=0.0343  ent=2.2228  kl=0.0111  aug=0.0170
  [phase ms/update]  rollout=508  bulk_xfer=0.1  gae=5.8  ppo_xfer=8  ppo_grad=38694  total=39216
  update   630/1525  step 10,321,920  SPS     415  pg=-0.0228  vf=0.0486  ent=2.1698  kl=0.0115  aug=0.0178
  [phase ms/update]  rollout=499  bulk_xfer=0.1  gae=5.9  ppo_xfer=8  ppo_grad=38703  total=39215
  update   640/1525  step 10,485,760  SPS     415  pg=-0.0263  vf=0.0586  ent=2.2017  kl=0.0109  aug=0.0181
  [phase ms/update]  rollout=504  bulk_xfer=0.1  gae=5.9  ppo_xfer=8  ppo_grad=38708  total=39226

[eval] step 10,502,144...
  train=9.04±11.94  test=4.76±8.16  gap=4.28
[checkpoint] Saved step 10,502,144 → checkpoints/bigfish/bigfish__impala__seed1__20260524_214912/step_10502144.pt  (latest.pt updated)
  update   650/1525  step 10,649,600  SPS     415  pg=-0.0239  vf=0.0553  ent=2.2432  kl=0.0101  aug=0.0166
  [phase ms/update]  rollout=510  bulk_xfer=0.1  gae=5.9  ppo_xfer=8  ppo_grad=38693  total=39218
  update   660/1525  step 10,813,440  SPS     415  pg=-0.0258  vf=0.0548  ent=2.1918  kl=0.0100  aug=0.0184
  [phase ms/update]  rollout=509  bulk_xfer=0.1  gae=5.9  ppo_xfer=8  ppo_grad=38694  total=39217
  update   670/1525  step 10,977,280  SPS     415  pg=-0.0233  vf=0.0597  ent=2.2459  kl=0.0081  aug=0.0163
  [phase ms/update]  rollout=524  bulk_xfer=0.1  gae=5.9  ppo_xfer=8  ppo_grad=38681  total=39219

[eval] step 11,010,048...
  train=7.90±11.09  test=6.17±9.80  gap=1.73
[checkpoint] Saved step 11,010,048 → checkpoints/bigfish/bigfish__impala__seed1__20260524_214912/step_11010048.pt  (latest.pt updated)
  update   680/1525  step 11,141,120  SPS     415  pg=-0.0260  vf=0.0535  ent=2.2459  kl=0.0104  aug=0.0162
  [phase ms/update]  rollout=518  bulk_xfer=0.1  gae=5.9  ppo_xfer=8  ppo_grad=38676  total=39208
  update   690/1525  step 11,304,960  SPS     415  pg=-0.0237  vf=0.0601  ent=2.2282  kl=0.0109  aug=0.0168
  [phase ms/update]  rollout=519  bulk_xfer=0.1  gae=5.9  ppo_xfer=8  ppo_grad=38675  total=39207
  update   700/1525  step 11,468,800  SPS     415  pg=-0.0261  vf=0.0585  ent=2.2099  kl=0.0118  aug=0.0178
  [phase ms/update]  rollout=505  bulk_xfer=0.1  gae=5.8  ppo_xfer=8  ppo_grad=38678  total=39197

[eval] step 11,501,568...
  train=7.81±11.01  test=5.27±8.16  gap=2.54
[checkpoint] Saved step 11,501,568 → checkpoints/bigfish/bigfish__impala__seed1__20260524_214912/step_11501568.pt  (latest.pt updated)
  update   710/1525  step 11,632,640  SPS     415  pg=-0.0254  vf=0.0542  ent=2.2625  kl=0.0111  aug=0.0164
  [phase ms/update]  rollout=512  bulk_xfer=0.1  gae=5.9  ppo_xfer=8  ppo_grad=38676  total=39202
  update   720/1525  step 11,796,480  SPS     415  pg=-0.0262  vf=0.0449  ent=2.2733  kl=0.0108  aug=0.0156
  [phase ms/update]  rollout=512  bulk_xfer=0.1  gae=5.9  ppo_xfer=8  ppo_grad=38683  total=39209
  update   730/1525  step 11,960,320  SPS     415  pg=-0.0225  vf=0.0668  ent=2.2978  kl=0.0092  aug=0.0155
  [phase ms/update]  rollout=513  bulk_xfer=0.1  gae=5.8  ppo_xfer=8  ppo_grad=38688  total=39215

[eval] step 12,009,472...
  train=8.00±10.76  test=5.26±8.18  gap=2.74
[checkpoint] Saved step 12,009,472 → checkpoints/bigfish/bigfish__impala__seed1__20260524_214912/step_12009472.pt  (latest.pt updated)
  update   740/1525  step 12,124,160  SPS     415  pg=-0.0250  vf=0.0437  ent=2.2602  kl=0.0102  aug=0.0160
  [phase ms/update]  rollout=516  bulk_xfer=0.1  gae=5.9  ppo_xfer=8  ppo_grad=38688  total=39217
  update   750/1525  step 12,288,000  SPS     415  pg=-0.0234  vf=0.0497  ent=2.3039  kl=0.0094  aug=0.0148
  [phase ms/update]  rollout=498  bulk_xfer=0.1  gae=5.8  ppo_xfer=8  ppo_grad=38686  total=39198
  update   760/1525  step 12,451,840  SPS     415  pg=-0.0264  vf=0.0416  ent=2.2913  kl=0.0104  aug=0.0156
  [phase ms/update]  rollout=507  bulk_xfer=0.1  gae=5.8  ppo_xfer=8  ppo_grad=38692  total=39212

[eval] step 12,500,992...
  train=8.39±10.41  test=6.63±9.53  gap=1.76
[checkpoint] Saved step 12,500,992 → checkpoints/bigfish/bigfish__impala__seed1__20260524_214912/step_12500992.pt  (latest.pt updated)
  update   770/1525  step 12,615,680  SPS     415  pg=-0.0240  vf=0.0505  ent=2.2956  kl=0.0108  aug=0.0157
  [phase ms/update]  rollout=504  bulk_xfer=0.1  gae=5.8  ppo_xfer=8  ppo_grad=38690  total=39208
  update   780/1525  step 12,779,520  SPS     415  pg=-0.0240  vf=0.0529  ent=2.3073  kl=0.0094  aug=0.0159
  [phase ms/update]  rollout=518  bulk_xfer=0.1  gae=5.9  ppo_xfer=8  ppo_grad=38684  total=39216
  update   790/1525  step 12,943,360  SPS     415  pg=-0.0276  vf=0.0463  ent=2.2875  kl=0.0101  aug=0.0161
  [phase ms/update]  rollout=501  bulk_xfer=0.1  gae=5.9  ppo_xfer=8  ppo_grad=38687  total=39202

[eval] step 13,008,896...
  train=9.60±12.70  test=5.37±7.77  gap=4.23
[checkpoint] Saved step 13,008,896 → checkpoints/bigfish/bigfish__impala__seed1__20260524_214912/step_13008896.pt  (latest.pt updated)
  update   800/1525  step 13,107,200  SPS     415  pg=-0.0260  vf=0.0500  ent=2.2290  kl=0.0115  aug=0.0185
  [phase ms/update]  rollout=515  bulk_xfer=0.1  gae=5.9  ppo_xfer=8  ppo_grad=38700  total=39229
  update   810/1525  step 13,271,040  SPS     415  pg=-0.0254  vf=0.0433  ent=2.2457  kl=0.0107  aug=0.0166
  [phase ms/update]  rollout=515  bulk_xfer=0.1  gae=5.9  ppo_xfer=8  ppo_grad=38704  total=39233
  update   820/1525  step 13,434,880  SPS     415  pg=-0.0272  vf=0.0415  ent=2.2675  kl=0.0119  aug=0.0154
  [phase ms/update]  rollout=510  bulk_xfer=0.1  gae=5.8  ppo_xfer=8  ppo_grad=38702  total=39225

[eval] step 13,500,416...
  train=11.58±13.94  test=4.78±7.81  gap=6.80
[checkpoint] Saved step 13,500,416 → checkpoints/bigfish/bigfish__impala__seed1__20260524_214912/step_13500416.pt  (latest.pt updated)
  update   830/1525  step 13,598,720  SPS     415  pg=-0.0239  vf=0.0404  ent=2.2926  kl=0.0105  aug=0.0144
  [phase ms/update]  rollout=515  bulk_xfer=0.1  gae=5.9  ppo_xfer=8  ppo_grad=38705  total=39234
  update   840/1525  step 13,762,560  SPS     415  pg=-0.0275  vf=0.0351  ent=2.3024  kl=0.0092  aug=0.0136
  [phase ms/update]  rollout=525  bulk_xfer=0.1  gae=5.9  ppo_xfer=8  ppo_grad=38704  total=39243
  update   850/1525  step 13,926,400  SPS     415  pg=-0.0253  vf=0.0310  ent=2.3064  kl=0.0104  aug=0.0129
  [phase ms/update]  rollout=520  bulk_xfer=0.1  gae=6.0  ppo_xfer=8  ppo_grad=38701  total=39236

[eval] step 14,008,320...
  train=11.34±14.19  test=3.99±6.46  gap=7.35
[checkpoint] Saved step 14,008,320 → checkpoints/bigfish/bigfish__impala__seed1__20260524_214912/step_14008320.pt  (latest.pt updated)
  update   860/1525  step 14,090,240  SPS     415  pg=-0.0248  vf=0.0350  ent=2.3176  kl=0.0092  aug=0.0126
  [phase ms/update]  rollout=515  bulk_xfer=0.1  gae=5.9  ppo_xfer=8  ppo_grad=38691  total=39219
  update   870/1525  step 14,254,080  SPS     415  pg=-0.0216  vf=0.0372  ent=2.2555  kl=0.0113  aug=0.0148
  [phase ms/update]  rollout=516  bulk_xfer=0.1  gae=5.9  ppo_xfer=8  ppo_grad=38688  total=39219
  update   880/1525  step 14,417,920  SPS     415  pg=-0.0252  vf=0.0411  ent=2.2755  kl=0.0097  aug=0.0149
  [phase ms/update]  rollout=509  bulk_xfer=0.1  gae=5.9  ppo_xfer=8  ppo_grad=38697  total=39220

[eval] step 14,516,224...
  train=9.26±12.82  test=6.34±10.04  gap=2.92
[checkpoint] Saved step 14,516,224 → checkpoints/bigfish/bigfish__impala__seed1__20260524_214912/step_14516224.pt  (latest.pt updated)
  update   890/1525  step 14,581,760  SPS     415  pg=-0.0236  vf=0.0488  ent=2.2523  kl=0.0110  aug=0.0154
  [phase ms/update]  rollout=507  bulk_xfer=0.1  gae=5.8  ppo_xfer=8  ppo_grad=38696  total=39217
  update   900/1525  step 14,745,600  SPS     415  pg=-0.0231  vf=0.0455  ent=2.2753  kl=0.0109  aug=0.0144
  [phase ms/update]  rollout=505  bulk_xfer=0.1  gae=5.9  ppo_xfer=8  ppo_grad=38698  total=39217
  update   910/1525  step 14,909,440  SPS     415  pg=-0.0249  vf=0.0480  ent=2.2910  kl=0.0106  aug=0.0142
  [phase ms/update]  rollout=511  bulk_xfer=0.1  gae=5.8  ppo_xfer=8  ppo_grad=38697  total=39222

[eval] step 15,007,744...
  train=12.70±14.87  test=6.94±10.83  gap=5.76
[checkpoint] Saved step 15,007,744 → checkpoints/bigfish/bigfish__impala__seed1__20260524_214912/step_15007744.pt  (latest.pt updated)
  update   920/1525  step 15,073,280  SPS     415  pg=-0.0217  vf=0.0404  ent=2.2964  kl=0.0103  aug=0.0140
  [phase ms/update]  rollout=514  bulk_xfer=0.1  gae=5.8  ppo_xfer=8  ppo_grad=38708  total=39237
  update   930/1525  step 15,237,120  SPS     415  pg=-0.0243  vf=0.0529  ent=2.2892  kl=0.0089  aug=0.0145
  [phase ms/update]  rollout=488  bulk_xfer=0.1  gae=5.7  ppo_xfer=8  ppo_grad=38708  total=39210
  update   940/1525  step 15,400,960  SPS     415  pg=-0.0235  vf=0.0425  ent=2.3435  kl=0.0103  aug=0.0131
  [phase ms/update]  rollout=507  bulk_xfer=0.1  gae=5.9  ppo_xfer=8  ppo_grad=38703  total=39224

[eval] step 15,515,648...
  train=14.00±15.14  test=6.39±9.34  gap=7.61
[checkpoint] Saved step 15,515,648 → checkpoints/bigfish/bigfish__impala__seed1__20260524_214912/step_15515648.pt  (latest.pt updated)
  update   950/1525  step 15,564,800  SPS     415  pg=-0.0212  vf=0.0560  ent=2.2835  kl=0.0097  aug=0.0150
  [phase ms/update]  rollout=508  bulk_xfer=0.1  gae=5.8  ppo_xfer=8  ppo_grad=38701  total=39223
  update   960/1525  step 15,728,640  SPS     415  pg=-0.0235  vf=0.0473  ent=2.2641  kl=0.0120  aug=0.0159
  [phase ms/update]  rollout=505  bulk_xfer=0.1  gae=5.9  ppo_xfer=8  ppo_grad=38700  total=39219
Traceback (most recent call last):
  File "/workspace/src/train_ppo.py", line 708, in <module>
    main()
  File "/workspace/src/train_ppo.py", line 536, in main
    pg_losses.append(pg_loss.item())
                     ^^^^^^^^^^^^^^
KeyboardInterrupt
=======
Traceback (most recent call last):
  File "/home/steve/Thesis-RL-Sweep/src/train_ppo.py", line 714, in <module>
    main()
  File "/home/steve/Thesis-RL-Sweep/src/train_ppo.py", line 387, in main
    action, log_prob, _, value = model.get_action_and_value(obs_dev)
                                 ^^^^^^^^^^^^^^^^^^^^^^^^^^^^^^^^^^^
  File "/home/steve/Thesis-RL-Sweep/src/networks.py", line 216, in get_action_and_value
    features = self.encoder(obs)
               ^^^^^^^^^^^^^^^^^
  File "/home/steve/miniconda3/envs/test/lib/python3.11/site-packages/torch/nn/modules/module.py", line 1775, in _wrapped_call_impl
    return self._call_impl(*args, **kwargs)
           ^^^^^^^^^^^^^^^^^^^^^^^^^^^^^^^^
  File "/home/steve/miniconda3/envs/test/lib/python3.11/site-packages/torch/nn/modules/module.py", line 1786, in _call_impl
    return forward_call(*args, **kwargs)
           ^^^^^^^^^^^^^^^^^^^^^^^^^^^^^
  File "/home/steve/Thesis-RL-Sweep/src/networks.py", line 118, in forward
    x = self.blocks(x)
        ^^^^^^^^^^^^^^
  File "/home/steve/miniconda3/envs/test/lib/python3.11/site-packages/torch/nn/modules/module.py", line 1775, in _wrapped_call_impl
    return self._call_impl(*args, **kwargs)
           ^^^^^^^^^^^^^^^^^^^^^^^^^^^^^^^^
  File "/home/steve/miniconda3/envs/test/lib/python3.11/site-packages/torch/nn/modules/module.py", line 1786, in _call_impl
    return forward_call(*args, **kwargs)
           ^^^^^^^^^^^^^^^^^^^^^^^^^^^^^
  File "/home/steve/miniconda3/envs/test/lib/python3.11/site-packages/torch/nn/modules/container.py", line 250, in forward
    input = module(input)
            ^^^^^^^^^^^^^
  File "/home/steve/miniconda3/envs/test/lib/python3.11/site-packages/torch/nn/modules/module.py", line 1775, in _wrapped_call_impl
    return self._call_impl(*args, **kwargs)
           ^^^^^^^^^^^^^^^^^^^^^^^^^^^^^^^^
  File "/home/steve/miniconda3/envs/test/lib/python3.11/site-packages/torch/nn/modules/module.py", line 1786, in _call_impl
    return forward_call(*args, **kwargs)
           ^^^^^^^^^^^^^^^^^^^^^^^^^^^^^
  File "/home/steve/Thesis-RL-Sweep/src/networks.py", line 84, in forward
    x = self.res2(x)
        ^^^^^^^^^^^^
  File "/home/steve/miniconda3/envs/test/lib/python3.11/site-packages/torch/nn/modules/module.py", line 1775, in _wrapped_call_impl
    return self._call_impl(*args, **kwargs)
           ^^^^^^^^^^^^^^^^^^^^^^^^^^^^^^^^
  File "/home/steve/miniconda3/envs/test/lib/python3.11/site-packages/torch/nn/modules/module.py", line 1786, in _call_impl
    return forward_call(*args, **kwargs)
           ^^^^^^^^^^^^^^^^^^^^^^^^^^^^^
  File "/home/steve/Thesis-RL-Sweep/src/networks.py", line 66, in forward
    x = self.conv2(x)
        ^^^^^^^^^^^^^
  File "/home/steve/miniconda3/envs/test/lib/python3.11/site-packages/torch/nn/modules/module.py", line 1775, in _wrapped_call_impl
    return self._call_impl(*args, **kwargs)
           ^^^^^^^^^^^^^^^^^^^^^^^^^^^^^^^^
  File "/home/steve/miniconda3/envs/test/lib/python3.11/site-packages/torch/nn/modules/module.py", line 1786, in _call_impl
    return forward_call(*args, **kwargs)
           ^^^^^^^^^^^^^^^^^^^^^^^^^^^^^
  File "/home/steve/miniconda3/envs/test/lib/python3.11/site-packages/torch/nn/modules/conv.py", line 548, in forward
    return self._conv_forward(input, self.weight, self.bias)
           ^^^^^^^^^^^^^^^^^^^^^^^^^^^^^^^^^^^^^^^^^^^^^^^^^
  File "/home/steve/miniconda3/envs/test/lib/python3.11/site-packages/torch/nn/modules/conv.py", line 543, in _conv_forward
    return F.conv2d(
           ^^^^^^^^^
KeyboardInterrupt
wandb: - 0.040 MB of 0.040 MB uploadedwandb: \ 0.040 MB of 0.040 MB uploadedwandb: | 0.040 MB of 0.040 MB uploadedwandb: / 0.040 MB of 0.040 MB uploadedwandb: - 0.052 MB of 0.062 MB uploaded (0.001 MB deduped)wandb: \ 0.052 MB of 0.062 MB uploaded (0.001 MB deduped)wandb: | 0.062 MB of 0.062 MB uploaded (0.001 MB deduped)wandb: 🚀 View run ppo_ucb_drac__bigfish__seed1 at: https://wandb.ai/staanagnostou-/thesis-rl-baselines/runs/ewm1rn1a
wandb: ⭐️ View project at: https://wandb.ai/staanagnostou-/thesis-rl-baselines
wandb: Synced 7 W&B file(s), 0 media file(s), 3 artifact file(s) and 1 other file(s)
wandb: Find logs at: ./wandb/run-20260526_194130-ewm1rn1a/logs
>>>>>>> 3b4dc86 (Changes to skipping completed runs)
