[device] GPU detected:   (24.0 GB VRAM)
[device] Backend: NVIDIA CUDA
wandb: [wandb.login()] Loaded credentials for https://api.wandb.ai from WANDB_API_KEY.
wandb: Currently logged in as: stayrosanang (staanagnostou-) to https://api.wandb.ai. Use `wandb login --relogin` to force relogin
wandb: setting up run 0a6h6k4r
wandb: Tracking run with wandb version 0.26.1
wandb: Run data is saved locally in /workspace/wandb/run-20260511_063258-0a6h6k4r
wandb: Run `wandb offline` to turn off syncing.
wandb: Syncing run ninja__impala__seed2__20260511_063258
wandb: ⭐️ View project at https://wandb.ai/staanagnostou-/thesis-rl-baselines
wandb: 🚀 View run at https://wandb.ai/staanagnostou-/thesis-rl-baselines/runs/0a6h6k4r
[wandb] Run ID: 0a6h6k4r  tags=['none', 'ninja', 'seed_2', 'impala']
[env] ninja  64 envs  200 levels  mode=easy  backend=auto
[env] obs_space=(64, 64, 3)  num_actions=15
[model] torch.compile applied (mode=reduce-overhead)
[model] IMPALA-CNN  params=626,256

=================================================================
  Starting PPO  |  env=ninja  aug=none  lvl=uniform
  total_steps=25,000,000  updates=1,525  device=cuda
=================================================================

  update     1/1525  step     16,384  SPS     306  pg=-0.0007  vf=5.1558  ent=2.7079  kl=0.0002
  [phase ms/update]  rollout=1623  bulk_xfer=0.1  gae=6.0  ppo_xfer=9  ppo_grad=51944  total=53583
  update    10/1525  step    163,840  SPS     946  pg=-0.0008  vf=6.6098  ent=2.3769  kl=0.0031
  [phase ms/update]  rollout=539  bulk_xfer=0.1  gae=6.2  ppo_xfer=8  ppo_grad=12728  total=13281
  update    20/1525  step    327,680  SPS   1,072  pg=-0.0002  vf=3.5805  ent=2.2319  kl=0.0052
  [phase ms/update]  rollout=528  bulk_xfer=0.1  gae=6.1  ppo_xfer=8  ppo_grad=12725  total=13267
  update    30/1525  step    491,520  SPS   1,121  pg=-0.0019  vf=2.6048  ent=2.1426  kl=0.0035
  [phase ms/update]  rollout=525  bulk_xfer=0.1  gae=6.1  ppo_xfer=8  ppo_grad=12726  total=13266

[eval] step 507,904...
  train=4.90±5.00  test=5.00±5.00  gap=-0.10
[checkpoint] Saved step 507,904 → checkpoints/ninja/ninja__impala__seed2__20260511_063258/step_507904.pt  (latest.pt updated)
  update    40/1525  step    655,360  SPS   1,145  pg=-0.0037  vf=1.5085  ent=2.2537  kl=0.0065
  [phase ms/update]  rollout=520  bulk_xfer=0.1  gae=6.1  ppo_xfer=8  ppo_grad=12726  total=13260
  update    50/1525  step    819,200  SPS   1,162  pg=-0.0041  vf=0.9960  ent=2.3588  kl=0.0067
  [phase ms/update]  rollout=527  bulk_xfer=0.1  gae=6.2  ppo_xfer=8  ppo_grad=12727  total=13268
  update    60/1525  step    983,040  SPS   1,174  pg=-0.0035  vf=0.3837  ent=2.4886  kl=0.0072
  [phase ms/update]  rollout=529  bulk_xfer=0.1  gae=6.2  ppo_xfer=8  ppo_grad=12727  total=13270

[eval] step 1,015,808...
  train=4.40±4.96  test=4.30±4.95  gap=0.10
[checkpoint] Saved step 1,015,808 → checkpoints/ninja/ninja__impala__seed2__20260511_063258/step_1015808.pt  (latest.pt updated)
  update    70/1525  step  1,146,880  SPS   1,171  pg=-0.0041  vf=0.5689  ent=2.4907  kl=0.0057
  [phase ms/update]  rollout=524  bulk_xfer=0.1  gae=6.1  ppo_xfer=8  ppo_grad=12715  total=13253
  update    80/1525  step  1,310,720  SPS   1,179  pg=-0.0069  vf=0.3799  ent=2.5369  kl=0.0073
  [phase ms/update]  rollout=513  bulk_xfer=0.1  gae=6.0  ppo_xfer=8  ppo_grad=12719  total=13246
  update    90/1525  step  1,474,560  SPS   1,185  pg=-0.0046  vf=0.3105  ent=2.5876  kl=0.0068
  [phase ms/update]  rollout=510  bulk_xfer=0.1  gae=6.0  ppo_xfer=8  ppo_grad=12720  total=13244

[eval] step 1,507,328...
  train=4.90±5.00  test=4.90±5.00  gap=0.00
[checkpoint] Saved step 1,507,328 → checkpoints/ninja/ninja__impala__seed2__20260511_063258/step_1507328.pt  (latest.pt updated)
  update   100/1525  step  1,638,400  SPS   1,184  pg=-0.0054  vf=0.5213  ent=2.6091  kl=0.0052
  [phase ms/update]  rollout=526  bulk_xfer=0.1  gae=6.0  ppo_xfer=8  ppo_grad=12718  total=13258
  update   110/1525  step  1,802,240  SPS   1,188  pg=-0.0062  vf=0.7892  ent=2.5374  kl=0.0057
  [phase ms/update]  rollout=530  bulk_xfer=0.1  gae=6.1  ppo_xfer=8  ppo_grad=12716  total=13260
  update   120/1525  step  1,966,080  SPS   1,192  pg=-0.0047  vf=0.8577  ent=2.5335  kl=0.0059
  [phase ms/update]  rollout=528  bulk_xfer=0.1  gae=6.1  ppo_xfer=8  ppo_grad=12718  total=13259

[eval] step 2,015,232...
  train=4.70±4.99  test=4.00±4.90  gap=0.70
[checkpoint] Saved step 2,015,232 → checkpoints/ninja/ninja__impala__seed2__20260511_063258/step_2015232.pt  (latest.pt updated)
  update   130/1525  step  2,129,920  SPS   1,191  pg=-0.0043  vf=0.6057  ent=2.4747  kl=0.0065
  [phase ms/update]  rollout=519  bulk_xfer=0.1  gae=6.1  ppo_xfer=8  ppo_grad=12718  total=13251
  update   140/1525  step  2,293,760  SPS   1,194  pg=-0.0035  vf=0.6239  ent=2.4370  kl=0.0066
  [phase ms/update]  rollout=530  bulk_xfer=0.1  gae=6.2  ppo_xfer=8  ppo_grad=12717  total=13261
  update   150/1525  step  2,457,600  SPS   1,197  pg=-0.0053  vf=0.4252  ent=2.5194  kl=0.0074
  [phase ms/update]  rollout=524  bulk_xfer=0.1  gae=6.1  ppo_xfer=8  ppo_grad=12716  total=13254

[eval] step 2,506,752...
  train=4.70±4.99  test=4.70±4.99  gap=0.00
[checkpoint] Saved step 2,506,752 → checkpoints/ninja/ninja__impala__seed2__20260511_063258/step_2506752.pt  (latest.pt updated)
  update   160/1525  step  2,621,440  SPS   1,197  pg=-0.0065  vf=0.2258  ent=2.5840  kl=0.0074
  [phase ms/update]  rollout=519  bulk_xfer=0.1  gae=6.1  ppo_xfer=8  ppo_grad=12729  total=13262
  update   170/1525  step  2,785,280  SPS   1,199  pg=-0.0064  vf=1.0890  ent=2.5479  kl=0.0057
  [phase ms/update]  rollout=515  bulk_xfer=0.1  gae=6.1  ppo_xfer=8  ppo_grad=12726  total=13255
  update   180/1525  step  2,949,120  SPS   1,201  pg=-0.0040  vf=0.9299  ent=2.5242  kl=0.0058
  [phase ms/update]  rollout=528  bulk_xfer=0.1  gae=6.1  ppo_xfer=8  ppo_grad=12718  total=13259

[eval] step 3,014,656...
  train=5.10±5.00  test=4.10±4.92  gap=1.00
[checkpoint] Saved step 3,014,656 → checkpoints/ninja/ninja__impala__seed2__20260511_063258/step_3014656.pt  (latest.pt updated)
  update   190/1525  step  3,112,960  SPS   1,199  pg=-0.0028  vf=0.8820  ent=2.5520  kl=0.0052
  [phase ms/update]  rollout=526  bulk_xfer=0.1  gae=6.1  ppo_xfer=8  ppo_grad=12716  total=13257
  update   200/1525  step  3,276,800  SPS   1,201  pg=-0.0069  vf=0.8555  ent=2.5081  kl=0.0072
  [phase ms/update]  rollout=521  bulk_xfer=0.1  gae=6.1  ppo_xfer=8  ppo_grad=12729  total=13263
  update   210/1525  step  3,440,640  SPS   1,203  pg=-0.0073  vf=0.9738  ent=2.5771  kl=0.0061
  [phase ms/update]  rollout=542  bulk_xfer=0.1  gae=6.2  ppo_xfer=8  ppo_grad=12723  total=13279

[eval] step 3,506,176...
  train=4.90±5.00  test=4.50±4.97  gap=0.40
[checkpoint] Saved step 3,506,176 → checkpoints/ninja/ninja__impala__seed2__20260511_063258/step_3506176.pt  (latest.pt updated)
  update   220/1525  step  3,604,480  SPS   1,201  pg=-0.0064  vf=1.0325  ent=2.5459  kl=0.0044
  [phase ms/update]  rollout=520  bulk_xfer=0.1  gae=6.1  ppo_xfer=8  ppo_grad=12717  total=13251
  update   230/1525  step  3,768,320  SPS   1,203  pg=-0.0059  vf=1.3711  ent=2.5549  kl=0.0046
  [phase ms/update]  rollout=524  bulk_xfer=0.1  gae=6.0  ppo_xfer=8  ppo_grad=12723  total=13261
  update   240/1525  step  3,932,160  SPS   1,204  pg=-0.0058  vf=1.1727  ent=2.5544  kl=0.0052
  [phase ms/update]  rollout=538  bulk_xfer=0.1  gae=6.2  ppo_xfer=8  ppo_grad=12722  total=13275

[eval] step 4,014,080...
  train=5.60±4.96  test=4.50±4.97  gap=1.10
[checkpoint] Saved step 4,014,080 → checkpoints/ninja/ninja__impala__seed2__20260511_063258/step_4014080.pt  (latest.pt updated)
  update   250/1525  step  4,096,000  SPS   1,204  pg=-0.0051  vf=1.0901  ent=2.5556  kl=0.0046
  [phase ms/update]  rollout=528  bulk_xfer=0.1  gae=6.1  ppo_xfer=8  ppo_grad=12721  total=13264
  update   260/1525  step  4,259,840  SPS   1,205  pg=-0.0065  vf=1.3942  ent=2.5279  kl=0.0057
  [phase ms/update]  rollout=537  bulk_xfer=0.1  gae=6.2  ppo_xfer=8  ppo_grad=12722  total=13273
  update   270/1525  step  4,423,680  SPS   1,206  pg=-0.0042  vf=0.9797  ent=2.5690  kl=0.0070
  [phase ms/update]  rollout=519  bulk_xfer=0.1  gae=6.1  ppo_xfer=8  ppo_grad=12727  total=13259

[eval] step 4,505,600...
  train=4.70±4.99  test=4.60±4.98  gap=0.10
[checkpoint] Saved step 4,505,600 → checkpoints/ninja/ninja__impala__seed2__20260511_063258/step_4505600.pt  (latest.pt updated)
  update   280/1525  step  4,587,520  SPS   1,205  pg=-0.0040  vf=0.3060  ent=2.5770  kl=0.0060
  [phase ms/update]  rollout=528  bulk_xfer=0.1  gae=6.1  ppo_xfer=8  ppo_grad=12722  total=13265
  update   290/1525  step  4,751,360  SPS   1,206  pg=-0.0055  vf=1.0770  ent=2.5466  kl=0.0050
  [phase ms/update]  rollout=541  bulk_xfer=0.1  gae=6.2  ppo_xfer=8  ppo_grad=12719  total=13274
  update   300/1525  step  4,915,200  SPS   1,207  pg=-0.0073  vf=0.9692  ent=2.5440  kl=0.0050
  [phase ms/update]  rollout=528  bulk_xfer=0.1  gae=6.1  ppo_xfer=8  ppo_grad=12722  total=13265

[eval] step 5,013,504...
  train=4.90±5.00  test=4.70±4.99  gap=0.20
[checkpoint] Saved step 5,013,504 → checkpoints/ninja/ninja__impala__seed2__20260511_063258/step_5013504.pt  (latest.pt updated)
  update   310/1525  step  5,079,040  SPS   1,206  pg=-0.0039  vf=0.9966  ent=2.5110  kl=0.0083
  [phase ms/update]  rollout=531  bulk_xfer=0.1  gae=6.2  ppo_xfer=8  ppo_grad=12730  total=13275
  update   320/1525  step  5,242,880  SPS   1,207  pg=-0.0039  vf=1.2060  ent=2.5003  kl=0.0046
  [phase ms/update]  rollout=525  bulk_xfer=0.1  gae=6.1  ppo_xfer=8  ppo_grad=12728  total=13267
  update   330/1525  step  5,406,720  SPS   1,208  pg=-0.0056  vf=0.6950  ent=2.5261  kl=0.0074
  [phase ms/update]  rollout=524  bulk_xfer=0.1  gae=6.0  ppo_xfer=8  ppo_grad=12717  total=13255

[eval] step 5,505,024...
  train=5.30±4.99  test=4.60±4.98  gap=0.70
[checkpoint] Saved step 5,505,024 → checkpoints/ninja/ninja__impala__seed2__20260511_063258/step_5505024.pt  (latest.pt updated)
  update   340/1525  step  5,570,560  SPS   1,207  pg=-0.0058  vf=0.9587  ent=2.4962  kl=0.0039
  [phase ms/update]  rollout=529  bulk_xfer=0.1  gae=6.1  ppo_xfer=8  ppo_grad=12722  total=13266
  update   350/1525  step  5,734,400  SPS   1,208  pg=-0.0061  vf=2.3262  ent=2.3812  kl=0.0036
  [phase ms/update]  rollout=524  bulk_xfer=0.1  gae=6.2  ppo_xfer=8  ppo_grad=12727  total=13265
  update   360/1525  step  5,898,240  SPS   1,209  pg=-0.0049  vf=1.5561  ent=2.4351  kl=0.0062
  [phase ms/update]  rollout=524  bulk_xfer=0.1  gae=6.2  ppo_xfer=8  ppo_grad=12728  total=13266

[eval] step 6,012,928...
  train=5.50±4.97  test=4.60±4.98  gap=0.90
[checkpoint] Saved step 6,012,928 → checkpoints/ninja/ninja__impala__seed2__20260511_063258/step_6012928.pt  (latest.pt updated)
  update   370/1525  step  6,062,080  SPS   1,209  pg=-0.0064  vf=1.9325  ent=2.4242  kl=0.0057
  [phase ms/update]  rollout=532  bulk_xfer=0.1  gae=6.2  ppo_xfer=8  ppo_grad=12727  total=13273
  update   380/1525  step  6,225,920  SPS   1,210  pg=-0.0075  vf=2.6096  ent=2.3090  kl=0.0069
  [phase ms/update]  rollout=524  bulk_xfer=0.1  gae=6.2  ppo_xfer=8  ppo_grad=12722  total=13261
  update   390/1525  step  6,389,760  SPS   1,210  pg=-0.0077  vf=1.0519  ent=2.5020  kl=0.0061
  [phase ms/update]  rollout=509  bulk_xfer=0.1  gae=6.0  ppo_xfer=8  ppo_grad=12730  total=13253

[eval] step 6,504,448...
  train=5.50±4.97  test=4.60±4.98  gap=0.90
[checkpoint] Saved step 6,504,448 → checkpoints/ninja/ninja__impala__seed2__20260511_063258/step_6504448.pt  (latest.pt updated)
  update   400/1525  step  6,553,600  SPS   1,210  pg=-0.0075  vf=1.6375  ent=2.4753  kl=0.0061
  [phase ms/update]  rollout=526  bulk_xfer=0.1  gae=6.2  ppo_xfer=8  ppo_grad=12732  total=13272
  update   410/1525  step  6,717,440  SPS   1,211  pg=-0.0051  vf=1.0258  ent=2.5223  kl=0.0047
  [phase ms/update]  rollout=528  bulk_xfer=0.1  gae=6.1  ppo_xfer=8  ppo_grad=12720  total=13262
  update   420/1525  step  6,881,280  SPS   1,211  pg=-0.0081  vf=2.1001  ent=2.3656  kl=0.0062
  [phase ms/update]  rollout=510  bulk_xfer=0.1  gae=6.0  ppo_xfer=8  ppo_grad=12720  total=13244

[eval] step 7,012,352...
  train=6.20±4.85  test=4.70±4.99  gap=1.50
[checkpoint] Saved step 7,012,352 → checkpoints/ninja/ninja__impala__seed2__20260511_063258/step_7012352.pt  (latest.pt updated)
  update   430/1525  step  7,045,120  SPS   1,211  pg=-0.0071  vf=1.5786  ent=2.4156  kl=0.0066
  [phase ms/update]  rollout=537  bulk_xfer=0.1  gae=6.2  ppo_xfer=8  ppo_grad=12723  total=13274
  update   440/1525  step  7,208,960  SPS   1,212  pg=-0.0041  vf=0.7705  ent=2.4772  kl=0.0071
  [phase ms/update]  rollout=517  bulk_xfer=0.1  gae=6.0  ppo_xfer=8  ppo_grad=12731  total=13262
  update   450/1525  step  7,372,800  SPS   1,212  pg=-0.0066  vf=1.0620  ent=2.4410  kl=0.0054
  [phase ms/update]  rollout=522  bulk_xfer=0.1  gae=6.1  ppo_xfer=8  ppo_grad=12735  total=13272

[eval] step 7,503,872...
  train=6.00±4.90  test=5.20±5.00  gap=0.80
[checkpoint] Saved step 7,503,872 → checkpoints/ninja/ninja__impala__seed2__20260511_063258/step_7503872.pt  (latest.pt updated)
  update   460/1525  step  7,536,640  SPS   1,212  pg=-0.0070  vf=1.0828  ent=2.4628  kl=0.0057
  [phase ms/update]  rollout=532  bulk_xfer=0.1  gae=6.1  ppo_xfer=8  ppo_grad=12723  total=13270
  update   470/1525  step  7,700,480  SPS   1,213  pg=-0.0060  vf=1.4188  ent=2.4486  kl=0.0058
  [phase ms/update]  rollout=518  bulk_xfer=0.1  gae=6.1  ppo_xfer=8  ppo_grad=12717  total=13249
  update   480/1525  step  7,864,320  SPS   1,213  pg=-0.0088  vf=0.9105  ent=2.4602  kl=0.0066
  [phase ms/update]  rollout=527  bulk_xfer=0.1  gae=6.0  ppo_xfer=8  ppo_grad=12719  total=13260

[eval] step 8,011,776...
  train=5.50±4.97  test=5.30±4.99  gap=0.20
[checkpoint] Saved step 8,011,776 → checkpoints/ninja/ninja__impala__seed2__20260511_063258/step_8011776.pt  (latest.pt updated)
  update   490/1525  step  8,028,160  SPS   1,213  pg=-0.0054  vf=0.8585  ent=2.4996  kl=0.0048
  [phase ms/update]  rollout=533  bulk_xfer=0.1  gae=6.1  ppo_xfer=8  ppo_grad=12729  total=13276
  update   500/1525  step  8,192,000  SPS   1,214  pg=-0.0053  vf=1.6755  ent=2.4067  kl=0.0046
  [phase ms/update]  rollout=525  bulk_xfer=0.1  gae=6.1  ppo_xfer=8  ppo_grad=12731  total=13270
  update   510/1525  step  8,355,840  SPS   1,214  pg=-0.0069  vf=1.0410  ent=2.4899  kl=0.0079
  [phase ms/update]  rollout=525  bulk_xfer=0.1  gae=6.2  ppo_xfer=8  ppo_grad=12724  total=13263

[eval] step 8,503,296...
  train=6.40±4.80  test=5.00±5.00  gap=1.40
[checkpoint] Saved step 8,503,296 → checkpoints/ninja/ninja__impala__seed2__20260511_063258/step_8503296.pt  (latest.pt updated)
  update   520/1525  step  8,519,680  SPS   1,214  pg=-0.0090  vf=1.7890  ent=2.4282  kl=0.0064
  [phase ms/update]  rollout=522  bulk_xfer=0.1  gae=6.1  ppo_xfer=8  ppo_grad=12732  total=13268
  update   530/1525  step  8,683,520  SPS   1,214  pg=-0.0080  vf=1.0538  ent=2.4372  kl=0.0058
  [phase ms/update]  rollout=522  bulk_xfer=0.1  gae=6.1  ppo_xfer=8  ppo_grad=12729  total=13264
  update   540/1525  step  8,847,360  SPS   1,215  pg=-0.0085  vf=1.1271  ent=2.4464  kl=0.0070
  [phase ms/update]  rollout=513  bulk_xfer=0.1  gae=6.1  ppo_xfer=8  ppo_grad=12720  total=13248
  update   550/1525  step  9,011,200  SPS   1,215  pg=-0.0079  vf=1.0628  ent=2.4073  kl=0.0089
  [phase ms/update]  rollout=519  bulk_xfer=0.1  gae=6.1  ppo_xfer=8  ppo_grad=12713  total=13246

[eval] step 9,011,200...
  train=6.60±4.74  test=5.10±5.00  gap=1.50
[checkpoint] Saved step 9,011,200 → checkpoints/ninja/ninja__impala__seed2__20260511_063258/step_9011200.pt  (latest.pt updated)
  update   560/1525  step  9,175,040  SPS   1,215  pg=-0.0066  vf=1.1349  ent=2.3713  kl=0.0061
  [phase ms/update]  rollout=530  bulk_xfer=0.1  gae=6.1  ppo_xfer=8  ppo_grad=12723  total=13267
  update   570/1525  step  9,338,880  SPS   1,215  pg=-0.0071  vf=0.5208  ent=2.4790  kl=0.0064
  [phase ms/update]  rollout=540  bulk_xfer=0.1  gae=6.2  ppo_xfer=8  ppo_grad=12721  total=13275
  update   580/1525  step  9,502,720  SPS   1,216  pg=-0.0093  vf=0.9392  ent=2.4347  kl=0.0071
  [phase ms/update]  rollout=522  bulk_xfer=0.1  gae=6.0  ppo_xfer=8  ppo_grad=12730  total=13266

[eval] step 9,502,720...
  train=7.00±4.58  test=5.20±5.00  gap=1.80
[checkpoint] Saved step 9,502,720 → checkpoints/ninja/ninja__impala__seed2__20260511_063258/step_9502720.pt  (latest.pt updated)
  update   590/1525  step  9,666,560  SPS   1,216  pg=-0.0074  vf=0.9211  ent=2.4761  kl=0.0066
  [phase ms/update]  rollout=510  bulk_xfer=0.1  gae=6.1  ppo_xfer=8  ppo_grad=12727  total=13251
  update   600/1525  step  9,830,400  SPS   1,216  pg=-0.0067  vf=0.7894  ent=2.4565  kl=0.0067
  [phase ms/update]  rollout=520  bulk_xfer=0.1  gae=6.0  ppo_xfer=8  ppo_grad=12722  total=13256
  update   610/1525  step  9,994,240  SPS   1,216  pg=-0.0075  vf=1.1569  ent=2.4023  kl=0.0072
  [phase ms/update]  rollout=533  bulk_xfer=0.1  gae=6.1  ppo_xfer=8  ppo_grad=12722  total=13270

[eval] step 10,010,624...
  train=6.90±4.62  test=5.20±5.00  gap=1.70
[checkpoint] Saved step 10,010,624 → checkpoints/ninja/ninja__impala__seed2__20260511_063258/step_10010624.pt  (latest.pt updated)
  update   620/1525  step 10,158,080  SPS   1,216  pg=-0.0085  vf=1.1458  ent=2.3929  kl=0.0072
  [phase ms/update]  rollout=521  bulk_xfer=0.1  gae=6.1  ppo_xfer=8  ppo_grad=12731  total=13267
  update   630/1525  step 10,321,920  SPS   1,216  pg=-0.0071  vf=1.3687  ent=2.4515  kl=0.0061
  [phase ms/update]  rollout=515  bulk_xfer=0.1  gae=6.1  ppo_xfer=8  ppo_grad=12734  total=13263
  update   640/1525  step 10,485,760  SPS   1,217  pg=-0.0073  vf=0.8811  ent=2.4291  kl=0.0079
  [phase ms/update]  rollout=529  bulk_xfer=0.1  gae=6.1  ppo_xfer=8  ppo_grad=12735  total=13278

[eval] step 10,502,144...
  train=7.00±4.58  test=5.60±4.96  gap=1.40
[checkpoint] Saved step 10,502,144 → checkpoints/ninja/ninja__impala__seed2__20260511_063258/step_10502144.pt  (latest.pt updated)
  update   650/1525  step 10,649,600  SPS   1,217  pg=-0.0094  vf=1.1868  ent=2.4106  kl=0.0060
  [phase ms/update]  rollout=537  bulk_xfer=0.1  gae=6.1  ppo_xfer=8  ppo_grad=12734  total=13285
  update   660/1525  step 10,813,440  SPS   1,217  pg=-0.0052  vf=1.1505  ent=2.3789  kl=0.0066
  [phase ms/update]  rollout=530  bulk_xfer=0.1  gae=6.1  ppo_xfer=8  ppo_grad=12734  total=13278
  update   670/1525  step 10,977,280  SPS   1,217  pg=-0.0067  vf=1.1570  ent=2.4042  kl=0.0060
  [phase ms/update]  rollout=525  bulk_xfer=0.1  gae=6.0  ppo_xfer=8  ppo_grad=12726  total=13265

[eval] step 11,010,048...
  train=7.70±4.21  test=5.90±4.92  gap=1.80
[checkpoint] Saved step 11,010,048 → checkpoints/ninja/ninja__impala__seed2__20260511_063258/step_11010048.pt  (latest.pt updated)
  update   680/1525  step 11,141,120  SPS   1,217  pg=-0.0083  vf=0.8722  ent=2.3888  kl=0.0072
  [phase ms/update]  rollout=529  bulk_xfer=0.1  gae=6.1  ppo_xfer=8  ppo_grad=12732  total=13275
  update   690/1525  step 11,304,960  SPS   1,217  pg=-0.0083  vf=1.1077  ent=2.3795  kl=0.0080
  [phase ms/update]  rollout=526  bulk_xfer=0.1  gae=6.1  ppo_xfer=8  ppo_grad=12733  total=13274
  update   700/1525  step 11,468,800  SPS   1,217  pg=-0.0050  vf=1.4474  ent=2.3347  kl=0.0099
  [phase ms/update]  rollout=535  bulk_xfer=0.1  gae=6.2  ppo_xfer=8  ppo_grad=12732  total=13282

[eval] step 11,501,568...
  train=7.20±4.49  test=5.50±4.97  gap=1.70
[checkpoint] Saved step 11,501,568 → checkpoints/ninja/ninja__impala__seed2__20260511_063258/step_11501568.pt  (latest.pt updated)
  update   710/1525  step 11,632,640  SPS   1,217  pg=-0.0089  vf=1.3090  ent=2.3479  kl=0.0073
  [phase ms/update]  rollout=513  bulk_xfer=0.1  gae=6.1  ppo_xfer=8  ppo_grad=12732  total=13260
  update   720/1525  step 11,796,480  SPS   1,217  pg=-0.0084  vf=1.0375  ent=2.3859  kl=0.0082
  [phase ms/update]  rollout=529  bulk_xfer=0.1  gae=6.1  ppo_xfer=8  ppo_grad=12736  total=13278
  update   730/1525  step 11,960,320  SPS   1,218  pg=-0.0093  vf=1.1871  ent=2.3775  kl=0.0073
  [phase ms/update]  rollout=523  bulk_xfer=0.1  gae=6.1  ppo_xfer=8  ppo_grad=12725  total=13262

[eval] step 12,009,472...
  train=7.20±4.49  test=5.70±4.95  gap=1.50
[checkpoint] Saved step 12,009,472 → checkpoints/ninja/ninja__impala__seed2__20260511_063258/step_12009472.pt  (latest.pt updated)
  update   740/1525  step 12,124,160  SPS   1,217  pg=-0.0084  vf=0.6296  ent=2.4662  kl=0.0118
  [phase ms/update]  rollout=523  bulk_xfer=0.1  gae=6.1  ppo_xfer=8  ppo_grad=12719  total=13256
  update   750/1525  step 12,288,000  SPS   1,218  pg=-0.0066  vf=0.9363  ent=2.3688  kl=0.0091
  [phase ms/update]  rollout=529  bulk_xfer=0.1  gae=6.2  ppo_xfer=8  ppo_grad=12721  total=13264
  update   760/1525  step 12,451,840  SPS   1,218  pg=-0.0065  vf=0.8935  ent=2.3539  kl=0.0083
  [phase ms/update]  rollout=529  bulk_xfer=0.1  gae=6.1  ppo_xfer=8  ppo_grad=12721  total=13264

[eval] step 12,500,992...
  train=7.00±4.58  test=5.90±4.92  gap=1.10
[checkpoint] Saved step 12,500,992 → checkpoints/ninja/ninja__impala__seed2__20260511_063258/step_12500992.pt  (latest.pt updated)
  update   770/1525  step 12,615,680  SPS   1,218  pg=-0.0091  vf=1.2161  ent=2.3074  kl=0.0086
  [phase ms/update]  rollout=515  bulk_xfer=0.1  gae=6.0  ppo_xfer=8  ppo_grad=12724  total=13253
  update   780/1525  step 12,779,520  SPS   1,218  pg=-0.0094  vf=0.6215  ent=2.4372  kl=0.0094
  [phase ms/update]  rollout=514  bulk_xfer=0.1  gae=6.1  ppo_xfer=8  ppo_grad=12727  total=13255
  update   790/1525  step 12,943,360  SPS   1,218  pg=-0.0090  vf=0.7422  ent=2.3476  kl=0.0092
  [phase ms/update]  rollout=520  bulk_xfer=0.1  gae=6.1  ppo_xfer=8  ppo_grad=12717  total=13251

[eval] step 13,008,896...
  train=6.70±4.70  test=5.40±4.98  gap=1.30
[checkpoint] Saved step 13,008,896 → checkpoints/ninja/ninja__impala__seed2__20260511_063258/step_13008896.pt  (latest.pt updated)
  update   800/1525  step 13,107,200  SPS   1,218  pg=-0.0073  vf=0.6497  ent=2.3994  kl=0.0064
  [phase ms/update]  rollout=516  bulk_xfer=0.1  gae=6.1  ppo_xfer=8  ppo_grad=12720  total=13250
  update   810/1525  step 13,271,040  SPS   1,218  pg=-0.0105  vf=1.0255  ent=2.4015  kl=0.0099
  [phase ms/update]  rollout=533  bulk_xfer=0.1  gae=6.1  ppo_xfer=8  ppo_grad=12719  total=13266
  update   820/1525  step 13,434,880  SPS   1,218  pg=-0.0096  vf=0.6716  ent=2.4440  kl=0.0073
  [phase ms/update]  rollout=538  bulk_xfer=0.1  gae=6.2  ppo_xfer=8  ppo_grad=12721  total=13272

[eval] step 13,500,416...
  train=7.40±4.39  test=5.20±5.00  gap=2.20
[checkpoint] Saved step 13,500,416 → checkpoints/ninja/ninja__impala__seed2__20260511_063258/step_13500416.pt  (latest.pt updated)
  update   830/1525  step 13,598,720  SPS   1,218  pg=-0.0076  vf=1.0617  ent=2.4238  kl=0.0055
  [phase ms/update]  rollout=523  bulk_xfer=0.1  gae=6.1  ppo_xfer=8  ppo_grad=12723  total=13260
  update   840/1525  step 13,762,560  SPS   1,218  pg=-0.0090  vf=0.7306  ent=2.4087  kl=0.0068
  [phase ms/update]  rollout=513  bulk_xfer=0.1  gae=6.1  ppo_xfer=8  ppo_grad=12733  total=13260
  update   850/1525  step 13,926,400  SPS   1,219  pg=-0.0077  vf=0.8273  ent=2.4447  kl=0.0057
  [phase ms/update]  rollout=530  bulk_xfer=0.1  gae=6.2  ppo_xfer=8  ppo_grad=12724  total=13268

[eval] step 14,008,320...
  train=7.90±4.07  test=5.60±4.96  gap=2.30
[checkpoint] Saved step 14,008,320 → checkpoints/ninja/ninja__impala__seed2__20260511_063258/step_14008320.pt  (latest.pt updated)
  update   860/1525  step 14,090,240  SPS   1,218  pg=-0.0103  vf=0.5939  ent=2.4642  kl=0.0079
  [phase ms/update]  rollout=528  bulk_xfer=0.1  gae=6.2  ppo_xfer=8  ppo_grad=12722  total=13264
  update   870/1525  step 14,254,080  SPS   1,219  pg=-0.0087  vf=0.7073  ent=2.4857  kl=0.0065
  [phase ms/update]  rollout=530  bulk_xfer=0.1  gae=6.2  ppo_xfer=8  ppo_grad=12723  total=13267
  update   880/1525  step 14,417,920  SPS   1,219  pg=-0.0068  vf=1.0033  ent=2.4252  kl=0.0076
  [phase ms/update]  rollout=517  bulk_xfer=0.1  gae=6.1  ppo_xfer=8  ppo_grad=12724  total=13254

[eval] step 14,516,224...
  train=7.70±4.21  test=5.80±4.94  gap=1.90
[checkpoint] Saved step 14,516,224 → checkpoints/ninja/ninja__impala__seed2__20260511_063258/step_14516224.pt  (latest.pt updated)
  update   890/1525  step 14,581,760  SPS   1,219  pg=-0.0098  vf=1.1060  ent=2.4042  kl=0.0077
  [phase ms/update]  rollout=519  bulk_xfer=0.1  gae=6.1  ppo_xfer=8  ppo_grad=12725  total=13258
  update   900/1525  step 14,745,600  SPS   1,219  pg=-0.0076  vf=0.7092  ent=2.4486  kl=0.0064
  [phase ms/update]  rollout=525  bulk_xfer=0.1  gae=6.1  ppo_xfer=8  ppo_grad=12723  total=13262
  update   910/1525  step 14,909,440  SPS   1,219  pg=-0.0087  vf=0.9263  ent=2.4373  kl=0.0065
  [phase ms/update]  rollout=526  bulk_xfer=0.1  gae=6.1  ppo_xfer=8  ppo_grad=12725  total=13264

[eval] step 15,007,744...
  train=8.00±4.00  test=5.50±4.97  gap=2.50
[checkpoint] Saved step 15,007,744 → checkpoints/ninja/ninja__impala__seed2__20260511_063258/step_15007744.pt  (latest.pt updated)
  update   920/1525  step 15,073,280  SPS   1,219  pg=-0.0102  vf=0.8926  ent=2.4223  kl=0.0136
  [phase ms/update]  rollout=525  bulk_xfer=0.1  gae=6.1  ppo_xfer=8  ppo_grad=12727  total=13266
  update   930/1525  step 15,237,120  SPS   1,219  pg=-0.0087  vf=0.8607  ent=2.4214  kl=0.0080
  [phase ms/update]  rollout=534  bulk_xfer=0.1  gae=6.1  ppo_xfer=8  ppo_grad=12722  total=13270
  update   940/1525  step 15,400,960  SPS   1,219  pg=-0.0082  vf=1.3092  ent=2.3477  kl=0.0073
  [phase ms/update]  rollout=533  bulk_xfer=0.1  gae=6.1  ppo_xfer=8  ppo_grad=12725  total=13273

[eval] step 15,515,648...
  train=7.60±4.27  test=5.60±4.96  gap=2.00
[checkpoint] Saved step 15,515,648 → checkpoints/ninja/ninja__impala__seed2__20260511_063258/step_15515648.pt  (latest.pt updated)
  update   950/1525  step 15,564,800  SPS   1,219  pg=-0.0059  vf=1.0115  ent=2.3946  kl=0.0077
  [phase ms/update]  rollout=532  bulk_xfer=0.1  gae=6.2  ppo_xfer=8  ppo_grad=12720  total=13266
  update   960/1525  step 15,728,640  SPS   1,219  pg=-0.0080  vf=1.3328  ent=2.3096  kl=0.0076
  [phase ms/update]  rollout=526  bulk_xfer=0.1  gae=6.1  ppo_xfer=8  ppo_grad=12732  total=13272
  update   970/1525  step 15,892,480  SPS   1,219  pg=-0.0096  vf=0.9678  ent=2.3881  kl=0.0055
  [phase ms/update]  rollout=530  bulk_xfer=0.1  gae=6.2  ppo_xfer=8  ppo_grad=12723  total=13267

[eval] step 16,007,168...
  train=7.60±4.27  test=5.70±4.95  gap=1.90
[checkpoint] Saved step 16,007,168 → checkpoints/ninja/ninja__impala__seed2__20260511_063258/step_16007168.pt  (latest.pt updated)
  update   980/1525  step 16,056,320  SPS   1,219  pg=-0.0088  vf=0.7316  ent=2.4225  kl=0.0082
  [phase ms/update]  rollout=525  bulk_xfer=0.1  gae=6.1  ppo_xfer=8  ppo_grad=12724  total=13263
  update   990/1525  step 16,220,160  SPS   1,219  pg=-0.0097  vf=0.5652  ent=2.3129  kl=0.0072
  [phase ms/update]  rollout=525  bulk_xfer=0.1  gae=6.1  ppo_xfer=8  ppo_grad=12725  total=13264
  update  1000/1525  step 16,384,000  SPS   1,220  pg=-0.0107  vf=0.7248  ent=2.3615  kl=0.0080
  [phase ms/update]  rollout=521  bulk_xfer=0.1  gae=6.1  ppo_xfer=8  ppo_grad=12724  total=13259

[eval] step 16,515,072...
  train=7.40±4.39  test=5.70±4.95  gap=1.70
[checkpoint] Saved step 16,515,072 → checkpoints/ninja/ninja__impala__seed2__20260511_063258/step_16515072.pt  (latest.pt updated)
  update  1010/1525  step 16,547,840  SPS   1,219  pg=-0.0094  vf=0.7696  ent=2.3637  kl=0.0077
  [phase ms/update]  rollout=524  bulk_xfer=0.1  gae=6.2  ppo_xfer=8  ppo_grad=12723  total=13262
  update  1020/1525  step 16,711,680  SPS   1,220  pg=-0.0096  vf=0.9764  ent=2.3508  kl=0.0093
  [phase ms/update]  rollout=515  bulk_xfer=0.1  gae=6.1  ppo_xfer=8  ppo_grad=12729  total=13258
  update  1030/1525  step 16,875,520  SPS   1,220  pg=-0.0092  vf=0.8157  ent=2.3736  kl=0.0076
  [phase ms/update]  rollout=513  bulk_xfer=0.1  gae=6.0  ppo_xfer=8  ppo_grad=12733  total=13260

[eval] step 17,006,592...
  train=7.90±4.07  test=5.90±4.92  gap=2.00
[checkpoint] Saved step 17,006,592 → checkpoints/ninja/ninja__impala__seed2__20260511_063258/step_17006592.pt  (latest.pt updated)
  update  1040/1525  step 17,039,360  SPS   1,220  pg=-0.0090  vf=0.9976  ent=2.2614  kl=0.0072
  [phase ms/update]  rollout=532  bulk_xfer=0.1  gae=6.2  ppo_xfer=8  ppo_grad=12723  total=13270
  update  1050/1525  step 17,203,200  SPS   1,220  pg=-0.0100  vf=1.1449  ent=2.2742  kl=0.0069
  [phase ms/update]  rollout=514  bulk_xfer=0.1  gae=6.0  ppo_xfer=8  ppo_grad=12728  total=13256
  update  1060/1525  step 17,367,040  SPS   1,220  pg=-0.0058  vf=0.6939  ent=2.3720  kl=0.0077
  [phase ms/update]  rollout=509  bulk_xfer=0.1  gae=6.0  ppo_xfer=8  ppo_grad=12733  total=13256

[eval] step 17,514,496...
  train=7.70±4.21  test=6.00±4.90  gap=1.70
[checkpoint] Saved step 17,514,496 → checkpoints/ninja/ninja__impala__seed2__20260511_063258/step_17514496.pt  (latest.pt updated)
  update  1070/1525  step 17,530,880  SPS   1,220  pg=-0.0088  vf=0.7460  ent=2.3425  kl=0.0086
  [phase ms/update]  rollout=533  bulk_xfer=0.1  gae=6.2  ppo_xfer=8  ppo_grad=12732  total=13279
  update  1080/1525  step 17,694,720  SPS   1,220  pg=-0.0091  vf=0.7675  ent=2.3869  kl=0.0085
  [phase ms/update]  rollout=524  bulk_xfer=0.1  gae=6.1  ppo_xfer=8  ppo_grad=12736  total=13274
  update  1090/1525  step 17,858,560  SPS   1,220  pg=-0.0098  vf=0.6516  ent=2.3173  kl=0.0098
  [phase ms/update]  rollout=515  bulk_xfer=0.1  gae=6.0  ppo_xfer=8  ppo_grad=12724  total=13253

[eval] step 18,006,016...
  train=7.40±4.39  test=5.90±4.92  gap=1.50
[checkpoint] Saved step 18,006,016 → checkpoints/ninja/ninja__impala__seed2__20260511_063258/step_18006016.pt  (latest.pt updated)
  update  1100/1525  step 18,022,400  SPS   1,220  pg=-0.0087  vf=0.7547  ent=2.3711  kl=0.0070
  [phase ms/update]  rollout=518  bulk_xfer=0.1  gae=6.1  ppo_xfer=8  ppo_grad=12721  total=13254
  update  1110/1525  step 18,186,240  SPS   1,220  pg=-0.0099  vf=0.7912  ent=2.4101  kl=0.0082
  [phase ms/update]  rollout=530  bulk_xfer=0.1  gae=6.2  ppo_xfer=8  ppo_grad=12720  total=13265
  update  1120/1525  step 18,350,080  SPS   1,220  pg=-0.0087  vf=0.8464  ent=2.2572  kl=0.0102
  [phase ms/update]  rollout=517  bulk_xfer=0.1  gae=6.1  ppo_xfer=8  ppo_grad=12723  total=13255
  update  1130/1525  step 18,513,920  SPS   1,220  pg=-0.0065  vf=0.4570  ent=2.3913  kl=0.0108
  [phase ms/update]  rollout=526  bulk_xfer=0.1  gae=6.1  ppo_xfer=8  ppo_grad=12722  total=13263

[eval] step 18,513,920...
  train=8.10±3.92  test=5.90±4.92  gap=2.20
[checkpoint] Saved step 18,513,920 → checkpoints/ninja/ninja__impala__seed2__20260511_063258/step_18513920.pt  (latest.pt updated)
  update  1140/1525  step 18,677,760  SPS   1,220  pg=-0.0091  vf=0.9142  ent=2.3490  kl=0.0075
  [phase ms/update]  rollout=526  bulk_xfer=0.1  gae=6.1  ppo_xfer=8  ppo_grad=12723  total=13263
  update  1150/1525  step 18,841,600  SPS   1,220  pg=-0.0102  vf=0.9750  ent=2.3150  kl=0.0083
  [phase ms/update]  rollout=532  bulk_xfer=0.1  gae=6.2  ppo_xfer=8  ppo_grad=12718  total=13265
  update  1160/1525  step 19,005,440  SPS   1,220  pg=-0.0111  vf=1.0587  ent=2.3559  kl=0.0085
  [phase ms/update]  rollout=530  bulk_xfer=0.1  gae=6.1  ppo_xfer=8  ppo_grad=12718  total=13262

[eval] step 19,005,440...
  train=8.70±3.36  test=5.90±4.92  gap=2.80
[checkpoint] Saved step 19,005,440 → checkpoints/ninja/ninja__impala__seed2__20260511_063258/step_19005440.pt  (latest.pt updated)
  update  1170/1525  step 19,169,280  SPS   1,220  pg=-0.0091  vf=0.8206  ent=2.3385  kl=0.0079
  [phase ms/update]  rollout=526  bulk_xfer=0.1  gae=6.1  ppo_xfer=8  ppo_grad=12722  total=13262
  update  1180/1525  step 19,333,120  SPS   1,220  pg=-0.0089  vf=0.8681  ent=2.3155  kl=0.0091
  [phase ms/update]  rollout=526  bulk_xfer=0.1  gae=6.2  ppo_xfer=8  ppo_grad=12714  total=13254
  update  1190/1525  step 19,496,960  SPS   1,221  pg=-0.0090  vf=0.5502  ent=2.3134  kl=0.0068
  [phase ms/update]  rollout=524  bulk_xfer=0.1  gae=6.1  ppo_xfer=8  ppo_grad=12716  total=13254

[eval] step 19,513,344...
  train=8.40±3.67  test=6.20±4.85  gap=2.20
[checkpoint] Saved step 19,513,344 → checkpoints/ninja/ninja__impala__seed2__20260511_063258/step_19513344.pt  (latest.pt updated)
  update  1200/1525  step 19,660,800  SPS   1,220  pg=-0.0083  vf=0.9289  ent=2.3059  kl=0.0074
  [phase ms/update]  rollout=522  bulk_xfer=0.1  gae=6.2  ppo_xfer=8  ppo_grad=12721  total=13257
  update  1210/1525  step 19,824,640  SPS   1,221  pg=-0.0077  vf=1.0222  ent=2.2783  kl=0.0101
  [phase ms/update]  rollout=525  bulk_xfer=0.1  gae=6.1  ppo_xfer=8  ppo_grad=12721  total=13261
  update  1220/1525  step 19,988,480  SPS   1,221  pg=-0.0082  vf=0.5181  ent=2.3730  kl=0.0081
  [phase ms/update]  rollout=519  bulk_xfer=0.1  gae=6.1  ppo_xfer=8  ppo_grad=12721  total=13255

[eval] step 20,004,864...
  train=8.30±3.76  test=6.00±4.90  gap=2.30
[checkpoint] Saved step 20,004,864 → checkpoints/ninja/ninja__impala__seed2__20260511_063258/step_20004864.pt  (latest.pt updated)
  update  1230/1525  step 20,152,320  SPS   1,221  pg=-0.0122  vf=0.9565  ent=2.2713  kl=0.0075
  [phase ms/update]  rollout=519  bulk_xfer=0.1  gae=6.1  ppo_xfer=8  ppo_grad=12719  total=13252
  update  1240/1525  step 20,316,160  SPS   1,221  pg=-0.0081  vf=0.5671  ent=2.3236  kl=0.0089
  [phase ms/update]  rollout=526  bulk_xfer=0.1  gae=6.1  ppo_xfer=8  ppo_grad=12730  total=13269
  update  1250/1525  step 20,480,000  SPS   1,221  pg=-0.0115  vf=0.7055  ent=2.3584  kl=0.0084
  [phase ms/update]  rollout=536  bulk_xfer=0.1  gae=6.2  ppo_xfer=8  ppo_grad=12731  total=13282

[eval] step 20,512,768...
  train=8.20±3.84  test=5.80±4.94  gap=2.40
[checkpoint] Saved step 20,512,768 → checkpoints/ninja/ninja__impala__seed2__20260511_063258/step_20512768.pt  (latest.pt updated)
  update  1260/1525  step 20,643,840  SPS   1,221  pg=-0.0103  vf=0.7758  ent=2.3246  kl=0.0079
  [phase ms/update]  rollout=521  bulk_xfer=0.1  gae=6.1  ppo_xfer=8  ppo_grad=12726  total=13261
  update  1270/1525  step 20,807,680  SPS   1,221  pg=-0.0097  vf=0.9881  ent=2.2854  kl=0.0085
  [phase ms/update]  rollout=529  bulk_xfer=0.1  gae=6.1  ppo_xfer=8  ppo_grad=12736  total=13279
  update  1280/1525  step 20,971,520  SPS   1,221  pg=-0.0121  vf=0.6315  ent=2.3615  kl=0.0066
  [phase ms/update]  rollout=530  bulk_xfer=0.1  gae=6.2  ppo_xfer=8  ppo_grad=12736  total=13280

[eval] step 21,004,288...
  train=7.40±4.39  test=7.10±4.54  gap=0.30
[checkpoint] Saved step 21,004,288 → checkpoints/ninja/ninja__impala__seed2__20260511_063258/step_21004288.pt  (latest.pt updated)
  update  1290/1525  step 21,135,360  SPS   1,221  pg=-0.0110  vf=0.8089  ent=2.3103  kl=0.0082
  [phase ms/update]  rollout=526  bulk_xfer=0.1  gae=6.2  ppo_xfer=8  ppo_grad=12735  total=13274
  update  1300/1525  step 21,299,200  SPS   1,221  pg=-0.0105  vf=0.8585  ent=2.3715  kl=0.0077
  [phase ms/update]  rollout=517  bulk_xfer=0.1  gae=6.1  ppo_xfer=8  ppo_grad=12734  total=13265
  update  1310/1525  step 21,463,040  SPS   1,221  pg=-0.0096  vf=1.1888  ent=2.2837  kl=0.0071
  [phase ms/update]  rollout=510  bulk_xfer=0.1  gae=6.0  ppo_xfer=8  ppo_grad=12732  total=13256

[eval] step 21,512,192...
  train=7.90±4.07  test=6.40±4.80  gap=1.50
[checkpoint] Saved step 21,512,192 → checkpoints/ninja/ninja__impala__seed2__20260511_063258/step_21512192.pt  (latest.pt updated)
  update  1320/1525  step 21,626,880  SPS   1,221  pg=-0.0081  vf=0.9448  ent=2.2978  kl=0.0090
  [phase ms/update]  rollout=521  bulk_xfer=0.1  gae=6.1  ppo_xfer=8  ppo_grad=12715  total=13250
  update  1330/1525  step 21,790,720  SPS   1,221  pg=-0.0089  vf=0.9782  ent=2.2016  kl=0.0107
  [phase ms/update]  rollout=526  bulk_xfer=0.1  gae=6.1  ppo_xfer=8  ppo_grad=12721  total=13261
  update  1340/1525  step 21,954,560  SPS   1,221  pg=-0.0092  vf=1.3444  ent=2.1781  kl=0.0066
  [phase ms/update]  rollout=517  bulk_xfer=0.1  gae=6.1  ppo_xfer=8  ppo_grad=12730  total=13261

[eval] step 22,003,712...
  train=8.40±3.67  test=6.20±4.85  gap=2.20
[checkpoint] Saved step 22,003,712 → checkpoints/ninja/ninja__impala__seed2__20260511_063258/step_22003712.pt  (latest.pt updated)
  update  1350/1525  step 22,118,400  SPS   1,221  pg=-0.0126  vf=0.6411  ent=2.2153  kl=0.0093
  [phase ms/update]  rollout=536  bulk_xfer=0.1  gae=6.2  ppo_xfer=8  ppo_grad=12733  total=13283
  update  1360/1525  step 22,282,240  SPS   1,221  pg=-0.0103  vf=0.7135  ent=2.2271  kl=0.0087
  [phase ms/update]  rollout=521  bulk_xfer=0.1  gae=6.1  ppo_xfer=8  ppo_grad=12733  total=13268
  update  1370/1525  step 22,446,080  SPS   1,221  pg=-0.0095  vf=0.6774  ent=2.2669  kl=0.0077
  [phase ms/update]  rollout=526  bulk_xfer=0.1  gae=6.2  ppo_xfer=8  ppo_grad=12735  total=13275

[eval] step 22,511,616...
  train=8.40±3.67  test=6.10±4.88  gap=2.30
[checkpoint] Saved step 22,511,616 → checkpoints/ninja/ninja__impala__seed2__20260511_063258/step_22511616.pt  (latest.pt updated)
  update  1380/1525  step 22,609,920  SPS   1,221  pg=-0.0110  vf=0.8779  ent=2.2873  kl=0.0081
  [phase ms/update]  rollout=533  bulk_xfer=0.1  gae=6.1  ppo_xfer=8  ppo_grad=12733  total=13280
  update  1390/1525  step 22,773,760  SPS   1,221  pg=-0.0110  vf=0.8263  ent=2.3671  kl=0.0093
  [phase ms/update]  rollout=525  bulk_xfer=0.1  gae=6.1  ppo_xfer=8  ppo_grad=12736  total=13275
  update  1400/1525  step 22,937,600  SPS   1,221  pg=-0.0109  vf=0.8131  ent=2.3491  kl=0.0087
  [phase ms/update]  rollout=530  bulk_xfer=0.1  gae=6.1  ppo_xfer=8  ppo_grad=12731  total=13276

[eval] step 23,003,136...
  train=7.90±4.07  test=5.80±4.94  gap=2.10
[checkpoint] Saved step 23,003,136 → checkpoints/ninja/ninja__impala__seed2__20260511_063258/step_23003136.pt  (latest.pt updated)
  update  1410/1525  step 23,101,440  SPS   1,221  pg=-0.0108  vf=1.1396  ent=2.2184  kl=0.0068
  [phase ms/update]  rollout=533  bulk_xfer=0.1  gae=6.1  ppo_xfer=8  ppo_grad=12733  total=13280
  update  1420/1525  step 23,265,280  SPS   1,221  pg=-0.0097  vf=0.6733  ent=2.4087  kl=0.0073
  [phase ms/update]  rollout=518  bulk_xfer=0.1  gae=6.0  ppo_xfer=8  ppo_grad=12734  total=13266
  update  1430/1525  step 23,429,120  SPS   1,221  pg=-0.0101  vf=0.8366  ent=2.2634  kl=0.0078
  [phase ms/update]  rollout=520  bulk_xfer=0.1  gae=6.1  ppo_xfer=8  ppo_grad=12731  total=13265

[eval] step 23,511,040...
  train=8.50±3.57  test=6.80±4.66  gap=1.70
[checkpoint] Saved step 23,511,040 → checkpoints/ninja/ninja__impala__seed2__20260511_063258/step_23511040.pt  (latest.pt updated)
  update  1440/1525  step 23,592,960  SPS   1,221  pg=-0.0117  vf=0.9141  ent=2.3106  kl=0.0078
  [phase ms/update]  rollout=520  bulk_xfer=0.1  gae=6.1  ppo_xfer=8  ppo_grad=12730  total=13264
  update  1450/1525  step 23,756,800  SPS   1,221  pg=-0.0108  vf=0.5852  ent=2.3120  kl=0.0084
  [phase ms/update]  rollout=539  bulk_xfer=0.1  gae=6.1  ppo_xfer=8  ppo_grad=12734  total=13288
  update  1460/1525  step 23,920,640  SPS   1,221  pg=-0.0094  vf=0.6813  ent=2.3387  kl=0.0076
  [phase ms/update]  rollout=522  bulk_xfer=0.1  gae=6.1  ppo_xfer=8  ppo_grad=12729  total=13265

[eval] step 24,002,560...
  train=8.20±3.84  test=5.20±5.00  gap=3.00
[checkpoint] Saved step 24,002,560 → checkpoints/ninja/ninja__impala__seed2__20260511_063258/step_24002560.pt  (latest.pt updated)
  update  1470/1525  step 24,084,480  SPS   1,221  pg=-0.0113  vf=1.2234  ent=2.2963  kl=0.0067
  [phase ms/update]  rollout=528  bulk_xfer=0.1  gae=6.1  ppo_xfer=8  ppo_grad=12727  total=13269
  update  1480/1525  step 24,248,320  SPS   1,222  pg=-0.0109  vf=0.8211  ent=2.2836  kl=0.0070
  [phase ms/update]  rollout=533  bulk_xfer=0.1  gae=6.1  ppo_xfer=8  ppo_grad=12730  total=13277
  update  1490/1525  step 24,412,160  SPS   1,222  pg=-0.0096  vf=0.7340  ent=2.2946  kl=0.0077
  [phase ms/update]  rollout=528  bulk_xfer=0.1  gae=6.2  ppo_xfer=8  ppo_grad=12728  total=13270

[eval] step 24,510,464...
  train=8.50±3.57  test=6.50±4.77  gap=2.00
[checkpoint] Saved step 24,510,464 → checkpoints/ninja/ninja__impala__seed2__20260511_063258/step_24510464.pt  (latest.pt updated)
  update  1500/1525  step 24,576,000  SPS   1,222  pg=-0.0078  vf=0.6694  ent=2.2914  kl=0.0075
  [phase ms/update]  rollout=530  bulk_xfer=0.1  gae=6.1  ppo_xfer=8  ppo_grad=12735  total=13279
  update  1510/1525  step 24,739,840  SPS   1,222  pg=-0.0107  vf=0.7144  ent=2.2574  kl=0.0086
  [phase ms/update]  rollout=518  bulk_xfer=0.1  gae=6.1  ppo_xfer=8  ppo_grad=12728  total=13260
  update  1520/1525  step 24,903,680  SPS   1,222  pg=-0.0104  vf=0.6305  ent=2.2065  kl=0.0096
  [phase ms/update]  rollout=515  bulk_xfer=0.1  gae=6.0  ppo_xfer=8  ppo_grad=12729  total=13259
[checkpoint] Saved step 24,985,600 → checkpoints/ninja/ninja__impala__seed2__20260511_063258/step_24985600_final.pt  (latest.pt updated)

[done] Training complete.

[final eval]

=================================================================
  ninja | none+uniform | seed=2
  train=8.40  test=6.70  gap=1.70
  expected=[6.0,8.0]  PASS
=================================================================

wandb: updating run metadata
wandb: uploading output.log; uploading wandb-summary.json; uploading config.yaml
wandb: uploading history steps 1523-1524, summary, console lines 513-523
wandb: 
wandb: Run history:
wandb:                            charts/SPS ▁▅▇▇▇▇▇▇▇▇█▇████████████████████████████
wandb:     charts/episodic_return_normalised ▁▁▃▂▄▄▄▅▆▄▅▅▄▄▇▅▅▆▇▅█▇▆▇▇▇▇█▄▆▇▆▇▆▇▇▇▇▇▇
wandb: charts/episodic_return_normalised_std ▂▁▁▃▅▆▇██▇▇▆▆▆▆▆▆▆▆▆▅▅▅▅▅▅▅▄▄▃▃▄▄▅▂▄▃▂▄▄
wandb:                  charts/learning_rate ▁▁▁▁▁▁▁▁▁▁▁▁▁▁▁▁▁▁▁▁▁▁▁▁▁▁▁▁▁▁▁▁▁▁▁▁▁▁▁▁
wandb:               eval/generalization_gap ▁▁▁▃▁▂▄▁▂▃▅▃▂▅▅▅▅▆▅▅▄▇▇▆▇▆▅▆▅▅█▇▇▇▂▇▇▆▅▆
wandb:                      eval/test_return ▃▂▃▁▃▂▂▂▃▂▂▃▄▃▃▄▅▅▄▅▄▄▅▅▄▅▅▅▆▅▅▆▆▅█▆▆▅▇▇
wandb:                  eval/test_return_std █▇▆█▇███████████▇▇█▇██▇▇█▇▇▇▆▇▇▆▆▇▁▆▆▇▃▅
wandb:                     eval/train_return ▂▁▂▁▁▂▃▁▂▂▄▄▃▄▅▅▅▆▆▆▅▆▇▆▇▆▆▇▆▆██▇▇▆██▇██
wandb:                 eval/train_return_std ███████████▇██▇▆▆▆▅▆▆▇▅▄▅▅▅▅▄▅▃▁▂▃▃▄▂▄▂▂
wandb:                      losses/approx_kl ▂▃▂▂▄▃▃▄▃▁▃▄▄▃▃▄▂▃▃▅▃▄▅▃▇▅▅▇▄▆▇▅▄▄▄▅▅█▆█
wandb:                                    +6 ...
wandb: 
wandb: Run summary:
wandb:                            charts/SPS 1221.73565
wandb:     charts/episodic_return_normalised 14.22566
wandb: charts/episodic_return_normalised_std 6.76901
wandb:                  charts/learning_rate 0.0005
wandb:               eval/generalization_gap 2
wandb:                      eval/test_return 6.5
wandb:                  eval/test_return_std 4.7697
wandb:                     eval/train_return 8.5
wandb:                 eval/train_return_std 3.57071
wandb:                      losses/approx_kl 0.008
wandb:                                    +6 ...
wandb: 
wandb: 🚀 View run ninja__impala__seed2__20260511_063258 at: https://wandb.ai/staanagnostou-/thesis-rl-baselines/runs/0a6h6k4r
wandb: ⭐️ View project at: https://wandb.ai/staanagnostou-/thesis-rl-baselines
wandb: Synced 6 W&B file(s), 0 media file(s), 0 artifact file(s) and 0 other file(s)
wandb: Find logs at: ./wandb/run-20260511_063258-0a6h6k4r/logs
