[device] GPU detected:   (24.0 GB VRAM)
[device] Backend: NVIDIA CUDA
wandb: [wandb.login()] Loaded credentials for https://api.wandb.ai from WANDB_API_KEY.
wandb: Currently logged in as: stayrosanang (staanagnostou-) to https://api.wandb.ai. Use `wandb login --relogin` to force relogin
wandb: setting up run 0l6byqbp
wandb: Tracking run with wandb version 0.26.1
wandb: Run data is saved locally in /workspace/wandb/run-20260510_075131-0l6byqbp
wandb: Run `wandb offline` to turn off syncing.
wandb: Syncing run coinrun__impala__seed1__20260510_075131
wandb: ⭐️ View project at https://wandb.ai/staanagnostou-/thesis-rl-baselines
wandb: 🚀 View run at https://wandb.ai/staanagnostou-/thesis-rl-baselines/runs/0l6byqbp
[wandb] Run ID: 0l6byqbp  tags=['none', 'coinrun', 'seed_1', 'impala']
[env] coinrun  64 envs  200 levels  mode=easy  backend=auto
[env] obs_space=(64, 64, 3)  num_actions=15
[model] torch.compile applied (mode=reduce-overhead)
[model] IMPALA-CNN  params=626,256

=================================================================
  Starting PPO  |  env=coinrun  aug=none  lvl=uniform
  total_steps=25,000,000  updates=1,525  device=cuda
=================================================================

  update     1/1525  step     16,384  SPS     303  pg=-0.0006  vf=6.3272  ent=2.7079  kl=0.0001
  [phase ms/update]  rollout=1615  bulk_xfer=0.1  gae=5.8  ppo_xfer=58  ppo_grad=52453  total=54132
  update    10/1525  step    163,840  SPS     944  pg=-0.0016  vf=11.9990  ent=2.4616  kl=0.0042
  [phase ms/update]  rollout=537  bulk_xfer=0.1  gae=5.8  ppo_xfer=8  ppo_grad=12724  total=13275
  update    20/1525  step    327,680  SPS   1,069  pg=-0.0027  vf=2.9298  ent=2.1484  kl=0.0063
  [phase ms/update]  rollout=549  bulk_xfer=0.1  gae=6.0  ppo_xfer=8  ppo_grad=12719  total=13282
  update    30/1525  step    491,520  SPS   1,119  pg=-0.0025  vf=2.0258  ent=2.0162  kl=0.0027
  [phase ms/update]  rollout=532  bulk_xfer=0.1  gae=5.9  ppo_xfer=8  ppo_grad=12717  total=13262

[eval] step 507,904...
  train=7.50±4.33  test=6.30±4.83  gap=1.20
[checkpoint] Saved step 507,904 → checkpoints/coinrun/coinrun__impala__seed1__20260510_075131/step_507904.pt  (latest.pt updated)
  update    40/1525  step    655,360  SPS   1,143  pg=-0.0023  vf=1.6106  ent=1.9996  kl=0.0026
  [phase ms/update]  rollout=538  bulk_xfer=0.1  gae=5.8  ppo_xfer=8  ppo_grad=12730  total=13282
  update    50/1525  step    819,200  SPS   1,160  pg=-0.0022  vf=1.6257  ent=2.0602  kl=0.0038
  [phase ms/update]  rollout=537  bulk_xfer=0.1  gae=5.9  ppo_xfer=8  ppo_grad=12731  total=13282
  update    60/1525  step    983,040  SPS   1,172  pg=-0.0021  vf=1.5004  ent=2.0129  kl=0.0040
  [phase ms/update]  rollout=531  bulk_xfer=0.1  gae=5.9  ppo_xfer=8  ppo_grad=12730  total=13275

[eval] step 1,015,808...
  train=8.30±3.76  test=6.70±4.70  gap=1.60
[checkpoint] Saved step 1,015,808 → checkpoints/coinrun/coinrun__impala__seed1__20260510_075131/step_1015808.pt  (latest.pt updated)
  update    70/1525  step  1,146,880  SPS   1,179  pg=-0.0037  vf=1.1738  ent=2.1257  kl=0.0033
  [phase ms/update]  rollout=526  bulk_xfer=0.1  gae=5.9  ppo_xfer=8  ppo_grad=12731  total=13271
  update    80/1525  step  1,310,720  SPS   1,185  pg=-0.0041  vf=0.9986  ent=2.1970  kl=0.0064
  [phase ms/update]  rollout=532  bulk_xfer=0.1  gae=5.9  ppo_xfer=8  ppo_grad=12732  total=13278
  update    90/1525  step  1,474,560  SPS   1,190  pg=-0.0079  vf=0.8390  ent=2.1902  kl=0.0069
  [phase ms/update]  rollout=542  bulk_xfer=0.1  gae=5.9  ppo_xfer=8  ppo_grad=12732  total=13288

[eval] step 1,507,328...
  train=8.70±3.36  test=7.70±4.21  gap=1.00
[checkpoint] Saved step 1,507,328 → checkpoints/coinrun/coinrun__impala__seed1__20260510_075131/step_1507328.pt  (latest.pt updated)
  update   100/1525  step  1,638,400  SPS   1,193  pg=-0.0058  vf=0.7122  ent=2.1682  kl=0.0066
  [phase ms/update]  rollout=522  bulk_xfer=0.1  gae=5.8  ppo_xfer=8  ppo_grad=12726  total=13262
  update   110/1525  step  1,802,240  SPS   1,197  pg=-0.0062  vf=0.6527  ent=2.0865  kl=0.0058
  [phase ms/update]  rollout=536  bulk_xfer=0.1  gae=5.8  ppo_xfer=8  ppo_grad=12721  total=13272
  update   120/1525  step  1,966,080  SPS   1,200  pg=-0.0064  vf=0.6826  ent=2.1443  kl=0.0053
  [phase ms/update]  rollout=549  bulk_xfer=0.1  gae=6.0  ppo_xfer=8  ppo_grad=12721  total=13284

[eval] step 2,015,232...
  train=8.80±3.25  test=8.30±3.76  gap=0.50
[checkpoint] Saved step 2,015,232 → checkpoints/coinrun/coinrun__impala__seed1__20260510_075131/step_2015232.pt  (latest.pt updated)
  update   130/1525  step  2,129,920  SPS   1,201  pg=-0.0081  vf=0.5354  ent=2.2061  kl=0.0071
  [phase ms/update]  rollout=554  bulk_xfer=0.1  gae=5.9  ppo_xfer=8  ppo_grad=12720  total=13288
  update   140/1525  step  2,293,760  SPS   1,203  pg=-0.0073  vf=0.4702  ent=2.1565  kl=0.0071
  [phase ms/update]  rollout=545  bulk_xfer=0.1  gae=5.9  ppo_xfer=8  ppo_grad=12718  total=13277
  update   150/1525  step  2,457,600  SPS   1,205  pg=-0.0067  vf=0.4370  ent=2.1789  kl=0.0059
  [phase ms/update]  rollout=543  bulk_xfer=0.1  gae=5.9  ppo_xfer=8  ppo_grad=12722  total=13279

[eval] step 2,506,752...
  train=8.80±3.25  test=8.60±3.47  gap=0.20
[checkpoint] Saved step 2,506,752 → checkpoints/coinrun/coinrun__impala__seed1__20260510_075131/step_2506752.pt  (latest.pt updated)
  update   160/1525  step  2,621,440  SPS   1,206  pg=-0.0068  vf=0.4717  ent=2.1948  kl=0.0051
  [phase ms/update]  rollout=533  bulk_xfer=0.1  gae=5.9  ppo_xfer=8  ppo_grad=12716  total=13264
  update   170/1525  step  2,785,280  SPS   1,207  pg=-0.0073  vf=0.2538  ent=2.3171  kl=0.0079
  [phase ms/update]  rollout=538  bulk_xfer=0.1  gae=5.9  ppo_xfer=8  ppo_grad=12718  total=13269
  update   180/1525  step  2,949,120  SPS   1,209  pg=-0.0063  vf=0.2800  ent=2.3848  kl=0.0068
  [phase ms/update]  rollout=552  bulk_xfer=0.1  gae=5.8  ppo_xfer=8  ppo_grad=12726  total=13292

[eval] step 3,014,656...
  train=8.80±3.25  test=8.00±4.00  gap=0.80
[checkpoint] Saved step 3,014,656 → checkpoints/coinrun/coinrun__impala__seed1__20260510_075131/step_3014656.pt  (latest.pt updated)
  update   190/1525  step  3,112,960  SPS   1,208  pg=-0.0079  vf=0.5145  ent=2.2686  kl=0.0044
  [phase ms/update]  rollout=554  bulk_xfer=0.1  gae=5.9  ppo_xfer=8  ppo_grad=12720  total=13288
  update   200/1525  step  3,276,800  SPS   1,209  pg=-0.0096  vf=0.3435  ent=2.3059  kl=0.0068
  [phase ms/update]  rollout=559  bulk_xfer=0.1  gae=6.0  ppo_xfer=8  ppo_grad=12720  total=13292
  update   210/1525  step  3,440,640  SPS   1,210  pg=-0.0068  vf=0.4406  ent=2.2737  kl=0.0056
  [phase ms/update]  rollout=551  bulk_xfer=0.1  gae=5.9  ppo_xfer=8  ppo_grad=12720  total=13285

[eval] step 3,506,176...
  train=9.50±2.18  test=8.10±3.92  gap=1.40
[checkpoint] Saved step 3,506,176 → checkpoints/coinrun/coinrun__impala__seed1__20260510_075131/step_3506176.pt  (latest.pt updated)
  update   220/1525  step  3,604,480  SPS   1,210  pg=-0.0106  vf=0.4892  ent=2.2198  kl=0.0066
  [phase ms/update]  rollout=529  bulk_xfer=0.1  gae=5.9  ppo_xfer=8  ppo_grad=12730  total=13273
  update   230/1525  step  3,768,320  SPS   1,211  pg=-0.0113  vf=0.4475  ent=2.2881  kl=0.0058
  [phase ms/update]  rollout=544  bulk_xfer=0.1  gae=5.9  ppo_xfer=8  ppo_grad=12732  total=13290
  update   240/1525  step  3,932,160  SPS   1,212  pg=-0.0118  vf=0.4321  ent=2.1871  kl=0.0097
  [phase ms/update]  rollout=534  bulk_xfer=0.1  gae=5.9  ppo_xfer=8  ppo_grad=12719  total=13267

[eval] step 4,014,080...
  train=9.10±2.86  test=8.10±3.92  gap=1.00
[checkpoint] Saved step 4,014,080 → checkpoints/coinrun/coinrun__impala__seed1__20260510_075131/step_4014080.pt  (latest.pt updated)
  update   250/1525  step  4,096,000  SPS   1,213  pg=-0.0119  vf=0.4273  ent=2.1588  kl=0.0085
  [phase ms/update]  rollout=541  bulk_xfer=0.1  gae=5.9  ppo_xfer=8  ppo_grad=12719  total=13274
  update   260/1525  step  4,259,840  SPS   1,213  pg=-0.0103  vf=0.5284  ent=2.1268  kl=0.0072
  [phase ms/update]  rollout=552  bulk_xfer=0.1  gae=6.0  ppo_xfer=8  ppo_grad=12717  total=13284
  update   270/1525  step  4,423,680  SPS   1,214  pg=-0.0140  vf=0.2430  ent=2.1993  kl=0.0097
  [phase ms/update]  rollout=546  bulk_xfer=0.1  gae=6.0  ppo_xfer=8  ppo_grad=12717  total=13277

[eval] step 4,505,600...
  train=9.40±2.37  test=7.80±4.14  gap=1.60
[checkpoint] Saved step 4,505,600 → checkpoints/coinrun/coinrun__impala__seed1__20260510_075131/step_4505600.pt  (latest.pt updated)
  update   280/1525  step  4,587,520  SPS   1,214  pg=-0.0106  vf=0.4992  ent=2.1509  kl=0.0076
  [phase ms/update]  rollout=552  bulk_xfer=0.1  gae=5.9  ppo_xfer=8  ppo_grad=12717  total=13283
  update   290/1525  step  4,751,360  SPS   1,215  pg=-0.0106  vf=0.6744  ent=2.1439  kl=0.0059
  [phase ms/update]  rollout=522  bulk_xfer=0.1  gae=5.8  ppo_xfer=8  ppo_grad=12718  total=13253
  update   300/1525  step  4,915,200  SPS   1,216  pg=-0.0097  vf=0.5440  ent=2.1783  kl=0.0055
  [phase ms/update]  rollout=533  bulk_xfer=0.1  gae=5.9  ppo_xfer=8  ppo_grad=12716  total=13263

[eval] step 5,013,504...
  train=9.50±2.18  test=8.00±4.00  gap=1.50
[checkpoint] Saved step 5,013,504 → checkpoints/coinrun/coinrun__impala__seed1__20260510_075131/step_5013504.pt  (latest.pt updated)
  update   310/1525  step  5,079,040  SPS   1,216  pg=-0.0071  vf=0.4071  ent=2.2173  kl=0.0061
  [phase ms/update]  rollout=540  bulk_xfer=0.1  gae=5.9  ppo_xfer=8  ppo_grad=12728  total=13281
  update   320/1525  step  5,242,880  SPS   1,216  pg=-0.0084  vf=0.4904  ent=2.2226  kl=0.0068
  [phase ms/update]  rollout=548  bulk_xfer=0.1  gae=6.1  ppo_xfer=8  ppo_grad=12734  total=13296
  update   330/1525  step  5,406,720  SPS   1,217  pg=-0.0088  vf=0.4877  ent=2.2045  kl=0.0053
  [phase ms/update]  rollout=546  bulk_xfer=0.1  gae=6.0  ppo_xfer=8  ppo_grad=12733  total=13293

[eval] step 5,505,024...
  train=9.30±2.55  test=8.20±3.84  gap=1.10
[checkpoint] Saved step 5,505,024 → checkpoints/coinrun/coinrun__impala__seed1__20260510_075131/step_5505024.pt  (latest.pt updated)
  update   340/1525  step  5,570,560  SPS   1,216  pg=-0.0107  vf=0.3908  ent=2.2217  kl=0.0093
  [phase ms/update]  rollout=540  bulk_xfer=0.1  gae=6.0  ppo_xfer=8  ppo_grad=12738  total=13292
  update   350/1525  step  5,734,400  SPS   1,217  pg=-0.0097  vf=0.4566  ent=2.2068  kl=0.0084
  [phase ms/update]  rollout=536  bulk_xfer=0.1  gae=6.0  ppo_xfer=8  ppo_grad=12734  total=13285
  update   360/1525  step  5,898,240  SPS   1,217  pg=-0.0132  vf=0.3463  ent=2.2574  kl=0.0092
  [phase ms/update]  rollout=535  bulk_xfer=0.1  gae=5.9  ppo_xfer=8  ppo_grad=12733  total=13282

[eval] step 6,012,928...
  train=9.20±2.71  test=7.90±4.07  gap=1.30
[checkpoint] Saved step 6,012,928 → checkpoints/coinrun/coinrun__impala__seed1__20260510_075131/step_6012928.pt  (latest.pt updated)
  update   370/1525  step  6,062,080  SPS   1,217  pg=-0.0094  vf=0.3286  ent=2.2240  kl=0.0086
  [phase ms/update]  rollout=543  bulk_xfer=0.1  gae=5.9  ppo_xfer=8  ppo_grad=12720  total=13277
  update   380/1525  step  6,225,920  SPS   1,218  pg=-0.0088  vf=0.3355  ent=2.2639  kl=0.0076
  [phase ms/update]  rollout=540  bulk_xfer=0.1  gae=5.9  ppo_xfer=8  ppo_grad=12718  total=13271
  update   390/1525  step  6,389,760  SPS   1,218  pg=-0.0102  vf=0.4215  ent=2.2315  kl=0.0058
  [phase ms/update]  rollout=554  bulk_xfer=0.1  gae=6.0  ppo_xfer=8  ppo_grad=12724  total=13291

[eval] step 6,504,448...
  train=9.70±1.71  test=8.70±3.36  gap=1.00
[checkpoint] Saved step 6,504,448 → checkpoints/coinrun/coinrun__impala__seed1__20260510_075131/step_6504448.pt  (latest.pt updated)
  update   400/1525  step  6,553,600  SPS   1,218  pg=-0.0110  vf=0.3611  ent=2.1325  kl=0.0068
  [phase ms/update]  rollout=546  bulk_xfer=0.1  gae=5.9  ppo_xfer=8  ppo_grad=12732  total=13292
  update   410/1525  step  6,717,440  SPS   1,218  pg=-0.0111  vf=0.3517  ent=2.2261  kl=0.0079
  [phase ms/update]  rollout=551  bulk_xfer=0.1  gae=5.9  ppo_xfer=8  ppo_grad=12727  total=13293
  update   420/1525  step  6,881,280  SPS   1,219  pg=-0.0113  vf=0.3004  ent=2.2114  kl=0.0081
  [phase ms/update]  rollout=555  bulk_xfer=0.1  gae=5.8  ppo_xfer=8  ppo_grad=12723  total=13292

[eval] step 7,012,352...
  train=9.40±2.37  test=8.10±3.92  gap=1.30
[checkpoint] Saved step 7,012,352 → checkpoints/coinrun/coinrun__impala__seed1__20260510_075131/step_7012352.pt  (latest.pt updated)
  update   430/1525  step  7,045,120  SPS   1,219  pg=-0.0113  vf=0.4269  ent=2.1444  kl=0.0067
  [phase ms/update]  rollout=564  bulk_xfer=0.1  gae=5.9  ppo_xfer=8  ppo_grad=12723  total=13301
  update   440/1525  step  7,208,960  SPS   1,219  pg=-0.0105  vf=0.4158  ent=2.2635  kl=0.0064
  [phase ms/update]  rollout=544  bulk_xfer=0.1  gae=5.9  ppo_xfer=8  ppo_grad=12724  total=13282
  update   450/1525  step  7,372,800  SPS   1,219  pg=-0.0125  vf=0.3237  ent=2.2312  kl=0.0094
  [phase ms/update]  rollout=544  bulk_xfer=0.1  gae=5.9  ppo_xfer=8  ppo_grad=12729  total=13287

[eval] step 7,503,872...
  train=9.70±1.71  test=8.50±3.57  gap=1.20
[checkpoint] Saved step 7,503,872 → checkpoints/coinrun/coinrun__impala__seed1__20260510_075131/step_7503872.pt  (latest.pt updated)
  update   460/1525  step  7,536,640  SPS   1,219  pg=-0.0092  vf=0.4096  ent=2.1423  kl=0.0066
  [phase ms/update]  rollout=530  bulk_xfer=0.1  gae=5.9  ppo_xfer=8  ppo_grad=12736  total=13280
  update   470/1525  step  7,700,480  SPS   1,220  pg=-0.0128  vf=0.3729  ent=2.1052  kl=0.0082
  [phase ms/update]  rollout=534  bulk_xfer=0.1  gae=5.9  ppo_xfer=8  ppo_grad=12730  total=13278
  update   480/1525  step  7,864,320  SPS   1,220  pg=-0.0118  vf=0.4655  ent=2.0931  kl=0.0087
  [phase ms/update]  rollout=551  bulk_xfer=0.1  gae=6.0  ppo_xfer=8  ppo_grad=12730  total=13295

[eval] step 8,011,776...
  train=9.30±2.55  test=8.50±3.57  gap=0.80
[checkpoint] Saved step 8,011,776 → checkpoints/coinrun/coinrun__impala__seed1__20260510_075131/step_8011776.pt  (latest.pt updated)
  update   490/1525  step  8,028,160  SPS   1,220  pg=-0.0107  vf=0.5132  ent=2.1173  kl=0.0078
  [phase ms/update]  rollout=552  bulk_xfer=0.1  gae=5.9  ppo_xfer=8  ppo_grad=12728  total=13294
  update   500/1525  step  8,192,000  SPS   1,220  pg=-0.0096  vf=0.5201  ent=2.1473  kl=0.0066
  [phase ms/update]  rollout=552  bulk_xfer=0.1  gae=5.9  ppo_xfer=8  ppo_grad=12729  total=13295
  update   510/1525  step  8,355,840  SPS   1,220  pg=-0.0100  vf=0.3677  ent=2.1684  kl=0.0079
  [phase ms/update]  rollout=524  bulk_xfer=0.1  gae=5.8  ppo_xfer=8  ppo_grad=12723  total=13261

[eval] step 8,503,296...
  train=9.70±1.71  test=8.80±3.25  gap=0.90
[checkpoint] Saved step 8,503,296 → checkpoints/coinrun/coinrun__impala__seed1__20260510_075131/step_8503296.pt  (latest.pt updated)
  update   520/1525  step  8,519,680  SPS   1,220  pg=-0.0118  vf=0.3445  ent=2.1570  kl=0.0082
  [phase ms/update]  rollout=527  bulk_xfer=0.1  gae=5.9  ppo_xfer=8  ppo_grad=12722  total=13263
  update   530/1525  step  8,683,520  SPS   1,221  pg=-0.0127  vf=0.3322  ent=2.1026  kl=0.0073
  [phase ms/update]  rollout=546  bulk_xfer=0.1  gae=5.9  ppo_xfer=8  ppo_grad=12721  total=13281
  update   540/1525  step  8,847,360  SPS   1,221  pg=-0.0102  vf=0.3206  ent=2.1787  kl=0.0076
  [phase ms/update]  rollout=547  bulk_xfer=0.1  gae=5.8  ppo_xfer=8  ppo_grad=12721  total=13281
  update   550/1525  step  9,011,200  SPS   1,221  pg=-0.0114  vf=0.3114  ent=2.1902  kl=0.0066
  [phase ms/update]  rollout=550  bulk_xfer=0.1  gae=5.8  ppo_xfer=8  ppo_grad=12715  total=13279

[eval] step 9,011,200...
  train=9.60±1.96  test=8.60±3.47  gap=1.00
[checkpoint] Saved step 9,011,200 → checkpoints/coinrun/coinrun__impala__seed1__20260510_075131/step_9011200.pt  (latest.pt updated)
  update   560/1525  step  9,175,040  SPS   1,221  pg=-0.0112  vf=0.3484  ent=2.1164  kl=0.0081
  [phase ms/update]  rollout=540  bulk_xfer=0.1  gae=5.8  ppo_xfer=8  ppo_grad=12718  total=13272
  update   570/1525  step  9,338,880  SPS   1,221  pg=-0.0096  vf=0.4090  ent=2.0813  kl=0.0070
  [phase ms/update]  rollout=553  bulk_xfer=0.1  gae=5.8  ppo_xfer=8  ppo_grad=12735  total=13302
  update   580/1525  step  9,502,720  SPS   1,221  pg=-0.0102  vf=0.2188  ent=2.2005  kl=0.0045
  [phase ms/update]  rollout=531  bulk_xfer=0.1  gae=5.8  ppo_xfer=8  ppo_grad=12722  total=13268

[eval] step 9,502,720...
  train=9.60±1.96  test=8.70±3.36  gap=0.90
[checkpoint] Saved step 9,502,720 → checkpoints/coinrun/coinrun__impala__seed1__20260510_075131/step_9502720.pt  (latest.pt updated)
  update   590/1525  step  9,666,560  SPS   1,221  pg=-0.0100  vf=0.3587  ent=2.1322  kl=0.0069
  [phase ms/update]  rollout=528  bulk_xfer=0.1  gae=5.8  ppo_xfer=8  ppo_grad=12732  total=13274
  update   600/1525  step  9,830,400  SPS   1,222  pg=-0.0105  vf=0.2576  ent=2.1300  kl=0.0058
  [phase ms/update]  rollout=521  bulk_xfer=0.1  gae=5.8  ppo_xfer=8  ppo_grad=12723  total=13258
  update   610/1525  step  9,994,240  SPS   1,222  pg=-0.0112  vf=0.5085  ent=2.1488  kl=0.0059
  [phase ms/update]  rollout=523  bulk_xfer=0.1  gae=5.8  ppo_xfer=8  ppo_grad=12725  total=13262

[eval] step 10,010,624...
  train=9.20±2.71  test=8.00±4.00  gap=1.20
[checkpoint] Saved step 10,010,624 → checkpoints/coinrun/coinrun__impala__seed1__20260510_075131/step_10010624.pt  (latest.pt updated)
  update   620/1525  step 10,158,080  SPS   1,222  pg=-0.0102  vf=0.3127  ent=2.1695  kl=0.0065
  [phase ms/update]  rollout=545  bulk_xfer=0.1  gae=5.9  ppo_xfer=8  ppo_grad=12726  total=13285
  update   630/1525  step 10,321,920  SPS   1,222  pg=-0.0095  vf=0.3595  ent=2.1290  kl=0.0079
  [phase ms/update]  rollout=539  bulk_xfer=0.1  gae=5.9  ppo_xfer=8  ppo_grad=12721  total=13274
  update   640/1525  step 10,485,760  SPS   1,222  pg=-0.0111  vf=0.3935  ent=2.1534  kl=0.0077
  [phase ms/update]  rollout=535  bulk_xfer=0.1  gae=5.9  ppo_xfer=8  ppo_grad=12721  total=13269

[eval] step 10,502,144...
  train=9.60±1.96  test=8.30±3.76  gap=1.30
[checkpoint] Saved step 10,502,144 → checkpoints/coinrun/coinrun__impala__seed1__20260510_075131/step_10502144.pt  (latest.pt updated)
  update   650/1525  step 10,649,600  SPS   1,222  pg=-0.0102  vf=0.3288  ent=2.1344  kl=0.0058
  [phase ms/update]  rollout=532  bulk_xfer=0.1  gae=5.9  ppo_xfer=8  ppo_grad=12723  total=13269
  update   660/1525  step 10,813,440  SPS   1,222  pg=-0.0132  vf=0.2259  ent=2.1579  kl=0.0078
  [phase ms/update]  rollout=544  bulk_xfer=0.1  gae=6.0  ppo_xfer=8  ppo_grad=12723  total=13281
  update   670/1525  step 10,977,280  SPS   1,223  pg=-0.0103  vf=0.4654  ent=2.1542  kl=0.0068
  [phase ms/update]  rollout=531  bulk_xfer=0.1  gae=5.9  ppo_xfer=8  ppo_grad=12724  total=13270

[eval] step 11,010,048...
  train=9.80±1.40  test=8.10±3.92  gap=1.70
[checkpoint] Saved step 11,010,048 → checkpoints/coinrun/coinrun__impala__seed1__20260510_075131/step_11010048.pt  (latest.pt updated)
  update   680/1525  step 11,141,120  SPS   1,222  pg=-0.0094  vf=0.2894  ent=2.1536  kl=0.0071
  [phase ms/update]  rollout=528  bulk_xfer=0.1  gae=5.8  ppo_xfer=8  ppo_grad=12721  total=13263
  update   690/1525  step 11,304,960  SPS   1,223  pg=-0.0108  vf=0.2570  ent=2.1548  kl=0.0087
  [phase ms/update]  rollout=540  bulk_xfer=0.1  gae=5.9  ppo_xfer=8  ppo_grad=12723  total=13276
  update   700/1525  step 11,468,800  SPS   1,223  pg=-0.0116  vf=0.2908  ent=2.1229  kl=0.0078
  [phase ms/update]  rollout=529  bulk_xfer=0.1  gae=5.8  ppo_xfer=8  ppo_grad=12729  total=13271

[eval] step 11,501,568...
  train=9.40±2.37  test=8.90±3.13  gap=0.50
[checkpoint] Saved step 11,501,568 → checkpoints/coinrun/coinrun__impala__seed1__20260510_075131/step_11501568.pt  (latest.pt updated)
  update   710/1525  step 11,632,640  SPS   1,223  pg=-0.0103  vf=0.2881  ent=2.1778  kl=0.0066
  [phase ms/update]  rollout=528  bulk_xfer=0.1  gae=5.8  ppo_xfer=8  ppo_grad=12726  total=13267
  update   720/1525  step 11,796,480  SPS   1,223  pg=-0.0113  vf=0.3453  ent=2.0911  kl=0.0070
  [phase ms/update]  rollout=526  bulk_xfer=0.1  gae=5.9  ppo_xfer=8  ppo_grad=12723  total=13262
  update   730/1525  step 11,960,320  SPS   1,223  pg=-0.0102  vf=0.3865  ent=2.1117  kl=0.0074
  [phase ms/update]  rollout=540  bulk_xfer=0.1  gae=5.9  ppo_xfer=8  ppo_grad=12724  total=13278

[eval] step 12,009,472...
  train=9.60±1.96  test=8.30±3.76  gap=1.30
[checkpoint] Saved step 12,009,472 → checkpoints/coinrun/coinrun__impala__seed1__20260510_075131/step_12009472.pt  (latest.pt updated)
  update   740/1525  step 12,124,160  SPS   1,223  pg=-0.0104  vf=0.2584  ent=2.1896  kl=0.0086
  [phase ms/update]  rollout=531  bulk_xfer=0.1  gae=5.9  ppo_xfer=8  ppo_grad=12723  total=13268
  update   750/1525  step 12,288,000  SPS   1,223  pg=-0.0124  vf=0.2538  ent=2.1731  kl=0.0073
  [phase ms/update]  rollout=544  bulk_xfer=0.1  gae=5.9  ppo_xfer=8  ppo_grad=12725  total=13283
  update   760/1525  step 12,451,840  SPS   1,223  pg=-0.0141  vf=0.3226  ent=2.1613  kl=0.0080
  [phase ms/update]  rollout=541  bulk_xfer=0.1  gae=5.9  ppo_xfer=8  ppo_grad=12726  total=13280

[eval] step 12,500,992...
  train=9.50±2.18  test=8.60±3.47  gap=0.90
[checkpoint] Saved step 12,500,992 → checkpoints/coinrun/coinrun__impala__seed1__20260510_075131/step_12500992.pt  (latest.pt updated)
  update   770/1525  step 12,615,680  SPS   1,223  pg=-0.0142  vf=0.3358  ent=2.0704  kl=0.0079
  [phase ms/update]  rollout=530  bulk_xfer=0.1  gae=5.8  ppo_xfer=8  ppo_grad=12729  total=13274
  update   780/1525  step 12,779,520  SPS   1,223  pg=-0.0115  vf=0.3564  ent=2.0572  kl=0.0062
  [phase ms/update]  rollout=551  bulk_xfer=0.1  gae=6.0  ppo_xfer=8  ppo_grad=12731  total=13297
  update   790/1525  step 12,943,360  SPS   1,224  pg=-0.0121  vf=0.4772  ent=2.0746  kl=0.0059
  [phase ms/update]  rollout=545  bulk_xfer=0.1  gae=6.0  ppo_xfer=8  ppo_grad=12731  total=13290

[eval] step 13,008,896...
  train=9.30±2.55  test=8.50±3.57  gap=0.80
[checkpoint] Saved step 13,008,896 → checkpoints/coinrun/coinrun__impala__seed1__20260510_075131/step_13008896.pt  (latest.pt updated)
  update   800/1525  step 13,107,200  SPS   1,223  pg=-0.0113  vf=0.4566  ent=2.0691  kl=0.0088
  [phase ms/update]  rollout=530  bulk_xfer=0.1  gae=5.9  ppo_xfer=8  ppo_grad=12734  total=13278
  update   810/1525  step 13,271,040  SPS   1,224  pg=-0.0108  vf=0.3358  ent=2.0567  kl=0.0070
  [phase ms/update]  rollout=533  bulk_xfer=0.1  gae=5.8  ppo_xfer=8  ppo_grad=12732  total=13278
  update   820/1525  step 13,434,880  SPS   1,224  pg=-0.0129  vf=0.2462  ent=2.1135  kl=0.0089
  [phase ms/update]  rollout=535  bulk_xfer=0.1  gae=5.9  ppo_xfer=8  ppo_grad=12726  total=13275

[eval] step 13,500,416...
  train=9.60±1.96  test=8.90±3.13  gap=0.70
[checkpoint] Saved step 13,500,416 → checkpoints/coinrun/coinrun__impala__seed1__20260510_075131/step_13500416.pt  (latest.pt updated)
  update   830/1525  step 13,598,720  SPS   1,224  pg=-0.0113  vf=0.2656  ent=2.0376  kl=0.0072
  [phase ms/update]  rollout=530  bulk_xfer=0.1  gae=5.9  ppo_xfer=8  ppo_grad=12721  total=13265
  update   840/1525  step 13,762,560  SPS   1,224  pg=-0.0152  vf=0.3662  ent=2.0433  kl=0.0090
  [phase ms/update]  rollout=545  bulk_xfer=0.1  gae=5.9  ppo_xfer=8  ppo_grad=12735  total=13294
  update   850/1525  step 13,926,400  SPS   1,224  pg=-0.0141  vf=0.2728  ent=2.0648  kl=0.0079
  [phase ms/update]  rollout=525  bulk_xfer=0.1  gae=5.7  ppo_xfer=8  ppo_grad=12724  total=13263

[eval] step 14,008,320...
  train=9.30±2.55  test=8.80±3.25  gap=0.50
[checkpoint] Saved step 14,008,320 → checkpoints/coinrun/coinrun__impala__seed1__20260510_075131/step_14008320.pt  (latest.pt updated)
  update   860/1525  step 14,090,240  SPS   1,224  pg=-0.0126  vf=0.2289  ent=2.0590  kl=0.0090
  [phase ms/update]  rollout=536  bulk_xfer=0.1  gae=5.9  ppo_xfer=8  ppo_grad=12724  total=13275
  update   870/1525  step 14,254,080  SPS   1,224  pg=-0.0149  vf=0.2271  ent=2.0856  kl=0.0090
  [phase ms/update]  rollout=527  bulk_xfer=0.1  gae=5.8  ppo_xfer=8  ppo_grad=12734  total=13275
  update   880/1525  step 14,417,920  SPS   1,224  pg=-0.0101  vf=0.3142  ent=2.1125  kl=0.0073
  [phase ms/update]  rollout=532  bulk_xfer=0.1  gae=5.8  ppo_xfer=8  ppo_grad=12735  total=13282

[eval] step 14,516,224...
  train=9.60±1.96  test=8.60±3.47  gap=1.00
[checkpoint] Saved step 14,516,224 → checkpoints/coinrun/coinrun__impala__seed1__20260510_075131/step_14516224.pt  (latest.pt updated)
  update   890/1525  step 14,581,760  SPS   1,224  pg=-0.0108  vf=0.3440  ent=2.1151  kl=0.0094
  [phase ms/update]  rollout=533  bulk_xfer=0.1  gae=5.8  ppo_xfer=8  ppo_grad=12728  total=13275
  update   900/1525  step 14,745,600  SPS   1,224  pg=-0.0134  vf=0.2590  ent=2.1069  kl=0.0085
  [phase ms/update]  rollout=535  bulk_xfer=0.1  gae=5.8  ppo_xfer=8  ppo_grad=12722  total=13271
  update   910/1525  step 14,909,440  SPS   1,224  pg=-0.0132  vf=0.2436  ent=2.1112  kl=0.0099
  [phase ms/update]  rollout=540  bulk_xfer=0.1  gae=5.9  ppo_xfer=8  ppo_grad=12717  total=13272

[eval] step 15,007,744...
  train=9.50±2.18  test=8.60±3.47  gap=0.90
[checkpoint] Saved step 15,007,744 → checkpoints/coinrun/coinrun__impala__seed1__20260510_075131/step_15007744.pt  (latest.pt updated)
  update   920/1525  step 15,073,280  SPS   1,224  pg=-0.0104  vf=0.4560  ent=2.0522  kl=0.0055
  [phase ms/update]  rollout=522  bulk_xfer=0.1  gae=5.9  ppo_xfer=8  ppo_grad=12720  total=13256
  update   930/1525  step 15,237,120  SPS   1,224  pg=-0.0100  vf=0.3121  ent=2.1132  kl=0.0080
  [phase ms/update]  rollout=537  bulk_xfer=0.1  gae=5.9  ppo_xfer=8  ppo_grad=12724  total=13276
  update   940/1525  step 15,400,960  SPS   1,224  pg=-0.0124  vf=0.3184  ent=2.0796  kl=0.0084
  [phase ms/update]  rollout=520  bulk_xfer=0.1  gae=5.8  ppo_xfer=8  ppo_grad=12721  total=13255

[eval] step 15,515,648...
  train=9.60±1.96  test=8.80±3.25  gap=0.80
[checkpoint] Saved step 15,515,648 → checkpoints/coinrun/coinrun__impala__seed1__20260510_075131/step_15515648.pt  (latest.pt updated)
  update   950/1525  step 15,564,800  SPS   1,224  pg=-0.0132  vf=0.3677  ent=2.0952  kl=0.0072
  [phase ms/update]  rollout=527  bulk_xfer=0.1  gae=5.8  ppo_xfer=8  ppo_grad=12720  total=13261
  update   960/1525  step 15,728,640  SPS   1,224  pg=-0.0142  vf=0.2659  ent=2.0807  kl=0.0094
  [phase ms/update]  rollout=541  bulk_xfer=0.1  gae=5.9  ppo_xfer=8  ppo_grad=12732  total=13287
  update   970/1525  step 15,892,480  SPS   1,225  pg=-0.0098  vf=0.2924  ent=2.1322  kl=0.0110
  [phase ms/update]  rollout=533  bulk_xfer=0.1  gae=5.8  ppo_xfer=8  ppo_grad=12729  total=13276

[eval] step 16,007,168...
  train=9.40±2.37  test=8.70±3.36  gap=0.70
[checkpoint] Saved step 16,007,168 → checkpoints/coinrun/coinrun__impala__seed1__20260510_075131/step_16007168.pt  (latest.pt updated)
  update   980/1525  step 16,056,320  SPS   1,225  pg=-0.0145  vf=0.2462  ent=2.1421  kl=0.0115
  [phase ms/update]  rollout=530  bulk_xfer=0.1  gae=5.8  ppo_xfer=8  ppo_grad=12724  total=13268
  update   990/1525  step 16,220,160  SPS   1,225  pg=-0.0144  vf=0.2344  ent=2.0485  kl=0.0090
  [phase ms/update]  rollout=527  bulk_xfer=0.1  gae=5.9  ppo_xfer=8  ppo_grad=12733  total=13274
  update  1000/1525  step 16,384,000  SPS   1,225  pg=-0.0103  vf=0.2989  ent=2.0702  kl=0.0069
  [phase ms/update]  rollout=521  bulk_xfer=0.1  gae=5.8  ppo_xfer=8  ppo_grad=12734  total=13269

[eval] step 16,515,072...
  train=9.40±2.37  test=8.80±3.25  gap=0.60
[checkpoint] Saved step 16,515,072 → checkpoints/coinrun/coinrun__impala__seed1__20260510_075131/step_16515072.pt  (latest.pt updated)
  update  1010/1525  step 16,547,840  SPS   1,225  pg=-0.0148  vf=0.3161  ent=2.0766  kl=0.0091
  [phase ms/update]  rollout=528  bulk_xfer=0.1  gae=5.8  ppo_xfer=8  ppo_grad=12725  total=13267
  update  1020/1525  step 16,711,680  SPS   1,225  pg=-0.0122  vf=0.2102  ent=2.0376  kl=0.0108
  [phase ms/update]  rollout=536  bulk_xfer=0.1  gae=5.9  ppo_xfer=8  ppo_grad=12730  total=13280
  update  1030/1525  step 16,875,520  SPS   1,225  pg=-0.0140  vf=0.1908  ent=2.0452  kl=0.0084
  [phase ms/update]  rollout=550  bulk_xfer=0.1  gae=5.9  ppo_xfer=8  ppo_grad=12734  total=13298

[eval] step 17,006,592...
  train=9.70±1.71  test=8.70±3.36  gap=1.00
[checkpoint] Saved step 17,006,592 → checkpoints/coinrun/coinrun__impala__seed1__20260510_075131/step_17006592.pt  (latest.pt updated)
  update  1040/1525  step 17,039,360  SPS   1,225  pg=-0.0134  vf=0.1526  ent=2.0509  kl=0.0078
  [phase ms/update]  rollout=544  bulk_xfer=0.1  gae=5.9  ppo_xfer=8  ppo_grad=12721  total=13279
  update  1050/1525  step 17,203,200  SPS   1,225  pg=-0.0109  vf=0.2538  ent=2.1135  kl=0.0081
  [phase ms/update]  rollout=570  bulk_xfer=0.1  gae=5.9  ppo_xfer=8  ppo_grad=12727  total=13311
  update  1060/1525  step 17,367,040  SPS   1,225  pg=-0.0127  vf=0.2388  ent=2.0988  kl=0.0099
  [phase ms/update]  rollout=531  bulk_xfer=0.1  gae=5.8  ppo_xfer=8  ppo_grad=12721  total=13266

[eval] step 17,514,496...
  train=9.30±2.55  test=8.80±3.25  gap=0.50
[checkpoint] Saved step 17,514,496 → checkpoints/coinrun/coinrun__impala__seed1__20260510_075131/step_17514496.pt  (latest.pt updated)
  update  1070/1525  step 17,530,880  SPS   1,225  pg=-0.0130  vf=0.3749  ent=2.1120  kl=0.0081
  [phase ms/update]  rollout=536  bulk_xfer=0.1  gae=5.8  ppo_xfer=8  ppo_grad=12721  total=13271
  update  1080/1525  step 17,694,720  SPS   1,225  pg=-0.0121  vf=0.4020  ent=2.0673  kl=0.0076
  [phase ms/update]  rollout=536  bulk_xfer=0.1  gae=5.8  ppo_xfer=8  ppo_grad=12722  total=13272
  update  1090/1525  step 17,858,560  SPS   1,225  pg=-0.0134  vf=0.2307  ent=2.0395  kl=0.0087
  [phase ms/update]  rollout=547  bulk_xfer=0.1  gae=5.9  ppo_xfer=8  ppo_grad=12722  total=13283

[eval] step 18,006,016...
  train=9.80±1.40  test=8.90±3.13  gap=0.90
[checkpoint] Saved step 18,006,016 → checkpoints/coinrun/coinrun__impala__seed1__20260510_075131/step_18006016.pt  (latest.pt updated)
  update  1100/1525  step 18,022,400  SPS   1,225  pg=-0.0128  vf=0.1632  ent=2.0216  kl=0.0078
  [phase ms/update]  rollout=535  bulk_xfer=0.1  gae=5.9  ppo_xfer=8  ppo_grad=12723  total=13272
  update  1110/1525  step 18,186,240  SPS   1,225  pg=-0.0114  vf=0.1949  ent=2.0698  kl=0.0088
  [phase ms/update]  rollout=535  bulk_xfer=0.1  gae=5.9  ppo_xfer=8  ppo_grad=12724  total=13273
  update  1120/1525  step 18,350,080  SPS   1,225  pg=-0.0122  vf=0.3552  ent=2.0466  kl=0.0100
  [phase ms/update]  rollout=538  bulk_xfer=0.1  gae=5.9  ppo_xfer=8  ppo_grad=12720  total=13272
  update  1130/1525  step 18,513,920  SPS   1,225  pg=-0.0111  vf=0.1495  ent=2.0723  kl=0.0074
  [phase ms/update]  rollout=546  bulk_xfer=0.1  gae=5.9  ppo_xfer=8  ppo_grad=12722  total=13282

[eval] step 18,513,920...
  train=9.20±2.71  test=8.70±3.36  gap=0.50
[checkpoint] Saved step 18,513,920 → checkpoints/coinrun/coinrun__impala__seed1__20260510_075131/step_18513920.pt  (latest.pt updated)
  update  1140/1525  step 18,677,760  SPS   1,225  pg=-0.0105  vf=0.2713  ent=2.1170  kl=0.0082
  [phase ms/update]  rollout=531  bulk_xfer=0.1  gae=6.5  ppo_xfer=8  ppo_grad=12732  total=13278
  update  1150/1525  step 18,841,600  SPS   1,225  pg=-0.0114  vf=0.2318  ent=2.0696  kl=0.0074
  [phase ms/update]  rollout=545  bulk_xfer=0.1  gae=6.0  ppo_xfer=8  ppo_grad=12731  total=13290
  update  1160/1525  step 19,005,440  SPS   1,225  pg=-0.0126  vf=0.3774  ent=2.0372  kl=0.0072
  [phase ms/update]  rollout=537  bulk_xfer=0.1  gae=5.9  ppo_xfer=8  ppo_grad=12729  total=13280

[eval] step 19,005,440...
  train=9.50±2.18  test=8.40±3.67  gap=1.10
[checkpoint] Saved step 19,005,440 → checkpoints/coinrun/coinrun__impala__seed1__20260510_075131/step_19005440.pt  (latest.pt updated)
  update  1170/1525  step 19,169,280  SPS   1,225  pg=-0.0112  vf=0.2371  ent=2.0329  kl=0.0078
  [phase ms/update]  rollout=548  bulk_xfer=0.1  gae=6.0  ppo_xfer=8  ppo_grad=12735  total=13297
  update  1180/1525  step 19,333,120  SPS   1,225  pg=-0.0135  vf=0.1955  ent=2.0513  kl=0.0097
  [phase ms/update]  rollout=553  bulk_xfer=0.1  gae=6.0  ppo_xfer=8  ppo_grad=12724  total=13291
  update  1190/1525  step 19,496,960  SPS   1,225  pg=-0.0123  vf=0.3036  ent=2.0492  kl=0.0069
  [phase ms/update]  rollout=529  bulk_xfer=0.1  gae=5.8  ppo_xfer=8  ppo_grad=12724  total=13267

[eval] step 19,513,344...
  train=9.60±1.96  test=8.70±3.36  gap=0.90
[checkpoint] Saved step 19,513,344 → checkpoints/coinrun/coinrun__impala__seed1__20260510_075131/step_19513344.pt  (latest.pt updated)
  update  1200/1525  step 19,660,800  SPS   1,225  pg=-0.0117  vf=0.2039  ent=2.0562  kl=0.0072
  [phase ms/update]  rollout=537  bulk_xfer=0.1  gae=5.9  ppo_xfer=8  ppo_grad=12735  total=13287
  update  1210/1525  step 19,824,640  SPS   1,225  pg=-0.0129  vf=0.2699  ent=2.0395  kl=0.0092
  [phase ms/update]  rollout=525  bulk_xfer=0.1  gae=5.8  ppo_xfer=8  ppo_grad=12733  total=13272
  update  1220/1525  step 19,988,480  SPS   1,225  pg=-0.0116  vf=0.2873  ent=2.0471  kl=0.0109
  [phase ms/update]  rollout=529  bulk_xfer=0.1  gae=5.8  ppo_xfer=8  ppo_grad=12733  total=13276

[eval] step 20,004,864...
  train=9.70±1.71  test=8.90±3.13  gap=0.80
[checkpoint] Saved step 20,004,864 → checkpoints/coinrun/coinrun__impala__seed1__20260510_075131/step_20004864.pt  (latest.pt updated)
  update  1230/1525  step 20,152,320  SPS   1,225  pg=-0.0141  vf=0.2788  ent=2.0223  kl=0.0090
  [phase ms/update]  rollout=534  bulk_xfer=0.1  gae=5.9  ppo_xfer=8  ppo_grad=12730  total=13278
  update  1240/1525  step 20,316,160  SPS   1,225  pg=-0.0102  vf=0.4731  ent=2.0297  kl=0.0078
  [phase ms/update]  rollout=543  bulk_xfer=0.1  gae=6.0  ppo_xfer=8  ppo_grad=12727  total=13283
  update  1250/1525  step 20,480,000  SPS   1,226  pg=-0.0123  vf=0.2540  ent=2.1240  kl=0.0067
  [phase ms/update]  rollout=524  bulk_xfer=0.1  gae=5.8  ppo_xfer=8  ppo_grad=12726  total=13263

[eval] step 20,512,768...
  train=9.90±0.99  test=8.40±3.67  gap=1.50
[checkpoint] Saved step 20,512,768 → checkpoints/coinrun/coinrun__impala__seed1__20260510_075131/step_20512768.pt  (latest.pt updated)
  update  1260/1525  step 20,643,840  SPS   1,226  pg=-0.0134  vf=0.2302  ent=2.0966  kl=0.0086
  [phase ms/update]  rollout=534  bulk_xfer=0.1  gae=5.9  ppo_xfer=8  ppo_grad=12718  total=13266
  update  1270/1525  step 20,807,680  SPS   1,226  pg=-0.0105  vf=0.2992  ent=1.9884  kl=0.0066
  [phase ms/update]  rollout=527  bulk_xfer=0.1  gae=5.8  ppo_xfer=8  ppo_grad=12719  total=13260
  update  1280/1525  step 20,971,520  SPS   1,226  pg=-0.0133  vf=0.3924  ent=2.0387  kl=0.0076
  [phase ms/update]  rollout=538  bulk_xfer=0.1  gae=5.9  ppo_xfer=8  ppo_grad=12722  total=13274

[eval] step 21,004,288...
  train=9.80±1.40  test=8.10±3.92  gap=1.70
[checkpoint] Saved step 21,004,288 → checkpoints/coinrun/coinrun__impala__seed1__20260510_075131/step_21004288.pt  (latest.pt updated)
  update  1290/1525  step 21,135,360  SPS   1,226  pg=-0.0120  vf=0.2058  ent=2.0708  kl=0.0095
  [phase ms/update]  rollout=551  bulk_xfer=0.1  gae=5.9  ppo_xfer=8  ppo_grad=12728  total=13293
  update  1300/1525  step 21,299,200  SPS   1,226  pg=-0.0113  vf=0.3415  ent=2.0236  kl=0.0103
  [phase ms/update]  rollout=541  bulk_xfer=0.1  gae=6.0  ppo_xfer=8  ppo_grad=12735  total=13290
  update  1310/1525  step 21,463,040  SPS   1,226  pg=-0.0117  vf=0.3401  ent=2.0195  kl=0.0085
  [phase ms/update]  rollout=533  bulk_xfer=0.1  gae=5.9  ppo_xfer=8  ppo_grad=12724  total=13271

[eval] step 21,512,192...
  train=9.80±1.40  test=8.00±4.00  gap=1.80
[checkpoint] Saved step 21,512,192 → checkpoints/coinrun/coinrun__impala__seed1__20260510_075131/step_21512192.pt  (latest.pt updated)
  update  1320/1525  step 21,626,880  SPS   1,226  pg=-0.0137  vf=0.2249  ent=2.0096  kl=0.0111
  [phase ms/update]  rollout=530  bulk_xfer=0.1  gae=5.8  ppo_xfer=8  ppo_grad=12731  total=13275
  update  1330/1525  step 21,790,720  SPS   1,226  pg=-0.0110  vf=0.2140  ent=2.0288  kl=0.0082
  [phase ms/update]  rollout=525  bulk_xfer=0.1  gae=5.9  ppo_xfer=8  ppo_grad=12732  total=13271
  update  1340/1525  step 21,954,560  SPS   1,226  pg=-0.0150  vf=0.2164  ent=2.0016  kl=0.0098
  [phase ms/update]  rollout=557  bulk_xfer=0.1  gae=5.9  ppo_xfer=8  ppo_grad=12722  total=13292

[eval] step 22,003,712...
  train=9.60±1.96  test=8.90±3.13  gap=0.70
[checkpoint] Saved step 22,003,712 → checkpoints/coinrun/coinrun__impala__seed1__20260510_075131/step_22003712.pt  (latest.pt updated)
  update  1350/1525  step 22,118,400  SPS   1,226  pg=-0.0129  vf=0.2944  ent=2.0183  kl=0.0069
  [phase ms/update]  rollout=524  bulk_xfer=0.1  gae=5.8  ppo_xfer=8  ppo_grad=12732  total=13269
  update  1360/1525  step 22,282,240  SPS   1,226  pg=-0.0132  vf=0.2594  ent=2.0159  kl=0.0101
  [phase ms/update]  rollout=533  bulk_xfer=0.1  gae=5.9  ppo_xfer=8  ppo_grad=12728  total=13275
  update  1370/1525  step 22,446,080  SPS   1,226  pg=-0.0123  vf=0.2718  ent=2.0827  kl=0.0076
  [phase ms/update]  rollout=536  bulk_xfer=0.1  gae=5.9  ppo_xfer=8  ppo_grad=12725  total=13274

[eval] step 22,511,616...
  train=9.60±1.96  test=8.80±3.25  gap=0.80
[checkpoint] Saved step 22,511,616 → checkpoints/coinrun/coinrun__impala__seed1__20260510_075131/step_22511616.pt  (latest.pt updated)
  update  1380/1525  step 22,609,920  SPS   1,226  pg=-0.0126  vf=0.2645  ent=2.0558  kl=0.0073
  [phase ms/update]  rollout=527  bulk_xfer=0.1  gae=5.8  ppo_xfer=8  ppo_grad=12734  total=13275
  update  1390/1525  step 22,773,760  SPS   1,226  pg=-0.0125  vf=0.4506  ent=2.0047  kl=0.0074
  [phase ms/update]  rollout=548  bulk_xfer=0.1  gae=6.0  ppo_xfer=8  ppo_grad=12734  total=13296
  update  1400/1525  step 22,937,600  SPS   1,226  pg=-0.0104  vf=0.1818  ent=1.9798  kl=0.0086
  [phase ms/update]  rollout=553  bulk_xfer=0.1  gae=6.0  ppo_xfer=8  ppo_grad=12730  total=13297

[eval] step 23,003,136...
  train=9.50±2.18  test=8.60±3.47  gap=0.90
[checkpoint] Saved step 23,003,136 → checkpoints/coinrun/coinrun__impala__seed1__20260510_075131/step_23003136.pt  (latest.pt updated)
  update  1410/1525  step 23,101,440  SPS   1,226  pg=-0.0135  vf=0.2173  ent=1.9654  kl=0.0068
  [phase ms/update]  rollout=548  bulk_xfer=0.1  gae=5.9  ppo_xfer=8  ppo_grad=12727  total=13289
  update  1420/1525  step 23,265,280  SPS   1,226  pg=-0.0136  vf=0.2277  ent=2.0462  kl=0.0108
  [phase ms/update]  rollout=548  bulk_xfer=0.1  gae=5.9  ppo_xfer=8  ppo_grad=12720  total=13282
  update  1430/1525  step 23,429,120  SPS   1,226  pg=-0.0129  vf=0.1599  ent=1.9816  kl=0.0090
  [phase ms/update]  rollout=540  bulk_xfer=0.1  gae=5.8  ppo_xfer=8  ppo_grad=12722  total=13276

[eval] step 23,511,040...
  train=9.90±0.99  test=8.90±3.13  gap=1.00
[checkpoint] Saved step 23,511,040 → checkpoints/coinrun/coinrun__impala__seed1__20260510_075131/step_23511040.pt  (latest.pt updated)
  update  1440/1525  step 23,592,960  SPS   1,226  pg=-0.0105  vf=0.1991  ent=1.9843  kl=0.0092
  [phase ms/update]  rollout=551  bulk_xfer=0.1  gae=6.0  ppo_xfer=8  ppo_grad=12721  total=13286
  update  1450/1525  step 23,756,800  SPS   1,226  pg=-0.0124  vf=0.1932  ent=2.0125  kl=0.0080
  [phase ms/update]  rollout=548  bulk_xfer=0.1  gae=5.9  ppo_xfer=8  ppo_grad=12721  total=13283
  update  1460/1525  step 23,920,640  SPS   1,226  pg=-0.0115  vf=0.3207  ent=2.0191  kl=0.0067
  [phase ms/update]  rollout=540  bulk_xfer=0.1  gae=5.9  ppo_xfer=8  ppo_grad=12720  total=13273

[eval] step 24,002,560...
  train=9.70±1.71  test=8.90±3.13  gap=0.80
[checkpoint] Saved step 24,002,560 → checkpoints/coinrun/coinrun__impala__seed1__20260510_075131/step_24002560.pt  (latest.pt updated)
  update  1470/1525  step 24,084,480  SPS   1,226  pg=-0.0106  vf=0.1587  ent=2.0198  kl=0.0091
  [phase ms/update]  rollout=546  bulk_xfer=0.1  gae=6.0  ppo_xfer=8  ppo_grad=12722  total=13282
  update  1480/1525  step 24,248,320  SPS   1,226  pg=-0.0107  vf=0.1795  ent=2.0500  kl=0.0090
  [phase ms/update]  rollout=531  bulk_xfer=0.1  gae=5.9  ppo_xfer=8  ppo_grad=12719  total=13264
  update  1490/1525  step 24,412,160  SPS   1,226  pg=-0.0115  vf=0.2790  ent=2.0812  kl=0.0083
  [phase ms/update]  rollout=565  bulk_xfer=0.1  gae=6.1  ppo_xfer=8  ppo_grad=12717  total=13296

[eval] step 24,510,464...
  train=9.70±1.71  test=8.70±3.36  gap=1.00
[checkpoint] Saved step 24,510,464 → checkpoints/coinrun/coinrun__impala__seed1__20260510_075131/step_24510464.pt  (latest.pt updated)
  update  1500/1525  step 24,576,000  SPS   1,226  pg=-0.0122  vf=0.1739  ent=2.0448  kl=0.0109
  [phase ms/update]  rollout=560  bulk_xfer=0.1  gae=6.1  ppo_xfer=8  ppo_grad=12721  total=13295
  update  1510/1525  step 24,739,840  SPS   1,226  pg=-0.0113  vf=0.1286  ent=2.0015  kl=0.0076
  [phase ms/update]  rollout=542  bulk_xfer=0.1  gae=5.8  ppo_xfer=8  ppo_grad=12727  total=13283
  update  1520/1525  step 24,903,680  SPS   1,226  pg=-0.0123  vf=0.2273  ent=2.0389  kl=0.0090
  [phase ms/update]  rollout=534  bulk_xfer=0.1  gae=5.8  ppo_xfer=8  ppo_grad=12730  total=13277
[checkpoint] Saved step 24,985,600 → checkpoints/coinrun/coinrun__impala__seed1__20260510_075131/step_24985600_final.pt  (latest.pt updated)

[done] Training complete.

[final eval]

=================================================================
  coinrun | none+uniform | seed=1
  train=9.80  test=8.70  gap=1.10
  expected=[8.5,9.5]  PASS
=================================================================

wandb: updating run metadata
wandb: uploading config.yaml; uploading output.log; uploading wandb-summary.json
wandb: uploading history steps 1523-1524, summary, console lines 513-523
wandb: 
wandb: Run history:
wandb:                            charts/SPS ▁▃▄▅▆▆▇▇▇▇▇▇▇▇▇▇████████████████████████
wandb:     charts/episodic_return_normalised █▃▂▁▂▃▁▃▄▄▃▅▄▄▄▄▄▅▅▄▅▄▃▅▄▄▄▃▄▄▄▄▄▄▄▄▄▄▃▄
wandb: charts/episodic_return_normalised_std █▄▃▂▂▂▂▂▂▂▂▂▂▂▂▂▂▂▁▁▂▂▁▁▁▂▂▁▂▁▁▂▁▁▁▁▁▁▁▁
wandb:                  charts/learning_rate ▁▁▁▁▁▁▁▁▁▁▁▁▁▁▁▁▁▁▁▁▁▁▁▁▁▁▁▁▁▁▁▁▁▁▁▁▁▁▁▁
wandb:               eval/generalization_gap ▆█▅▂▁▇▅█▅▆▆▆▄▄▅▆▆█▂▆▄▃▂▅▄▃▃▅▂▄▅▄▄▇█▃▄▄▅▅
wandb:                      eval/test_return ▁▂▅▆▇▆▆▅▆▆▇▆▇▇█▇▆▆▆█▇▇██▇█▇█▇█▇▇█▇▆██▇█▇
wandb:                  eval/test_return_std █▇▅▄▂▄▄▅▅▄▂▄▃▃▁▂▅▄▄▁▂▃▁▁▂▁▂▁▂▁▂▃▁▃▄▁▁▂▁▂
wandb:                     eval/train_return ▁▃▄▅▅▇▆▇▇▆▇▇▇▆▇▇▆▇█▇▇▆▇▆▇▇▇▇▇▆▆▇▇▇██▇▇█▇
wandb:                 eval/train_return_std █▇▆▆▆▃▅▄▃▄▂▄▂▄▂▃▅▃▄▃▄▃▄▃▃▄▄▂▄▂▃▃▂▁▂▃▃▃▁▂
wandb:                      losses/approx_kl ▅▄▃▂▄▁▄▂▄▃▄▃▅▃▃▃▅▃▅▃▂▁▄▃▄▄▅▄▃▅█▇▃▅▄▅▆▃▅▇
wandb:                                    +6 ...
wandb: 
wandb: Run summary:
wandb:                            charts/SPS 1226.14482
wandb:     charts/episodic_return_normalised 9.12992
wandb: charts/episodic_return_normalised_std 2.86926
wandb:                  charts/learning_rate 0.0005
wandb:               eval/generalization_gap 1
wandb:                      eval/test_return 8.7
wandb:                  eval/test_return_std 3.36303
wandb:                     eval/train_return 9.7
wandb:                 eval/train_return_std 1.70587
wandb:                      losses/approx_kl 0.00848
wandb:                                    +6 ...
wandb: 
wandb: 🚀 View run coinrun__impala__seed1__20260510_075131 at: https://wandb.ai/staanagnostou-/thesis-rl-baselines/runs/0l6byqbp
wandb: ⭐️ View project at: https://wandb.ai/staanagnostou-/thesis-rl-baselines
wandb: Synced 6 W&B file(s), 0 media file(s), 0 artifact file(s) and 0 other file(s)
wandb: Find logs at: ./wandb/run-20260510_075131-0l6byqbp/logs
