[device] GPU detected:   (24.0 GB VRAM)
[device] Backend: NVIDIA CUDA
wandb: [wandb.login()] Loaded credentials for https://api.wandb.ai from WANDB_API_KEY.
wandb: Currently logged in as: stayrosanang (staanagnostou-) to https://api.wandb.ai. Use `wandb login --relogin` to force relogin
wandb: setting up run p5dg2guo
wandb: Tracking run with wandb version 0.26.1
wandb: Run data is saved locally in /workspace/wandb/run-20260512_223522-p5dg2guo
wandb: Run `wandb offline` to turn off syncing.
wandb: Syncing run fruitbot__impala__seed3__20260512_223522
wandb: ⭐️ View project at https://wandb.ai/staanagnostou-/thesis-rl-baselines
wandb: 🚀 View run at https://wandb.ai/staanagnostou-/thesis-rl-baselines/runs/p5dg2guo
[wandb] Run ID: p5dg2guo  tags=['none', 'fruitbot', 'seed_3', 'impala']
[env] fruitbot  64 envs  200 levels  mode=easy  backend=auto
[env] obs_space=(64, 64, 3)  num_actions=15
[model] torch.compile applied (mode=reduce-overhead)
[model] IMPALA-CNN  params=626,256

=================================================================
  Starting PPO  |  env=fruitbot  aug=none  lvl=uniform
  total_steps=25,000,000  updates=1,525  device=cuda
=================================================================

  update     1/1525  step     16,384  SPS     309  pg=-0.0003  vf=0.2071  ent=2.7080  kl=0.0001
  [phase ms/update]  rollout=1605  bulk_xfer=0.1  gae=6.1  ppo_xfer=9  ppo_grad=51317  total=52938
  update    10/1525  step    163,840  SPS     950  pg=-0.0043  vf=0.0556  ent=2.6569  kl=0.0035
  [phase ms/update]  rollout=540  bulk_xfer=0.1  gae=6.2  ppo_xfer=8  ppo_grad=12727  total=13281
  update    20/1525  step    327,680  SPS   1,074  pg=-0.0118  vf=0.0337  ent=2.5118  kl=0.0068
  [phase ms/update]  rollout=530  bulk_xfer=0.1  gae=6.0  ppo_xfer=8  ppo_grad=12727  total=13271
  update    30/1525  step    491,520  SPS   1,122  pg=-0.0110  vf=0.0310  ent=2.4994  kl=0.0090
  [phase ms/update]  rollout=537  bulk_xfer=0.1  gae=6.1  ppo_xfer=8  ppo_grad=12728  total=13279

[eval] step 507,904...
  train=0.73±2.06  test=0.22±2.34  gap=0.51
[checkpoint] Saved step 507,904 → checkpoints/fruitbot/fruitbot__impala__seed3__20260512_223522/step_507904.pt  (latest.pt updated)
  update    40/1525  step    655,360  SPS   1,144  pg=-0.0146  vf=0.0353  ent=2.4090  kl=0.0116
  [phase ms/update]  rollout=548  bulk_xfer=0.1  gae=6.2  ppo_xfer=8  ppo_grad=12732  total=13294
  update    50/1525  step    819,200  SPS   1,161  pg=-0.0135  vf=0.0542  ent=2.4085  kl=0.0127
  [phase ms/update]  rollout=541  bulk_xfer=0.1  gae=6.2  ppo_xfer=8  ppo_grad=12729  total=13285
  update    60/1525  step    983,040  SPS   1,172  pg=-0.0150  vf=0.0743  ent=2.3478  kl=0.0102
  [phase ms/update]  rollout=544  bulk_xfer=0.1  gae=6.2  ppo_xfer=8  ppo_grad=12717  total=13276

[eval] step 1,015,808...
  train=6.05±7.37  test=7.68±8.76  gap=-1.63
[checkpoint] Saved step 1,015,808 → checkpoints/fruitbot/fruitbot__impala__seed3__20260512_223522/step_1015808.pt  (latest.pt updated)
  update    70/1525  step  1,146,880  SPS   1,176  pg=-0.0088  vf=0.1215  ent=2.2837  kl=0.0114
  [phase ms/update]  rollout=542  bulk_xfer=0.1  gae=6.2  ppo_xfer=8  ppo_grad=12715  total=13271
  update    80/1525  step  1,310,720  SPS   1,183  pg=-0.0164  vf=0.1851  ent=2.2146  kl=0.0123
  [phase ms/update]  rollout=531  bulk_xfer=0.1  gae=6.1  ppo_xfer=8  ppo_grad=12724  total=13269
  update    90/1525  step  1,474,560  SPS   1,188  pg=-0.0153  vf=0.1196  ent=2.1881  kl=0.0104
  [phase ms/update]  rollout=536  bulk_xfer=0.1  gae=6.2  ppo_xfer=8  ppo_grad=12728  total=13278

[eval] step 1,507,328...
  train=14.14±11.24  test=15.79±11.60  gap=-1.65
[checkpoint] Saved step 1,507,328 → checkpoints/fruitbot/fruitbot__impala__seed3__20260512_223522/step_1507328.pt  (latest.pt updated)
  update   100/1525  step  1,638,400  SPS   1,187  pg=-0.0206  vf=0.1001  ent=2.1757  kl=0.0119
  [phase ms/update]  rollout=530  bulk_xfer=0.1  gae=6.1  ppo_xfer=8  ppo_grad=12731  total=13275
  update   110/1525  step  1,802,240  SPS   1,191  pg=-0.0131  vf=0.1464  ent=2.1562  kl=0.0106
  [phase ms/update]  rollout=534  bulk_xfer=0.1  gae=6.0  ppo_xfer=8  ppo_grad=12719  total=13266
  update   120/1525  step  1,966,080  SPS   1,194  pg=-0.0223  vf=0.0852  ent=2.1141  kl=0.0143
  [phase ms/update]  rollout=540  bulk_xfer=0.1  gae=6.2  ppo_xfer=8  ppo_grad=12719  total=13274

[eval] step 2,015,232...
  train=18.29±11.44  test=19.02±11.32  gap=-0.73
[checkpoint] Saved step 2,015,232 → checkpoints/fruitbot/fruitbot__impala__seed3__20260512_223522/step_2015232.pt  (latest.pt updated)
  update   130/1525  step  2,129,920  SPS   1,192  pg=-0.0203  vf=0.0965  ent=2.1669  kl=0.0137
  [phase ms/update]  rollout=540  bulk_xfer=0.1  gae=6.2  ppo_xfer=8  ppo_grad=12717  total=13271
  update   140/1525  step  2,293,760  SPS   1,195  pg=-0.0166  vf=0.0912  ent=2.2015  kl=0.0111
  [phase ms/update]  rollout=540  bulk_xfer=0.1  gae=6.2  ppo_xfer=8  ppo_grad=12714  total=13269
  update   150/1525  step  2,457,600  SPS   1,198  pg=-0.0181  vf=0.1089  ent=2.1338  kl=0.0138
  [phase ms/update]  rollout=532  bulk_xfer=0.1  gae=6.1  ppo_xfer=8  ppo_grad=12716  total=13262

[eval] step 2,506,752...
  train=21.29±10.50  test=19.21±11.12  gap=2.08
[checkpoint] Saved step 2,506,752 → checkpoints/fruitbot/fruitbot__impala__seed3__20260512_223522/step_2506752.pt  (latest.pt updated)
  update   160/1525  step  2,621,440  SPS   1,196  pg=-0.0172  vf=0.0878  ent=2.1783  kl=0.0122
  [phase ms/update]  rollout=534  bulk_xfer=0.1  gae=6.2  ppo_xfer=8  ppo_grad=12716  total=13264
  update   170/1525  step  2,785,280  SPS   1,198  pg=-0.0189  vf=0.0784  ent=2.1310  kl=0.0148
  [phase ms/update]  rollout=543  bulk_xfer=0.1  gae=6.3  ppo_xfer=8  ppo_grad=12716  total=13273
  update   180/1525  step  2,949,120  SPS   1,200  pg=-0.0168  vf=0.0771  ent=2.1593  kl=0.0115
  [phase ms/update]  rollout=545  bulk_xfer=0.1  gae=6.2  ppo_xfer=8  ppo_grad=12716  total=13275

[eval] step 3,014,656...
  train=19.76±10.84  test=19.38±11.83  gap=0.38
[checkpoint] Saved step 3,014,656 → checkpoints/fruitbot/fruitbot__impala__seed3__20260512_223522/step_3014656.pt  (latest.pt updated)
  update   190/1525  step  3,112,960  SPS   1,198  pg=-0.0162  vf=0.0855  ent=2.1775  kl=0.0167
  [phase ms/update]  rollout=533  bulk_xfer=0.1  gae=6.1  ppo_xfer=8  ppo_grad=12715  total=13262
  update   200/1525  step  3,276,800  SPS   1,200  pg=-0.0214  vf=0.0563  ent=2.1696  kl=0.0118
  [phase ms/update]  rollout=541  bulk_xfer=0.1  gae=6.2  ppo_xfer=8  ppo_grad=12717  total=13271
  update   210/1525  step  3,440,640  SPS   1,202  pg=-0.0183  vf=0.0944  ent=2.1362  kl=0.0125
  [phase ms/update]  rollout=538  bulk_xfer=0.1  gae=6.2  ppo_xfer=8  ppo_grad=12716  total=13268

[eval] step 3,506,176...
  train=22.69±10.20  test=20.93±10.89  gap=1.76
[checkpoint] Saved step 3,506,176 → checkpoints/fruitbot/fruitbot__impala__seed3__20260512_223522/step_3506176.pt  (latest.pt updated)
  update   220/1525  step  3,604,480  SPS   1,200  pg=-0.0164  vf=0.0791  ent=2.1389  kl=0.0106
  [phase ms/update]  rollout=534  bulk_xfer=0.1  gae=6.1  ppo_xfer=8  ppo_grad=12719  total=13267
  update   230/1525  step  3,768,320  SPS   1,201  pg=-0.0183  vf=0.0622  ent=2.1902  kl=0.0137
  [phase ms/update]  rollout=536  bulk_xfer=0.1  gae=6.1  ppo_xfer=8  ppo_grad=12728  total=13279
  update   240/1525  step  3,932,160  SPS   1,203  pg=-0.0213  vf=0.0717  ent=2.1498  kl=0.0125
  [phase ms/update]  rollout=543  bulk_xfer=0.1  gae=6.2  ppo_xfer=8  ppo_grad=12726  total=13284

[eval] step 4,014,080...
  train=22.88±9.76  test=21.45±11.48  gap=1.43
[checkpoint] Saved step 4,014,080 → checkpoints/fruitbot/fruitbot__impala__seed3__20260512_223522/step_4014080.pt  (latest.pt updated)
  update   250/1525  step  4,096,000  SPS   1,201  pg=-0.0157  vf=0.0854  ent=2.1312  kl=0.0137
  [phase ms/update]  rollout=543  bulk_xfer=0.1  gae=6.2  ppo_xfer=8  ppo_grad=12731  total=13288
  update   260/1525  step  4,259,840  SPS   1,202  pg=-0.0207  vf=0.0552  ent=2.1376  kl=0.0105
  [phase ms/update]  rollout=534  bulk_xfer=0.1  gae=6.2  ppo_xfer=8  ppo_grad=12720  total=13268
  update   270/1525  step  4,423,680  SPS   1,203  pg=-0.0190  vf=0.0502  ent=2.1252  kl=0.0118
  [phase ms/update]  rollout=535  bulk_xfer=0.1  gae=6.1  ppo_xfer=8  ppo_grad=12723  total=13272

[eval] step 4,505,600...
  train=25.22±8.51  test=23.39±10.45  gap=1.83
[checkpoint] Saved step 4,505,600 → checkpoints/fruitbot/fruitbot__impala__seed3__20260512_223522/step_4505600.pt  (latest.pt updated)
  update   280/1525  step  4,587,520  SPS   1,202  pg=-0.0195  vf=0.0445  ent=2.0605  kl=0.0121
  [phase ms/update]  rollout=549  bulk_xfer=0.1  gae=6.2  ppo_xfer=8  ppo_grad=12733  total=13295
  update   290/1525  step  4,751,360  SPS   1,203  pg=-0.0192  vf=0.0504  ent=2.1036  kl=0.0105
  [phase ms/update]  rollout=549  bulk_xfer=0.1  gae=6.2  ppo_xfer=8  ppo_grad=12731  total=13295
  update   300/1525  step  4,915,200  SPS   1,204  pg=-0.0181  vf=0.0482  ent=2.0647  kl=0.0133
  [phase ms/update]  rollout=542  bulk_xfer=0.1  gae=6.1  ppo_xfer=8  ppo_grad=12722  total=13278

[eval] step 5,013,504...
  train=24.61±9.33  test=24.52±9.50  gap=0.09
[checkpoint] Saved step 5,013,504 → checkpoints/fruitbot/fruitbot__impala__seed3__20260512_223522/step_5013504.pt  (latest.pt updated)
  update   310/1525  step  5,079,040  SPS   1,202  pg=-0.0176  vf=0.0641  ent=2.0500  kl=0.0114
  [phase ms/update]  rollout=537  bulk_xfer=0.1  gae=6.1  ppo_xfer=8  ppo_grad=12728  total=13279
  update   320/1525  step  5,242,880  SPS   1,203  pg=-0.0206  vf=0.0750  ent=2.1328  kl=0.0125
  [phase ms/update]  rollout=532  bulk_xfer=0.1  gae=6.1  ppo_xfer=8  ppo_grad=12731  total=13277
  update   330/1525  step  5,406,720  SPS   1,204  pg=-0.0166  vf=0.1069  ent=2.1040  kl=0.0100
  [phase ms/update]  rollout=548  bulk_xfer=0.1  gae=6.2  ppo_xfer=8  ppo_grad=12728  total=13291

[eval] step 5,505,024...
  train=24.93±8.27  test=25.22±9.38  gap=-0.29
[checkpoint] Saved step 5,505,024 → checkpoints/fruitbot/fruitbot__impala__seed3__20260512_223522/step_5505024.pt  (latest.pt updated)
  update   340/1525  step  5,570,560  SPS   1,203  pg=-0.0216  vf=0.0510  ent=2.1021  kl=0.0132
  [phase ms/update]  rollout=527  bulk_xfer=0.1  gae=6.2  ppo_xfer=8  ppo_grad=12720  total=13261
  update   350/1525  step  5,734,400  SPS   1,204  pg=-0.0195  vf=0.0609  ent=2.0593  kl=0.0109
  [phase ms/update]  rollout=551  bulk_xfer=0.1  gae=6.3  ppo_xfer=8  ppo_grad=12717  total=13283
  update   360/1525  step  5,898,240  SPS   1,204  pg=-0.0195  vf=0.0441  ent=2.0735  kl=0.0145
  [phase ms/update]  rollout=543  bulk_xfer=0.1  gae=6.2  ppo_xfer=8  ppo_grad=12732  total=13289

[eval] step 6,012,928...
  train=24.35±9.86  test=23.66±9.30  gap=0.69
[checkpoint] Saved step 6,012,928 → checkpoints/fruitbot/fruitbot__impala__seed3__20260512_223522/step_6012928.pt  (latest.pt updated)
  update   370/1525  step  6,062,080  SPS   1,203  pg=-0.0169  vf=0.0562  ent=2.0639  kl=0.0108
  [phase ms/update]  rollout=553  bulk_xfer=0.1  gae=6.2  ppo_xfer=8  ppo_grad=12724  total=13291
  update   380/1525  step  6,225,920  SPS   1,204  pg=-0.0156  vf=0.0807  ent=2.0793  kl=0.0097
  [phase ms/update]  rollout=539  bulk_xfer=0.1  gae=6.2  ppo_xfer=8  ppo_grad=12714  total=13267
  update   390/1525  step  6,389,760  SPS   1,205  pg=-0.0202  vf=0.0683  ent=2.0420  kl=0.0138
  [phase ms/update]  rollout=552  bulk_xfer=0.1  gae=6.3  ppo_xfer=8  ppo_grad=12718  total=13284

[eval] step 6,504,448...
  train=23.20±10.28  test=22.40±10.69  gap=0.80
[checkpoint] Saved step 6,504,448 → checkpoints/fruitbot/fruitbot__impala__seed3__20260512_223522/step_6504448.pt  (latest.pt updated)
  update   400/1525  step  6,553,600  SPS   1,204  pg=-0.0199  vf=0.0719  ent=2.0462  kl=0.0106
  [phase ms/update]  rollout=537  bulk_xfer=0.1  gae=6.2  ppo_xfer=8  ppo_grad=12718  total=13269
  update   410/1525  step  6,717,440  SPS   1,204  pg=-0.0219  vf=0.0407  ent=2.0035  kl=0.0117
  [phase ms/update]  rollout=547  bulk_xfer=0.1  gae=6.2  ppo_xfer=8  ppo_grad=12718  total=13280
  update   420/1525  step  6,881,280  SPS   1,205  pg=-0.0207  vf=0.0555  ent=1.9846  kl=0.0142
  [phase ms/update]  rollout=546  bulk_xfer=0.1  gae=6.2  ppo_xfer=8  ppo_grad=12718  total=13278

[eval] step 7,012,352...
  train=25.89±9.25  test=22.93±10.61  gap=2.96
[checkpoint] Saved step 7,012,352 → checkpoints/fruitbot/fruitbot__impala__seed3__20260512_223522/step_7012352.pt  (latest.pt updated)
  update   430/1525  step  7,045,120  SPS   1,204  pg=-0.0189  vf=0.0544  ent=1.9278  kl=0.0158
  [phase ms/update]  rollout=540  bulk_xfer=0.1  gae=6.2  ppo_xfer=8  ppo_grad=12718  total=13272
  update   440/1525  step  7,208,960  SPS   1,205  pg=-0.0230  vf=0.0456  ent=1.9591  kl=0.0144
  [phase ms/update]  rollout=538  bulk_xfer=0.1  gae=6.1  ppo_xfer=8  ppo_grad=12716  total=13268
  update   450/1525  step  7,372,800  SPS   1,205  pg=-0.0204  vf=0.0520  ent=1.9868  kl=0.0153
  [phase ms/update]  rollout=536  bulk_xfer=0.1  gae=6.1  ppo_xfer=8  ppo_grad=12725  total=13275

[eval] step 7,503,872...
  train=26.16±8.80  test=26.44±9.20  gap=-0.28
[checkpoint] Saved step 7,503,872 → checkpoints/fruitbot/fruitbot__impala__seed3__20260512_223522/step_7503872.pt  (latest.pt updated)
  update   460/1525  step  7,536,640  SPS   1,204  pg=-0.0222  vf=0.0529  ent=1.9358  kl=0.0148
  [phase ms/update]  rollout=521  bulk_xfer=0.1  gae=6.1  ppo_xfer=8  ppo_grad=12727  total=13262
  update   470/1525  step  7,700,480  SPS   1,205  pg=-0.0204  vf=0.0605  ent=1.9198  kl=0.0140
  [phase ms/update]  rollout=529  bulk_xfer=0.1  gae=6.1  ppo_xfer=8  ppo_grad=12716  total=13258
  update   480/1525  step  7,864,320  SPS   1,206  pg=-0.0193  vf=0.0615  ent=1.9542  kl=0.0108
  [phase ms/update]  rollout=552  bulk_xfer=0.1  gae=6.2  ppo_xfer=8  ppo_grad=12713  total=13279

[eval] step 8,011,776...
  train=24.78±9.45  test=23.37±10.54  gap=1.41
[checkpoint] Saved step 8,011,776 → checkpoints/fruitbot/fruitbot__impala__seed3__20260512_223522/step_8011776.pt  (latest.pt updated)
  update   490/1525  step  8,028,160  SPS   1,205  pg=-0.0184  vf=0.0650  ent=1.9038  kl=0.0144
  [phase ms/update]  rollout=551  bulk_xfer=0.1  gae=6.2  ppo_xfer=8  ppo_grad=12717  total=13282
  update   500/1525  step  8,192,000  SPS   1,205  pg=-0.0174  vf=0.0698  ent=1.9949  kl=0.0120
  [phase ms/update]  rollout=534  bulk_xfer=0.1  gae=6.2  ppo_xfer=8  ppo_grad=12719  total=13267
  update   510/1525  step  8,355,840  SPS   1,206  pg=-0.0208  vf=0.0627  ent=1.9585  kl=0.0124
  [phase ms/update]  rollout=552  bulk_xfer=0.1  gae=6.2  ppo_xfer=8  ppo_grad=12723  total=13289

[eval] step 8,503,296...
  train=26.63±7.72  test=26.30±8.78  gap=0.33
[checkpoint] Saved step 8,503,296 → checkpoints/fruitbot/fruitbot__impala__seed3__20260512_223522/step_8503296.pt  (latest.pt updated)
  update   520/1525  step  8,519,680  SPS   1,205  pg=-0.0235  vf=0.0346  ent=1.9495  kl=0.0122
  [phase ms/update]  rollout=552  bulk_xfer=0.1  gae=6.3  ppo_xfer=8  ppo_grad=12724  total=13290
  update   530/1525  step  8,683,520  SPS   1,205  pg=-0.0287  vf=0.0328  ent=1.8839  kl=0.0143
  [phase ms/update]  rollout=554  bulk_xfer=0.1  gae=6.2  ppo_xfer=8  ppo_grad=12721  total=13289
  update   540/1525  step  8,847,360  SPS   1,206  pg=-0.0233  vf=0.0334  ent=1.8938  kl=0.0157
  [phase ms/update]  rollout=543  bulk_xfer=0.1  gae=6.2  ppo_xfer=8  ppo_grad=12723  total=13280
  update   550/1525  step  9,011,200  SPS   1,206  pg=-0.0231  vf=0.0368  ent=1.8562  kl=0.0121
  [phase ms/update]  rollout=549  bulk_xfer=0.1  gae=6.2  ppo_xfer=8  ppo_grad=12716  total=13279

[eval] step 9,011,200...
  train=26.07±8.92  test=25.53±9.88  gap=0.54
[checkpoint] Saved step 9,011,200 → checkpoints/fruitbot/fruitbot__impala__seed3__20260512_223522/step_9011200.pt  (latest.pt updated)
  update   560/1525  step  9,175,040  SPS   1,205  pg=-0.0194  vf=0.0754  ent=1.8914  kl=0.0136
  [phase ms/update]  rollout=546  bulk_xfer=0.1  gae=6.2  ppo_xfer=8  ppo_grad=12715  total=13275
  update   570/1525  step  9,338,880  SPS   1,206  pg=-0.0187  vf=0.0420  ent=1.9199  kl=0.0124
  [phase ms/update]  rollout=547  bulk_xfer=0.1  gae=6.2  ppo_xfer=8  ppo_grad=12716  total=13278
  update   580/1525  step  9,502,720  SPS   1,206  pg=-0.0174  vf=0.0799  ent=1.9031  kl=0.0120
  [phase ms/update]  rollout=553  bulk_xfer=0.1  gae=6.2  ppo_xfer=8  ppo_grad=12718  total=13284

[eval] step 9,502,720...
  train=27.23±8.57  test=24.47±9.63  gap=2.76
[checkpoint] Saved step 9,502,720 → checkpoints/fruitbot/fruitbot__impala__seed3__20260512_223522/step_9502720.pt  (latest.pt updated)
  update   590/1525  step  9,666,560  SPS   1,206  pg=-0.0263  vf=0.0284  ent=1.8629  kl=0.0121
  [phase ms/update]  rollout=531  bulk_xfer=0.1  gae=6.1  ppo_xfer=8  ppo_grad=12729  total=13274
  update   600/1525  step  9,830,400  SPS   1,206  pg=-0.0208  vf=0.0538  ent=1.8565  kl=0.0132
  [phase ms/update]  rollout=540  bulk_xfer=0.1  gae=6.2  ppo_xfer=8  ppo_grad=12729  total=13283
  update   610/1525  step  9,994,240  SPS   1,206  pg=-0.0240  vf=0.0381  ent=1.8340  kl=0.0129
  [phase ms/update]  rollout=533  bulk_xfer=0.1  gae=6.2  ppo_xfer=8  ppo_grad=12729  total=13276

[eval] step 10,010,624...
  train=26.24±8.42  test=26.31±9.69  gap=-0.07
[checkpoint] Saved step 10,010,624 → checkpoints/fruitbot/fruitbot__impala__seed3__20260512_223522/step_10010624.pt  (latest.pt updated)
  update   620/1525  step 10,158,080  SPS   1,206  pg=-0.0250  vf=0.0356  ent=1.8512  kl=0.0151
  [phase ms/update]  rollout=530  bulk_xfer=0.1  gae=6.1  ppo_xfer=8  ppo_grad=12726  total=13270
  update   630/1525  step 10,321,920  SPS   1,206  pg=-0.0227  vf=0.0531  ent=1.7940  kl=0.0142
  [phase ms/update]  rollout=545  bulk_xfer=0.1  gae=6.2  ppo_xfer=8  ppo_grad=12728  total=13287
  update   640/1525  step 10,485,760  SPS   1,206  pg=-0.0242  vf=0.0413  ent=1.7558  kl=0.0173
  [phase ms/update]  rollout=529  bulk_xfer=0.1  gae=6.1  ppo_xfer=8  ppo_grad=12730  total=13273

[eval] step 10,502,144...
  train=26.99±9.12  test=24.92±10.10  gap=2.07
[checkpoint] Saved step 10,502,144 → checkpoints/fruitbot/fruitbot__impala__seed3__20260512_223522/step_10502144.pt  (latest.pt updated)
  update   650/1525  step 10,649,600  SPS   1,206  pg=-0.0211  vf=0.0536  ent=1.8237  kl=0.0153
  [phase ms/update]  rollout=548  bulk_xfer=0.1  gae=6.2  ppo_xfer=8  ppo_grad=12729  total=13292
  update   660/1525  step 10,813,440  SPS   1,206  pg=-0.0249  vf=0.0468  ent=1.7888  kl=0.0157
  [phase ms/update]  rollout=532  bulk_xfer=0.1  gae=6.1  ppo_xfer=8  ppo_grad=12728  total=13274
  update   670/1525  step 10,977,280  SPS   1,207  pg=-0.0193  vf=0.0839  ent=1.7972  kl=0.0149
  [phase ms/update]  rollout=533  bulk_xfer=0.1  gae=6.2  ppo_xfer=8  ppo_grad=12733  total=13280

[eval] step 11,010,048...
  train=26.58±8.33  test=26.06±8.99  gap=0.52
[checkpoint] Saved step 11,010,048 → checkpoints/fruitbot/fruitbot__impala__seed3__20260512_223522/step_11010048.pt  (latest.pt updated)
  update   680/1525  step 11,141,120  SPS   1,206  pg=-0.0237  vf=0.0465  ent=1.7788  kl=0.0167
  [phase ms/update]  rollout=524  bulk_xfer=0.1  gae=6.1  ppo_xfer=8  ppo_grad=12732  total=13270
  update   690/1525  step 11,304,960  SPS   1,206  pg=-0.0248  vf=0.0356  ent=1.7166  kl=0.0166
  [phase ms/update]  rollout=546  bulk_xfer=0.1  gae=6.2  ppo_xfer=8  ppo_grad=12732  total=13292
  update   700/1525  step 11,468,800  SPS   1,207  pg=-0.0202  vf=0.0566  ent=1.7637  kl=0.0168
  [phase ms/update]  rollout=534  bulk_xfer=0.1  gae=6.1  ppo_xfer=8  ppo_grad=12732  total=13280

[eval] step 11,501,568...
  train=26.76±8.92  test=26.27±8.85  gap=0.49
[checkpoint] Saved step 11,501,568 → checkpoints/fruitbot/fruitbot__impala__seed3__20260512_223522/step_11501568.pt  (latest.pt updated)
  update   710/1525  step 11,632,640  SPS   1,206  pg=-0.0268  vf=0.0235  ent=1.7548  kl=0.0149
  [phase ms/update]  rollout=527  bulk_xfer=0.1  gae=6.1  ppo_xfer=8  ppo_grad=12729  total=13270
  update   720/1525  step 11,796,480  SPS   1,206  pg=-0.0217  vf=0.0495  ent=1.7754  kl=0.0157
  [phase ms/update]  rollout=546  bulk_xfer=0.1  gae=6.1  ppo_xfer=8  ppo_grad=12730  total=13290
  update   730/1525  step 11,960,320  SPS   1,207  pg=-0.0180  vf=0.0896  ent=1.7526  kl=0.0149
  [phase ms/update]  rollout=542  bulk_xfer=0.1  gae=6.1  ppo_xfer=8  ppo_grad=12718  total=13274

[eval] step 12,009,472...
  train=27.44±8.69  test=25.63±10.09  gap=1.81
[checkpoint] Saved step 12,009,472 → checkpoints/fruitbot/fruitbot__impala__seed3__20260512_223522/step_12009472.pt  (latest.pt updated)
  update   740/1525  step 12,124,160  SPS   1,206  pg=-0.0210  vf=0.0493  ent=1.7422  kl=0.0133
  [phase ms/update]  rollout=544  bulk_xfer=0.1  gae=6.2  ppo_xfer=8  ppo_grad=12715  total=13273
  update   750/1525  step 12,288,000  SPS   1,206  pg=-0.0191  vf=0.0636  ent=1.7613  kl=0.0163
  [phase ms/update]  rollout=539  bulk_xfer=0.1  gae=6.2  ppo_xfer=8  ppo_grad=12718  total=13271
  update   760/1525  step 12,451,840  SPS   1,207  pg=-0.0197  vf=0.0609  ent=1.6645  kl=0.0160
  [phase ms/update]  rollout=544  bulk_xfer=0.1  gae=6.2  ppo_xfer=8  ppo_grad=12715  total=13274

[eval] step 12,500,992...
  train=28.98±7.08  test=26.52±9.66  gap=2.46
[checkpoint] Saved step 12,500,992 → checkpoints/fruitbot/fruitbot__impala__seed3__20260512_223522/step_12500992.pt  (latest.pt updated)
  update   770/1525  step 12,615,680  SPS   1,206  pg=-0.0196  vf=0.0713  ent=1.7298  kl=0.0112
  [phase ms/update]  rollout=538  bulk_xfer=0.1  gae=6.2  ppo_xfer=8  ppo_grad=12718  total=13270
  update   780/1525  step 12,779,520  SPS   1,206  pg=-0.0237  vf=0.0444  ent=1.7209  kl=0.0164
  [phase ms/update]  rollout=550  bulk_xfer=0.1  gae=6.2  ppo_xfer=8  ppo_grad=12730  total=13295
  update   790/1525  step 12,943,360  SPS   1,207  pg=-0.0191  vf=0.0559  ent=1.7140  kl=0.0162
  [phase ms/update]  rollout=547  bulk_xfer=0.1  gae=6.2  ppo_xfer=8  ppo_grad=12719  total=13280

[eval] step 13,008,896...
  train=29.04±6.90  test=26.33±9.73  gap=2.71
[checkpoint] Saved step 13,008,896 → checkpoints/fruitbot/fruitbot__impala__seed3__20260512_223522/step_13008896.pt  (latest.pt updated)
  update   800/1525  step 13,107,200  SPS   1,206  pg=-0.0212  vf=0.0698  ent=1.7189  kl=0.0147
  [phase ms/update]  rollout=540  bulk_xfer=0.1  gae=6.2  ppo_xfer=8  ppo_grad=12722  total=13276
  update   810/1525  step 13,271,040  SPS   1,206  pg=-0.0224  vf=0.0494  ent=1.7042  kl=0.0146
  [phase ms/update]  rollout=531  bulk_xfer=0.1  gae=6.1  ppo_xfer=8  ppo_grad=12727  total=13272
  update   820/1525  step 13,434,880  SPS   1,207  pg=-0.0194  vf=0.0416  ent=1.7121  kl=0.0160
  [phase ms/update]  rollout=524  bulk_xfer=0.1  gae=6.1  ppo_xfer=8  ppo_grad=12731  total=13268

[eval] step 13,500,416...
  train=27.35±9.19  test=25.08±10.00  gap=2.27
[checkpoint] Saved step 13,500,416 → checkpoints/fruitbot/fruitbot__impala__seed3__20260512_223522/step_13500416.pt  (latest.pt updated)
  update   830/1525  step 13,598,720  SPS   1,206  pg=-0.0177  vf=0.0679  ent=1.7197  kl=0.0170
  [phase ms/update]  rollout=535  bulk_xfer=0.1  gae=6.2  ppo_xfer=8  ppo_grad=12731  total=13281
  update   840/1525  step 13,762,560  SPS   1,207  pg=-0.0208  vf=0.0605  ent=1.7454  kl=0.0158
  [phase ms/update]  rollout=545  bulk_xfer=0.1  gae=6.2  ppo_xfer=8  ppo_grad=12733  total=13292
  update   850/1525  step 13,926,400  SPS   1,207  pg=-0.0218  vf=0.0695  ent=1.7035  kl=0.0169
  [phase ms/update]  rollout=538  bulk_xfer=0.1  gae=6.1  ppo_xfer=8  ppo_grad=12725  total=13277

[eval] step 14,008,320...
  train=27.40±8.42  test=24.06±11.07  gap=3.34
[checkpoint] Saved step 14,008,320 → checkpoints/fruitbot/fruitbot__impala__seed3__20260512_223522/step_14008320.pt  (latest.pt updated)
  update   860/1525  step 14,090,240  SPS   1,206  pg=-0.0229  vf=0.0400  ent=1.7052  kl=0.0153
  [phase ms/update]  rollout=538  bulk_xfer=0.1  gae=6.2  ppo_xfer=8  ppo_grad=12720  total=13272
  update   870/1525  step 14,254,080  SPS   1,207  pg=-0.0213  vf=0.0413  ent=1.6587  kl=0.0161
  [phase ms/update]  rollout=535  bulk_xfer=0.1  gae=6.1  ppo_xfer=8  ppo_grad=12728  total=13277
  update   880/1525  step 14,417,920  SPS   1,207  pg=-0.0271  vf=0.0355  ent=1.6284  kl=0.0178
  [phase ms/update]  rollout=534  bulk_xfer=0.1  gae=6.0  ppo_xfer=8  ppo_grad=12725  total=13273

[eval] step 14,516,224...
  train=27.27±8.98  test=24.27±11.10  gap=3.00
[checkpoint] Saved step 14,516,224 → checkpoints/fruitbot/fruitbot__impala__seed3__20260512_223522/step_14516224.pt  (latest.pt updated)
  update   890/1525  step 14,581,760  SPS   1,206  pg=-0.0216  vf=0.0572  ent=1.6240  kl=0.0160
  [phase ms/update]  rollout=539  bulk_xfer=0.1  gae=6.2  ppo_xfer=8  ppo_grad=12724  total=13277
  update   900/1525  step 14,745,600  SPS   1,207  pg=-0.0261  vf=0.0496  ent=1.6570  kl=0.0140
  [phase ms/update]  rollout=539  bulk_xfer=0.1  gae=6.2  ppo_xfer=8  ppo_grad=12734  total=13288
  update   910/1525  step 14,909,440  SPS   1,207  pg=-0.0209  vf=0.0495  ent=1.6853  kl=0.0162
  [phase ms/update]  rollout=534  bulk_xfer=0.1  gae=6.1  ppo_xfer=8  ppo_grad=12734  total=13282

[eval] step 15,007,744...
  train=26.43±9.98  test=24.80±11.06  gap=1.63
[checkpoint] Saved step 15,007,744 → checkpoints/fruitbot/fruitbot__impala__seed3__20260512_223522/step_15007744.pt  (latest.pt updated)
  update   920/1525  step 15,073,280  SPS   1,206  pg=-0.0279  vf=0.0274  ent=1.6607  kl=0.0170
  [phase ms/update]  rollout=535  bulk_xfer=0.1  gae=6.1  ppo_xfer=8  ppo_grad=12734  total=13283
  update   930/1525  step 15,237,120  SPS   1,207  pg=-0.0257  vf=0.0352  ent=1.6424  kl=0.0160
  [phase ms/update]  rollout=537  bulk_xfer=0.1  gae=6.2  ppo_xfer=8  ppo_grad=12731  total=13282
  update   940/1525  step 15,400,960  SPS   1,207  pg=-0.0208  vf=0.0599  ent=1.6218  kl=0.0183
  [phase ms/update]  rollout=538  bulk_xfer=0.1  gae=6.1  ppo_xfer=8  ppo_grad=12718  total=13270

[eval] step 15,515,648...
  train=27.87±8.26  test=26.66±9.36  gap=1.21
[checkpoint] Saved step 15,515,648 → checkpoints/fruitbot/fruitbot__impala__seed3__20260512_223522/step_15515648.pt  (latest.pt updated)
  update   950/1525  step 15,564,800  SPS   1,206  pg=-0.0220  vf=0.0499  ent=1.6355  kl=0.0166
  [phase ms/update]  rollout=540  bulk_xfer=0.1  gae=6.1  ppo_xfer=8  ppo_grad=12716  total=13270
  update   960/1525  step 15,728,640  SPS   1,207  pg=-0.0176  vf=0.0591  ent=1.5953  kl=0.0210
  [phase ms/update]  rollout=555  bulk_xfer=0.1  gae=6.2  ppo_xfer=8  ppo_grad=12715  total=13284
  update   970/1525  step 15,892,480  SPS   1,207  pg=-0.0189  vf=0.0498  ent=1.6829  kl=0.0197
  [phase ms/update]  rollout=541  bulk_xfer=0.1  gae=6.1  ppo_xfer=8  ppo_grad=12721  total=13276

[eval] step 16,007,168...
  train=26.84±9.93  test=23.80±11.61  gap=3.04
[checkpoint] Saved step 16,007,168 → checkpoints/fruitbot/fruitbot__impala__seed3__20260512_223522/step_16007168.pt  (latest.pt updated)
  update   980/1525  step 16,056,320  SPS   1,207  pg=-0.0217  vf=0.0661  ent=1.6500  kl=0.0174
  [phase ms/update]  rollout=554  bulk_xfer=0.1  gae=6.2  ppo_xfer=8  ppo_grad=12718  total=13286
  update   990/1525  step 16,220,160  SPS   1,207  pg=-0.0293  vf=0.0280  ent=1.6762  kl=0.0152
  [phase ms/update]  rollout=526  bulk_xfer=0.1  gae=6.1  ppo_xfer=8  ppo_grad=12731  total=13272
  update  1000/1525  step 16,384,000  SPS   1,207  pg=-0.0254  vf=0.0269  ent=1.6747  kl=0.0167
  [phase ms/update]  rollout=536  bulk_xfer=0.1  gae=6.1  ppo_xfer=8  ppo_grad=12733  total=13283

[eval] step 16,515,072...
  train=27.89±8.45  test=25.35±9.74  gap=2.54
[checkpoint] Saved step 16,515,072 → checkpoints/fruitbot/fruitbot__impala__seed3__20260512_223522/step_16515072.pt  (latest.pt updated)
  update  1010/1525  step 16,547,840  SPS   1,207  pg=-0.0245  vf=0.0429  ent=1.6893  kl=0.0163
  [phase ms/update]  rollout=533  bulk_xfer=0.1  gae=6.1  ppo_xfer=8  ppo_grad=12719  total=13266
  update  1020/1525  step 16,711,680  SPS   1,207  pg=-0.0221  vf=0.0452  ent=1.6927  kl=0.0166
  [phase ms/update]  rollout=538  bulk_xfer=0.1  gae=6.2  ppo_xfer=8  ppo_grad=12720  total=13272
  update  1030/1525  step 16,875,520  SPS   1,207  pg=-0.0255  vf=0.0375  ent=1.6985  kl=0.0166
  [phase ms/update]  rollout=553  bulk_xfer=0.1  gae=6.2  ppo_xfer=8  ppo_grad=12720  total=13287

[eval] step 17,006,592...
  train=27.98±8.97  test=25.71±9.90  gap=2.27
[checkpoint] Saved step 17,006,592 → checkpoints/fruitbot/fruitbot__impala__seed3__20260512_223522/step_17006592.pt  (latest.pt updated)
  update  1040/1525  step 17,039,360  SPS   1,207  pg=-0.0242  vf=0.0425  ent=1.6382  kl=0.0158
  [phase ms/update]  rollout=546  bulk_xfer=0.1  gae=6.2  ppo_xfer=8  ppo_grad=12728  total=13288
  update  1050/1525  step 17,203,200  SPS   1,207  pg=-0.0243  vf=0.0526  ent=1.6517  kl=0.0167
  [phase ms/update]  rollout=535  bulk_xfer=0.1  gae=6.2  ppo_xfer=8  ppo_grad=12728  total=13277
  update  1060/1525  step 17,367,040  SPS   1,207  pg=-0.0251  vf=0.0382  ent=1.6175  kl=0.0190
  [phase ms/update]  rollout=542  bulk_xfer=0.1  gae=6.2  ppo_xfer=8  ppo_grad=12732  total=13288

[eval] step 17,514,496...
  train=29.17±6.42  test=26.81±9.13  gap=2.36
[checkpoint] Saved step 17,514,496 → checkpoints/fruitbot/fruitbot__impala__seed3__20260512_223522/step_17514496.pt  (latest.pt updated)
  update  1070/1525  step 17,530,880  SPS   1,207  pg=-0.0245  vf=0.0341  ent=1.5610  kl=0.0176
  [phase ms/update]  rollout=550  bulk_xfer=0.1  gae=6.2  ppo_xfer=8  ppo_grad=12732  total=13296
  update  1080/1525  step 17,694,720  SPS   1,207  pg=-0.0305  vf=0.0220  ent=1.5625  kl=0.0178
  [phase ms/update]  rollout=537  bulk_xfer=0.1  gae=6.1  ppo_xfer=8  ppo_grad=12729  total=13280
  update  1090/1525  step 17,858,560  SPS   1,207  pg=-0.0245  vf=0.0443  ent=1.5286  kl=0.0178
  [phase ms/update]  rollout=540  bulk_xfer=0.1  gae=6.1  ppo_xfer=8  ppo_grad=12719  total=13273

[eval] step 18,006,016...
  train=28.38±7.95  test=25.06±10.10  gap=3.32
[checkpoint] Saved step 18,006,016 → checkpoints/fruitbot/fruitbot__impala__seed3__20260512_223522/step_18006016.pt  (latest.pt updated)
  update  1100/1525  step 18,022,400  SPS   1,207  pg=-0.0185  vf=0.0518  ent=1.4883  kl=0.0183
  [phase ms/update]  rollout=543  bulk_xfer=0.1  gae=6.1  ppo_xfer=8  ppo_grad=12718  total=13275
  update  1110/1525  step 18,186,240  SPS   1,207  pg=-0.0216  vf=0.0425  ent=1.5187  kl=0.0196
  [phase ms/update]  rollout=535  bulk_xfer=0.1  gae=6.1  ppo_xfer=8  ppo_grad=12719  total=13268
  update  1120/1525  step 18,350,080  SPS   1,207  pg=-0.0295  vf=0.0228  ent=1.4991  kl=0.0193
  [phase ms/update]  rollout=528  bulk_xfer=0.1  gae=6.1  ppo_xfer=8  ppo_grad=12727  total=13269
  update  1130/1525  step 18,513,920  SPS   1,207  pg=-0.0309  vf=0.0252  ent=1.5504  kl=0.0185
  [phase ms/update]  rollout=523  bulk_xfer=0.1  gae=6.2  ppo_xfer=8  ppo_grad=12730  total=13268

[eval] step 18,513,920...
  train=28.58±7.68  test=25.28±10.35  gap=3.30
[checkpoint] Saved step 18,513,920 → checkpoints/fruitbot/fruitbot__impala__seed3__20260512_223522/step_18513920.pt  (latest.pt updated)
  update  1140/1525  step 18,677,760  SPS   1,207  pg=-0.0213  vf=0.0468  ent=1.5343  kl=0.0219
  [phase ms/update]  rollout=542  bulk_xfer=0.1  gae=6.2  ppo_xfer=8  ppo_grad=12720  total=13276
  update  1150/1525  step 18,841,600  SPS   1,207  pg=-0.0254  vf=0.0307  ent=1.4935  kl=0.0166
  [phase ms/update]  rollout=543  bulk_xfer=0.1  gae=6.2  ppo_xfer=8  ppo_grad=12728  total=13285
  update  1160/1525  step 19,005,440  SPS   1,207  pg=-0.0276  vf=0.0253  ent=1.4616  kl=0.0207
  [phase ms/update]  rollout=523  bulk_xfer=0.1  gae=6.1  ppo_xfer=8  ppo_grad=12716  total=13253

[eval] step 19,005,440...
  train=29.37±6.65  test=26.57±9.83  gap=2.80
[checkpoint] Saved step 19,005,440 → checkpoints/fruitbot/fruitbot__impala__seed3__20260512_223522/step_19005440.pt  (latest.pt updated)
  update  1170/1525  step 19,169,280  SPS   1,207  pg=-0.0228  vf=0.0379  ent=1.4589  kl=0.0197
  [phase ms/update]  rollout=529  bulk_xfer=0.1  gae=6.1  ppo_xfer=8  ppo_grad=12715  total=13258
  update  1180/1525  step 19,333,120  SPS   1,207  pg=-0.0240  vf=0.0324  ent=1.4578  kl=0.0189
  [phase ms/update]  rollout=542  bulk_xfer=0.1  gae=6.2  ppo_xfer=8  ppo_grad=12710  total=13267
  update  1190/1525  step 19,496,960  SPS   1,207  pg=-0.0253  vf=0.0272  ent=1.4386  kl=0.0205
  [phase ms/update]  rollout=542  bulk_xfer=0.1  gae=6.2  ppo_xfer=8  ppo_grad=12712  total=13268

[eval] step 19,513,344...
  train=29.83±5.93  test=26.72±9.24  gap=3.11
[checkpoint] Saved step 19,513,344 → checkpoints/fruitbot/fruitbot__impala__seed3__20260512_223522/step_19513344.pt  (latest.pt updated)
  update  1200/1525  step 19,660,800  SPS   1,207  pg=-0.0269  vf=0.0222  ent=1.4300  kl=0.0227
  [phase ms/update]  rollout=550  bulk_xfer=0.1  gae=6.2  ppo_xfer=8  ppo_grad=12720  total=13284
  update  1210/1525  step 19,824,640  SPS   1,207  pg=-0.0221  vf=0.0364  ent=1.4811  kl=0.0203
  [phase ms/update]  rollout=547  bulk_xfer=0.1  gae=6.2  ppo_xfer=8  ppo_grad=12722  total=13283
  update  1220/1525  step 19,988,480  SPS   1,207  pg=-0.0160  vf=0.0779  ent=1.4127  kl=0.0215
  [phase ms/update]  rollout=543  bulk_xfer=0.1  gae=6.1  ppo_xfer=8  ppo_grad=12714  total=13271

[eval] step 20,004,864...
  train=28.52±7.81  test=25.90±10.82  gap=2.62
[checkpoint] Saved step 20,004,864 → checkpoints/fruitbot/fruitbot__impala__seed3__20260512_223522/step_20004864.pt  (latest.pt updated)
  update  1230/1525  step 20,152,320  SPS   1,207  pg=-0.0228  vf=0.0437  ent=1.4369  kl=0.0170
  [phase ms/update]  rollout=543  bulk_xfer=0.1  gae=6.1  ppo_xfer=8  ppo_grad=12724  total=13281
  update  1240/1525  step 20,316,160  SPS   1,207  pg=-0.0251  vf=0.0259  ent=1.4469  kl=0.0189
  [phase ms/update]  rollout=543  bulk_xfer=0.1  gae=6.2  ppo_xfer=8  ppo_grad=12726  total=13283
  update  1250/1525  step 20,480,000  SPS   1,207  pg=-0.0171  vf=0.0414  ent=1.5058  kl=0.0188
  [phase ms/update]  rollout=546  bulk_xfer=0.1  gae=6.2  ppo_xfer=8  ppo_grad=12729  total=13289

[eval] step 20,512,768...
  train=29.10±8.42  test=26.74±9.53  gap=2.36
[checkpoint] Saved step 20,512,768 → checkpoints/fruitbot/fruitbot__impala__seed3__20260512_223522/step_20512768.pt  (latest.pt updated)
  update  1260/1525  step 20,643,840  SPS   1,207  pg=-0.0227  vf=0.0380  ent=1.5457  kl=0.0207
  [phase ms/update]  rollout=532  bulk_xfer=0.1  gae=6.2  ppo_xfer=8  ppo_grad=12722  total=13268
  update  1270/1525  step 20,807,680  SPS   1,207  pg=-0.0247  vf=0.0329  ent=1.4915  kl=0.0154
  [phase ms/update]  rollout=540  bulk_xfer=0.1  gae=6.1  ppo_xfer=8  ppo_grad=12725  total=13280
  update  1280/1525  step 20,971,520  SPS   1,207  pg=-0.0179  vf=0.0550  ent=1.5311  kl=0.0174
  [phase ms/update]  rollout=528  bulk_xfer=0.1  gae=6.1  ppo_xfer=8  ppo_grad=12716  total=13258

[eval] step 21,004,288...
  train=28.72±7.78  test=26.23±8.99  gap=2.49
[checkpoint] Saved step 21,004,288 → checkpoints/fruitbot/fruitbot__impala__seed3__20260512_223522/step_21004288.pt  (latest.pt updated)
  update  1290/1525  step 21,135,360  SPS   1,207  pg=-0.0229  vf=0.0392  ent=1.5607  kl=0.0174
  [phase ms/update]  rollout=525  bulk_xfer=0.1  gae=6.0  ppo_xfer=8  ppo_grad=12720  total=13259
  update  1300/1525  step 21,299,200  SPS   1,207  pg=-0.0314  vf=0.0226  ent=1.5282  kl=0.0187
  [phase ms/update]  rollout=537  bulk_xfer=0.1  gae=6.1  ppo_xfer=8  ppo_grad=12718  total=13269
  update  1310/1525  step 21,463,040  SPS   1,207  pg=-0.0208  vf=0.0472  ent=1.4941  kl=0.0173
  [phase ms/update]  rollout=530  bulk_xfer=0.1  gae=6.1  ppo_xfer=8  ppo_grad=12730  total=13274

[eval] step 21,512,192...
  train=28.87±7.80  test=28.05±8.38  gap=0.82
[checkpoint] Saved step 21,512,192 → checkpoints/fruitbot/fruitbot__impala__seed3__20260512_223522/step_21512192.pt  (latest.pt updated)
  update  1320/1525  step 21,626,880  SPS   1,207  pg=-0.0237  vf=0.0378  ent=1.4950  kl=0.0148
  [phase ms/update]  rollout=538  bulk_xfer=0.1  gae=6.2  ppo_xfer=8  ppo_grad=12724  total=13276
  update  1330/1525  step 21,790,720  SPS   1,207  pg=-0.0230  vf=0.0444  ent=1.4857  kl=0.0236
  [phase ms/update]  rollout=532  bulk_xfer=0.1  gae=6.1  ppo_xfer=8  ppo_grad=12718  total=13264
  update  1340/1525  step 21,954,560  SPS   1,207  pg=-0.0321  vf=0.0188  ent=1.5017  kl=0.0207
  [phase ms/update]  rollout=542  bulk_xfer=0.1  gae=6.2  ppo_xfer=8  ppo_grad=12716  total=13272

[eval] step 22,003,712...
  train=30.06±6.89  test=27.09±9.25  gap=2.97
[checkpoint] Saved step 22,003,712 → checkpoints/fruitbot/fruitbot__impala__seed3__20260512_223522/step_22003712.pt  (latest.pt updated)
  update  1350/1525  step 22,118,400  SPS   1,207  pg=-0.0232  vf=0.0410  ent=1.5099  kl=0.0183
  [phase ms/update]  rollout=556  bulk_xfer=0.1  gae=6.2  ppo_xfer=8  ppo_grad=12718  total=13288
  update  1360/1525  step 22,282,240  SPS   1,207  pg=-0.0210  vf=0.0467  ent=1.5025  kl=0.0193
  [phase ms/update]  rollout=548  bulk_xfer=0.1  gae=6.3  ppo_xfer=8  ppo_grad=12716  total=13279
  update  1370/1525  step 22,446,080  SPS   1,207  pg=-0.0298  vf=0.0241  ent=1.4460  kl=0.0198
  [phase ms/update]  rollout=550  bulk_xfer=0.1  gae=6.2  ppo_xfer=8  ppo_grad=12716  total=13280

[eval] step 22,511,616...
  train=30.08±6.67  test=27.01±9.98  gap=3.07
[checkpoint] Saved step 22,511,616 → checkpoints/fruitbot/fruitbot__impala__seed3__20260512_223522/step_22511616.pt  (latest.pt updated)
  update  1380/1525  step 22,609,920  SPS   1,207  pg=-0.0214  vf=0.0437  ent=1.3992  kl=0.0164
  [phase ms/update]  rollout=538  bulk_xfer=0.1  gae=6.2  ppo_xfer=8  ppo_grad=12715  total=13267
  update  1390/1525  step 22,773,760  SPS   1,207  pg=-0.0293  vf=0.0213  ent=1.3987  kl=0.0212
  [phase ms/update]  rollout=535  bulk_xfer=0.1  gae=6.1  ppo_xfer=8  ppo_grad=12718  total=13267
  update  1400/1525  step 22,937,600  SPS   1,207  pg=-0.0235  vf=0.0461  ent=1.3793  kl=0.0207
  [phase ms/update]  rollout=547  bulk_xfer=0.1  gae=6.2  ppo_xfer=8  ppo_grad=12716  total=13277

[eval] step 23,003,136...
  train=29.97±6.64  test=24.23±11.38  gap=5.74
[checkpoint] Saved step 23,003,136 → checkpoints/fruitbot/fruitbot__impala__seed3__20260512_223522/step_23003136.pt  (latest.pt updated)
  update  1410/1525  step 23,101,440  SPS   1,207  pg=-0.0154  vf=0.0403  ent=1.4613  kl=0.0242
  [phase ms/update]  rollout=547  bulk_xfer=0.1  gae=6.2  ppo_xfer=8  ppo_grad=12725  total=13286
  update  1420/1525  step 23,265,280  SPS   1,207  pg=-0.0278  vf=0.0196  ent=1.3625  kl=0.0207
  [phase ms/update]  rollout=528  bulk_xfer=0.1  gae=6.2  ppo_xfer=8  ppo_grad=12732  total=13274
  update  1430/1525  step 23,429,120  SPS   1,207  pg=-0.0214  vf=0.0262  ent=1.3703  kl=0.0184
  [phase ms/update]  rollout=526  bulk_xfer=0.1  gae=6.2  ppo_xfer=8  ppo_grad=12733  total=13273

[eval] step 23,511,040...
  train=30.04±6.64  test=24.90±11.36  gap=5.14
[checkpoint] Saved step 23,511,040 → checkpoints/fruitbot/fruitbot__impala__seed3__20260512_223522/step_23511040.pt  (latest.pt updated)
  update  1440/1525  step 23,592,960  SPS   1,207  pg=-0.0264  vf=0.0279  ent=1.3582  kl=0.0212
  [phase ms/update]  rollout=540  bulk_xfer=0.1  gae=6.1  ppo_xfer=8  ppo_grad=12732  total=13286
  update  1450/1525  step 23,756,800  SPS   1,207  pg=-0.0271  vf=0.0247  ent=1.3839  kl=0.0201
  [phase ms/update]  rollout=527  bulk_xfer=0.1  gae=6.1  ppo_xfer=8  ppo_grad=12731  total=13272
  update  1460/1525  step 23,920,640  SPS   1,207  pg=-0.0198  vf=0.0467  ent=1.3741  kl=0.0227
  [phase ms/update]  rollout=532  bulk_xfer=0.1  gae=6.1  ppo_xfer=8  ppo_grad=12728  total=13274

[eval] step 24,002,560...
  train=28.54±8.20  test=23.13±12.61  gap=5.41
[checkpoint] Saved step 24,002,560 → checkpoints/fruitbot/fruitbot__impala__seed3__20260512_223522/step_24002560.pt  (latest.pt updated)
  update  1470/1525  step 24,084,480  SPS   1,207  pg=-0.0197  vf=0.0812  ent=1.4437  kl=0.0180
  [phase ms/update]  rollout=534  bulk_xfer=0.1  gae=6.1  ppo_xfer=8  ppo_grad=12725  total=13273
  update  1480/1525  step 24,248,320  SPS   1,207  pg=-0.0278  vf=0.0296  ent=1.4330  kl=0.0170
  [phase ms/update]  rollout=540  bulk_xfer=0.1  gae=6.2  ppo_xfer=8  ppo_grad=12729  total=13284
  update  1490/1525  step 24,412,160  SPS   1,208  pg=-0.0213  vf=0.0427  ent=1.4641  kl=0.0164
  [phase ms/update]  rollout=533  bulk_xfer=0.1  gae=6.1  ppo_xfer=8  ppo_grad=12727  total=13274

[eval] step 24,510,464...
  train=29.96±7.28  test=24.46±10.30  gap=5.50
[checkpoint] Saved step 24,510,464 → checkpoints/fruitbot/fruitbot__impala__seed3__20260512_223522/step_24510464.pt  (latest.pt updated)
  update  1500/1525  step 24,576,000  SPS   1,207  pg=-0.0205  vf=0.0525  ent=1.4875  kl=0.0203
  [phase ms/update]  rollout=547  bulk_xfer=0.1  gae=6.2  ppo_xfer=8  ppo_grad=12727  total=13289
  update  1510/1525  step 24,739,840  SPS   1,207  pg=-0.0250  vf=0.0350  ent=1.4138  kl=0.0202
  [phase ms/update]  rollout=551  bulk_xfer=0.1  gae=6.2  ppo_xfer=8  ppo_grad=12723  total=13288
  update  1520/1525  step 24,903,680  SPS   1,208  pg=-0.0259  vf=0.0340  ent=1.4155  kl=0.0195
  [phase ms/update]  rollout=525  bulk_xfer=0.1  gae=6.1  ppo_xfer=8  ppo_grad=12715  total=13253
[checkpoint] Saved step 24,985,600 → checkpoints/fruitbot/fruitbot__impala__seed3__20260512_223522/step_24985600_final.pt  (latest.pt updated)

[done] Training complete.

[final eval]

=================================================================
  fruitbot | none+uniform | seed=3
  train=29.16  test=26.62  gap=2.54
=================================================================

wandb: updating run metadata
wandb: uploading output.log; uploading wandb-summary.json; uploading config.yaml
wandb: uploading history steps 1524-1524, summary, console lines 518-522
wandb: 
wandb: Run history:
wandb:                            charts/SPS ▂▁▅▆▇▇▇▇▇▇▇▇▇███████████████████████████
wandb:     charts/episodic_return_normalised ▁▅▅▅▇▇▇▇▅▇█▇▆▇▇▇▇▇▇▇▇▇▇▇▇▇████▇█▇█████▇█
wandb: charts/episodic_return_normalised_std ▁▂▂█▇█▆▄▅▅▄▅▅▄▅▄▅▅▅▄▄▅▄▃▄▄▆▅▄▄▃▄▃▄▄▄▄▄▃▁
wandb:                  charts/learning_rate ▁▁▁▁▁▁▁▁▁▁▁▁▁▁▁▁▁▁▁▁▁▁▁▁▁▁▁▁▁▁▁▁▁▁▁▁▁▁▁▁
wandb:               eval/generalization_gap ▃▁▁▂▅▄▄▃▂▃▅▂▄▃▃▂▅▃▃▄▅▅▆▅▄▅▅▅▅▆▅▆▅▅▅▅▅█▇█
wandb:                      eval/test_return ▁▃▅▆▆▇▇▇█▇▇█▇███▇████▇▇▇▇▇███▇███████▇▇▇
wandb:                  eval/test_return_std ▁▆███▇█▇▆▆▇▇▆▇▆▇▇▇▆▆▇▇▇██▆█▇▇▆▇▇▆▇▆▆▇██▇
wandb:                     eval/train_return ▁▂▄▅▆▆▆▇▇▇▆▇▇▇▇▇▇▇▇▇██▇▇▇▇▇▇████████████
wandb:                 eval/train_return_std ▁▅██▇▇▇▆▆▆▇▆▆▇▅▆▆▆▆▆▅▆▆▆▇▇▆▆▄▅▄▄▅▆▅▅▄▄▄▅
wandb:                      losses/approx_kl ▁▃▃▂▃▃▄▃▃▂▃▂▅▄▅▄▄▄▃▃▅▅▅▄▅▅▆▆▆▆▇▆█▇▆▇▇▇█▇
wandb:                                    +6 ...
wandb: 
wandb: Run summary:
wandb:                            charts/SPS 1207.60924
wandb:     charts/episodic_return_normalised 7.84821
wandb: charts/episodic_return_normalised_std 2.01141
wandb:                  charts/learning_rate 0.0005
wandb:               eval/generalization_gap 5.5
wandb:                      eval/test_return 24.46
wandb:                  eval/test_return_std 10.30186
wandb:                     eval/train_return 29.96
wandb:                 eval/train_return_std 7.27725
wandb:                      losses/approx_kl 0.01959
wandb:                                    +6 ...
wandb: 
wandb: 🚀 View run fruitbot__impala__seed3__20260512_223522 at: https://wandb.ai/staanagnostou-/thesis-rl-baselines/runs/p5dg2guo
wandb: ⭐️ View project at: https://wandb.ai/staanagnostou-/thesis-rl-baselines
wandb: Synced 6 W&B file(s), 0 media file(s), 0 artifact file(s) and 0 other file(s)
wandb: Find logs at: ./wandb/run-20260512_223522-p5dg2guo/logs
