[device] GPU detected:   (24.0 GB VRAM)
[device] Backend: NVIDIA CUDA
wandb: [wandb.login()] Loaded credentials for https://api.wandb.ai from WANDB_API_KEY.
wandb: Currently logged in as: stayrosanang (staanagnostou-) to https://api.wandb.ai. Use `wandb login --relogin` to force relogin
wandb: setting up run ii5i66qd
wandb: Tracking run with wandb version 0.26.1
wandb: Run data is saved locally in /workspace/wandb/run-20260512_052119-ii5i66qd
wandb: Run `wandb offline` to turn off syncing.
wandb: Syncing run miner__impala__seed3__20260512_052119
wandb: ⭐️ View project at https://wandb.ai/staanagnostou-/thesis-rl-baselines
wandb: 🚀 View run at https://wandb.ai/staanagnostou-/thesis-rl-baselines/runs/ii5i66qd
[wandb] Run ID: ii5i66qd  tags=['none', 'miner', 'seed_3', 'impala']
[env] miner  64 envs  200 levels  mode=easy  backend=auto
[env] obs_space=(64, 64, 3)  num_actions=15
[model] torch.compile applied (mode=reduce-overhead)
[model] IMPALA-CNN  params=626,256

=================================================================
  Starting PPO  |  env=miner  aug=none  lvl=uniform
  total_steps=25,000,000  updates=1,525  device=cuda
=================================================================

  update     1/1525  step     16,384  SPS     302  pg=-0.0006  vf=0.0695  ent=2.7078  kl=0.0002
  [phase ms/update]  rollout=1627  bulk_xfer=0.1  gae=6.2  ppo_xfer=10  ppo_grad=52570  total=54213
  update    10/1525  step    163,840  SPS     943  pg=-0.0013  vf=0.0247  ent=2.5748  kl=0.0029
  [phase ms/update]  rollout=535  bulk_xfer=0.1  gae=6.0  ppo_xfer=8  ppo_grad=12723  total=13272
  update    20/1525  step    327,680  SPS   1,069  pg=-0.0035  vf=0.0292  ent=2.6132  kl=0.0059
  [phase ms/update]  rollout=536  bulk_xfer=0.1  gae=6.0  ppo_xfer=8  ppo_grad=12730  total=13280
  update    30/1525  step    491,520  SPS   1,119  pg=-0.0033  vf=0.1475  ent=2.6047  kl=0.0031
  [phase ms/update]  rollout=539  bulk_xfer=0.1  gae=6.1  ppo_xfer=8  ppo_grad=12730  total=13284

[eval] step 507,904...
  train=2.14±3.55  test=2.48±3.56  gap=-0.34
[checkpoint] Saved step 507,904 → checkpoints/miner/miner__impala__seed3__20260512_052119/step_507904.pt  (latest.pt updated)
  update    40/1525  step    655,360  SPS   1,128  pg=-0.0055  vf=0.0749  ent=2.5793  kl=0.0052
  [phase ms/update]  rollout=539  bulk_xfer=0.1  gae=6.1  ppo_xfer=8  ppo_grad=12733  total=13286
  update    50/1525  step    819,200  SPS   1,147  pg=-0.0059  vf=0.0788  ent=2.6018  kl=0.0055
  [phase ms/update]  rollout=531  bulk_xfer=0.1  gae=6.0  ppo_xfer=8  ppo_grad=12734  total=13279
  update    60/1525  step    983,040  SPS   1,161  pg=-0.0049  vf=0.0763  ent=2.6000  kl=0.0052
  [phase ms/update]  rollout=518  bulk_xfer=0.1  gae=5.9  ppo_xfer=8  ppo_grad=12732  total=13263

[eval] step 1,015,808...
  train=2.35±3.06  test=2.31±3.29  gap=0.04
[checkpoint] Saved step 1,015,808 → checkpoints/miner/miner__impala__seed3__20260512_052119/step_1015808.pt  (latest.pt updated)
  update    70/1525  step  1,146,880  SPS   1,158  pg=-0.0053  vf=0.0707  ent=2.5823  kl=0.0037
  [phase ms/update]  rollout=525  bulk_xfer=0.1  gae=6.0  ppo_xfer=8  ppo_grad=12729  total=13268
  update    80/1525  step  1,310,720  SPS   1,167  pg=-0.0045  vf=0.0711  ent=2.5656  kl=0.0035
  [phase ms/update]  rollout=536  bulk_xfer=0.1  gae=6.1  ppo_xfer=8  ppo_grad=12734  total=13284
  update    90/1525  step  1,474,560  SPS   1,174  pg=-0.0040  vf=0.1831  ent=2.6189  kl=0.0039
  [phase ms/update]  rollout=537  bulk_xfer=0.1  gae=6.0  ppo_xfer=8  ppo_grad=12727  total=13278

[eval] step 1,507,328...
  train=1.98±2.69  test=2.65±3.93  gap=-0.67
[checkpoint] Saved step 1,507,328 → checkpoints/miner/miner__impala__seed3__20260512_052119/step_1507328.pt  (latest.pt updated)
  update   100/1525  step  1,638,400  SPS   1,171  pg=-0.0050  vf=0.2068  ent=2.5840  kl=0.0044
  [phase ms/update]  rollout=542  bulk_xfer=0.1  gae=6.1  ppo_xfer=8  ppo_grad=12725  total=13281
  update   110/1525  step  1,802,240  SPS   1,176  pg=-0.0051  vf=0.2351  ent=2.5750  kl=0.0032
  [phase ms/update]  rollout=539  bulk_xfer=0.1  gae=6.0  ppo_xfer=8  ppo_grad=12723  total=13276
  update   120/1525  step  1,966,080  SPS   1,181  pg=-0.0061  vf=0.1889  ent=2.5539  kl=0.0047
  [phase ms/update]  rollout=543  bulk_xfer=0.1  gae=6.4  ppo_xfer=8  ppo_grad=12732  total=13289

[eval] step 2,015,232...
  train=2.11±2.82  test=2.62±3.39  gap=-0.51
[checkpoint] Saved step 2,015,232 → checkpoints/miner/miner__impala__seed3__20260512_052119/step_2015232.pt  (latest.pt updated)
  update   130/1525  step  2,129,920  SPS   1,177  pg=-0.0067  vf=0.0724  ent=2.5483  kl=0.0050
  [phase ms/update]  rollout=543  bulk_xfer=0.1  gae=6.1  ppo_xfer=8  ppo_grad=12733  total=13290
  update   140/1525  step  2,293,760  SPS   1,181  pg=-0.0048  vf=0.2362  ent=2.5737  kl=0.0054
  [phase ms/update]  rollout=528  bulk_xfer=0.1  gae=6.0  ppo_xfer=8  ppo_grad=12735  total=13277
  update   150/1525  step  2,457,600  SPS   1,184  pg=-0.0065  vf=0.0697  ent=2.5628  kl=0.0033
  [phase ms/update]  rollout=534  bulk_xfer=0.1  gae=6.1  ppo_xfer=8  ppo_grad=12735  total=13284

[eval] step 2,506,752...
  train=2.47±3.54  test=3.39±4.54  gap=-0.92
[checkpoint] Saved step 2,506,752 → checkpoints/miner/miner__impala__seed3__20260512_052119/step_2506752.pt  (latest.pt updated)
  update   160/1525  step  2,621,440  SPS   1,181  pg=-0.0060  vf=0.2848  ent=2.5829  kl=0.0038
  [phase ms/update]  rollout=540  bulk_xfer=0.1  gae=6.1  ppo_xfer=8  ppo_grad=12730  total=13284
  update   170/1525  step  2,785,280  SPS   1,184  pg=-0.0059  vf=0.2794  ent=2.5450  kl=0.0045
  [phase ms/update]  rollout=533  bulk_xfer=0.1  gae=6.0  ppo_xfer=8  ppo_grad=12731  total=13277
  update   180/1525  step  2,949,120  SPS   1,187  pg=-0.0056  vf=0.3312  ent=2.5445  kl=0.0054
  [phase ms/update]  rollout=527  bulk_xfer=0.1  gae=6.0  ppo_xfer=8  ppo_grad=12736  total=13278

[eval] step 3,014,656...
  train=3.70±4.60  test=2.86±4.03  gap=0.84
[checkpoint] Saved step 3,014,656 → checkpoints/miner/miner__impala__seed3__20260512_052119/step_3014656.pt  (latest.pt updated)
  update   190/1525  step  3,112,960  SPS   1,185  pg=-0.0077  vf=0.2592  ent=2.5387  kl=0.0055
  [phase ms/update]  rollout=532  bulk_xfer=0.1  gae=6.0  ppo_xfer=8  ppo_grad=12735  total=13281
  update   200/1525  step  3,276,800  SPS   1,187  pg=-0.0072  vf=0.3506  ent=2.5395  kl=0.0056
  [phase ms/update]  rollout=539  bulk_xfer=0.1  gae=6.1  ppo_xfer=8  ppo_grad=12733  total=13286
  update   210/1525  step  3,440,640  SPS   1,189  pg=-0.0087  vf=0.3379  ent=2.5169  kl=0.0058
  [phase ms/update]  rollout=527  bulk_xfer=0.1  gae=6.0  ppo_xfer=8  ppo_grad=12724  total=13265

[eval] step 3,506,176...
  train=3.56±4.68  test=5.04±5.30  gap=-1.48
[checkpoint] Saved step 3,506,176 → checkpoints/miner/miner__impala__seed3__20260512_052119/step_3506176.pt  (latest.pt updated)
  update   220/1525  step  3,604,480  SPS   1,188  pg=-0.0075  vf=0.3776  ent=2.4480  kl=0.0056
  [phase ms/update]  rollout=544  bulk_xfer=0.1  gae=6.2  ppo_xfer=8  ppo_grad=12719  total=13277
  update   230/1525  step  3,768,320  SPS   1,190  pg=-0.0093  vf=0.2066  ent=2.4431  kl=0.0079
  [phase ms/update]  rollout=525  bulk_xfer=0.1  gae=6.0  ppo_xfer=8  ppo_grad=12719  total=13258
  update   240/1525  step  3,932,160  SPS   1,192  pg=-0.0077  vf=0.4318  ent=2.4459  kl=0.0069
  [phase ms/update]  rollout=529  bulk_xfer=0.1  gae=6.0  ppo_xfer=8  ppo_grad=12718  total=13261

[eval] step 4,014,080...
  train=4.44±5.02  test=5.61±5.54  gap=-1.17
[checkpoint] Saved step 4,014,080 → checkpoints/miner/miner__impala__seed3__20260512_052119/step_4014080.pt  (latest.pt updated)
  update   250/1525  step  4,096,000  SPS   1,190  pg=-0.0084  vf=0.3774  ent=2.4133  kl=0.0066
  [phase ms/update]  rollout=531  bulk_xfer=0.1  gae=6.0  ppo_xfer=8  ppo_grad=12723  total=13268
  update   260/1525  step  4,259,840  SPS   1,192  pg=-0.0098  vf=0.4385  ent=2.3880  kl=0.0059
  [phase ms/update]  rollout=536  bulk_xfer=0.1  gae=6.1  ppo_xfer=8  ppo_grad=12725  total=13275
  update   270/1525  step  4,423,680  SPS   1,194  pg=-0.0084  vf=0.2806  ent=2.3314  kl=0.0077
  [phase ms/update]  rollout=531  bulk_xfer=0.1  gae=6.1  ppo_xfer=8  ppo_grad=12727  total=13272

[eval] step 4,505,600...
  train=6.69±5.59  test=6.59±5.73  gap=0.10
[checkpoint] Saved step 4,505,600 → checkpoints/miner/miner__impala__seed3__20260512_052119/step_4505600.pt  (latest.pt updated)
  update   280/1525  step  4,587,520  SPS   1,193  pg=-0.0092  vf=0.5475  ent=2.3546  kl=0.0056
  [phase ms/update]  rollout=539  bulk_xfer=0.1  gae=6.1  ppo_xfer=8  ppo_grad=12734  total=13288
  update   290/1525  step  4,751,360  SPS   1,194  pg=-0.0114  vf=0.4962  ent=2.2456  kl=0.0075
  [phase ms/update]  rollout=525  bulk_xfer=0.1  gae=6.0  ppo_xfer=8  ppo_grad=12730  total=13270
  update   300/1525  step  4,915,200  SPS   1,195  pg=-0.0085  vf=0.3880  ent=2.1457  kl=0.0075
  [phase ms/update]  rollout=534  bulk_xfer=0.1  gae=6.1  ppo_xfer=8  ppo_grad=12720  total=13268

[eval] step 5,013,504...
  train=6.60±5.65  test=5.54±5.48  gap=1.06
[checkpoint] Saved step 5,013,504 → checkpoints/miner/miner__impala__seed3__20260512_052119/step_5013504.pt  (latest.pt updated)
  update   310/1525  step  5,079,040  SPS   1,194  pg=-0.0086  vf=0.2605  ent=2.3316  kl=0.0084
  [phase ms/update]  rollout=550  bulk_xfer=0.1  gae=6.2  ppo_xfer=8  ppo_grad=12722  total=13286
  update   320/1525  step  5,242,880  SPS   1,196  pg=-0.0103  vf=0.3643  ent=2.2989  kl=0.0086
  [phase ms/update]  rollout=542  bulk_xfer=0.1  gae=6.1  ppo_xfer=8  ppo_grad=12722  total=13279
  update   330/1525  step  5,406,720  SPS   1,197  pg=-0.0091  vf=0.2704  ent=2.2624  kl=0.0090
  [phase ms/update]  rollout=542  bulk_xfer=0.1  gae=6.1  ppo_xfer=8  ppo_grad=12723  total=13278

[eval] step 5,505,024...
  train=7.40±5.61  test=6.67±5.62  gap=0.73
[checkpoint] Saved step 5,505,024 → checkpoints/miner/miner__impala__seed3__20260512_052119/step_5505024.pt  (latest.pt updated)
  update   340/1525  step  5,570,560  SPS   1,196  pg=-0.0085  vf=0.2265  ent=2.2520  kl=0.0112
  [phase ms/update]  rollout=544  bulk_xfer=0.1  gae=6.1  ppo_xfer=8  ppo_grad=12738  total=13296
  update   350/1525  step  5,734,400  SPS   1,197  pg=-0.0105  vf=0.2734  ent=2.2497  kl=0.0070
  [phase ms/update]  rollout=526  bulk_xfer=0.1  gae=6.0  ppo_xfer=8  ppo_grad=12736  total=13276
  update   360/1525  step  5,898,240  SPS   1,198  pg=-0.0103  vf=0.4331  ent=2.2350  kl=0.0074
  [phase ms/update]  rollout=542  bulk_xfer=0.1  gae=6.1  ppo_xfer=8  ppo_grad=12731  total=13288

[eval] step 6,012,928...
  train=6.64±5.58  test=5.84±5.37  gap=0.80
[checkpoint] Saved step 6,012,928 → checkpoints/miner/miner__impala__seed3__20260512_052119/step_6012928.pt  (latest.pt updated)
  update   370/1525  step  6,062,080  SPS   1,197  pg=-0.0103  vf=0.3847  ent=2.3097  kl=0.0068
  [phase ms/update]  rollout=542  bulk_xfer=0.1  gae=6.1  ppo_xfer=8  ppo_grad=12724  total=13280
  update   380/1525  step  6,225,920  SPS   1,198  pg=-0.0100  vf=0.4078  ent=2.3111  kl=0.0057
  [phase ms/update]  rollout=540  bulk_xfer=0.1  gae=6.1  ppo_xfer=8  ppo_grad=12722  total=13277
  update   390/1525  step  6,389,760  SPS   1,199  pg=-0.0103  vf=0.5211  ent=2.2407  kl=0.0080
  [phase ms/update]  rollout=508  bulk_xfer=0.1  gae=6.0  ppo_xfer=8  ppo_grad=12737  total=13259

[eval] step 6,504,448...
  train=7.48±5.57  test=6.48±5.61  gap=1.00
[checkpoint] Saved step 6,504,448 → checkpoints/miner/miner__impala__seed3__20260512_052119/step_6504448.pt  (latest.pt updated)
  update   400/1525  step  6,553,600  SPS   1,198  pg=-0.0078  vf=0.4495  ent=2.3137  kl=0.0065
  [phase ms/update]  rollout=532  bulk_xfer=0.1  gae=6.0  ppo_xfer=8  ppo_grad=12736  total=13283
  update   410/1525  step  6,717,440  SPS   1,199  pg=-0.0106  vf=0.2881  ent=2.3066  kl=0.0082
  [phase ms/update]  rollout=538  bulk_xfer=0.1  gae=6.1  ppo_xfer=8  ppo_grad=12723  total=13275
  update   420/1525  step  6,881,280  SPS   1,200  pg=-0.0104  vf=0.3606  ent=2.3100  kl=0.0067
  [phase ms/update]  rollout=516  bulk_xfer=0.1  gae=6.0  ppo_xfer=8  ppo_grad=12723  total=13253

[eval] step 7,012,352...
  train=8.52±5.53  test=7.02±5.53  gap=1.50
[checkpoint] Saved step 7,012,352 → checkpoints/miner/miner__impala__seed3__20260512_052119/step_7012352.pt  (latest.pt updated)
  update   430/1525  step  7,045,120  SPS   1,200  pg=-0.0107  vf=0.2647  ent=2.3711  kl=0.0073
  [phase ms/update]  rollout=522  bulk_xfer=0.1  gae=6.1  ppo_xfer=8  ppo_grad=12723  total=13259
  update   440/1525  step  7,208,960  SPS   1,200  pg=-0.0108  vf=0.4645  ent=2.3361  kl=0.0074
  [phase ms/update]  rollout=526  bulk_xfer=0.1  gae=6.0  ppo_xfer=8  ppo_grad=12731  total=13271
  update   450/1525  step  7,372,800  SPS   1,201  pg=-0.0110  vf=0.2027  ent=2.3221  kl=0.0070
  [phase ms/update]  rollout=534  bulk_xfer=0.1  gae=6.1  ppo_xfer=8  ppo_grad=12726  total=13274

[eval] step 7,503,872...
  train=8.36±5.39  test=6.37±5.52  gap=1.99
[checkpoint] Saved step 7,503,872 → checkpoints/miner/miner__impala__seed3__20260512_052119/step_7503872.pt  (latest.pt updated)
  update   460/1525  step  7,536,640  SPS   1,201  pg=-0.0112  vf=0.3884  ent=2.3504  kl=0.0085
  [phase ms/update]  rollout=540  bulk_xfer=0.1  gae=6.1  ppo_xfer=8  ppo_grad=12729  total=13283
  update   470/1525  step  7,700,480  SPS   1,201  pg=-0.0108  vf=0.3355  ent=2.3322  kl=0.0063
  [phase ms/update]  rollout=539  bulk_xfer=0.1  gae=6.1  ppo_xfer=8  ppo_grad=12728  total=13280
  update   480/1525  step  7,864,320  SPS   1,202  pg=-0.0109  vf=0.4023  ent=2.2541  kl=0.0087
  [phase ms/update]  rollout=514  bulk_xfer=0.1  gae=6.0  ppo_xfer=8  ppo_grad=12726  total=13254

[eval] step 8,011,776...
  train=9.41±5.21  test=6.11±5.46  gap=3.30
[checkpoint] Saved step 8,011,776 → checkpoints/miner/miner__impala__seed3__20260512_052119/step_8011776.pt  (latest.pt updated)
  update   490/1525  step  8,028,160  SPS   1,202  pg=-0.0104  vf=0.2507  ent=2.2348  kl=0.0080
  [phase ms/update]  rollout=531  bulk_xfer=0.1  gae=6.0  ppo_xfer=8  ppo_grad=12731  total=13276
  update   500/1525  step  8,192,000  SPS   1,202  pg=-0.0082  vf=0.3627  ent=2.2490  kl=0.0053
  [phase ms/update]  rollout=522  bulk_xfer=0.1  gae=6.0  ppo_xfer=8  ppo_grad=12725  total=13261
  update   510/1525  step  8,355,840  SPS   1,203  pg=-0.0095  vf=0.2555  ent=2.3296  kl=0.0070
  [phase ms/update]  rollout=543  bulk_xfer=0.1  gae=6.1  ppo_xfer=8  ppo_grad=12721  total=13278

[eval] step 8,503,296...
  train=8.58±5.36  test=6.54±5.51  gap=2.04
[checkpoint] Saved step 8,503,296 → checkpoints/miner/miner__impala__seed3__20260512_052119/step_8503296.pt  (latest.pt updated)
  update   520/1525  step  8,519,680  SPS   1,202  pg=-0.0111  vf=0.2751  ent=2.3158  kl=0.0074
  [phase ms/update]  rollout=517  bulk_xfer=0.1  gae=6.0  ppo_xfer=8  ppo_grad=12727  total=13259
  update   530/1525  step  8,683,520  SPS   1,203  pg=-0.0067  vf=0.4245  ent=2.2646  kl=0.0072
  [phase ms/update]  rollout=533  bulk_xfer=0.1  gae=6.1  ppo_xfer=8  ppo_grad=12723  total=13270
  update   540/1525  step  8,847,360  SPS   1,203  pg=-0.0108  vf=0.2846  ent=2.2807  kl=0.0070
  [phase ms/update]  rollout=536  bulk_xfer=0.1  gae=6.0  ppo_xfer=8  ppo_grad=12723  total=13273
  update   550/1525  step  9,011,200  SPS   1,204  pg=-0.0101  vf=0.3771  ent=2.2646  kl=0.0065
  [phase ms/update]  rollout=526  bulk_xfer=0.1  gae=6.1  ppo_xfer=8  ppo_grad=12732  total=13272

[eval] step 9,011,200...
  train=9.06±5.24  test=7.54±5.51  gap=1.52
[checkpoint] Saved step 9,011,200 → checkpoints/miner/miner__impala__seed3__20260512_052119/step_9011200.pt  (latest.pt updated)
  update   560/1525  step  9,175,040  SPS   1,203  pg=-0.0107  vf=0.3383  ent=2.2721  kl=0.0079
  [phase ms/update]  rollout=545  bulk_xfer=0.1  gae=6.1  ppo_xfer=8  ppo_grad=12723  total=13281
  update   570/1525  step  9,338,880  SPS   1,204  pg=-0.0098  vf=0.2495  ent=2.2226  kl=0.0077
  [phase ms/update]  rollout=522  bulk_xfer=0.1  gae=5.9  ppo_xfer=8  ppo_grad=12728  total=13264
  update   580/1525  step  9,502,720  SPS   1,204  pg=-0.0097  vf=0.2197  ent=2.2365  kl=0.0072
  [phase ms/update]  rollout=529  bulk_xfer=0.1  gae=6.0  ppo_xfer=8  ppo_grad=12734  total=13277

[eval] step 9,502,720...
  train=9.48±5.00  test=8.09±5.69  gap=1.39
[checkpoint] Saved step 9,502,720 → checkpoints/miner/miner__impala__seed3__20260512_052119/step_9502720.pt  (latest.pt updated)
  update   590/1525  step  9,666,560  SPS   1,204  pg=-0.0087  vf=0.2859  ent=2.2759  kl=0.0076
  [phase ms/update]  rollout=545  bulk_xfer=0.1  gae=6.7  ppo_xfer=8  ppo_grad=12728  total=13287
  update   600/1525  step  9,830,400  SPS   1,204  pg=-0.0085  vf=0.3323  ent=2.2015  kl=0.0081
  [phase ms/update]  rollout=537  bulk_xfer=0.1  gae=5.9  ppo_xfer=8  ppo_grad=12729  total=13280
  update   610/1525  step  9,994,240  SPS   1,205  pg=-0.0100  vf=0.3298  ent=2.1811  kl=0.0092
  [phase ms/update]  rollout=511  bulk_xfer=0.1  gae=6.0  ppo_xfer=8  ppo_grad=12735  total=13260

[eval] step 10,010,624...
  train=10.40±4.59  test=7.47±5.74  gap=2.93
[checkpoint] Saved step 10,010,624 → checkpoints/miner/miner__impala__seed3__20260512_052119/step_10010624.pt  (latest.pt updated)
  update   620/1525  step 10,158,080  SPS   1,204  pg=-0.0077  vf=0.2826  ent=2.2276  kl=0.0056
  [phase ms/update]  rollout=520  bulk_xfer=0.1  gae=5.9  ppo_xfer=8  ppo_grad=12724  total=13258
  update   630/1525  step 10,321,920  SPS   1,205  pg=-0.0086  vf=0.3958  ent=2.2123  kl=0.0074
  [phase ms/update]  rollout=514  bulk_xfer=0.1  gae=5.9  ppo_xfer=8  ppo_grad=12726  total=13254
  update   640/1525  step 10,485,760  SPS   1,205  pg=-0.0069  vf=0.3972  ent=2.1704  kl=0.0076
  [phase ms/update]  rollout=516  bulk_xfer=0.1  gae=5.9  ppo_xfer=8  ppo_grad=12727  total=13257

[eval] step 10,502,144...
  train=10.01±4.77  test=8.46±5.38  gap=1.55
[checkpoint] Saved step 10,502,144 → checkpoints/miner/miner__impala__seed3__20260512_052119/step_10502144.pt  (latest.pt updated)
  update   650/1525  step 10,649,600  SPS   1,205  pg=-0.0102  vf=0.4359  ent=2.1970  kl=0.0065
  [phase ms/update]  rollout=515  bulk_xfer=0.1  gae=5.9  ppo_xfer=8  ppo_grad=12722  total=13250
  update   660/1525  step 10,813,440  SPS   1,205  pg=-0.0094  vf=0.2512  ent=2.2250  kl=0.0086
  [phase ms/update]  rollout=518  bulk_xfer=0.1  gae=6.0  ppo_xfer=8  ppo_grad=12723  total=13254
  update   670/1525  step 10,977,280  SPS   1,206  pg=-0.0089  vf=0.4342  ent=2.1712  kl=0.0077
  [phase ms/update]  rollout=513  bulk_xfer=0.1  gae=5.9  ppo_xfer=8  ppo_grad=12724  total=13251

[eval] step 11,010,048...
  train=10.75±4.33  test=8.15±5.53  gap=2.60
[checkpoint] Saved step 11,010,048 → checkpoints/miner/miner__impala__seed3__20260512_052119/step_11010048.pt  (latest.pt updated)
  update   680/1525  step 11,141,120  SPS   1,206  pg=-0.0104  vf=0.4474  ent=2.0822  kl=0.0078
  [phase ms/update]  rollout=528  bulk_xfer=0.1  gae=6.0  ppo_xfer=8  ppo_grad=12722  total=13264
  update   690/1525  step 11,304,960  SPS   1,206  pg=-0.0089  vf=0.4750  ent=2.1192  kl=0.0064
  [phase ms/update]  rollout=533  bulk_xfer=0.1  gae=6.0  ppo_xfer=8  ppo_grad=12736  total=13283
  update   700/1525  step 11,468,800  SPS   1,206  pg=-0.0090  vf=0.3653  ent=2.2042  kl=0.0071
  [phase ms/update]  rollout=526  bulk_xfer=0.1  gae=6.0  ppo_xfer=8  ppo_grad=12735  total=13275

[eval] step 11,501,568...
  train=10.65±4.52  test=8.60±5.20  gap=2.05
[checkpoint] Saved step 11,501,568 → checkpoints/miner/miner__impala__seed3__20260512_052119/step_11501568.pt  (latest.pt updated)
  update   710/1525  step 11,632,640  SPS   1,206  pg=-0.0095  vf=0.2482  ent=2.1951  kl=0.0098
  [phase ms/update]  rollout=541  bulk_xfer=0.1  gae=6.1  ppo_xfer=8  ppo_grad=12732  total=13288
  update   720/1525  step 11,796,480  SPS   1,207  pg=-0.0102  vf=0.3018  ent=2.1756  kl=0.0073
  [phase ms/update]  rollout=540  bulk_xfer=0.1  gae=6.1  ppo_xfer=8  ppo_grad=12734  total=13288
  update   730/1525  step 11,960,320  SPS   1,207  pg=-0.0103  vf=0.3349  ent=2.1375  kl=0.0092
  [phase ms/update]  rollout=549  bulk_xfer=0.1  gae=6.1  ppo_xfer=8  ppo_grad=12733  total=13296

[eval] step 12,009,472...
  train=11.39±3.71  test=8.24±5.42  gap=3.15
[checkpoint] Saved step 12,009,472 → checkpoints/miner/miner__impala__seed3__20260512_052119/step_12009472.pt  (latest.pt updated)
  update   740/1525  step 12,124,160  SPS   1,207  pg=-0.0098  vf=0.3508  ent=2.0677  kl=0.0079
  [phase ms/update]  rollout=535  bulk_xfer=0.1  gae=6.1  ppo_xfer=8  ppo_grad=12732  total=13282
  update   750/1525  step 12,288,000  SPS   1,207  pg=-0.0110  vf=0.3099  ent=2.0889  kl=0.0069
  [phase ms/update]  rollout=540  bulk_xfer=0.1  gae=6.1  ppo_xfer=8  ppo_grad=12732  total=13286
  update   760/1525  step 12,451,840  SPS   1,207  pg=-0.0096  vf=0.2452  ent=2.2321  kl=0.0092
  [phase ms/update]  rollout=542  bulk_xfer=0.1  gae=6.1  ppo_xfer=8  ppo_grad=12724  total=13280

[eval] step 12,500,992...
  train=11.46±3.69  test=9.02±5.23  gap=2.44
[checkpoint] Saved step 12,500,992 → checkpoints/miner/miner__impala__seed3__20260512_052119/step_12500992.pt  (latest.pt updated)
  update   770/1525  step 12,615,680  SPS   1,207  pg=-0.0107  vf=0.2369  ent=2.2389  kl=0.0077
  [phase ms/update]  rollout=532  bulk_xfer=0.1  gae=6.1  ppo_xfer=8  ppo_grad=12715  total=13261
  update   780/1525  step 12,779,520  SPS   1,207  pg=-0.0109  vf=0.4660  ent=2.1232  kl=0.0065
  [phase ms/update]  rollout=538  bulk_xfer=0.1  gae=6.1  ppo_xfer=8  ppo_grad=12717  total=13269
  update   790/1525  step 12,943,360  SPS   1,208  pg=-0.0114  vf=0.2902  ent=2.1415  kl=0.0089
  [phase ms/update]  rollout=536  bulk_xfer=0.1  gae=6.1  ppo_xfer=8  ppo_grad=12716  total=13266

[eval] step 13,008,896...
  train=11.94±3.11  test=9.15±5.24  gap=2.79
[checkpoint] Saved step 13,008,896 → checkpoints/miner/miner__impala__seed3__20260512_052119/step_13008896.pt  (latest.pt updated)
  update   800/1525  step 13,107,200  SPS   1,208  pg=-0.0099  vf=0.3413  ent=2.1289  kl=0.0077
  [phase ms/update]  rollout=541  bulk_xfer=0.1  gae=6.1  ppo_xfer=8  ppo_grad=12721  total=13276
  update   810/1525  step 13,271,040  SPS   1,208  pg=-0.0128  vf=0.2923  ent=2.1472  kl=0.0086
  [phase ms/update]  rollout=528  bulk_xfer=0.1  gae=6.1  ppo_xfer=8  ppo_grad=12723  total=13265
  update   820/1525  step 13,434,880  SPS   1,208  pg=-0.0115  vf=0.2894  ent=2.1041  kl=0.0110
  [phase ms/update]  rollout=522  bulk_xfer=0.1  gae=6.0  ppo_xfer=8  ppo_grad=12724  total=13261

[eval] step 13,500,416...
  train=11.38±3.82  test=8.70±5.42  gap=2.68
[checkpoint] Saved step 13,500,416 → checkpoints/miner/miner__impala__seed3__20260512_052119/step_13500416.pt  (latest.pt updated)
  update   830/1525  step 13,598,720  SPS   1,208  pg=-0.0100  vf=0.3570  ent=2.1400  kl=0.0069
  [phase ms/update]  rollout=536  bulk_xfer=0.1  gae=6.1  ppo_xfer=8  ppo_grad=12722  total=13272
  update   840/1525  step 13,762,560  SPS   1,208  pg=-0.0087  vf=0.3985  ent=2.0552  kl=0.0069
  [phase ms/update]  rollout=525  bulk_xfer=0.1  gae=6.0  ppo_xfer=8  ppo_grad=12735  total=13274
  update   850/1525  step 13,926,400  SPS   1,209  pg=-0.0105  vf=0.2462  ent=2.1711  kl=0.0083
  [phase ms/update]  rollout=538  bulk_xfer=0.1  gae=6.1  ppo_xfer=8  ppo_grad=12732  total=13284

[eval] step 14,008,320...
  train=11.02±4.13  test=8.87±5.43  gap=2.15
[checkpoint] Saved step 14,008,320 → checkpoints/miner/miner__impala__seed3__20260512_052119/step_14008320.pt  (latest.pt updated)
  update   860/1525  step 14,090,240  SPS   1,208  pg=-0.0092  vf=0.3920  ent=2.1041  kl=0.0075
  [phase ms/update]  rollout=536  bulk_xfer=0.1  gae=6.0  ppo_xfer=8  ppo_grad=12726  total=13276
  update   870/1525  step 14,254,080  SPS   1,209  pg=-0.0105  vf=0.4480  ent=2.1198  kl=0.0092
  [phase ms/update]  rollout=514  bulk_xfer=0.1  gae=6.0  ppo_xfer=8  ppo_grad=12720  total=13248
  update   880/1525  step 14,417,920  SPS   1,209  pg=-0.0088  vf=0.3960  ent=2.1299  kl=0.0072
  [phase ms/update]  rollout=537  bulk_xfer=0.1  gae=6.1  ppo_xfer=8  ppo_grad=12726  total=13277

[eval] step 14,516,224...
  train=11.42±3.81  test=7.94±5.57  gap=3.48
[checkpoint] Saved step 14,516,224 → checkpoints/miner/miner__impala__seed3__20260512_052119/step_14516224.pt  (latest.pt updated)
  update   890/1525  step 14,581,760  SPS   1,209  pg=-0.0112  vf=0.2819  ent=2.0461  kl=0.0073
  [phase ms/update]  rollout=532  bulk_xfer=0.1  gae=6.1  ppo_xfer=8  ppo_grad=12730  total=13276
  update   900/1525  step 14,745,600  SPS   1,209  pg=-0.0095  vf=0.2993  ent=2.1261  kl=0.0089
  [phase ms/update]  rollout=541  bulk_xfer=0.1  gae=6.1  ppo_xfer=8  ppo_grad=12731  total=13286
  update   910/1525  step 14,909,440  SPS   1,209  pg=-0.0092  vf=0.3153  ent=1.9800  kl=0.0079
  [phase ms/update]  rollout=533  bulk_xfer=0.1  gae=6.1  ppo_xfer=8  ppo_grad=12729  total=13276

[eval] step 15,007,744...
  train=12.30±2.68  test=8.56±5.38  gap=3.74
[checkpoint] Saved step 15,007,744 → checkpoints/miner/miner__impala__seed3__20260512_052119/step_15007744.pt  (latest.pt updated)
  update   920/1525  step 15,073,280  SPS   1,209  pg=-0.0112  vf=0.1791  ent=2.0929  kl=0.0098
  [phase ms/update]  rollout=551  bulk_xfer=0.1  gae=6.1  ppo_xfer=8  ppo_grad=12732  total=13297
  update   930/1525  step 15,237,120  SPS   1,209  pg=-0.0089  vf=0.2343  ent=2.0398  kl=0.0107
  [phase ms/update]  rollout=541  bulk_xfer=0.1  gae=6.1  ppo_xfer=8  ppo_grad=12722  total=13277
  update   940/1525  step 15,400,960  SPS   1,210  pg=-0.0101  vf=0.3088  ent=2.0229  kl=0.0085
  [phase ms/update]  rollout=536  bulk_xfer=0.1  gae=6.1  ppo_xfer=8  ppo_grad=12720  total=13271

[eval] step 15,515,648...
  train=12.52±2.09  test=9.00±5.38  gap=3.52
[checkpoint] Saved step 15,515,648 → checkpoints/miner/miner__impala__seed3__20260512_052119/step_15515648.pt  (latest.pt updated)
  update   950/1525  step 15,564,800  SPS   1,209  pg=-0.0086  vf=0.3475  ent=2.0807  kl=0.0080
  [phase ms/update]  rollout=543  bulk_xfer=0.1  gae=6.1  ppo_xfer=8  ppo_grad=12715  total=13272
  update   960/1525  step 15,728,640  SPS   1,210  pg=-0.0086  vf=0.4113  ent=2.1432  kl=0.0062
  [phase ms/update]  rollout=536  bulk_xfer=0.1  gae=6.1  ppo_xfer=8  ppo_grad=12719  total=13268
  update   970/1525  step 15,892,480  SPS   1,210  pg=-0.0086  vf=0.2886  ent=2.1321  kl=0.0064
  [phase ms/update]  rollout=536  bulk_xfer=0.1  gae=6.1  ppo_xfer=8  ppo_grad=12720  total=13271

[eval] step 16,007,168...
  train=12.66±1.78  test=8.73±5.21  gap=3.93
[checkpoint] Saved step 16,007,168 → checkpoints/miner/miner__impala__seed3__20260512_052119/step_16007168.pt  (latest.pt updated)
  update   980/1525  step 16,056,320  SPS   1,210  pg=-0.0072  vf=0.2567  ent=2.2444  kl=0.0099
  [phase ms/update]  rollout=533  bulk_xfer=0.1  gae=6.0  ppo_xfer=8  ppo_grad=12731  total=13278
  update   990/1525  step 16,220,160  SPS   1,210  pg=-0.0087  vf=0.3253  ent=2.0235  kl=0.0082
  [phase ms/update]  rollout=531  bulk_xfer=0.1  gae=6.1  ppo_xfer=8  ppo_grad=12731  total=13276
  update  1000/1525  step 16,384,000  SPS   1,210  pg=-0.0082  vf=0.2497  ent=2.0464  kl=0.0078
  [phase ms/update]  rollout=541  bulk_xfer=0.1  gae=6.1  ppo_xfer=8  ppo_grad=12718  total=13274

[eval] step 16,515,072...
  train=11.76±3.37  test=7.94±5.53  gap=3.82
[checkpoint] Saved step 16,515,072 → checkpoints/miner/miner__impala__seed3__20260512_052119/step_16515072.pt  (latest.pt updated)
  update  1010/1525  step 16,547,840  SPS   1,210  pg=-0.0072  vf=0.2213  ent=2.1237  kl=0.0093
  [phase ms/update]  rollout=535  bulk_xfer=0.1  gae=6.0  ppo_xfer=8  ppo_grad=12716  total=13265
  update  1020/1525  step 16,711,680  SPS   1,210  pg=-0.0109  vf=0.1777  ent=2.0071  kl=0.0101
  [phase ms/update]  rollout=535  bulk_xfer=0.1  gae=6.1  ppo_xfer=8  ppo_grad=12730  total=13279
  update  1030/1525  step 16,875,520  SPS   1,210  pg=-0.0089  vf=0.2887  ent=2.0146  kl=0.0089
  [phase ms/update]  rollout=544  bulk_xfer=0.1  gae=6.1  ppo_xfer=8  ppo_grad=12733  total=13291

[eval] step 17,006,592...
  train=11.82±3.38  test=9.68±5.04  gap=2.14
[checkpoint] Saved step 17,006,592 → checkpoints/miner/miner__impala__seed3__20260512_052119/step_17006592.pt  (latest.pt updated)
  update  1040/1525  step 17,039,360  SPS   1,210  pg=-0.0088  vf=0.3204  ent=2.0513  kl=0.0083
  [phase ms/update]  rollout=532  bulk_xfer=0.1  gae=6.0  ppo_xfer=8  ppo_grad=12734  total=13280
  update  1050/1525  step 17,203,200  SPS   1,210  pg=-0.0094  vf=0.3294  ent=2.0897  kl=0.0081
  [phase ms/update]  rollout=542  bulk_xfer=0.1  gae=6.1  ppo_xfer=8  ppo_grad=12731  total=13287
  update  1060/1525  step 17,367,040  SPS   1,211  pg=-0.0080  vf=0.3202  ent=2.0012  kl=0.0091
  [phase ms/update]  rollout=525  bulk_xfer=0.1  gae=6.0  ppo_xfer=8  ppo_grad=12730  total=13269

[eval] step 17,514,496...
  train=12.19±2.77  test=8.37±5.48  gap=3.82
[checkpoint] Saved step 17,514,496 → checkpoints/miner/miner__impala__seed3__20260512_052119/step_17514496.pt  (latest.pt updated)
  update  1070/1525  step 17,530,880  SPS   1,210  pg=-0.0095  vf=0.2299  ent=2.0706  kl=0.0097
  [phase ms/update]  rollout=520  bulk_xfer=0.1  gae=6.0  ppo_xfer=8  ppo_grad=12725  total=13259
  update  1080/1525  step 17,694,720  SPS   1,211  pg=-0.0104  vf=0.2084  ent=1.9033  kl=0.0083
  [phase ms/update]  rollout=539  bulk_xfer=0.1  gae=6.1  ppo_xfer=8  ppo_grad=12720  total=13272
  update  1090/1525  step 17,858,560  SPS   1,211  pg=-0.0090  vf=0.2422  ent=2.0182  kl=0.0099
  [phase ms/update]  rollout=525  bulk_xfer=0.1  gae=6.0  ppo_xfer=8  ppo_grad=12727  total=13265

[eval] step 18,006,016...
  train=12.43±2.25  test=8.75±5.30  gap=3.68
[checkpoint] Saved step 18,006,016 → checkpoints/miner/miner__impala__seed3__20260512_052119/step_18006016.pt  (latest.pt updated)
  update  1100/1525  step 18,022,400  SPS   1,211  pg=-0.0085  vf=0.1780  ent=2.0356  kl=0.0091
  [phase ms/update]  rollout=533  bulk_xfer=0.1  gae=6.0  ppo_xfer=8  ppo_grad=12718  total=13265
  update  1110/1525  step 18,186,240  SPS   1,211  pg=-0.0088  vf=0.2404  ent=2.0156  kl=0.0069
  [phase ms/update]  rollout=510  bulk_xfer=0.1  gae=6.0  ppo_xfer=8  ppo_grad=12715  total=13238
  update  1120/1525  step 18,350,080  SPS   1,211  pg=-0.0074  vf=0.3740  ent=1.9853  kl=0.0123
  [phase ms/update]  rollout=522  bulk_xfer=0.1  gae=6.0  ppo_xfer=8  ppo_grad=12728  total=13264
  update  1130/1525  step 18,513,920  SPS   1,211  pg=-0.0068  vf=0.1945  ent=2.0274  kl=0.0101
  [phase ms/update]  rollout=530  bulk_xfer=0.1  gae=6.0  ppo_xfer=8  ppo_grad=12733  total=13277

[eval] step 18,513,920...
  train=12.73±1.52  test=10.13±4.68  gap=2.60
[checkpoint] Saved step 18,513,920 → checkpoints/miner/miner__impala__seed3__20260512_052119/step_18513920.pt  (latest.pt updated)
  update  1140/1525  step 18,677,760  SPS   1,211  pg=-0.0079  vf=0.1889  ent=2.0149  kl=0.0103
  [phase ms/update]  rollout=543  bulk_xfer=0.1  gae=6.1  ppo_xfer=8  ppo_grad=12733  total=13290
  update  1150/1525  step 18,841,600  SPS   1,212  pg=-0.0084  vf=0.2281  ent=2.0608  kl=0.0083
  [phase ms/update]  rollout=538  bulk_xfer=0.1  gae=6.1  ppo_xfer=8  ppo_grad=12730  total=13283
  update  1160/1525  step 19,005,440  SPS   1,212  pg=-0.0074  vf=0.1336  ent=1.9416  kl=0.0078
  [phase ms/update]  rollout=532  bulk_xfer=0.1  gae=6.0  ppo_xfer=8  ppo_grad=12725  total=13271

[eval] step 19,005,440...
  train=12.94±0.42  test=8.99±5.21  gap=3.95
[checkpoint] Saved step 19,005,440 → checkpoints/miner/miner__impala__seed3__20260512_052119/step_19005440.pt  (latest.pt updated)
  update  1170/1525  step 19,169,280  SPS   1,212  pg=-0.0050  vf=0.2667  ent=1.9738  kl=0.0106
  [phase ms/update]  rollout=535  bulk_xfer=0.1  gae=6.1  ppo_xfer=8  ppo_grad=12732  total=13281
  update  1180/1525  step 19,333,120  SPS   1,212  pg=-0.0073  vf=0.2411  ent=1.9319  kl=0.0069
  [phase ms/update]  rollout=525  bulk_xfer=0.1  gae=6.0  ppo_xfer=8  ppo_grad=12727  total=13266
  update  1190/1525  step 19,496,960  SPS   1,212  pg=-0.0079  vf=0.3424  ent=1.8881  kl=0.0079
  [phase ms/update]  rollout=533  bulk_xfer=0.1  gae=6.0  ppo_xfer=8  ppo_grad=12721  total=13268

[eval] step 19,513,344...
  train=12.71±1.67  test=9.29±5.20  gap=3.42
[checkpoint] Saved step 19,513,344 → checkpoints/miner/miner__impala__seed3__20260512_052119/step_19513344.pt  (latest.pt updated)
  update  1200/1525  step 19,660,800  SPS   1,212  pg=-0.0069  vf=0.2548  ent=1.9124  kl=0.0082
  [phase ms/update]  rollout=532  bulk_xfer=0.1  gae=6.0  ppo_xfer=8  ppo_grad=12734  total=13280
  update  1210/1525  step 19,824,640  SPS   1,212  pg=-0.0106  vf=0.1310  ent=1.8768  kl=0.0085
  [phase ms/update]  rollout=541  bulk_xfer=0.1  gae=6.1  ppo_xfer=8  ppo_grad=12736  total=13291
  update  1220/1525  step 19,988,480  SPS   1,212  pg=-0.0088  vf=0.2215  ent=1.8106  kl=0.0086
  [phase ms/update]  rollout=542  bulk_xfer=0.1  gae=6.1  ppo_xfer=8  ppo_grad=12732  total=13289

[eval] step 20,004,864...
  train=12.72±1.59  test=9.29±5.02  gap=3.43
[checkpoint] Saved step 20,004,864 → checkpoints/miner/miner__impala__seed3__20260512_052119/step_20004864.pt  (latest.pt updated)
  update  1230/1525  step 20,152,320  SPS   1,212  pg=-0.0083  vf=0.2636  ent=1.8049  kl=0.0092
  [phase ms/update]  rollout=525  bulk_xfer=0.1  gae=6.0  ppo_xfer=8  ppo_grad=12728  total=13268
  update  1240/1525  step 20,316,160  SPS   1,212  pg=-0.0086  vf=0.1530  ent=1.7673  kl=0.0089
  [phase ms/update]  rollout=537  bulk_xfer=0.1  gae=6.0  ppo_xfer=8  ppo_grad=12725  total=13276
  update  1250/1525  step 20,480,000  SPS   1,212  pg=-0.0075  vf=0.1319  ent=1.8717  kl=0.0082
  [phase ms/update]  rollout=536  bulk_xfer=0.1  gae=6.1  ppo_xfer=8  ppo_grad=12728  total=13279

[eval] step 20,512,768...
  train=12.68±1.50  test=9.93±4.84  gap=2.75
[checkpoint] Saved step 20,512,768 → checkpoints/miner/miner__impala__seed3__20260512_052119/step_20512768.pt  (latest.pt updated)
  update  1260/1525  step 20,643,840  SPS   1,212  pg=-0.0088  vf=0.1378  ent=1.8939  kl=0.0091
  [phase ms/update]  rollout=538  bulk_xfer=0.1  gae=6.1  ppo_xfer=8  ppo_grad=12724  total=13276
  update  1270/1525  step 20,807,680  SPS   1,213  pg=-0.0088  vf=0.1450  ent=1.8976  kl=0.0076
  [phase ms/update]  rollout=540  bulk_xfer=0.1  gae=6.1  ppo_xfer=8  ppo_grad=12720  total=13274
  update  1280/1525  step 20,971,520  SPS   1,213  pg=-0.0063  vf=0.1638  ent=1.8491  kl=0.0090
  [phase ms/update]  rollout=526  bulk_xfer=0.1  gae=6.1  ppo_xfer=8  ppo_grad=12722  total=13262

[eval] step 21,004,288...
  train=12.67±1.57  test=9.96±4.90  gap=2.71
[checkpoint] Saved step 21,004,288 → checkpoints/miner/miner__impala__seed3__20260512_052119/step_21004288.pt  (latest.pt updated)
  update  1290/1525  step 21,135,360  SPS   1,213  pg=-0.0066  vf=0.1555  ent=1.8330  kl=0.0100
  [phase ms/update]  rollout=529  bulk_xfer=0.1  gae=6.0  ppo_xfer=8  ppo_grad=12729  total=13272
  update  1300/1525  step 21,299,200  SPS   1,213  pg=-0.0065  vf=0.1706  ent=1.6972  kl=0.0091
  [phase ms/update]  rollout=538  bulk_xfer=0.1  gae=6.0  ppo_xfer=8  ppo_grad=12722  total=13274
  update  1310/1525  step 21,463,040  SPS   1,213  pg=-0.0069  vf=0.0989  ent=1.7221  kl=0.0127
  [phase ms/update]  rollout=524  bulk_xfer=0.1  gae=6.1  ppo_xfer=8  ppo_grad=12715  total=13252

[eval] step 21,512,192...
  train=12.84±1.07  test=10.30±4.65  gap=2.54
[checkpoint] Saved step 21,512,192 → checkpoints/miner/miner__impala__seed3__20260512_052119/step_21512192.pt  (latest.pt updated)
  update  1320/1525  step 21,626,880  SPS   1,213  pg=-0.0070  vf=0.1865  ent=1.6788  kl=0.0095
  [phase ms/update]  rollout=537  bulk_xfer=0.1  gae=6.0  ppo_xfer=8  ppo_grad=12717  total=13267
  update  1330/1525  step 21,790,720  SPS   1,213  pg=-0.0111  vf=0.0734  ent=1.7120  kl=0.0088
  [phase ms/update]  rollout=526  bulk_xfer=0.1  gae=6.0  ppo_xfer=8  ppo_grad=12722  total=13262
  update  1340/1525  step 21,954,560  SPS   1,213  pg=-0.0087  vf=0.1839  ent=1.5748  kl=0.0110
  [phase ms/update]  rollout=524  bulk_xfer=0.1  gae=6.0  ppo_xfer=8  ppo_grad=12733  total=13271

[eval] step 22,003,712...
  train=12.81±1.11  test=10.07±4.85  gap=2.74
[checkpoint] Saved step 22,003,712 → checkpoints/miner/miner__impala__seed3__20260512_052119/step_22003712.pt  (latest.pt updated)
  update  1350/1525  step 22,118,400  SPS   1,213  pg=-0.0084  vf=0.0679  ent=1.5614  kl=0.0091
  [phase ms/update]  rollout=532  bulk_xfer=0.1  gae=6.0  ppo_xfer=8  ppo_grad=12721  total=13267
  update  1360/1525  step 22,282,240  SPS   1,213  pg=-0.0064  vf=0.0764  ent=1.5021  kl=0.0077
  [phase ms/update]  rollout=533  bulk_xfer=0.1  gae=6.1  ppo_xfer=8  ppo_grad=12720  total=13267
  update  1370/1525  step 22,446,080  SPS   1,214  pg=-0.0080  vf=0.0631  ent=1.6275  kl=0.0089
  [phase ms/update]  rollout=539  bulk_xfer=0.1  gae=6.1  ppo_xfer=8  ppo_grad=12721  total=13274

[eval] step 22,511,616...
  train=12.80±1.20  test=9.99±4.74  gap=2.81
[checkpoint] Saved step 22,511,616 → checkpoints/miner/miner__impala__seed3__20260512_052119/step_22511616.pt  (latest.pt updated)
  update  1380/1525  step 22,609,920  SPS   1,213  pg=-0.0049  vf=0.2035  ent=1.5824  kl=0.0080
  [phase ms/update]  rollout=540  bulk_xfer=0.1  gae=6.1  ppo_xfer=8  ppo_grad=12718  total=13273
  update  1390/1525  step 22,773,760  SPS   1,214  pg=-0.0060  vf=0.0834  ent=1.4281  kl=0.0110
  [phase ms/update]  rollout=534  bulk_xfer=0.1  gae=6.1  ppo_xfer=8  ppo_grad=12731  total=13279
  update  1400/1525  step 22,937,600  SPS   1,214  pg=-0.0067  vf=0.1000  ent=1.4726  kl=0.0109
  [phase ms/update]  rollout=517  bulk_xfer=0.1  gae=6.0  ppo_xfer=8  ppo_grad=12733  total=13264

[eval] step 23,003,136...
  train=12.91±0.51  test=10.22±4.72  gap=2.69
[checkpoint] Saved step 23,003,136 → checkpoints/miner/miner__impala__seed3__20260512_052119/step_23003136.pt  (latest.pt updated)
  update  1410/1525  step 23,101,440  SPS   1,214  pg=-0.0063  vf=0.0942  ent=1.6720  kl=0.0111
  [phase ms/update]  rollout=527  bulk_xfer=0.1  gae=6.0  ppo_xfer=8  ppo_grad=12728  total=13269
  update  1420/1525  step 23,265,280  SPS   1,214  pg=-0.0092  vf=0.1380  ent=1.4597  kl=0.0091
  [phase ms/update]  rollout=545  bulk_xfer=0.1  gae=6.1  ppo_xfer=8  ppo_grad=12718  total=13277
  update  1430/1525  step 23,429,120  SPS   1,214  pg=-0.0074  vf=0.2106  ent=1.4741  kl=0.0117
  [phase ms/update]  rollout=550  bulk_xfer=0.1  gae=6.1  ppo_xfer=8  ppo_grad=12720  total=13284

[eval] step 23,511,040...
  train=12.77±1.23  test=9.98±4.82  gap=2.79
[checkpoint] Saved step 23,511,040 → checkpoints/miner/miner__impala__seed3__20260512_052119/step_23511040.pt  (latest.pt updated)
  update  1440/1525  step 23,592,960  SPS   1,214  pg=-0.0062  vf=0.1588  ent=1.4980  kl=0.0082
  [phase ms/update]  rollout=528  bulk_xfer=0.1  gae=6.0  ppo_xfer=8  ppo_grad=12724  total=13266
  update  1450/1525  step 23,756,800  SPS   1,214  pg=-0.0056  vf=0.1206  ent=1.5995  kl=0.0103
  [phase ms/update]  rollout=527  bulk_xfer=0.1  gae=5.9  ppo_xfer=8  ppo_grad=12729  total=13270
  update  1460/1525  step 23,920,640  SPS   1,214  pg=-0.0073  vf=0.1406  ent=1.3216  kl=0.0116
  [phase ms/update]  rollout=529  bulk_xfer=0.1  gae=6.0  ppo_xfer=8  ppo_grad=12721  total=13264

[eval] step 24,002,560...
  train=12.91±0.51  test=9.57±5.03  gap=3.34
[checkpoint] Saved step 24,002,560 → checkpoints/miner/miner__impala__seed3__20260512_052119/step_24002560.pt  (latest.pt updated)
  update  1470/1525  step 24,084,480  SPS   1,214  pg=-0.0097  vf=0.0720  ent=1.4888  kl=0.0111
  [phase ms/update]  rollout=544  bulk_xfer=0.1  gae=6.1  ppo_xfer=8  ppo_grad=12718  total=13276
  update  1480/1525  step 24,248,320  SPS   1,214  pg=-0.0054  vf=0.0794  ent=1.5003  kl=0.0138
  [phase ms/update]  rollout=544  bulk_xfer=0.1  gae=6.2  ppo_xfer=8  ppo_grad=12715  total=13274
  update  1490/1525  step 24,412,160  SPS   1,214  pg=-0.0080  vf=0.0641  ent=1.4706  kl=0.0097
  [phase ms/update]  rollout=545  bulk_xfer=0.1  gae=6.1  ppo_xfer=8  ppo_grad=12716  total=13275

[eval] step 24,510,464...
  train=12.81±1.11  test=10.11±4.79  gap=2.70
[checkpoint] Saved step 24,510,464 → checkpoints/miner/miner__impala__seed3__20260512_052119/step_24510464.pt  (latest.pt updated)
  update  1500/1525  step 24,576,000  SPS   1,214  pg=-0.0088  vf=0.0453  ent=1.4592  kl=0.0109
  [phase ms/update]  rollout=525  bulk_xfer=0.1  gae=6.0  ppo_xfer=8  ppo_grad=12723  total=13263
  update  1510/1525  step 24,739,840  SPS   1,215  pg=+0.0015  vf=0.0889  ent=1.4739  kl=0.0118
  [phase ms/update]  rollout=516  bulk_xfer=0.1  gae=6.0  ppo_xfer=8  ppo_grad=12729  total=13259
  update  1520/1525  step 24,903,680  SPS   1,215  pg=-0.0048  vf=0.1598  ent=1.3853  kl=0.0108
  [phase ms/update]  rollout=532  bulk_xfer=0.1  gae=6.0  ppo_xfer=8  ppo_grad=12720  total=13265
[checkpoint] Saved step 24,985,600 → checkpoints/miner/miner__impala__seed3__20260512_052119/step_24985600_final.pt  (latest.pt updated)

[done] Training complete.

[final eval]

=================================================================
  miner | none+uniform | seed=3
  train=12.58  test=10.32  gap=2.26
=================================================================

wandb: updating run metadata
wandb: uploading output.log; uploading wandb-summary.json; uploading config.yaml
wandb: uploading history steps 1523-1524, summary, console lines 513-522
wandb: 
wandb: Run history:
wandb:                            charts/SPS ▁███████████████████████████████████████
wandb:     charts/episodic_return_normalised ▁▁▂▂▂▂▂▃▃▅▆▅▄▅▄▅▅▇▇▇█▇▇▇▇█▇███▇▇▇▇▇▇▇▇▇▇
wandb: charts/episodic_return_normalised_std ▆▅▆▇████▇▇▇▇▇▇▇▆▆▆▅▅▄▅▄▄▃▅▃▄▃▂▂▂▂▃▂▂▂▂▁▁
wandb:                  charts/learning_rate ▁▁▁▁▁▁▁▁▁▁▁▁▁▁▁▁▁▁▁▁▁▁▁▁▁▁▁▁▁▁▁▁▁▁▁▁▁▁▁▁
wandb:               eval/generalization_gap ▂▃▂▂▂▁▁▃▄▄▄▅▅▇▆▅▇▅▆▆▆▇▆▆▇▇█████▇▇▆▆▆▇▆▇▆
wandb:                      eval/test_return ▁▁▁▁▂▃▄▅▄▅▅▅▅▄▅▆▆▆▇▆▇▇▇▆▇▇▆█▆▇▇▇▇███████
wandb:                  eval/test_return_std ▂▁▃▁▅▇▇█▇██▇▇▇▇██▇▇▆▇▇▇█▇▆▇▆▇▇▇▆▆▅▆▅▅▅▅▅
wandb:                     eval/train_return ▁▁▁▁▂▃▄▄▄▄▅▅▆▅▆▆▆▇▇▇▇▇▇▇██▇▇████████████
wandb:                 eval/train_return_std ▅▅▄▄▅▇▇██████▇█▇▇▇▆▆▅▅▆▆▄▃▅▅▄▃▁▃▃▂▃▂▂▁▂▂
wandb:                      losses/approx_kl ▁▂▂▃▃▃▃▄▄▄▄▅▄▄▄▄▄▄▅▄▄▄▅▅▅▅▅▅▅▅▆▆▅▇▅▆▅▆▄█
wandb:                                    +6 ...
wandb: 
wandb: Run summary:
wandb:                            charts/SPS 1214.74295
wandb:     charts/episodic_return_normalised 10.38335
wandb: charts/episodic_return_normalised_std 1.55416
wandb:                  charts/learning_rate 0.0005
wandb:               eval/generalization_gap 2.7
wandb:                      eval/test_return 10.11
wandb:                  eval/test_return_std 4.78935
wandb:                     eval/train_return 12.81
wandb:                 eval/train_return_std 1.11081
wandb:                      losses/approx_kl 0.00841
wandb:                                    +6 ...
wandb: 
wandb: 🚀 View run miner__impala__seed3__20260512_052119 at: https://wandb.ai/staanagnostou-/thesis-rl-baselines/runs/ii5i66qd
wandb: ⭐️ View project at: https://wandb.ai/staanagnostou-/thesis-rl-baselines
wandb: Synced 6 W&B file(s), 0 media file(s), 0 artifact file(s) and 0 other file(s)
wandb: Find logs at: ./wandb/run-20260512_052119-ii5i66qd/logs
